[INFO] [2021-06-12 20:27:14,668] [833:139840076511040] - task_executor.py[line:313]: report task 202106122027103567691_secure_add_example_0 0 guest 10000 to driver
[INFO] [2021-06-12 20:27:14,669] [833:139840076511040] - control_client.py[line:42]: request update job 202106122027103567691 task 202106122027103567691_secure_add_example_0 0 on guest 10000
[DEBUG] [2021-06-12 20:27:15,063] [833:139840076511040] - _federation.py[line:15]: [federation.standalone]init federation: standalone_session=<fate_arch._standalone.Session object at 0x7f2f0dd039e8>, federation_session_id=202106122027103567691_secure_add_example_0_0, party=Party(role=guest, party_id=10000)
[DEBUG] [2021-06-12 20:27:15,073] [833:139840076511040] - _federation.py[line:23]: [federation.standalone]init federation context done
[INFO] [2021-06-12 20:27:15,073] [833:139840076511040] - task_executor.py[line:150]: Run 202106122027103567691 secure_add_example_0 202106122027103567691_secure_add_example_0 guest 10000 task
[INFO] [2021-06-12 20:27:15,074] [833:139840076511040] - task_executor.py[line:151]: Component parameters on party {'SecureAddExampleParam': {'seed': 123, 'partition': 48, 'data_num': 1000}, 'initiator': {'role': 'guest', 'party_id': 10000}, 'job_parameters': {'job_type': 'train', 'work_mode': 0, 'backend': 0, 'computing_engine': 'STANDALONE', 'federation_engine': 'STANDALONE', 'storage_engine': 'STANDALONE', 'engines_address': {'computing': {'nodes': 1, 'cores_per_node': 20}, 'federation': {'nodes': 1, 'cores_per_node': 20}, 'storage': {'nodes': 1, 'cores_per_node': 20}}, 'federated_mode': 'SINGLE', 'task_cores': 2, 'task_parallelism': 1, 'computing_partitions': 2, 'federated_status_collect_type': 'PULL', 'model_id': 'guest-10000#host-10000#model', 'model_version': '202106122027103567691', 'eggroll_run': {'eggroll.session.processors.per.node': 2}, 'spark_run': {}, 'rabbitmq_run': {}, 'pulsar_run': {}, 'adaptation_parameters': {'task_nodes': 1, 'task_cores_per_node': 2, 'task_memory_per_node': 0, 'request_task_cores': 2, 'if_initiator_baseline': False}}, 'role': {'guest': [10000], 'host': [10000]}, 'config': '/fate/examples/toy_example/test/toy_example_conf.json_1623529629_4108', 'dsl': '/fate/examples/toy_example/toy_example_dsl.json', 'function': 'submit_job', 'local': {'role': 'guest', 'party_id': 10000}, 'CodePath': 'federatedml/toy_example/secure_add_guest.py/SecureAddGuest', 'module': 'SecureAddExample', 'output_data_name': None}
[INFO] [2021-06-12 20:27:15,074] [833:139840076511040] - task_executor.py[line:152]: Task input dsl {}
[INFO] [2021-06-12 20:27:15,413] [833:139840076511040] - secure_add_guest.py[line:99]: begin to init parameters of secure add example guest
[INFO] [2021-06-12 20:27:15,414] [833:139840076511040] - secure_add_guest.py[line:102]: begin to make guest data
[INFO] [2021-06-12 20:27:15,680] [833:139840076511040] - secure_add_guest.py[line:105]: split data into two random parts
[DEBUG] [2021-06-12 20:27:15,681] [833:139840076511040] - profile.py[line:84]: [computing#df4bd4f967]function_stack: [secure_add_guest.py:67]secure <-[secure_add_guest.py:106]run
[DEBUG] [2021-06-12 20:27:15,682] [833:139840076511040] - profile.py[line:87]: [computing#df4bd4f967]start
[DEBUG] [2021-06-12 20:27:15,893] [833:139840076511040] - profile.py[line:93]: [computing#df4bd4f967]done, elapse: 0.21150541305541992, function: mapValues(self: Table(partition=48), func: method) -> Table(partition=48)
[DEBUG] [2021-06-12 20:27:15,895] [833:139840076511040] - profile.py[line:84]: [computing#0fab14ee75]function_stack: [secure_add_guest.py:68]secure <-[secure_add_guest.py:106]run
[DEBUG] [2021-06-12 20:27:15,895] [833:139840076511040] - profile.py[line:87]: [computing#0fab14ee75]start
[DEBUG] [2021-06-12 20:27:16,012] [833:139840076511040] - profile.py[line:93]: [computing#0fab14ee75]done, elapse: 0.11735796928405762, function: mapValues(self: Table(partition=48), func: function) -> Table(partition=48)
[DEBUG] [2021-06-12 20:27:16,013] [833:139840076511040] - profile.py[line:84]: [computing#8a5ac98c2f]function_stack: [secure_add_guest.py:69]secure <-[secure_add_guest.py:106]run
[DEBUG] [2021-06-12 20:27:16,013] [833:139840076511040] - profile.py[line:87]: [computing#8a5ac98c2f]start
[DEBUG] [2021-06-12 20:27:16,135] [833:139840076511040] - profile.py[line:93]: [computing#8a5ac98c2f]done, elapse: 0.12160205841064453, function: mapValues(self: Table(partition=48), func: function) -> Table(partition=48)
[INFO] [2021-06-12 20:27:16,591] [833:139840076511040] - secure_add_guest.py[line:108]: share one random part data to host
[DEBUG] [2021-06-12 20:27:16,592] [833:139840076511040] - profile.py[line:232]: [federation.remote.federatedml.transfer_variable.transfer_class.secure_add_example_transfer_variable.SecureAddExampleTransferVariable.guest_share.default]guest->[Party(role=host, party_id=10000)] start
[DEBUG] [2021-06-12 20:27:16,593] [833:139840076511040] - _standalone.py[line:535]: [federation.standalone.remote.hash.5041d1ce9a14064a36e7.guest_share.default]remote data, type=<class 'fate_arch._standalone.Table'>
[DEBUG] [2021-06-12 20:27:16,594] [833:139840076511040] - _standalone.py[line:539]: [federation.standalone.remote.hash.5041d1ce9a14064a36e7.guest_share.default]remote Table(namespace=202106122027103567691_secure_add_example_0_0_guest_10000, name=93dfdda2-cbbc-11eb-a23a-0242ac110002, partitions=48)
[DEBUG] [2021-06-12 20:27:16,599] [833:139840076511040] - _standalone.py[line:550]: [federation.standalone.remote.hash.5041d1ce9a14064a36e7.guest_share.default]save Table(namespace=202106122027103567691_secure_add_example_0_0_guest_10000, name=93dfdda2-cbbc-11eb-a23a-0242ac110002, partitions=48) as Table(namespace=202106122027103567691_secure_add_example_0_0_guest_10000, name=94390d0a-cbbc-11eb-a23a-0242ac110002, partitions=48)
[DEBUG] [2021-06-12 20:27:17,269] [833:139840076511040] - profile.py[line:185]: [federation.remote.federatedml.transfer_variable.transfer_class.secure_add_example_transfer_variable.SecureAddExampleTransferVariable.guest_share.default]guest->[Party(role=host, party_id=10000)] done
[INFO] [2021-06-12 20:27:17,269] [833:139840076511040] - secure_add_guest.py[line:111]: get share of one random part data from host
[DEBUG] [2021-06-12 20:27:17,270] [833:139840076511040] - profile.py[line:237]: [federation.get.federatedml.transfer_variable.transfer_class.secure_add_example_transfer_variable.SecureAddExampleTransferVariable.host_share.default]guest<-[Party(role=host, party_id=10000)] start
[DEBUG] [2021-06-12 20:27:17,270] [833:139840076511040] - _standalone.py[line:564]: [federation.standalone.get.hash.d80c5eb8797618002f85.host_share.default]
[DEBUG] [2021-06-12 20:27:17,678] [833:139840076511040] - _standalone.py[line:643]: [GET] Got 202106122027103567691_secure_add_example_0_0-hash.d80c5eb8797618002f85.host_share-default-host-10000-guest-10000 type Table
[DEBUG] [2021-06-12 20:27:17,683] [833:139840076511040] - _standalone.py[line:581]: [federation.standalone.get.hash.d80c5eb8797618002f85.host_share.default] got Table(namespace=202106122027103567691_secure_add_example_0_0_host_10000, name=94a0de4e-cbbc-11eb-8bd8-0242ac110002, partitions=48)
[DEBUG] [2021-06-12 20:27:17,685] [833:139840076511040] - profile.py[line:216]: [federation.get.federatedml.transfer_variable.transfer_class.secure_add_example_transfer_variable.SecureAddExampleTransferVariable.host_share.default]guest<-[Party(role=host, party_id=10000)] done
[INFO] [2021-06-12 20:27:17,685] [833:139840076511040] - secure_add_guest.py[line:114]: begin to get sum of guest and host
[DEBUG] [2021-06-12 20:27:17,686] [833:139840076511040] - profile.py[line:84]: [computing#c7afab6c68]function_stack: [secure_add_guest.py:72]add <-[secure_add_guest.py:115]run
[DEBUG] [2021-06-12 20:27:17,687] [833:139840076511040] - profile.py[line:87]: [computing#c7afab6c68]start
[DEBUG] [2021-06-12 20:27:17,861] [833:139840076511040] - profile.py[line:93]: [computing#c7afab6c68]done, elapse: 0.1753072738647461, function: join(self: Table(partition=48), other: Table(partition=48), func: function) -> Table(partition=48)
[DEBUG] [2021-06-12 20:27:17,862] [833:139840076511040] - profile.py[line:84]: [computing#21b789c4af]function_stack: [secure_add_guest.py:73]add <-[secure_add_guest.py:115]run
[DEBUG] [2021-06-12 20:27:17,863] [833:139840076511040] - profile.py[line:87]: [computing#21b789c4af]start
[DEBUG] [2021-06-12 20:27:17,933] [833:139840076511040] - profile.py[line:93]: [computing#21b789c4af]done, elapse: 0.07018089294433594, function: reduce(self: Table(partition=48), func: function) -> float
[INFO] [2021-06-12 20:27:17,933] [833:139840076511040] - secure_add_guest.py[line:117]: receive host sum from guest
[DEBUG] [2021-06-12 20:27:17,933] [833:139840076511040] - profile.py[line:237]: [federation.get.federatedml.transfer_variable.transfer_class.secure_add_example_transfer_variable.SecureAddExampleTransferVariable.host_sum.default]guest<-[Party(role=host, party_id=10000)] start
[DEBUG] [2021-06-12 20:27:17,934] [833:139840076511040] - _standalone.py[line:564]: [federation.standalone.get.hash.202137af1a7fdcf8862f.host_sum.default]
[DEBUG] [2021-06-12 20:27:17,936] [833:139840076511040] - _standalone.py[line:643]: [GET] Got 202106122027103567691_secure_add_example_0_0-hash.202137af1a7fdcf8862f.host_sum-default-host-10000-guest-10000 type Object
[DEBUG] [2021-06-12 20:27:17,943] [833:139840076511040] - _standalone.py[line:592]: [federation.standalone.get.hash.202137af1a7fdcf8862f.host_sum.default] got object with type: <class 'float'>
[DEBUG] [2021-06-12 20:27:17,949] [833:139840076511040] - profile.py[line:216]: [federation.get.federatedml.transfer_variable.transfer_class.secure_add_example_transfer_variable.SecureAddExampleTransferVariable.host_sum.default]guest<-[Party(role=host, party_id=10000)] done
[INFO] [2021-06-12 20:27:17,949] [833:139840076511040] - secure_add_guest.py[line:124]: success to calculate secure_sum, it is 2000.0000000000002
[INFO] [2021-06-12 20:27:18,152] [833:139840076511040] - profile.py[line:249]: 
Computing:
+----------+---------------------------------------------+
| function |  function    n   sum(s)   mean(s)   max(s)  |
|          | ----------- --- -------- --------- -------- |
|          |  mapValues   3    0.45     0.15     0.212   |
|          |    join      1   0.175     0.175    0.175   |
|          |   reduce     1    0.07     0.07      0.07   |
+----------+---------------------------------------------+
|  total   |  n=5, sum=0.6960, mean=0.1392, max=0.2115   |
+----------+---------------------------------------------+

Federation:
+--------+-------------------------------------------------------------------------------------------------------------+
|  get   |                                    name                                    | n | sum(s) | mean(s) | max(s)  |
|        | ---------------------------------------------------------------------------+---+--------+---------+-------- |
|        |  federatedml.transfer_variable.transfer_class.secure_add_example_transfer_ | 1 | 0.415  |  0.415  | 0.415   |
|        |            variable.SecureAddExampleTransferVariable.host_share            |   |        |         |         |
|        | ---------------------------------------------------------------------------+---+--------+---------+-------- |
|        |  federatedml.transfer_variable.transfer_class.secure_add_example_transfer_ | 1 | 0.015  |  0.015  | 0.015   |
|        |             variable.SecureAddExampleTransferVariable.host_sum             |   |        |         |         |
+--------+-------------------------------------------------------------------------------------------------------------+
| remote |                                    name                                    | n | sum(s) | mean(s) | max(s)  |
|        | ---------------------------------------------------------------------------+---+--------+---------+-------- |
|        |  federatedml.transfer_variable.transfer_class.secure_add_example_transfer_ | 1 | 0.676  |  0.676  | 0.676   |
|        |            variable.SecureAddExampleTransferVariable.guest_share           |   |        |         |         |
+--------+-------------------------------------------------------------------------------------------------------------+
| total  |                                  n=3, sum=1.1058, mean=0.3686, max=0.6759                                   |
+--------+-------------------------------------------------------------------------------------------------------------+

[DEBUG] [2021-06-12 20:27:18,153] [833:139840076511040] - profile.py[line:250]: 
Detailed Computing:
+-------+-------------------------------------------------------------------------------------------+
| stack |  function  │ n │ sum(s) │ mean(s) │ max(s) │ stack_hash │             stack               |
|       | ───────────┼───┼────────┼─────────┼────────┼────────────┼──────────────────────────────── |
|       |  mapValues │ 1 │ 0.2115 │ 0.2115  │ 0.2115 │ df4bd4f967 │ [secure_add_guest.py:67]secure  |
|       |            │   │        │         │        │            │ [secure_add_guest.py:106]run    |
|       | ───────────┼───┼────────┼─────────┼────────┼────────────┼──────────────────────────────── |
|       |    join    │ 1 │ 0.1753 │ 0.1753  │ 0.1753 │ c7afab6c68 │ [secure_add_guest.py:72]add     |
|       |            │   │        │         │        │            │ [secure_add_guest.py:115]run    |
|       | ───────────┼───┼────────┼─────────┼────────┼────────────┼──────────────────────────────── |
|       |  mapValues │ 1 │ 0.1216 │ 0.1216  │ 0.1216 │ 8a5ac98c2f │ [secure_add_guest.py:69]secure  |
|       |            │   │        │         │        │            │ [secure_add_guest.py:106]run    |
|       | ───────────┼───┼────────┼─────────┼────────┼────────────┼──────────────────────────────── |
|       |  mapValues │ 1 │ 0.1174 │ 0.1174  │ 0.1174 │ 0fab14ee75 │ [secure_add_guest.py:68]secure  |
|       |            │   │        │         │        │            │ [secure_add_guest.py:106]run    |
|       | ───────────┼───┼────────┼─────────┼────────┼────────────┼──────────────────────────────── |
|       |   reduce   │ 1 │ 0.0702 │ 0.0702  │ 0.0702 │ 21b789c4af │ [secure_add_guest.py:73]add     |
|       |            │   │        │         │        │            │ [secure_add_guest.py:115]run    |
+-------+-------------------------------------------------------------------------------------------+
| total |                         n=5, sum=0.6960, mean=0.1392, max=0.2115                          |
+-------+-------------------------------------------------------------------------------------------+

[INFO] [2021-06-12 20:27:18,153] [833:139840076511040] - task_executor.py[line:313]: report task 202106122027103567691_secure_add_example_0 0 guest 10000 to driver
[INFO] [2021-06-12 20:27:18,154] [833:139840076511040] - control_client.py[line:42]: request update job 202106122027103567691 task 202106122027103567691_secure_add_example_0 0 on guest 10000
[INFO] [2021-06-12 20:27:18,692] [833:139840076511040] - task_executor.py[line:202]: task 202106122027103567691_secure_add_example_0 guest 10000 start time: 2021-06-12 20:27:14
[INFO] [2021-06-12 20:27:18,693] [833:139840076511040] - task_executor.py[line:204]: task 202106122027103567691_secure_add_example_0 guest 10000 end time: 2021-06-12 20:27:18
[INFO] [2021-06-12 20:27:18,693] [833:139840076511040] - task_executor.py[line:206]: task 202106122027103567691_secure_add_example_0 guest 10000 takes 3.677s
[INFO] [2021-06-12 20:27:18,694] [833:139840076511040] - task_executor.py[line:209]: Finish 202106122027103567691 secure_add_example_0 202106122027103567691_secure_add_example_0 0 guest 10000 task success
