[INFO] [2021-06-15 22:05:30,444] [4267:140282551203648] - task_executor.py[line:313]: report task 2021061522050718069622_hetero_secure_boost_0 0 guest 9999 to driver
[INFO] [2021-06-15 22:05:30,445] [4267:140282551203648] - control_client.py[line:42]: request update job 2021061522050718069622 task 2021061522050718069622_hetero_secure_boost_0 0 on guest 9999
[INFO] [2021-06-15 22:05:30,890] [4267:140282551203648] - task_executor.py[line:150]: Run 2021061522050718069622 hetero_secure_boost_0 2021061522050718069622_hetero_secure_boost_0 guest 9999 task
[INFO] [2021-06-15 22:05:30,891] [4267:140282551203648] - task_executor.py[line:151]: Component parameters on party {'HeteroSecureBoostParam': {'task_type': 'classification', 'objective_param': {'objective': 'cross_entropy', 'params': None}, 'learning_rate': 0.3, 'num_trees': 3, 'subsample_feature_rate': 1.0, 'n_iter_no_change': True, 'tol': 0.0001, 'bin_num': 32, 'predict_param': {'threshold': 0.5}, 'cv_param': {'n_splits': 5, 'mode': 'hetero', 'role': 'guest', 'shuffle': True, 'random_seed': 1, 'need_cv': False, 'output_fold_history': True, 'history_value_type': 'score'}, 'validation_freqs': 1, 'metrics': None, 'random_seed': 100, 'binning_error': 0.0001, 'encrypt_param': {'method': 'iterativeAffine', 'key_length': 1024}, 'encrypted_mode_calculator_param': {'mode': 'strict', 're_encrypted_rate': 1}, 'early_stopping_rounds': None, 'use_first_metric_only': False, 'tree_param': {'criterion_method': 'xgboost', 'criterion_params': [0.1, 0], 'max_depth': 3, 'min_sample_split': 2, 'min_impurity_split': 0.001, 'min_leaf_node': 1, 'min_child_weight': 0, 'max_split_nodes': 65536, 'feature_importance_type': 'split', 'n_iter_no_change': True, 'tol': 0.001, 'use_missing': False, 'zero_as_missing': False, 'deterministic': False}, 'zero_as_missing': False, 'use_missing': False, 'complete_secure': False, 'sparse_optimization': False, 'run_goss': False, 'top_rate': 0.2, 'other_rate': 0.1, 'cipher_compress_error': None, 'new_ver': True}, 'role': {'host': [9998], 'guest': [9999]}, 'initiator': {'party_id': 9999, 'role': 'guest'}, 'job_parameters': {'job_type': 'predict', 'work_mode': 0, 'backend': 0, 'computing_engine': 'STANDALONE', 'federation_engine': 'STANDALONE', 'storage_engine': 'STANDALONE', 'engines_address': {'computing': {'nodes': 1, 'cores_per_node': 20}, 'federation': {'nodes': 1, 'cores_per_node': 20}, 'storage': {'nodes': 1, 'cores_per_node': 20}}, 'federated_mode': 'SINGLE', 'task_parallelism': 1, 'computing_partitions': 4, 'federated_status_collect_type': 'PULL', 'model_id': 'guest-9999#host-9998#model', 'model_version': '2021061522023585229020', 'eggroll_run': {'eggroll.session.processors.per.node': 4}, 'spark_run': {}, 'rabbitmq_run': {}, 'pulsar_run': {}, 'adaptation_parameters': {'task_memory_per_node': 0, 'if_initiator_baseline': False, 'task_cores_per_node': 4, 'request_task_cores': 4, 'task_nodes': 1}}, 'conf_path': './examples/LDPDev/test_predict_conf.json', 'component_parameters': {'role': {'host': {'0': {'dataio_0': {'with_label': False}, 'reader_0': {'table': {'name': 'breast_hetero_host', 'namespace': 'experiment'}}, 'reader_1': {'table': {'name': 'breast_hetero_host', 'namespace': 'experiment'}}, 'dataio_1': {'with_label': False}}}, 'guest': {'0': {'dataio_0': {'with_label': True, 'output_format': 'dense'}, 'reader_0': {'table': {'name': 'breast_hetero_guest', 'namespace': 'experiment'}}, 'reader_1': {'table': {'name': 'breast_hetero_guest', 'namespace': 'experiment'}}, 'dataio_1': {'with_label': True, 'output_format': 'dense'}}}}, 'common': {'hetero_secure_boost_0': {'task_type': 'classification', 'objective_param': {'objective': 'cross_entropy'}, 'num_trees': 3, 'validation_freqs': 1, 'encrypt_param': {'method': 'iterativeAffine'}, 'tree_param': {'max_depth': 3}}, 'evaluation_0': {'eval_type': 'binary'}}}, 'dsl_version': 2, 'dsl_path': './examples/LDPDev/dsl/v2/hetero_secureboost/test_secureboost_train_dsl.json', 'local': {'role': 'guest', 'party_id': 9999}, 'CodePath': 'federatedml/ensemble/boosting/hetero/hetero_secureboost_guest.py/HeteroSecureBoostingTreeGuest', 'module': 'HeteroSecureBoost', 'output_data_name': ['data']}
[INFO] [2021-06-15 22:05:30,891] [4267:140282551203648] - task_executor.py[line:152]: Task input dsl {'data': {'test_data': ['intersection_0.data']}, 'model': ['pipeline.hetero_secure_boost_0.model']}
[INFO] [2021-06-15 22:05:30,891] [4267:140282551203648] - tracker_client.py[line:150]: Request read job 2021061522050718069622 task None None on guest 9999 data data info
[INFO] [2021-06-15 22:05:30,962] [4267:140282551203648] - task_executor.py[line:269]: load computing table use 4
[INFO] [2021-06-15 22:05:31,097] [4267:140282551203648] - pipelined_model.py[line:185]: parse BoostingTreeModelMeta proto object normal
[INFO] [2021-06-15 22:05:31,099] [4267:140282551203648] - pipelined_model.py[line:185]: parse BoostingTreeModelParam proto object normal
[INFO] [2021-06-15 22:05:34,920] [4267:140282551203648] - boosting.py[line:527]: load model
[INFO] [2021-06-15 22:05:34,921] [4267:140282551203648] - boosting.py[line:292]: set objective, objective is cross_entropy
[INFO] [2021-06-15 22:05:35,006] [4267:140282551203648] - hetero_secureboost_guest.py[line:346]: running prediction
[INFO] [2021-06-15 22:05:35,183] [4267:140282551203648] - hetero_boosting.py[line:135]: sync predict start round 0
[INFO] [2021-06-15 22:05:35,205] [4267:140282551203648] - splitter.py[line:70]: splitter init!
[INFO] [2021-06-15 22:05:35,206] [4267:140282551203648] - criterion.py[line:47]: splitter criterion setting done: l1 0.0, l2 0.1
[INFO] [2021-06-15 22:05:35,207] [4267:140282551203648] - decision_tree.py[line:311]: load tree model
[INFO] [2021-06-15 22:05:35,208] [4267:140282551203648] - boosting.py[line:393]: generate flowid, flowid predict
[INFO] [2021-06-15 22:05:35,208] [4267:140282551203648] - decision_tree.py[line:130]: set flowid, flowid is predict.0.0
[INFO] [2021-06-15 22:05:35,208] [4267:140282551203648] - splitter.py[line:70]: splitter init!
[INFO] [2021-06-15 22:05:35,208] [4267:140282551203648] - criterion.py[line:47]: splitter criterion setting done: l1 0.0, l2 0.1
[INFO] [2021-06-15 22:05:35,209] [4267:140282551203648] - decision_tree.py[line:311]: load tree model
[INFO] [2021-06-15 22:05:35,209] [4267:140282551203648] - boosting.py[line:393]: generate flowid, flowid predict
[INFO] [2021-06-15 22:05:35,209] [4267:140282551203648] - decision_tree.py[line:130]: set flowid, flowid is predict.1.0
[INFO] [2021-06-15 22:05:35,209] [4267:140282551203648] - splitter.py[line:70]: splitter init!
[INFO] [2021-06-15 22:05:35,210] [4267:140282551203648] - criterion.py[line:47]: splitter criterion setting done: l1 0.0, l2 0.1
[INFO] [2021-06-15 22:05:35,210] [4267:140282551203648] - decision_tree.py[line:311]: load tree model
[INFO] [2021-06-15 22:05:35,210] [4267:140282551203648] - boosting.py[line:393]: generate flowid, flowid predict
[INFO] [2021-06-15 22:05:35,211] [4267:140282551203648] - decision_tree.py[line:130]: set flowid, flowid is predict.2.0
[INFO] [2021-06-15 22:05:35,354] [4267:140282551203648] - hetero_secureboost_guest.py[line:309]: cur predict round is 0
[INFO] [2021-06-15 22:05:40,211] [4267:140282551203648] - hetero_secureboost_guest.py[line:309]: cur predict round is 1
[INFO] [2021-06-15 22:05:40,805] [4267:140282551203648] - hetero_secureboost_guest.py[line:332]: federated prediction process done
[INFO] [2021-06-15 22:05:41,985] [4267:140282551203648] - tracker_client.py[line:173]: Request save job 2021061522050718069622 task 2021061522050718069622_hetero_secure_boost_0 0 on guest 9999 component summary
[INFO] [2021-06-15 22:05:42,858] [4267:140282551203648] - profile.py[line:249]: 
Computing:
+----------+--------------------------------------------------+
| function |    function      n    sum(s)   mean(s)   max(s)  |
|          | --------------- ---- -------- --------- -------- |
|          |      join        7    2.021     0.289    0.838   |
|          |  subtractByKey   4    1.276     0.319    0.822   |
|          |    mapValues     11    0.78     0.071    0.234   |
|          |      union       2    0.749     0.375     0.73   |
|          |     filter       2    0.442     0.221    0.407   |
|          |      count       5    0.015     0.003    0.005   |
|          |      first       1    0.007     0.007    0.007   |
+----------+--------------------------------------------------+
|  total   |    n=32, sum=5.2913, mean=0.1654, max=0.8384     |
+----------+--------------------------------------------------+

Federation:
+--------+-------------------------------------------------------------------------------------------------------------+
|  get   |                                    name                                    | n | sum(s) | mean(s) | max(s)  |
|        | ---------------------------------------------------------------------------+---+--------+---------+-------- |
|        |  federatedml.transfer_variable.transfer_class.hetero_secure_boosting_predi | 1 | 0.512  |  0.512  | 0.512   |
|        |  ct_transfer_variable.HeteroSecureBoostTransferVariable.host_predict_data  |   |        |         |         |
+--------+-------------------------------------------------------------------------------------------------------------+
| remote |                                    name                                    | n | sum(s) | mean(s) | max(s)  |
|        | ---------------------------------------------------------------------------+---+--------+---------+-------- |
|        |  federatedml.transfer_variable.transfer_class.hetero_secure_boosting_predi | 1 | 0.086  |  0.086  | 0.086   |
|        |  ct_transfer_variable.HeteroSecureBoostTransferVariable.guest_predict_data |   |        |         |         |
|        | ---------------------------------------------------------------------------+---+--------+---------+-------- |
|        |  federatedml.transfer_variable.transfer_class.hetero_secure_boosting_predi | 2 | 0.022  |  0.011  | 0.013   |
|        |  ct_transfer_variable.HeteroSecureBoostTransferVariable.predict_stop_flag  |   |        |         |         |
|        | ---------------------------------------------------------------------------+---+--------+---------+-------- |
|        |  federatedml.transfer_variable.transfer_class.hetero_boosting_transfer_var | 1 | 0.019  |  0.019  | 0.019   |
|        |          iable.HeteroBoostingTransferVariable.predict_start_round          |   |        |         |         |
+--------+-------------------------------------------------------------------------------------------------------------+
| total  |                                  n=5, sum=0.6394, mean=0.1279, max=0.5123                                   |
+--------+-------------------------------------------------------------------------------------------------------------+

[INFO] [2021-06-15 22:05:43,275] [4267:140282551203648] - pipelined_model.py[line:73]: Save hetero_secure_boost_0 default HeteroSecureBoostingTreeGuestMeta buffer
[INFO] [2021-06-15 22:05:43,276] [4267:140282551203648] - pipelined_model.py[line:73]: Save hetero_secure_boost_0 default HeteroSecureBoostingTreeGuestParam buffer
[INFO] [2021-06-15 22:05:43,297] [4267:140282551203648] - pipelined_model.py[line:78]: Save hetero_secure_boost_0 default successfully
[INFO] [2021-06-15 22:05:43,298] [4267:140282551203648] - task_executor.py[line:313]: report task 2021061522050718069622_hetero_secure_boost_0 0 guest 9999 to driver
[INFO] [2021-06-15 22:05:43,298] [4267:140282551203648] - control_client.py[line:42]: request update job 2021061522050718069622 task 2021061522050718069622_hetero_secure_boost_0 0 on guest 9999
[INFO] [2021-06-15 22:05:43,346] [4267:140282551203648] - task_executor.py[line:202]: task 2021061522050718069622_hetero_secure_boost_0 guest 9999 start time: 2021-06-15 22:05:30
[INFO] [2021-06-15 22:05:43,346] [4267:140282551203648] - task_executor.py[line:204]: task 2021061522050718069622_hetero_secure_boost_0 guest 9999 end time: 2021-06-15 22:05:43
[INFO] [2021-06-15 22:05:43,346] [4267:140282551203648] - task_executor.py[line:206]: task 2021061522050718069622_hetero_secure_boost_0 guest 9999 takes 13.004s
[INFO] [2021-06-15 22:05:43,347] [4267:140282551203648] - task_executor.py[line:209]: Finish 2021061522050718069622 hetero_secure_boost_0 2021061522050718069622_hetero_secure_boost_0 0 guest 9999 task success
[INFO] [2021-06-15 22:05:43,439] [4267:140282551203648] - task_executor.py[line:313]: report task 2021061522050718069622_hetero_secure_boost_0 0 guest 9999 to driver
[INFO] [2021-06-15 22:05:43,440] [4267:140282551203648] - control_client.py[line:42]: request update job 2021061522050718069622 task 2021061522050718069622_hetero_secure_boost_0 0 on guest 9999
