[INFO] [2021-06-15 22:05:30,445] [4267:140282551203648] - control_client.py[line:42]: request update job 2021061522050718069622 task 2021061522050718069622_hetero_secure_boost_0 0 on guest 9999
[DEBUG] [2021-06-15 22:05:30,881] [4267:140282551203648] - _federation.py[line:15]: [federation.standalone]init federation: standalone_session=<fate_arch._standalone.Session object at 0x7f96135c3748>, federation_session_id=2021061522050718069622_hetero_secure_boost_0_0, party=Party(role=guest, party_id=9999)
[DEBUG] [2021-06-15 22:05:30,890] [4267:140282551203648] - _federation.py[line:23]: [federation.standalone]init federation context done
[INFO] [2021-06-15 22:05:30,891] [4267:140282551203648] - tracker_client.py[line:150]: Request read job 2021061522050718069622 task None None on guest 9999 data data info
[INFO] [2021-06-15 22:05:30,962] [4267:140282551203648] - task_executor.py[line:269]: load computing table use 4
[DEBUG] [2021-06-15 22:05:34,913] [4267:140282551203648] - boosting_param.py[line:56]: check objective cross_entropy
[DEBUG] [2021-06-15 22:05:34,914] [4267:140282551203648] - encrypt_param.py[line:71]: Finish encrypt parameter check!
[DEBUG] [2021-06-15 22:05:34,915] [4267:140282551203648] - component_properties.py[line:73]: {'HeteroSecureBoostParam': {'task_type': 'classification', 'objective_param': {'objective': 'cross_entropy', 'params': None}, 'learning_rate': 0.3, 'num_trees': 3, 'subsample_feature_rate': 1.0, 'n_iter_no_change': True, 'tol': 0.0001, 'bin_num': 32, 'predict_param': {'threshold': 0.5}, 'cv_param': {'n_splits': 5, 'mode': 'hetero', 'role': 'guest', 'shuffle': True, 'random_seed': 1, 'need_cv': False, 'output_fold_history': True, 'history_value_type': 'score'}, 'validation_freqs': 1, 'metrics': None, 'random_seed': 100, 'binning_error': 0.0001, 'encrypt_param': {'method': 'iterativeAffine', 'key_length': 1024}, 'encrypted_mode_calculator_param': {'mode': 'strict', 're_encrypted_rate': 1}, 'early_stopping_rounds': None, 'use_first_metric_only': False, 'tree_param': {'criterion_method': 'xgboost', 'criterion_params': [0.1, 0], 'max_depth': 3, 'min_sample_split': 2, 'min_impurity_split': 0.001, 'min_leaf_node': 1, 'min_child_weight': 0, 'max_split_nodes': 65536, 'feature_importance_type': 'split', 'n_iter_no_change': True, 'tol': 0.001, 'use_missing': False, 'zero_as_missing': False, 'deterministic': False}, 'zero_as_missing': False, 'use_missing': False, 'complete_secure': False, 'sparse_optimization': False, 'run_goss': False, 'top_rate': 0.2, 'other_rate': 0.1, 'cipher_compress_error': None, 'new_ver': True}, 'role': {'host': [9998], 'guest': [9999]}, 'initiator': {'party_id': 9999, 'role': 'guest'}, 'job_parameters': {'job_type': 'predict', 'work_mode': 0, 'backend': 0, 'computing_engine': 'STANDALONE', 'federation_engine': 'STANDALONE', 'storage_engine': 'STANDALONE', 'engines_address': {'computing': {'nodes': 1, 'cores_per_node': 20}, 'federation': {'nodes': 1, 'cores_per_node': 20}, 'storage': {'nodes': 1, 'cores_per_node': 20}}, 'federated_mode': 'SINGLE', 'task_parallelism': 1, 'computing_partitions': 4, 'federated_status_collect_type': 'PULL', 'model_id': 'guest-9999#host-9998#model', 'model_version': '2021061522023585229020', 'eggroll_run': {'eggroll.session.processors.per.node': 4}, 'spark_run': {}, 'rabbitmq_run': {}, 'pulsar_run': {}, 'adaptation_parameters': {'task_memory_per_node': 0, 'if_initiator_baseline': False, 'task_cores_per_node': 4, 'request_task_cores': 4, 'task_nodes': 1}}, 'conf_path': './examples/LDPDev/test_predict_conf.json', 'component_parameters': {'role': {'host': {'0': {'dataio_0': {'with_label': False}, 'reader_0': {'table': {'name': 'breast_hetero_host', 'namespace': 'experiment'}}, 'reader_1': {'table': {'name': 'breast_hetero_host', 'namespace': 'experiment'}}, 'dataio_1': {'with_label': False}}}, 'guest': {'0': {'dataio_0': {'with_label': True, 'output_format': 'dense'}, 'reader_0': {'table': {'name': 'breast_hetero_guest', 'namespace': 'experiment'}}, 'reader_1': {'table': {'name': 'breast_hetero_guest', 'namespace': 'experiment'}}, 'dataio_1': {'with_label': True, 'output_format': 'dense'}}}}, 'common': {'hetero_secure_boost_0': {'task_type': 'classification', 'objective_param': {'objective': 'cross_entropy'}, 'num_trees': 3, 'validation_freqs': 1, 'encrypt_param': {'method': 'iterativeAffine'}, 'tree_param': {'max_depth': 3}}, 'evaluation_0': {'eval_type': 'binary'}}}, 'dsl_version': 2, 'dsl_path': './examples/LDPDev/dsl/v2/hetero_secureboost/test_secureboost_train_dsl.json', 'local': {'role': 'guest', 'party_id': 9999}, 'CodePath': 'federatedml/ensemble/boosting/hetero/hetero_secureboost_guest.py/HeteroSecureBoostingTreeGuest', 'module': 'HeteroSecureBoost', 'output_data_name': ['data']}
[DEBUG] [2021-06-15 22:05:34,917] [4267:140282551203648] - component_properties.py[line:80]: need_run: True, need_cv: False
[DEBUG] [2021-06-15 22:05:34,918] [4267:140282551203648] - hetero_boosting.py[line:52]: in hetero boosting, objective param is cross_entropy
[DEBUG] [2021-06-15 22:05:34,918] [4267:140282551203648] - boosting.py[line:124]: setting random seed done, random seed is 100
[DEBUG] [2021-06-15 22:05:34,918] [4267:140282551203648] - component_properties.py[line:102]: parse_dsl_args data_sets: {'intersection_0': {'test_data': [<fate_arch.computing.standalone._table.Table object at 0x7f95ce81c7f0>]}}
[DEBUG] [2021-06-15 22:05:34,919] [4267:140282551203648] - component_properties.py[line:112]: [Data Parser], has_train_data: False
[DEBUG] [2021-06-15 22:05:34,919] [4267:140282551203648] - component_properties.py[line:112]: [Data Parser], has_eval_data: False
[DEBUG] [2021-06-15 22:05:34,919] [4267:140282551203648] - component_properties.py[line:112]: [Data Parser], has_validate_data: False
[DEBUG] [2021-06-15 22:05:34,919] [4267:140282551203648] - component_properties.py[line:112]: [Data Parser], has_test_data: True
[DEBUG] [2021-06-15 22:05:34,919] [4267:140282551203648] - component_properties.py[line:118]: [Data Parser], has_normal_data: False
[DEBUG] [2021-06-15 22:05:34,920] [4267:140282551203648] - component_properties.py[line:179]: Input data_sets: {'intersection_0': {'test_data': [<fate_arch.computing.standalone._table.Table object at 0x7f95ce81c7f0>]}}
[DEBUG] [2021-06-15 22:05:34,920] [4267:140282551203648] - component_properties.py[line:231]: train_data: None, validate_data: None, test_data: <fate_arch.computing.standalone._table.Table object at 0x7f95ce81c7f0>, data: {}
[DEBUG] [2021-06-15 22:05:34,920] [4267:140282551203648] - model_base.py[line:88]: running_funcs: [<bound method Boosting.load_model of <federatedml.ensemble.boosting.hetero.hetero_secureboost_guest.HeteroSecureBoostingTreeGuest object at 0x7f95ce7d7048>>, <bound method ModelBase.set_flowid of <federatedml.ensemble.boosting.hetero.hetero_secureboost_guest.HeteroSecureBoostingTreeGuest object at 0x7f95ce7d7048>>, <bound method assert_io_num_rows_equal.<locals>._func of <federatedml.ensemble.boosting.hetero.hetero_secureboost_guest.HeteroSecureBoostingTreeGuest object at 0x7f95ce7d7048>>, <function ComponentProperties.union_data at 0x7f956349fa60>, <function ModelBase.set_predict_data_schema at 0x7f95634a6b70>]
[INFO] [2021-06-15 22:05:34,920] [4267:140282551203648] - boosting.py[line:527]: load model
[INFO] [2021-06-15 22:05:34,921] [4267:140282551203648] - boosting.py[line:292]: set objective, objective is cross_entropy
[DEBUG] [2021-06-15 22:05:34,921] [4267:140282551203648] - model_base.py[line:162]: set flowid to transfer_variable, flowid: predict
[INFO] [2021-06-15 22:05:35,006] [4267:140282551203648] - hetero_secureboost_guest.py[line:346]: running prediction
[INFO] [2021-06-15 22:05:35,183] [4267:140282551203648] - hetero_boosting.py[line:135]: sync predict start round 0
[DEBUG] [2021-06-15 22:05:35,185] [4267:140282551203648] - _standalone.py[line:535]: [federation.standalone.remote.hash.55bac2e405cb1beee722.predict_start_round.predict]remote data, type=<class 'int'>
[DEBUG] [2021-06-15 22:05:35,186] [4267:140282551203648] - _standalone.py[line:543]: [federation.standalone.remote.hash.55bac2e405cb1beee722.predict_start_round.predict]remote object with type: <class 'int'>
[DEBUG] [2021-06-15 22:05:35,205] [4267:140282551203648] - hetero_secureboost_guest.py[line:358]: round involved in prediction [0, 1, 2], last round is 0, data key 140281391466480
[INFO] [2021-06-15 22:05:35,205] [4267:140282551203648] - splitter.py[line:70]: splitter init!
[INFO] [2021-06-15 22:05:35,206] [4267:140282551203648] - criterion.py[line:47]: splitter criterion setting done: l1 0.0, l2 0.1
[INFO] [2021-06-15 22:05:35,207] [4267:140282551203648] - decision_tree.py[line:311]: load tree model
[INFO] [2021-06-15 22:05:35,208] [4267:140282551203648] - boosting.py[line:393]: generate flowid, flowid predict
[INFO] [2021-06-15 22:05:35,208] [4267:140282551203648] - decision_tree.py[line:130]: set flowid, flowid is predict.0.0
[INFO] [2021-06-15 22:05:35,208] [4267:140282551203648] - splitter.py[line:70]: splitter init!
[INFO] [2021-06-15 22:05:35,208] [4267:140282551203648] - criterion.py[line:47]: splitter criterion setting done: l1 0.0, l2 0.1
[INFO] [2021-06-15 22:05:35,209] [4267:140282551203648] - decision_tree.py[line:311]: load tree model
[INFO] [2021-06-15 22:05:35,209] [4267:140282551203648] - boosting.py[line:393]: generate flowid, flowid predict
[INFO] [2021-06-15 22:05:35,209] [4267:140282551203648] - decision_tree.py[line:130]: set flowid, flowid is predict.1.0
[INFO] [2021-06-15 22:05:35,209] [4267:140282551203648] - splitter.py[line:70]: splitter init!
[INFO] [2021-06-15 22:05:35,210] [4267:140282551203648] - criterion.py[line:47]: splitter criterion setting done: l1 0.0, l2 0.1
[INFO] [2021-06-15 22:05:35,210] [4267:140282551203648] - decision_tree.py[line:311]: load tree model
[INFO] [2021-06-15 22:05:35,210] [4267:140282551203648] - boosting.py[line:393]: generate flowid, flowid predict
[INFO] [2021-06-15 22:05:35,211] [4267:140282551203648] - decision_tree.py[line:130]: set flowid, flowid is predict.2.0
[INFO] [2021-06-15 22:05:35,354] [4267:140282551203648] - hetero_secureboost_guest.py[line:309]: cur predict round is 0
[DEBUG] [2021-06-15 22:05:39,516] [4267:140282551203648] - _standalone.py[line:535]: [federation.standalone.remote.hash.361c9228f6769dcc3527.predict_stop_flag.predict.2.0.0]remote data, type=<class 'bool'>
[DEBUG] [2021-06-15 22:05:39,516] [4267:140282551203648] - _standalone.py[line:543]: [federation.standalone.remote.hash.361c9228f6769dcc3527.predict_stop_flag.predict.2.0.0]remote object with type: <class 'bool'>
[DEBUG] [2021-06-15 22:05:39,530] [4267:140282551203648] - _standalone.py[line:535]: [federation.standalone.remote.hash.8af87c9df261887caccf.guest_predict_data.predict.2.0.0]remote data, type=<class 'fate_arch._standalone.Table'>
[DEBUG] [2021-06-15 22:05:39,530] [4267:140282551203648] - _standalone.py[line:539]: [federation.standalone.remote.hash.8af87c9df261887caccf.guest_predict_data.predict.2.0.0]remote Table(namespace=2021061522050718069622_hetero_secure_boost_0_0_guest_9999, name=d15d9aa0-ce25-11eb-b32c-0242ac110002, partitions=4)
[DEBUG] [2021-06-15 22:05:39,530] [4267:140282551203648] - _standalone.py[line:550]: [federation.standalone.remote.hash.8af87c9df261887caccf.guest_predict_data.predict.2.0.0]save Table(namespace=2021061522050718069622_hetero_secure_boost_0_0_guest_9999, name=d15d9aa0-ce25-11eb-b32c-0242ac110002, partitions=4) as Table(namespace=2021061522050718069622_hetero_secure_boost_0_0_guest_9999, name=d1e2321a-ce25-11eb-b32c-0242ac110002, partitions=4)
[DEBUG] [2021-06-15 22:05:39,617] [4267:140282551203648] - _standalone.py[line:564]: [federation.standalone.get.hash.817500759b04bc599183.host_predict_data.predict.2.0.0]
[DEBUG] [2021-06-15 22:05:40,127] [4267:140282551203648] - _standalone.py[line:643]: [GET] Got 2021061522050718069622_hetero_secure_boost_0_0-hash.817500759b04bc599183.host_predict_data-predict.2.0.0-host-9998-guest-9999 type Table
[DEBUG] [2021-06-15 22:05:40,128] [4267:140282551203648] - _standalone.py[line:581]: [federation.standalone.get.hash.817500759b04bc599183.host_predict_data.predict.2.0.0] got Table(namespace=2021061522050718069622_hetero_secure_boost_0_0_host_9998, name=d2241482-ce25-11eb-9324-0242ac110002, partitions=4)
[INFO] [2021-06-15 22:05:40,211] [4267:140282551203648] - hetero_secureboost_guest.py[line:309]: cur predict round is 1
[DEBUG] [2021-06-15 22:05:40,795] [4267:140282551203648] - _standalone.py[line:535]: [federation.standalone.remote.hash.361c9228f6769dcc3527.predict_stop_flag.predict.2.0.1]remote data, type=<class 'bool'>
[DEBUG] [2021-06-15 22:05:40,796] [4267:140282551203648] - _standalone.py[line:543]: [federation.standalone.remote.hash.361c9228f6769dcc3527.predict_stop_flag.predict.2.0.1]remote object with type: <class 'bool'>
[INFO] [2021-06-15 22:05:40,805] [4267:140282551203648] - hetero_secureboost_guest.py[line:332]: federated prediction process done
[DEBUG] [2021-06-15 22:05:41,174] [4267:140282551203648] - hetero_secureboost_guest.py[line:380]: adding predict rs <fate_arch.computing.standalone._table.Table object at 0x7f95f3d27898>
[DEBUG] [2021-06-15 22:05:41,174] [4267:140282551203648] - hetero_secureboost_guest.py[line:381]: last round is 3
[DEBUG] [2021-06-15 22:05:41,907] [4267:140282551203648] - io_check.py[line:35]: num row of input: 569 -> num row of output: 569
[DEBUG] [2021-06-15 22:05:41,907] [4267:140282551203648] - model_base.py[line:97]: func: <function ComponentProperties.union_data at 0x7f956349fa60>
[DEBUG] [2021-06-15 22:05:41,985] [4267:140282551203648] - model_base.py[line:97]: func: <function ModelBase.set_predict_data_schema at 0x7f95634a6b70>
[DEBUG] [2021-06-15 22:05:41,985] [4267:140282551203648] - model_base.py[line:109]: saved_result is : [<fate_arch.computing.standalone._table.Table object at 0x7f955c934eb8>], data_output: <fate_arch.computing.standalone._table.Table object at 0x7f955c934eb8>
[INFO] [2021-06-15 22:05:41,985] [4267:140282551203648] - tracker_client.py[line:173]: Request save job 2021061522050718069622 task 2021061522050718069622_hetero_secure_boost_0 0 on guest 9999 component summary
[DEBUG] [2021-06-15 22:05:43,274] [4267:140282551203648] - hetero_secureboost_guest.py[line:438]: feat importance param []
[INFO] [2021-06-15 22:05:43,298] [4267:140282551203648] - control_client.py[line:42]: request update job 2021061522050718069622 task 2021061522050718069622_hetero_secure_boost_0 0 on guest 9999
[INFO] [2021-06-15 22:05:43,440] [4267:140282551203648] - control_client.py[line:42]: request update job 2021061522050718069622 task 2021061522050718069622_hetero_secure_boost_0 0 on guest 9999
