[DEBUG] [2021-06-15 21:01:38,650] [650:140013398787904] - profile.py[line:84]: [computing#41d092c3c4]function_stack: [component_properties.py:225]extract_input_data <-[component_properties.py:238]extract_running_rules <-[model_base.py:87]run
[DEBUG] [2021-06-15 21:01:38,651] [650:140013398787904] - profile.py[line:87]: [computing#41d092c3c4]start
[DEBUG] [2021-06-15 21:01:38,655] [650:140013398787904] - profile.py[line:93]: [computing#41d092c3c4]done, elapse: 0.004889965057373047, function: count(self: Table(partition=4)) -> int
[DEBUG] [2021-06-15 21:01:38,659] [650:140013398787904] - profile.py[line:84]: [computing#7a5e4c5159]function_stack: [abnormal_detection.py:27]empty_table_detection <-[data_io.py:120]read_data <-[data_io.py:895]transform <-[model_base.py:98]run
[DEBUG] [2021-06-15 21:01:38,659] [650:140013398787904] - profile.py[line:87]: [computing#7a5e4c5159]start
[DEBUG] [2021-06-15 21:01:38,663] [650:140013398787904] - profile.py[line:93]: [computing#7a5e4c5159]done, elapse: 0.0036988258361816406, function: count(self: Table(partition=4)) -> int
[DEBUG] [2021-06-15 21:01:38,665] [650:140013398787904] - profile.py[line:84]: [computing#9133971679]function_stack: [data_overview.py:123]get_data_shape <-[data_io.py:131]read_data <-[data_io.py:895]transform <-[model_base.py:98]run
[DEBUG] [2021-06-15 21:01:38,665] [650:140013398787904] - profile.py[line:87]: [computing#9133971679]start
[DEBUG] [2021-06-15 21:01:38,669] [650:140013398787904] - profile.py[line:93]: [computing#9133971679]done, elapse: 0.004076957702636719, function: first(self: Table(partition=4)) -> tuple
[DEBUG] [2021-06-15 21:01:38,671] [650:140013398787904] - profile.py[line:84]: [computing#2b2e549bd4]function_stack: [data_io.py:136]read_data <-[data_io.py:895]transform <-[model_base.py:98]run
[DEBUG] [2021-06-15 21:01:38,671] [650:140013398787904] - profile.py[line:87]: [computing#2b2e549bd4]start
[DEBUG] [2021-06-15 21:01:38,762] [650:140013398787904] - profile.py[line:93]: [computing#2b2e549bd4]done, elapse: 0.09170818328857422, function: mapValues(self: Table(partition=4), func: function) -> Table(partition=4)
[DEBUG] [2021-06-15 21:01:38,764] [650:140013398787904] - profile.py[line:84]: [computing#4509abf693]function_stack: [data_io.py:139]read_data <-[data_io.py:895]transform <-[model_base.py:98]run
[DEBUG] [2021-06-15 21:01:38,764] [650:140013398787904] - profile.py[line:87]: [computing#4509abf693]start
[DEBUG] [2021-06-15 21:01:38,798] [650:140013398787904] - profile.py[line:93]: [computing#4509abf693]done, elapse: 0.033946990966796875, function: mapValues(self: Table(partition=4), func: function) -> Table(partition=4)
[DEBUG] [2021-06-15 21:01:38,799] [650:140013398787904] - profile.py[line:84]: [computing#0aeead51ce]function_stack: [io_check.py:28]_func <-[data_io.py:148]read_data <-[data_io.py:895]transform <-[model_base.py:98]run
[DEBUG] [2021-06-15 21:01:38,799] [650:140013398787904] - profile.py[line:87]: [computing#0aeead51ce]start
[DEBUG] [2021-06-15 21:01:38,802] [650:140013398787904] - profile.py[line:93]: [computing#0aeead51ce]done, elapse: 0.0031278133392333984, function: count(self: Table(partition=4)) -> int
[DEBUG] [2021-06-15 21:01:38,805] [650:140013398787904] - profile.py[line:84]: [computing#82552c8a50]function_stack: [data_io.py:224]gen_data_instance <-[data_io.py:175]transform <-[io_check.py:31]_func <-[data_io.py:148]read_data <-[data_io.py:895]transform <-[model_base.py:98]run
[DEBUG] [2021-06-15 21:01:38,805] [650:140013398787904] - profile.py[line:87]: [computing#82552c8a50]start
[DEBUG] [2021-06-15 21:01:38,850] [650:140013398787904] - profile.py[line:93]: [computing#82552c8a50]done, elapse: 0.04565787315368652, function: join(self: Table(partition=4), other: Table(partition=4), func: function) -> Table(partition=4)
[DEBUG] [2021-06-15 21:01:38,851] [650:140013398787904] - profile.py[line:84]: [computing#fba26d134a]function_stack: [io_check.py:34]_func <-[data_io.py:148]read_data <-[data_io.py:895]transform <-[model_base.py:98]run
[DEBUG] [2021-06-15 21:01:38,851] [650:140013398787904] - profile.py[line:87]: [computing#fba26d134a]start
[DEBUG] [2021-06-15 21:01:38,854] [650:140013398787904] - profile.py[line:93]: [computing#fba26d134a]done, elapse: 0.0025742053985595703, function: count(self: Table(partition=4)) -> int
[INFO] [2021-06-15 21:01:39,169] [650:140013398787904] - profile.py[line:249]: 
Computing:
+----------+---------------------------------------------+
| function |  function    n   sum(s)   mean(s)   max(s)  |
|          | ----------- --- -------- --------- -------- |
|          |  mapValues   2   0.126     0.063    0.092   |
|          |    join      1   0.046     0.046    0.046   |
|          |    count     4   0.014     0.004    0.005   |
|          |    first     1   0.004     0.004    0.004   |
+----------+---------------------------------------------+
|  total   |  n=8, sum=0.1897, mean=0.0237, max=0.0917   |
+----------+---------------------------------------------+

Federation:
+--------+------------------------------------------+
|  get   |                                          |
+--------+------------------------------------------+
| remote |                                          |
+--------+------------------------------------------+
| total  | n=0, sum=0.0000, mean=0.0000, max=0.0000 |
+--------+------------------------------------------+

[DEBUG] [2021-06-15 21:01:39,170] [650:140013398787904] - profile.py[line:250]: 
Detailed Computing:
+-------+--------------------------------------------------------------------------------------------------------------+
| stack |  function  │ n │ sum(s) │ mean(s) │ max(s) │ stack_hash │                       stack                        |
|       | ───────────┼───┼────────┼─────────┼────────┼────────────┼─────────────────────────────────────────────────── |
|       |  mapValues │ 1 │ 0.0917 │ 0.0917  │ 0.0917 │ 2b2e549bd4 │ [data_io.py:136]read_data                          |
|       |            │   │        │         │        │            │ [data_io.py:895]transform                          |
|       |            │   │        │         │        │            │ [model_base.py:98]run                              |
|       | ───────────┼───┼────────┼─────────┼────────┼────────────┼─────────────────────────────────────────────────── |
|       |    join    │ 1 │ 0.0457 │ 0.0457  │ 0.0457 │ 82552c8a50 │ [data_io.py:224]gen_data_instance                  |
|       |            │   │        │         │        │            │ [data_io.py:175]transform                          |
|       |            │   │        │         │        │            │ [io_check.py:31]_func                              |
|       |            │   │        │         │        │            │ [data_io.py:148]read_data                          |
|       |            │   │        │         │        │            │ [data_io.py:895]transform                          |
|       |            │   │        │         │        │            │ [model_base.py:98]run                              |
|       | ───────────┼───┼────────┼─────────┼────────┼────────────┼─────────────────────────────────────────────────── |
|       |  mapValues │ 1 │ 0.0339 │ 0.0339  │ 0.0339 │ 4509abf693 │ [data_io.py:139]read_data                          |
|       |            │   │        │         │        │            │ [data_io.py:895]transform                          |
|       |            │   │        │         │        │            │ [model_base.py:98]run                              |
|       | ───────────┼───┼────────┼─────────┼────────┼────────────┼─────────────────────────────────────────────────── |
|       |    count   │ 1 │ 0.0049 │ 0.0049  │ 0.0049 │ 41d092c3c4 │ [component_properties.py:225]extract_input_data    |
|       |            │   │        │         │        │            │ [component_properties.py:238]extract_running_rule  |
|       |            │   │        │         │        │            │ s                                                  |
|       |            │   │        │         │        │            │ [model_base.py:87]run                              |
|       | ───────────┼───┼────────┼─────────┼────────┼────────────┼─────────────────────────────────────────────────── |
|       |    first   │ 1 │ 0.0041 │ 0.0041  │ 0.0041 │ 9133971679 │ [data_overview.py:123]get_data_shape               |
|       |            │   │        │         │        │            │ [data_io.py:131]read_data                          |
|       |            │   │        │         │        │            │ [data_io.py:895]transform                          |
|       |            │   │        │         │        │            │ [model_base.py:98]run                              |
|       | ───────────┼───┼────────┼─────────┼────────┼────────────┼─────────────────────────────────────────────────── |
|       |    count   │ 1 │ 0.0037 │ 0.0037  │ 0.0037 │ 7a5e4c5159 │ [abnormal_detection.py:27]empty_table_detection    |
|       |            │   │        │         │        │            │ [data_io.py:120]read_data                          |
|       |            │   │        │         │        │            │ [data_io.py:895]transform                          |
|       |            │   │        │         │        │            │ [model_base.py:98]run                              |
|       | ───────────┼───┼────────┼─────────┼────────┼────────────┼─────────────────────────────────────────────────── |
|       |    count   │ 1 │ 0.0031 │ 0.0031  │ 0.0031 │ 0aeead51ce │ [io_check.py:28]_func                              |
|       |            │   │        │         │        │            │ [data_io.py:148]read_data                          |
|       |            │   │        │         │        │            │ [data_io.py:895]transform                          |
|       |            │   │        │         │        │            │ [model_base.py:98]run                              |
|       | ───────────┼───┼────────┼─────────┼────────┼────────────┼─────────────────────────────────────────────────── |
|       |    count   │ 1 │ 0.0026 │ 0.0026  │ 0.0026 │ fba26d134a │ [io_check.py:34]_func                              |
|       |            │   │        │         │        │            │ [data_io.py:148]read_data                          |
|       |            │   │        │         │        │            │ [data_io.py:895]transform                          |
|       |            │   │        │         │        │            │ [model_base.py:98]run                              |
+-------+--------------------------------------------------------------------------------------------------------------+
| total |                                   n=8, sum=0.1897, mean=0.0237, max=0.0917                                   |
+-------+--------------------------------------------------------------------------------------------------------------+

