[DEBUG] [2021-06-15 21:01:45,806] [737:140342711281472] - profile.py[line:84]: [computing#41d092c3c4]function_stack: [component_properties.py:225]extract_input_data <-[component_properties.py:238]extract_running_rules <-[model_base.py:87]run
[DEBUG] [2021-06-15 21:01:45,806] [737:140342711281472] - profile.py[line:87]: [computing#41d092c3c4]start
[DEBUG] [2021-06-15 21:01:45,808] [737:140342711281472] - profile.py[line:93]: [computing#41d092c3c4]done, elapse: 0.001934051513671875, function: count(self: Table(partition=4)) -> int
[DEBUG] [2021-06-15 21:01:45,811] [737:140342711281472] - profile.py[line:84]: [computing#88170bdc05]function_stack: [intersect.py:361]intersect_join_id <-[intersect_guest.py:244]run_intersect <-[intersect_model.py:115]fit <-[model_base.py:98]run
[DEBUG] [2021-06-15 21:01:45,812] [737:140342711281472] - profile.py[line:87]: [computing#88170bdc05]start
[DEBUG] [2021-06-15 21:01:45,892] [737:140342711281472] - profile.py[line:93]: [computing#88170bdc05]done, elapse: 0.08063220977783203, function: mapValues(self: Table(partition=4), func: function) -> Table(partition=4)
[DEBUG] [2021-06-15 21:01:45,893] [737:140342711281472] - profile.py[line:237]: [federation.get.federatedml.transfer_variable.transfer_class.raw_intersect_transfer_variable.RawIntersectTransferVariable.send_ids_host.fit]guest<-[Party(role=host, party_id=9998)] start
[DEBUG] [2021-06-15 21:01:45,901] [737:140342711281472] - profile.py[line:216]: [federation.get.federatedml.transfer_variable.transfer_class.raw_intersect_transfer_variable.RawIntersectTransferVariable.send_ids_host.fit]guest<-[Party(role=host, party_id=9998)] done
[DEBUG] [2021-06-15 21:01:45,903] [737:140342711281472] - profile.py[line:84]: [computing#e4ab06a603]function_stack: [intersect.py:376]intersect_join_id <-[intersect_guest.py:244]run_intersect <-[intersect_model.py:115]fit <-[model_base.py:98]run
[DEBUG] [2021-06-15 21:01:45,904] [737:140342711281472] - profile.py[line:87]: [computing#e4ab06a603]start
[DEBUG] [2021-06-15 21:01:45,960] [737:140342711281472] - profile.py[line:93]: [computing#e4ab06a603]done, elapse: 0.057099342346191406, function: join(self: Table(partition=4), other: Table(partition=4), func: function) -> Table(partition=4)
[DEBUG] [2021-06-15 21:01:45,961] [737:140342711281472] - profile.py[line:232]: [federation.remote.federatedml.transfer_variable.transfer_class.raw_intersect_transfer_variable.RawIntersectTransferVariable.intersect_ids_guest.fit]guest->[Party(role=host, party_id=9998)] start
[DEBUG] [2021-06-15 21:01:46,003] [737:140342711281472] - profile.py[line:185]: [federation.remote.federatedml.transfer_variable.transfer_class.raw_intersect_transfer_variable.RawIntersectTransferVariable.intersect_ids_guest.fit]guest->[Party(role=host, party_id=9998)] done
[DEBUG] [2021-06-15 21:01:46,005] [737:140342711281472] - profile.py[line:84]: [computing#1e6e794ec8]function_stack: [intersect.py:82]_get_value_from_data <-[intersect.py:414]intersect_join_id <-[intersect_guest.py:244]run_intersect <-[intersect_model.py:115]fit <-[model_base.py:98]run
[DEBUG] [2021-06-15 21:01:46,006] [737:140342711281472] - profile.py[line:87]: [computing#1e6e794ec8]start
[DEBUG] [2021-06-15 21:01:46,048] [737:140342711281472] - profile.py[line:93]: [computing#1e6e794ec8]done, elapse: 0.042494773864746094, function: join(self: Table(partition=4), other: Table(partition=4), func: function) -> Table(partition=4)
[DEBUG] [2021-06-15 21:01:46,050] [737:140342711281472] - profile.py[line:84]: [computing#c784b16772]function_stack: [job_tracker.py:139]save_output_data <-[job_tracker.py:332]save_as_table <-[intersect.py:420]intersect_join_id <-[intersect_guest.py:244]run_intersect <-[intersect_model.py:115]fit <-[model_base.py:98]run
[DEBUG] [2021-06-15 21:01:46,051] [737:140342711281472] - profile.py[line:87]: [computing#c784b16772]start
[DEBUG] [2021-06-15 21:01:46,089] [737:140342711281472] - profile.py[line:93]: [computing#c784b16772]done, elapse: 0.03885626792907715, function: save(self: Table(partition=4), address: StandaloneAddress, partitions: int, schema: dict) -> NoneType
[DEBUG] [2021-06-15 21:01:46,090] [737:140342711281472] - profile.py[line:84]: [computing#a351b01960]function_stack: [job_tracker.py:142]save_output_data <-[job_tracker.py:332]save_as_table <-[intersect.py:420]intersect_join_id <-[intersect_guest.py:244]run_intersect <-[intersect_model.py:115]fit <-[model_base.py:98]run
[DEBUG] [2021-06-15 21:01:46,091] [737:140342711281472] - profile.py[line:87]: [computing#a351b01960]start
[DEBUG] [2021-06-15 21:01:46,091] [737:140342711281472] - profile.py[line:93]: [computing#a351b01960]done, elapse: 0.0005588531494140625, function: collect(self: Table(partition=4)) -> generator
[DEBUG] [2021-06-15 21:01:46,095] [737:140342711281472] - profile.py[line:84]: [computing#ac0fa8963f]function_stack: [job_tracker.py:147]save_output_data <-[job_tracker.py:332]save_as_table <-[intersect.py:420]intersect_join_id <-[intersect_guest.py:244]run_intersect <-[intersect_model.py:115]fit <-[model_base.py:98]run
[DEBUG] [2021-06-15 21:01:46,095] [737:140342711281472] - profile.py[line:87]: [computing#ac0fa8963f]start
[DEBUG] [2021-06-15 21:01:46,098] [737:140342711281472] - profile.py[line:93]: [computing#ac0fa8963f]done, elapse: 0.0033245086669921875, function: count(self: Table(partition=4)) -> int
[DEBUG] [2021-06-15 21:01:46,175] [737:140342711281472] - profile.py[line:84]: [computing#d211fdd088]function_stack: [intersect_model.py:139]fit <-[model_base.py:98]run
[DEBUG] [2021-06-15 21:01:46,175] [737:140342711281472] - profile.py[line:87]: [computing#d211fdd088]start
[DEBUG] [2021-06-15 21:01:46,177] [737:140342711281472] - profile.py[line:93]: [computing#d211fdd088]done, elapse: 0.0021889209747314453, function: count(self: Table(partition=4)) -> int
[DEBUG] [2021-06-15 21:01:46,178] [737:140342711281472] - profile.py[line:84]: [computing#1f115043d3]function_stack: [intersect_model.py:140]fit <-[model_base.py:98]run
[DEBUG] [2021-06-15 21:01:46,178] [737:140342711281472] - profile.py[line:87]: [computing#1f115043d3]start
[DEBUG] [2021-06-15 21:01:46,180] [737:140342711281472] - profile.py[line:93]: [computing#1f115043d3]done, elapse: 0.0022482872009277344, function: count(self: Table(partition=4)) -> int
[INFO] [2021-06-15 21:01:46,620] [737:140342711281472] - profile.py[line:249]: 
Computing:
+----------+---------------------------------------------+
| function |  function    n   sum(s)   mean(s)   max(s)  |
|          | ----------- --- -------- --------- -------- |
|          |    join      2    0.1      0.05     0.057   |
|          |  mapValues   1   0.081     0.081    0.081   |
|          |    save      1   0.039     0.039    0.039   |
|          |    count     4    0.01     0.002    0.003   |
|          |   collect    1   0.001     0.001    0.001   |
+----------+---------------------------------------------+
|  total   |  n=9, sum=0.2293, mean=0.0255, max=0.0806   |
+----------+---------------------------------------------+

Federation:
+--------+-------------------------------------------------------------------------------------------------------------+
|  get   |                                    name                                    | n | sum(s) | mean(s) | max(s)  |
|        | ---------------------------------------------------------------------------+---+--------+---------+-------- |
|        |  federatedml.transfer_variable.transfer_class.raw_intersect_transfer_varia | 1 | 0.008  |  0.008  | 0.008   |
|        |               ble.RawIntersectTransferVariable.send_ids_host               |   |        |         |         |
+--------+-------------------------------------------------------------------------------------------------------------+
| remote |                                    name                                    | n | sum(s) | mean(s) | max(s)  |
|        | ---------------------------------------------------------------------------+---+--------+---------+-------- |
|        |  federatedml.transfer_variable.transfer_class.raw_intersect_transfer_varia | 1 | 0.042  |  0.042  | 0.042   |
|        |            ble.RawIntersectTransferVariable.intersect_ids_guest            |   |        |         |         |
+--------+-------------------------------------------------------------------------------------------------------------+
| total  |                                  n=2, sum=0.0496, mean=0.0248, max=0.0421                                   |
+--------+-------------------------------------------------------------------------------------------------------------+

[DEBUG] [2021-06-15 21:01:46,620] [737:140342711281472] - profile.py[line:250]: 
Detailed Computing:
+-------+--------------------------------------------------------------------------------------------------------------+
| stack |  function  │ n │ sum(s) │ mean(s) │ max(s) │ stack_hash │                       stack                        |
|       | ───────────┼───┼────────┼─────────┼────────┼────────────┼─────────────────────────────────────────────────── |
|       |  mapValues │ 1 │ 0.0806 │ 0.0806  │ 0.0806 │ 88170bdc05 │ [intersect.py:361]intersect_join_id                |
|       |            │   │        │         │        │            │ [intersect_guest.py:244]run_intersect              |
|       |            │   │        │         │        │            │ [intersect_model.py:115]fit                        |
|       |            │   │        │         │        │            │ [model_base.py:98]run                              |
|       | ───────────┼───┼────────┼─────────┼────────┼────────────┼─────────────────────────────────────────────────── |
|       |    join    │ 1 │ 0.0571 │ 0.0571  │ 0.0571 │ e4ab06a603 │ [intersect.py:376]intersect_join_id                |
|       |            │   │        │         │        │            │ [intersect_guest.py:244]run_intersect              |
|       |            │   │        │         │        │            │ [intersect_model.py:115]fit                        |
|       |            │   │        │         │        │            │ [model_base.py:98]run                              |
|       | ───────────┼───┼────────┼─────────┼────────┼────────────┼─────────────────────────────────────────────────── |
|       |    join    │ 1 │ 0.0425 │ 0.0425  │ 0.0425 │ 1e6e794ec8 │ [intersect.py:82]_get_value_from_data              |
|       |            │   │        │         │        │            │ [intersect.py:414]intersect_join_id                |
|       |            │   │        │         │        │            │ [intersect_guest.py:244]run_intersect              |
|       |            │   │        │         │        │            │ [intersect_model.py:115]fit                        |
|       |            │   │        │         │        │            │ [model_base.py:98]run                              |
|       | ───────────┼───┼────────┼─────────┼────────┼────────────┼─────────────────────────────────────────────────── |
|       |    save    │ 1 │ 0.0389 │ 0.0389  │ 0.0389 │ c784b16772 │ [job_tracker.py:139]save_output_data               |
|       |            │   │        │         │        │            │ [job_tracker.py:332]save_as_table                  |
|       |            │   │        │         │        │            │ [intersect.py:420]intersect_join_id                |
|       |            │   │        │         │        │            │ [intersect_guest.py:244]run_intersect              |
|       |            │   │        │         │        │            │ [intersect_model.py:115]fit                        |
|       |            │   │        │         │        │            │ [model_base.py:98]run                              |
|       | ───────────┼───┼────────┼─────────┼────────┼────────────┼─────────────────────────────────────────────────── |
|       |    count   │ 1 │ 0.0033 │ 0.0033  │ 0.0033 │ ac0fa8963f │ [job_tracker.py:147]save_output_data               |
|       |            │   │        │         │        │            │ [job_tracker.py:332]save_as_table                  |
|       |            │   │        │         │        │            │ [intersect.py:420]intersect_join_id                |
|       |            │   │        │         │        │            │ [intersect_guest.py:244]run_intersect              |
|       |            │   │        │         │        │            │ [intersect_model.py:115]fit                        |
|       |            │   │        │         │        │            │ [model_base.py:98]run                              |
|       | ───────────┼───┼────────┼─────────┼────────┼────────────┼─────────────────────────────────────────────────── |
|       |    count   │ 1 │ 0.0022 │ 0.0022  │ 0.0022 │ 1f115043d3 │ [intersect_model.py:140]fit                        |
|       |            │   │        │         │        │            │ [model_base.py:98]run                              |
|       | ───────────┼───┼────────┼─────────┼────────┼────────────┼─────────────────────────────────────────────────── |
|       |    count   │ 1 │ 0.0022 │ 0.0022  │ 0.0022 │ d211fdd088 │ [intersect_model.py:139]fit                        |
|       |            │   │        │         │        │            │ [model_base.py:98]run                              |
|       | ───────────┼───┼────────┼─────────┼────────┼────────────┼─────────────────────────────────────────────────── |
|       |    count   │ 1 │ 0.0019 │ 0.0019  │ 0.0019 │ 41d092c3c4 │ [component_properties.py:225]extract_input_data    |
|       |            │   │        │         │        │            │ [component_properties.py:238]extract_running_rule  |
|       |            │   │        │         │        │            │ s                                                  |
|       |            │   │        │         │        │            │ [model_base.py:87]run                              |
|       | ───────────┼───┼────────┼─────────┼────────┼────────────┼─────────────────────────────────────────────────── |
|       |   collect  │ 1 │ 0.0006 │ 0.0006  │ 0.0006 │ a351b01960 │ [job_tracker.py:142]save_output_data               |
|       |            │   │        │         │        │            │ [job_tracker.py:332]save_as_table                  |
|       |            │   │        │         │        │            │ [intersect.py:420]intersect_join_id                |
|       |            │   │        │         │        │            │ [intersect_guest.py:244]run_intersect              |
|       |            │   │        │         │        │            │ [intersect_model.py:115]fit                        |
|       |            │   │        │         │        │            │ [model_base.py:98]run                              |
+-------+--------------------------------------------------------------------------------------------------------------+
| total |                                   n=9, sum=0.2293, mean=0.0255, max=0.0806                                   |
+-------+--------------------------------------------------------------------------------------------------------------+

