[INFO] [2021-06-15 21:31:50,312] [7:140198455301888] - dag_scheduler.py[line:40]: submit job, job_id 2021061521315031191914, body {'job_dsl': {'components': {'reader_0': {'module': 'Reader', 'output': {'data': ['data']}}, 'intersection_0': {'input': {'data': {'data': ['dataio_0.data']}}, 'module': 'Intersection', 'output': {'data': ['data']}}, 'dataio_0': {'input': {'data': {'data': ['reader_0.data']}, 'model': ['pipeline.dataio_0.model']}, 'module': 'DataIO', 'output': {'data': ['data']}}, 'hetero_secure_boost_0': {'input': {'data': {'test_data': ['intersection_0.data']}, 'model': ['pipeline.hetero_secure_boost_0.model']}, 'module': 'HeteroSecureBoost', 'output': {'data': ['data']}}}}, 'job_runtime_conf': {'dsl_version': 2, 'initiator': {'role': 'guest', 'party_id': 9999}, 'role': {'host': [9998], 'guest': [9999]}, 'job_parameters': {'common': {'work_mode': 0, 'backend': 0, 'job_type': 'predict', 'model_id': 'guest-9999#host-9998#model', 'model_version': '202106152108460902496'}}, 'component_parameters': {'role': {'guest': {'0': {'reader_0': {'table': {'name': 'default_credit_hetero_guest', 'namespace': 'experiment'}}}}, 'host': {'0': {'reader_0': {'table': {'name': 'default_credit_hetero_host', 'namespace': 'experiment'}}}}}}, 'conf_path': './examples/LDPDev/test_predict_conf.json', 'dsl_path': './examples/LDPDev/test_predict_dsl.json'}}
[INFO] [2021-06-15 21:31:50,387] [7:140197287143168] - job_controller.py[line:52]: job parameters:{'backend': 0, 'spark_run': {}, 'adaptation_parameters': {'task_memory_per_node': 0, 'if_initiator_baseline': True, 'task_cores_per_node': 4, 'request_task_cores': 4, 'task_nodes': 1}, 'federation_engine': 'STANDALONE', 'computing_engine': 'STANDALONE', 'storage_engine': 'STANDALONE', 'task_parallelism': 1, 'federated_status_collect_type': 'PULL', 'pulsar_run': {}, 'engines_address': {}, 'federated_mode': 'SINGLE', 'computing_partitions': 4, 'work_mode': 0, 'job_type': 'predict', 'eggroll_run': {}, 'model_version': '202106152108460902496', 'model_id': 'guest-9999#host-9998#model', 'rabbitmq_run': {}}
[INFO] [2021-06-15 21:31:50,537] [7:140197287143168] - job_controller.py[line:52]: job parameters:{'backend': 0, 'spark_run': {}, 'adaptation_parameters': {'task_memory_per_node': 0, 'if_initiator_baseline': True, 'task_cores_per_node': 4, 'request_task_cores': 4, 'task_nodes': 1}, 'federation_engine': 'STANDALONE', 'computing_engine': 'STANDALONE', 'storage_engine': 'STANDALONE', 'task_parallelism': 1, 'federated_status_collect_type': 'PULL', 'pulsar_run': {}, 'engines_address': {}, 'federated_mode': 'SINGLE', 'computing_partitions': 4, 'work_mode': 0, 'job_type': 'predict', 'eggroll_run': {}, 'model_version': '202106152108460902496', 'model_id': 'guest-9999#host-9998#model', 'rabbitmq_run': {}}
[INFO] [2021-06-15 21:31:50,643] [7:140198455301888] - dag_scheduler.py[line:122]: submit job successfully, job id is 2021061521315031191914, model id is guest-9999#host-9998#model
[INFO] [2021-06-15 21:31:52,461] [7:140197562341120] - federated_scheduler.py[line:39]: try to apply job 2021061521315031191914 resource
[INFO] [2021-06-15 21:31:52,491] [7:140198455301888] - resource_manager.py[line:176]: apply job 2021061521315031191914 resource(cores 4 memory 0) on host 9998 successfully, remaining cores: 16 remaining memory: 0
[INFO] [2021-06-15 21:31:52,526] [7:140198455301888] - resource_manager.py[line:176]: apply job 2021061521315031191914 resource(cores 4 memory 0) on guest 9999 successfully, remaining cores: 12 remaining memory: 0
[INFO] [2021-06-15 21:31:52,531] [7:140197562341120] - federated_scheduler.py[line:42]: apply job 2021061521315031191914 resource successfully
[INFO] [2021-06-15 21:31:52,531] [7:140197562341120] - dag_scheduler.py[line:279]: try to start job 2021061521315031191914 on initiator guest 9999
[INFO] [2021-06-15 21:31:52,543] [7:140198455301888] - job_controller.py[line:261]: try to start job 2021061521315031191914 on host 9998
[INFO] [2021-06-15 21:31:52,543] [7:140198455301888] - job_saver.py[line:45]: try to update job 2021061521315031191914 status to running
[INFO] [2021-06-15 21:31:52,564] [7:140198455301888] - job_saver.py[line:48]: update job 2021061521315031191914 status successfully
[INFO] [2021-06-15 21:31:52,565] [7:140198455301888] - job_saver.py[line:61]: try to update job 2021061521315031191914
[INFO] [2021-06-15 21:31:52,584] [7:140198455301888] - job_saver.py[line:64]: job 2021061521315031191914 update successfully: {'job_id': '2021061521315031191914', 'role': 'host', 'party_id': 9998, 'status': 'running', 'start_time': 1623792712543}
[INFO] [2021-06-15 21:31:52,584] [7:140198455301888] - job_controller.py[line:275]: start job 2021061521315031191914 on host 9998 successfully
[INFO] [2021-06-15 21:31:52,593] [7:140198455301888] - job_controller.py[line:261]: try to start job 2021061521315031191914 on guest 9999
[INFO] [2021-06-15 21:31:52,594] [7:140198455301888] - job_saver.py[line:45]: try to update job 2021061521315031191914 status to running
[INFO] [2021-06-15 21:31:52,613] [7:140198455301888] - job_saver.py[line:48]: update job 2021061521315031191914 status successfully
[INFO] [2021-06-15 21:31:52,613] [7:140198455301888] - job_saver.py[line:61]: try to update job 2021061521315031191914
[INFO] [2021-06-15 21:31:52,634] [7:140198455301888] - job_saver.py[line:64]: job 2021061521315031191914 update successfully: {'job_id': '2021061521315031191914', 'role': 'guest', 'party_id': 9999, 'status': 'running', 'start_time': 1623792712594}
[INFO] [2021-06-15 21:31:52,634] [7:140198455301888] - job_controller.py[line:275]: start job 2021061521315031191914 on guest 9999 successfully
[INFO] [2021-06-15 21:31:52,639] [7:140197562341120] - dag_scheduler.py[line:292]: start job 2021061521315031191914 on initiator guest 9999
[INFO] [2021-06-15 21:31:52,651] [7:140197562341120] - dag_scheduler.py[line:247]: reset job 2021061521315031191914 ready signal True
[INFO] [2021-06-15 21:31:52,661] [7:140197562341120] - dag_scheduler.py[line:298]: scheduling job 2021061521315031191914
[INFO] [2021-06-15 21:31:52,677] [7:140197562341120] - task_scheduler.py[line:28]: scheduling job 2021061521315031191914 tasks
[INFO] [2021-06-15 21:31:52,697] [7:140197562341120] - task_scheduler.py[line:143]: job 2021061521315031191914 task 2021061521315031191914_dataio_0 0 status is waiting, calculate by task party status list: ['waiting', 'waiting']
[INFO] [2021-06-15 21:31:52,707] [7:140197562341120] - task_scheduler.py[line:143]: job 2021061521315031191914 task 2021061521315031191914_intersection_0 0 status is waiting, calculate by task party status list: ['waiting', 'waiting']
[INFO] [2021-06-15 21:31:52,714] [7:140197562341120] - task_scheduler.py[line:143]: job 2021061521315031191914 task 2021061521315031191914_hetero_secure_boost_0 0 status is waiting, calculate by task party status list: ['waiting', 'waiting']
[INFO] [2021-06-15 21:31:52,715] [7:140197562341120] - task_scheduler.py[line:80]: try to start job 2021061521315031191914 task 2021061521315031191914_dataio_0 0 on guest 9999
[INFO] [2021-06-15 21:31:52,726] [7:140197562341120] - resource_manager.py[line:286]: task 2021061521315031191914_dataio_0 0 apply resource successfully
[INFO] [2021-06-15 21:31:52,726] [7:140197562341120] - job_saver.py[line:71]: try to update job 2021061521315031191914 task 2021061521315031191914_dataio_0 0 status
[INFO] [2021-06-15 21:31:52,737] [7:140197562341120] - job_saver.py[line:74]: update job 2021061521315031191914 task 2021061521315031191914_dataio_0 0 status successfully: {'job_id': '2021061521315031191914', 'task_id': '2021061521315031191914_dataio_0', 'task_version': 0, 'role': 'guest', 'party_id': '9999', 'status': 'running'}
[INFO] [2021-06-15 21:31:52,737] [7:140197562341120] - task_scheduler.py[line:93]: start job 2021061521315031191914 task 2021061521315031191914_dataio_0 0 on guest 9999
[INFO] [2021-06-15 21:31:52,737] [7:140197562341120] - federated_scheduler.py[line:192]: job 2021061521315031191914 task 2021061521315031191914_dataio_0 0 is running, sync to all party
[INFO] [2021-06-15 21:31:52,751] [7:140198455301888] - job_saver.py[line:71]: try to update job 2021061521315031191914 task 2021061521315031191914_dataio_0 0 status
[INFO] [2021-06-15 21:31:52,755] [7:140198455301888] - job_saver.py[line:76]: update job 2021061521315031191914 task 2021061521315031191914_dataio_0 0 status update does not take effect: {'job_id': '2021061521315031191914', 'task_id': '2021061521315031191914_dataio_0', 'task_version': '0', 'role': 'guest', 'party_id': '9999', 'status': 'running'}
[WARNING] [2021-06-15 21:31:52,762] [7:140197562341120] - federated_scheduler.py[line:260]: an error occurred while status/running the task to role guest party 9999: 
update task status failed
[INFO] [2021-06-15 21:31:52,768] [7:140198455301888] - job_saver.py[line:71]: try to update job 2021061521315031191914 task 2021061521315031191914_dataio_0 0 status
[INFO] [2021-06-15 21:31:52,785] [7:140198455301888] - job_saver.py[line:74]: update job 2021061521315031191914 task 2021061521315031191914_dataio_0 0 status successfully: {'job_id': '2021061521315031191914', 'task_id': '2021061521315031191914_dataio_0', 'task_version': '0', 'role': 'host', 'party_id': '9998', 'status': 'running'}
[INFO] [2021-06-15 21:31:52,798] [7:140197562341120] - federated_scheduler.py[line:197]: sync job 2021061521315031191914 task 2021061521315031191914_dataio_0 0 status running to all party failed: 
{'guest': {9999: {'retcode': 103, 'retmsg': 'update task status failed'}}, 'host': {9998: {'retcode': 0, 'retmsg': 'success'}}}
[INFO] [2021-06-15 21:31:52,823] [7:140198455301888] - task_controller.py[line:71]: try to start job 2021061521315031191914 task 2021061521315031191914_dataio_0 0 on guest 9999 executor subprocess
[INFO] [2021-06-15 21:31:52,830] [7:140198455301888] - task_controller.py[line:90]: use computing engine STANDALONE
[INFO] [2021-06-15 21:31:52,830] [7:140198455301888] - task_controller.py[line:145]: job 2021061521315031191914 task 2021061521315031191914_dataio_0 0 on guest 9999 executor subprocess is ready
[INFO] [2021-06-15 21:31:52,830] [7:140198455301888] - job_utils.py[line:310]: start process command: /usr/local/bin/python /fate/python/fate_flow/operation/task_executor.py -j 2021061521315031191914 -n dataio_0 -t 2021061521315031191914_dataio_0 -v 0 -r guest -p 9999 -c /fate/jobs/2021061521315031191914/guest/9999/dataio_0/2021061521315031191914_dataio_0/0/task_parameters.json --run_ip 127.0.0.1 --job_server 127.0.0.1:9380
[INFO] [2021-06-15 21:31:52,839] [7:140198455301888] - job_utils.py[line:334]: start process command: /usr/local/bin/python /fate/python/fate_flow/operation/task_executor.py -j 2021061521315031191914 -n dataio_0 -t 2021061521315031191914_dataio_0 -v 0 -r guest -p 9999 -c /fate/jobs/2021061521315031191914/guest/9999/dataio_0/2021061521315031191914_dataio_0/0/task_parameters.json --run_ip 127.0.0.1 --job_server 127.0.0.1:9380 successfully, pid is 2571
[INFO] [2021-06-15 21:31:52,840] [7:140198455301888] - job_saver.py[line:81]: try to update job 2021061521315031191914 task 2021061521315031191914_dataio_0 0
[INFO] [2021-06-15 21:31:52,859] [7:140198455301888] - job_saver.py[line:84]: job 2021061521315031191914 task 2021061521315031191914_dataio_0 0 update successfully
[INFO] [2021-06-15 21:31:52,868] [7:140198455301888] - job_saver.py[line:71]: try to update job 2021061521315031191914 task 2021061521315031191914_dataio_0 0 status
[INFO] [2021-06-15 21:31:52,885] [7:140198455301888] - job_saver.py[line:74]: update job 2021061521315031191914 task 2021061521315031191914_dataio_0 0 status successfully: {'job_id': '2021061521315031191914', 'task_id': '2021061521315031191914_dataio_0', 'task_version': '0', 'role': 'guest', 'party_id': '9999', 'party_status': 'running', 'start_time': 1623792712840}
[INFO] [2021-06-15 21:31:52,891] [7:140198455301888] - task_controller.py[line:164]: job 2021061521315031191914 task 2021061521315031191914_dataio_0 0 on guest 9999 executor subprocess start success
[INFO] [2021-06-15 21:31:52,910] [7:140198455301888] - task_controller.py[line:71]: try to start job 2021061521315031191914 task 2021061521315031191914_dataio_0 0 on host 9998 executor subprocess
[INFO] [2021-06-15 21:31:52,918] [7:140198455301888] - task_controller.py[line:90]: use computing engine STANDALONE
[INFO] [2021-06-15 21:31:52,918] [7:140198455301888] - task_controller.py[line:145]: job 2021061521315031191914 task 2021061521315031191914_dataio_0 0 on host 9998 executor subprocess is ready
[INFO] [2021-06-15 21:31:52,918] [7:140198455301888] - job_utils.py[line:310]: start process command: /usr/local/bin/python /fate/python/fate_flow/operation/task_executor.py -j 2021061521315031191914 -n dataio_0 -t 2021061521315031191914_dataio_0 -v 0 -r host -p 9998 -c /fate/jobs/2021061521315031191914/host/9998/dataio_0/2021061521315031191914_dataio_0/0/task_parameters.json --run_ip 127.0.0.1 --job_server 127.0.0.1:9380
[INFO] [2021-06-15 21:31:52,928] [7:140198455301888] - job_utils.py[line:334]: start process command: /usr/local/bin/python /fate/python/fate_flow/operation/task_executor.py -j 2021061521315031191914 -n dataio_0 -t 2021061521315031191914_dataio_0 -v 0 -r host -p 9998 -c /fate/jobs/2021061521315031191914/host/9998/dataio_0/2021061521315031191914_dataio_0/0/task_parameters.json --run_ip 127.0.0.1 --job_server 127.0.0.1:9380 successfully, pid is 2573
[INFO] [2021-06-15 21:31:52,928] [7:140198455301888] - job_saver.py[line:81]: try to update job 2021061521315031191914 task 2021061521315031191914_dataio_0 0
[INFO] [2021-06-15 21:31:52,949] [7:140198455301888] - job_saver.py[line:84]: job 2021061521315031191914 task 2021061521315031191914_dataio_0 0 update successfully
[INFO] [2021-06-15 21:31:52,957] [7:140198455301888] - job_saver.py[line:71]: try to update job 2021061521315031191914 task 2021061521315031191914_dataio_0 0 status
[INFO] [2021-06-15 21:31:52,977] [7:140198455301888] - job_saver.py[line:74]: update job 2021061521315031191914 task 2021061521315031191914_dataio_0 0 status successfully: {'job_id': '2021061521315031191914', 'task_id': '2021061521315031191914_dataio_0', 'task_version': '0', 'role': 'host', 'party_id': '9998', 'party_status': 'running', 'start_time': 1623792712928}
[INFO] [2021-06-15 21:31:52,989] [7:140198455301888] - task_controller.py[line:164]: job 2021061521315031191914 task 2021061521315031191914_dataio_0 0 on host 9998 executor subprocess start success
[INFO] [2021-06-15 21:31:52,997] [7:140197562341120] - task_scheduler.py[line:75]: finish scheduling job 2021061521315031191914 tasks
[INFO] [2021-06-15 21:31:52,997] [7:140197562341120] - dag_scheduler.py[line:310]: Job 2021061521315031191914 status is running, calculate by task status list: ['running', 'waiting', 'waiting']
[INFO] [2021-06-15 21:31:52,998] [7:140197562341120] - dag_scheduler.py[line:325]: finish scheduling job 2021061521315031191914
[INFO] [2021-06-15 21:31:54,676] [2571:140502191126336] - task_executor.py[line:56]: enter task process
[INFO] [2021-06-15 21:31:54,677] [2571:140502191126336] - task_executor.py[line:57]: Namespace(component_name='dataio_0', config='/fate/jobs/2021061521315031191914/guest/9999/dataio_0/2021061521315031191914_dataio_0/0/task_parameters.json', job_id='2021061521315031191914', job_server='127.0.0.1:9380', party_id=9999, role='guest', run_ip='127.0.0.1', task_id='2021061521315031191914_dataio_0', task_version=0)
[INFO] [2021-06-15 21:31:54,794] [2573:139793912252224] - task_executor.py[line:56]: enter task process
[INFO] [2021-06-15 21:31:54,794] [2573:139793912252224] - task_executor.py[line:57]: Namespace(component_name='dataio_0', config='/fate/jobs/2021061521315031191914/host/9998/dataio_0/2021061521315031191914_dataio_0/0/task_parameters.json', job_id='2021061521315031191914', job_server='127.0.0.1:9380', party_id=9998, role='host', run_ip='127.0.0.1', task_id='2021061521315031191914_dataio_0', task_version=0)
[INFO] [2021-06-15 21:31:54,875] [7:140198455301888] - job_saver.py[line:81]: try to update job 2021061521315031191914 task 2021061521315031191914_dataio_0 0
[INFO] [2021-06-15 21:31:54,890] [7:140198455301888] - job_saver.py[line:84]: job 2021061521315031191914 task 2021061521315031191914_dataio_0 0 update successfully
[INFO] [2021-06-15 21:31:54,896] [7:140198455301888] - job_saver.py[line:71]: try to update job 2021061521315031191914 task 2021061521315031191914_dataio_0 0 status
[INFO] [2021-06-15 21:31:54,902] [7:140198455301888] - job_saver.py[line:76]: update job 2021061521315031191914 task 2021061521315031191914_dataio_0 0 status update does not take effect: {'job_id': '2021061521315031191914', 'component_name': 'dataio_0', 'task_id': '2021061521315031191914_dataio_0', 'task_version': '0', 'role': 'guest', 'party_id': '9999', 'run_ip': '127.0.0.1', 'run_pid': 2571, 'party_status': 'running'}
[INFO] [2021-06-15 21:31:54,953] [7:140198455301888] - job_saver.py[line:81]: try to update job 2021061521315031191914 task 2021061521315031191914_dataio_0 0
[INFO] [2021-06-15 21:31:54,965] [7:140198455301888] - job_saver.py[line:84]: job 2021061521315031191914 task 2021061521315031191914_dataio_0 0 update successfully
[INFO] [2021-06-15 21:31:54,969] [7:140198455301888] - job_saver.py[line:71]: try to update job 2021061521315031191914 task 2021061521315031191914_dataio_0 0 status
[INFO] [2021-06-15 21:31:54,972] [7:140198455301888] - job_saver.py[line:76]: update job 2021061521315031191914 task 2021061521315031191914_dataio_0 0 status update does not take effect: {'job_id': '2021061521315031191914', 'component_name': 'dataio_0', 'task_id': '2021061521315031191914_dataio_0', 'task_version': '0', 'role': 'host', 'party_id': '9998', 'run_ip': '127.0.0.1', 'run_pid': 2573, 'party_status': 'running'}
[INFO] [2021-06-15 21:31:55,131] [7:140197562341120] - dag_scheduler.py[line:298]: scheduling job 2021061521315031191914
[INFO] [2021-06-15 21:31:55,167] [7:140197562341120] - task_scheduler.py[line:28]: scheduling job 2021061521315031191914 tasks
[INFO] [2021-06-15 21:31:55,243] [7:140197562341120] - job_saver.py[line:71]: try to update job 2021061521315031191914 task 2021061521315031191914_dataio_0 0 status
[INFO] [2021-06-15 21:31:55,250] [7:140197562341120] - job_saver.py[line:76]: update job 2021061521315031191914 task 2021061521315031191914_dataio_0 0 status update does not take effect: {'elapsed': None, 'end_time': None, 'job_id': '2021061521315031191914', 'party_id': '9999', 'party_status': 'running', 'role': 'guest', 'start_time': 1623792712840, 'status': 'running', 'task_id': '2021061521315031191914_dataio_0', 'task_version': 0, 'update_time': 1623792710563}
[INFO] [2021-06-15 21:31:55,250] [7:140197562341120] - job_saver.py[line:81]: try to update job 2021061521315031191914 task 2021061521315031191914_dataio_0 0
[INFO] [2021-06-15 21:31:55,264] [7:140197562341120] - job_saver.py[line:84]: job 2021061521315031191914 task 2021061521315031191914_dataio_0 0 update successfully
[INFO] [2021-06-15 21:31:55,264] [7:140197562341120] - job_saver.py[line:71]: try to update job 2021061521315031191914 task 2021061521315031191914_dataio_0 0 status
[INFO] [2021-06-15 21:31:55,271] [7:140197562341120] - job_saver.py[line:76]: update job 2021061521315031191914 task 2021061521315031191914_dataio_0 0 status update does not take effect: {'elapsed': None, 'end_time': None, 'job_id': '2021061521315031191914', 'party_id': '9998', 'party_status': 'running', 'role': 'host', 'start_time': 1623792712928, 'status': 'running', 'task_id': '2021061521315031191914_dataio_0', 'task_version': 0, 'update_time': 1623792710432}
[INFO] [2021-06-15 21:31:55,271] [7:140197562341120] - job_saver.py[line:81]: try to update job 2021061521315031191914 task 2021061521315031191914_dataio_0 0
[INFO] [2021-06-15 21:31:55,286] [7:140197562341120] - job_saver.py[line:84]: job 2021061521315031191914 task 2021061521315031191914_dataio_0 0 update successfully
[INFO] [2021-06-15 21:31:55,290] [7:140197562341120] - task_scheduler.py[line:143]: job 2021061521315031191914 task 2021061521315031191914_dataio_0 0 status is running, calculate by task party status list: ['running', 'running']
[INFO] [2021-06-15 21:31:55,301] [7:140197562341120] - task_scheduler.py[line:143]: job 2021061521315031191914 task 2021061521315031191914_intersection_0 0 status is waiting, calculate by task party status list: ['waiting', 'waiting']
[INFO] [2021-06-15 21:31:55,310] [7:140197562341120] - task_scheduler.py[line:143]: job 2021061521315031191914 task 2021061521315031191914_hetero_secure_boost_0 0 status is waiting, calculate by task party status list: ['waiting', 'waiting']
[INFO] [2021-06-15 21:31:55,310] [7:140197562341120] - task_scheduler.py[line:75]: finish scheduling job 2021061521315031191914 tasks
[INFO] [2021-06-15 21:31:55,310] [7:140197562341120] - dag_scheduler.py[line:310]: Job 2021061521315031191914 status is running, calculate by task status list: ['running', 'waiting', 'waiting']
[INFO] [2021-06-15 21:31:55,310] [7:140197562341120] - dag_scheduler.py[line:325]: finish scheduling job 2021061521315031191914
[INFO] [2021-06-15 21:31:55,430] [7:140198455301888] - job_saver.py[line:81]: try to update job 2021061521315031191914 task 2021061521315031191914_dataio_0 0
[INFO] [2021-06-15 21:31:55,436] [7:140197287143168] - job_saver.py[line:81]: try to update job 2021061521315031191914 task 2021061521315031191914_dataio_0 0
[INFO] [2021-06-15 21:31:55,451] [7:140197287143168] - job_saver.py[line:84]: job 2021061521315031191914 task 2021061521315031191914_dataio_0 0 update successfully
[INFO] [2021-06-15 21:31:55,470] [7:140198455301888] - job_saver.py[line:84]: job 2021061521315031191914 task 2021061521315031191914_dataio_0 0 update successfully
[INFO] [2021-06-15 21:31:55,474] [7:140197287143168] - job_saver.py[line:71]: try to update job 2021061521315031191914 task 2021061521315031191914_dataio_0 0 status
[INFO] [2021-06-15 21:31:55,481] [7:140198455301888] - job_saver.py[line:71]: try to update job 2021061521315031191914 task 2021061521315031191914_dataio_0 0 status
[INFO] [2021-06-15 21:31:55,490] [7:140197287143168] - job_saver.py[line:74]: update job 2021061521315031191914 task 2021061521315031191914_dataio_0 0 status successfully: {'job_id': '2021061521315031191914', 'component_name': 'dataio_0', 'task_id': '2021061521315031191914_dataio_0', 'task_version': '0', 'role': 'host', 'party_id': '9998', 'run_ip': '127.0.0.1', 'run_pid': 2573, 'party_status': 'failed', 'end_time': 1623792715430, 'elapsed': 636}
[INFO] [2021-06-15 21:31:55,504] [7:140197287143168] - job_saver.py[line:81]: try to update job 2021061521315031191914 task 2021061521315031191914_dataio_0 0
[INFO] [2021-06-15 21:31:55,515] [7:140198455301888] - job_saver.py[line:74]: update job 2021061521315031191914 task 2021061521315031191914_dataio_0 0 status successfully: {'job_id': '2021061521315031191914', 'component_name': 'dataio_0', 'task_id': '2021061521315031191914_dataio_0', 'task_version': '0', 'role': 'guest', 'party_id': '9999', 'run_ip': '127.0.0.1', 'run_pid': 2571, 'party_status': 'failed', 'end_time': 1623792715424, 'elapsed': 747}
[INFO] [2021-06-15 21:31:55,533] [7:140198455301888] - job_saver.py[line:81]: try to update job 2021061521315031191914 task 2021061521315031191914_dataio_0 0
[INFO] [2021-06-15 21:31:55,539] [7:140197287143168] - job_saver.py[line:84]: job 2021061521315031191914 task 2021061521315031191914_dataio_0 0 update successfully
[INFO] [2021-06-15 21:31:55,557] [7:140198455301888] - job_saver.py[line:84]: job 2021061521315031191914 task 2021061521315031191914_dataio_0 0 update successfully
[INFO] [2021-06-15 21:31:55,563] [7:140197287143168] - job_saver.py[line:71]: try to update job 2021061521315031191914 task 2021061521315031191914_dataio_0 0 status
[INFO] [2021-06-15 21:31:55,571] [7:140198455301888] - job_saver.py[line:71]: try to update job 2021061521315031191914 task 2021061521315031191914_dataio_0 0 status
[INFO] [2021-06-15 21:31:55,577] [7:140197287143168] - job_saver.py[line:76]: update job 2021061521315031191914 task 2021061521315031191914_dataio_0 0 status update does not take effect: {'job_id': '2021061521315031191914', 'component_name': 'dataio_0', 'task_id': '2021061521315031191914_dataio_0', 'task_version': '0', 'role': 'host', 'party_id': '9998', 'run_ip': '127.0.0.1', 'run_pid': 2573, 'party_status': 'failed', 'end_time': 1623792715430, 'elapsed': 636}
[INFO] [2021-06-15 21:31:55,583] [7:140198455301888] - job_saver.py[line:76]: update job 2021061521315031191914 task 2021061521315031191914_dataio_0 0 status update does not take effect: {'job_id': '2021061521315031191914', 'component_name': 'dataio_0', 'task_id': '2021061521315031191914_dataio_0', 'task_version': '0', 'role': 'guest', 'party_id': '9999', 'run_ip': '127.0.0.1', 'run_pid': 2571, 'party_status': 'failed', 'end_time': 1623792715424, 'elapsed': 747}
[INFO] [2021-06-15 21:31:57,357] [7:140197562341120] - dag_scheduler.py[line:298]: scheduling job 2021061521315031191914
[INFO] [2021-06-15 21:31:57,380] [7:140197562341120] - task_scheduler.py[line:28]: scheduling job 2021061521315031191914 tasks
[INFO] [2021-06-15 21:31:57,449] [7:140197562341120] - job_saver.py[line:71]: try to update job 2021061521315031191914 task 2021061521315031191914_dataio_0 0 status
[INFO] [2021-06-15 21:31:57,454] [7:140197562341120] - job_saver.py[line:76]: update job 2021061521315031191914 task 2021061521315031191914_dataio_0 0 status update does not take effect: {'elapsed': 747, 'end_time': 1623792715424, 'job_id': '2021061521315031191914', 'party_id': '9999', 'party_status': 'failed', 'role': 'guest', 'start_time': 1623792712840, 'status': 'running', 'task_id': '2021061521315031191914_dataio_0', 'task_version': 0, 'update_time': 1623792710563}
[INFO] [2021-06-15 21:31:57,454] [7:140197562341120] - job_saver.py[line:81]: try to update job 2021061521315031191914 task 2021061521315031191914_dataio_0 0
[INFO] [2021-06-15 21:31:57,470] [7:140197562341120] - job_saver.py[line:84]: job 2021061521315031191914 task 2021061521315031191914_dataio_0 0 update successfully
[INFO] [2021-06-15 21:31:57,470] [7:140197562341120] - job_saver.py[line:71]: try to update job 2021061521315031191914 task 2021061521315031191914_dataio_0 0 status
[INFO] [2021-06-15 21:31:57,476] [7:140197562341120] - job_saver.py[line:76]: update job 2021061521315031191914 task 2021061521315031191914_dataio_0 0 status update does not take effect: {'elapsed': 636, 'end_time': 1623792715430, 'job_id': '2021061521315031191914', 'party_id': '9998', 'party_status': 'failed', 'role': 'host', 'start_time': 1623792712928, 'status': 'running', 'task_id': '2021061521315031191914_dataio_0', 'task_version': 0, 'update_time': 1623792710432}
[INFO] [2021-06-15 21:31:57,476] [7:140197562341120] - job_saver.py[line:81]: try to update job 2021061521315031191914 task 2021061521315031191914_dataio_0 0
[INFO] [2021-06-15 21:31:57,490] [7:140197562341120] - job_saver.py[line:84]: job 2021061521315031191914 task 2021061521315031191914_dataio_0 0 update successfully
[INFO] [2021-06-15 21:31:57,495] [7:140197562341120] - task_scheduler.py[line:143]: job 2021061521315031191914 task 2021061521315031191914_dataio_0 0 status is failed, calculate by task party status list: ['failed', 'failed']
[INFO] [2021-06-15 21:31:57,496] [7:140197562341120] - federated_scheduler.py[line:192]: job 2021061521315031191914 task 2021061521315031191914_dataio_0 0 is failed, sync to all party
[INFO] [2021-06-15 21:31:57,512] [7:140197287143168] - job_saver.py[line:71]: try to update job 2021061521315031191914 task 2021061521315031191914_dataio_0 0 status
[INFO] [2021-06-15 21:31:57,526] [7:140197287143168] - job_saver.py[line:74]: update job 2021061521315031191914 task 2021061521315031191914_dataio_0 0 status successfully: {'job_id': '2021061521315031191914', 'task_id': '2021061521315031191914_dataio_0', 'task_version': '0', 'role': 'guest', 'party_id': '9999', 'status': 'failed'}
[INFO] [2021-06-15 21:31:57,540] [7:140197287143168] - resource_manager.py[line:286]: task 2021061521315031191914_dataio_0 0 return resource successfully
[INFO] [2021-06-15 21:31:57,545] [7:140197287143168] - job_tracker.py[line:424]: clean task 2021061521315031191914_dataio_0 0 on guest 9999
[ERROR] [2021-06-15 21:31:57,547] [7:140197287143168] - job_tracker.py[line:475]: namespace dir /fate/data/2021061521315031191914_dataio_0_0_guest_9999 does not exist
Traceback (most recent call last):
  File "/fate/python/fate_flow/operation/job_tracker.py", line 437, in clean_task
    sess.computing.cleanup(namespace=computing_temp_namespace, name="*")
  File "/fate/python/fate_arch/computing/standalone/_csession.py", line 73, in cleanup
    return self._session.cleanup(name=name, namespace=namespace)
  File "/fate/python/fate_arch/_standalone.py", line 383, in cleanup
    raise EnvironmentError(f"namespace dir {namespace_dir} does not exist")
OSError: namespace dir /fate/data/2021061521315031191914_dataio_0_0_guest_9999 does not exist
[INFO] [2021-06-15 21:31:57,563] [7:140197287143168] - job_saver.py[line:71]: try to update job 2021061521315031191914 task 2021061521315031191914_dataio_0 0 status
[INFO] [2021-06-15 21:31:57,582] [7:140197287143168] - job_saver.py[line:74]: update job 2021061521315031191914 task 2021061521315031191914_dataio_0 0 status successfully: {'job_id': '2021061521315031191914', 'task_id': '2021061521315031191914_dataio_0', 'task_version': '0', 'role': 'host', 'party_id': '9998', 'status': 'failed'}
[INFO] [2021-06-15 21:31:57,601] [7:140197287143168] - resource_manager.py[line:286]: task 2021061521315031191914_dataio_0 0 return resource successfully
[INFO] [2021-06-15 21:31:57,606] [7:140197287143168] - job_tracker.py[line:424]: clean task 2021061521315031191914_dataio_0 0 on host 9998
[ERROR] [2021-06-15 21:31:57,607] [7:140197287143168] - job_tracker.py[line:475]: namespace dir /fate/data/2021061521315031191914_dataio_0_0_host_9998 does not exist
Traceback (most recent call last):
  File "/fate/python/fate_flow/operation/job_tracker.py", line 437, in clean_task
    sess.computing.cleanup(namespace=computing_temp_namespace, name="*")
  File "/fate/python/fate_arch/computing/standalone/_csession.py", line 73, in cleanup
    return self._session.cleanup(name=name, namespace=namespace)
  File "/fate/python/fate_arch/_standalone.py", line 383, in cleanup
    raise EnvironmentError(f"namespace dir {namespace_dir} does not exist")
OSError: namespace dir /fate/data/2021061521315031191914_dataio_0_0_host_9998 does not exist
[INFO] [2021-06-15 21:31:57,618] [7:140197562341120] - federated_scheduler.py[line:195]: sync job 2021061521315031191914 task 2021061521315031191914_dataio_0 0 status failed to all party success
[INFO] [2021-06-15 21:31:57,619] [7:140197562341120] - federated_scheduler.py[line:202]: try to stop job 2021061521315031191914 task 2021061521315031191914_dataio_0 0
[INFO] [2021-06-15 21:31:57,646] [7:140197287143168] - job_utils.py[line:397]: try to stop job 2021061521315031191914 task 2021061521315031191914_dataio_0 guest 9999 with failed party status process pid:2571
[INFO] [2021-06-15 21:31:57,646] [7:140197287143168] - job_utils.py[line:400]: can not found job 2021061521315031191914 task 2021061521315031191914_dataio_0 guest 9999 with failed party status process pid:2571
[INFO] [2021-06-15 21:31:57,652] [7:140197287143168] - job_utils.py[line:424]: start run subprocess to stop task session 2021061521315031191914_dataio_0_0_guest_9999
[INFO] [2021-06-15 21:31:57,653] [7:140197287143168] - job_utils.py[line:310]: start process command: python3 /fate/python/fate_flow/utils/session_utils.py -j 2021061521315031191914_dataio_0_0_guest_9999 --computing STANDALONE --federation STANDALONE --storage STANDALONE -c kill
[INFO] [2021-06-15 21:31:57,662] [7:140197287143168] - job_utils.py[line:334]: start process command: python3 /fate/python/fate_flow/utils/session_utils.py -j 2021061521315031191914_dataio_0_0_guest_9999 --computing STANDALONE --federation STANDALONE --storage STANDALONE -c kill successfully, pid is 2603
[INFO] [2021-06-15 21:31:57,662] [7:140197287143168] - task_controller.py[line:255]: job 2021061521315031191914 task 2021061521315031191914_dataio_0 0 on guest 9999 process 2571 kill success
[INFO] [2021-06-15 21:31:57,662] [7:140197287143168] - job_saver.py[line:71]: try to update job 2021061521315031191914 task 2021061521315031191914_dataio_0 0 status
[INFO] [2021-06-15 21:31:57,669] [7:140197287143168] - job_saver.py[line:76]: update job 2021061521315031191914 task 2021061521315031191914_dataio_0 0 status update does not take effect: {'job_id': '2021061521315031191914', 'task_id': '2021061521315031191914_dataio_0', 'task_version': 0, 'role': 'guest', 'party_id': '9999', 'party_status': 'failed'}
[INFO] [2021-06-15 21:31:57,679] [7:140197287143168] - job_saver.py[line:81]: try to update job 2021061521315031191914 task 2021061521315031191914_dataio_0 0
[WARNING] [2021-06-15 21:31:57,687] [7:140197287143168] - job_saver.py[line:86]: job 2021061521315031191914 task 2021061521315031191914_dataio_0 0 update does not take effect
[INFO] [2021-06-15 21:31:57,712] [7:140197287143168] - job_utils.py[line:397]: try to stop job 2021061521315031191914 task 2021061521315031191914_dataio_0 host 9998 with failed party status process pid:2573
[INFO] [2021-06-15 21:31:57,713] [7:140197287143168] - job_utils.py[line:400]: can not found job 2021061521315031191914 task 2021061521315031191914_dataio_0 host 9998 with failed party status process pid:2573
[INFO] [2021-06-15 21:31:57,717] [7:140197287143168] - job_utils.py[line:424]: start run subprocess to stop task session 2021061521315031191914_dataio_0_0_host_9998
[INFO] [2021-06-15 21:31:57,718] [7:140197287143168] - job_utils.py[line:310]: start process command: python3 /fate/python/fate_flow/utils/session_utils.py -j 2021061521315031191914_dataio_0_0_host_9998 --computing STANDALONE --federation STANDALONE --storage STANDALONE -c kill
[INFO] [2021-06-15 21:31:57,729] [7:140197287143168] - job_utils.py[line:334]: start process command: python3 /fate/python/fate_flow/utils/session_utils.py -j 2021061521315031191914_dataio_0_0_host_9998 --computing STANDALONE --federation STANDALONE --storage STANDALONE -c kill successfully, pid is 2605
[INFO] [2021-06-15 21:31:57,730] [7:140197287143168] - task_controller.py[line:255]: job 2021061521315031191914 task 2021061521315031191914_dataio_0 0 on host 9998 process 2573 kill success
[INFO] [2021-06-15 21:31:57,730] [7:140197287143168] - job_saver.py[line:71]: try to update job 2021061521315031191914 task 2021061521315031191914_dataio_0 0 status
[INFO] [2021-06-15 21:31:57,738] [7:140197287143168] - job_saver.py[line:76]: update job 2021061521315031191914 task 2021061521315031191914_dataio_0 0 status update does not take effect: {'job_id': '2021061521315031191914', 'task_id': '2021061521315031191914_dataio_0', 'task_version': 0, 'role': 'host', 'party_id': '9998', 'party_status': 'failed'}
[INFO] [2021-06-15 21:31:57,744] [7:140197287143168] - job_saver.py[line:81]: try to update job 2021061521315031191914 task 2021061521315031191914_dataio_0 0
[WARNING] [2021-06-15 21:31:57,749] [7:140197287143168] - job_saver.py[line:86]: job 2021061521315031191914 task 2021061521315031191914_dataio_0 0 update does not take effect
[INFO] [2021-06-15 21:31:57,762] [7:140197562341120] - federated_scheduler.py[line:206]: stop job 2021061521315031191914 task 2021061521315031191914_dataio_0 0 success
[INFO] [2021-06-15 21:31:57,775] [7:140197562341120] - task_scheduler.py[line:143]: job 2021061521315031191914 task 2021061521315031191914_intersection_0 0 status is waiting, calculate by task party status list: ['waiting', 'waiting']
[INFO] [2021-06-15 21:31:57,789] [7:140197562341120] - task_scheduler.py[line:143]: job 2021061521315031191914 task 2021061521315031191914_hetero_secure_boost_0 0 status is waiting, calculate by task party status list: ['waiting', 'waiting']
[INFO] [2021-06-15 21:31:57,789] [7:140197562341120] - task_scheduler.py[line:75]: finish scheduling job 2021061521315031191914 tasks
[INFO] [2021-06-15 21:31:57,790] [7:140197562341120] - dag_scheduler.py[line:310]: Job 2021061521315031191914 status is failed, calculate by task status list: ['failed', 'waiting', 'waiting']
[INFO] [2021-06-15 21:31:57,790] [7:140197562341120] - federated_scheduler.py[line:58]: sync job 2021061521315031191914 info to all party
[INFO] [2021-06-15 21:31:57,795] [7:140197287143168] - job_saver.py[line:61]: try to update job 2021061521315031191914
[INFO] [2021-06-15 21:31:57,810] [7:140197287143168] - job_saver.py[line:64]: job 2021061521315031191914 update successfully: {'job_id': '2021061521315031191914', 'role': 'host', 'party_id': '9998', 'progress': 33.33333333333333}
[INFO] [2021-06-15 21:31:57,819] [7:140197287143168] - job_saver.py[line:61]: try to update job 2021061521315031191914
[INFO] [2021-06-15 21:31:57,832] [7:140197287143168] - job_saver.py[line:64]: job 2021061521315031191914 update successfully: {'job_id': '2021061521315031191914', 'role': 'guest', 'party_id': '9999', 'progress': 33.33333333333333}
[INFO] [2021-06-15 21:31:57,837] [7:140197562341120] - federated_scheduler.py[line:61]: sync job 2021061521315031191914 info to all party successfully
[INFO] [2021-06-15 21:31:57,843] [7:140197562341120] - job_saver.py[line:45]: try to update job 2021061521315031191914 status to None
[INFO] [2021-06-15 21:31:57,848] [7:140197562341120] - job_saver.py[line:56]: update job 2021061521315031191914 status does not take effect
[INFO] [2021-06-15 21:31:57,848] [7:140197562341120] - job_saver.py[line:61]: try to update job 2021061521315031191914
[INFO] [2021-06-15 21:31:57,864] [7:140197562341120] - job_saver.py[line:64]: job 2021061521315031191914 update successfully: {'job_id': '2021061521315031191914', 'role': 'host', 'party_id': '9998', 'progress': 33.33333333333333}
[INFO] [2021-06-15 21:31:57,865] [7:140197562341120] - job_saver.py[line:45]: try to update job 2021061521315031191914 status to None
[INFO] [2021-06-15 21:31:57,872] [7:140197562341120] - job_saver.py[line:56]: update job 2021061521315031191914 status does not take effect
[INFO] [2021-06-15 21:31:57,872] [7:140197562341120] - job_saver.py[line:61]: try to update job 2021061521315031191914
[INFO] [2021-06-15 21:31:57,885] [7:140197562341120] - job_saver.py[line:64]: job 2021061521315031191914 update successfully: {'job_id': '2021061521315031191914', 'role': 'guest', 'party_id': '9999', 'progress': 33.33333333333333}
[INFO] [2021-06-15 21:31:57,885] [7:140197562341120] - federated_scheduler.py[line:78]: try to save job 2021061521315031191914 pipelined model
[INFO] [2021-06-15 21:31:57,890] [7:140197287143168] - job_controller.py[line:331]: job 2021061521315031191914 on host 9998 start to save pipeline
[INFO] [2021-06-15 21:31:57,902] [7:140197287143168] - job_controller.py[line:331]: job 2021061521315031191914 on guest 9999 start to save pipeline
[INFO] [2021-06-15 21:31:57,909] [7:140197562341120] - federated_scheduler.py[line:81]: save job 2021061521315031191914 pipelined model success
[INFO] [2021-06-15 21:31:57,909] [7:140197562341120] - federated_scheduler.py[line:68]: job 2021061521315031191914 is failed, sync to all party
[INFO] [2021-06-15 21:31:57,913] [7:140197287143168] - job_saver.py[line:45]: try to update job 2021061521315031191914 status to failed
[INFO] [2021-06-15 21:31:57,927] [7:140197287143168] - job_saver.py[line:48]: update job 2021061521315031191914 status successfully
[INFO] [2021-06-15 21:31:58,327] [7:140197287143168] - resource_manager.py[line:176]: return job 2021061521315031191914 resource(cores 4 memory 0) on host 9998 successfully, remaining cores: 16 remaining memory: 0
[INFO] [2021-06-15 21:31:58,333] [7:140197287143168] - job_saver.py[line:45]: try to update job 2021061521315031191914 status to failed
[INFO] [2021-06-15 21:31:58,355] [7:140197287143168] - job_saver.py[line:48]: update job 2021061521315031191914 status successfully
[INFO] [2021-06-15 21:31:58,388] [7:140197287143168] - resource_manager.py[line:176]: return job 2021061521315031191914 resource(cores 4 memory 0) on guest 9999 successfully, remaining cores: 20 remaining memory: 0
[INFO] [2021-06-15 21:31:58,393] [7:140197562341120] - federated_scheduler.py[line:71]: sync job 2021061521315031191914 status failed to all party success
[INFO] [2021-06-15 21:31:58,401] [7:140197562341120] - job_saver.py[line:45]: try to update job 2021061521315031191914 status to failed
[INFO] [2021-06-15 21:31:58,409] [7:140197562341120] - job_saver.py[line:56]: update job 2021061521315031191914 status does not take effect
[INFO] [2021-06-15 21:31:58,409] [7:140197562341120] - job_saver.py[line:61]: try to update job 2021061521315031191914
[WARNING] [2021-06-15 21:31:58,414] [7:140197562341120] - job_saver.py[line:66]: job 2021061521315031191914 update does not take effect: {'job_id': '2021061521315031191914', 'role': 'host', 'party_id': '9998', 'status': 'failed'}
[INFO] [2021-06-15 21:31:58,414] [7:140197562341120] - job_saver.py[line:45]: try to update job 2021061521315031191914 status to failed
[INFO] [2021-06-15 21:31:58,422] [7:140197562341120] - job_saver.py[line:56]: update job 2021061521315031191914 status does not take effect
[INFO] [2021-06-15 21:31:58,422] [7:140197562341120] - job_saver.py[line:61]: try to update job 2021061521315031191914
[WARNING] [2021-06-15 21:31:58,427] [7:140197562341120] - job_saver.py[line:66]: job 2021061521315031191914 update does not take effect: {'job_id': '2021061521315031191914', 'role': 'guest', 'party_id': '9999', 'status': 'failed'}
[INFO] [2021-06-15 21:31:58,428] [7:140197562341120] - dag_scheduler.py[line:502]: Job 2021061521315031191914 finished with failed, do something...
[INFO] [2021-06-15 21:31:58,428] [7:140197562341120] - dag_scheduler.py[line:436]: request stop job 2021061521315031191914 with failed
[INFO] [2021-06-15 21:31:58,434] [7:140197562341120] - dag_scheduler.py[line:445]: request stop job 2021061521315031191914 with failed to all party
[INFO] [2021-06-15 21:31:58,434] [7:140197562341120] - federated_scheduler.py[line:88]: try to stop job 2021061521315031191914
[INFO] [2021-06-15 21:31:58,452] [7:140197287143168] - job_utils.py[line:393]: job 2021061521315031191914 task 2021061521315031191914_hetero_secure_boost_0 host 9998 with waiting party status no process pid
[INFO] [2021-06-15 21:31:58,452] [7:140197287143168] - task_controller.py[line:255]: job 2021061521315031191914 task 2021061521315031191914_hetero_secure_boost_0 0 on host 9998 process None kill success
[INFO] [2021-06-15 21:31:58,453] [7:140197287143168] - job_saver.py[line:71]: try to update job 2021061521315031191914 task 2021061521315031191914_hetero_secure_boost_0 0 status
[INFO] [2021-06-15 21:31:58,457] [7:140197287143168] - job_saver.py[line:76]: update job 2021061521315031191914 task 2021061521315031191914_hetero_secure_boost_0 0 status update does not take effect: {'job_id': '2021061521315031191914', 'task_id': '2021061521315031191914_hetero_secure_boost_0', 'task_version': 0, 'role': 'host', 'party_id': '9998', 'party_status': 'failed'}
[INFO] [2021-06-15 21:31:58,462] [7:140197287143168] - job_saver.py[line:81]: try to update job 2021061521315031191914 task 2021061521315031191914_hetero_secure_boost_0 0
[WARNING] [2021-06-15 21:31:58,466] [7:140197287143168] - job_saver.py[line:86]: job 2021061521315031191914 task 2021061521315031191914_hetero_secure_boost_0 0 update does not take effect
[INFO] [2021-06-15 21:31:58,472] [7:140197287143168] - job_utils.py[line:393]: job 2021061521315031191914 task 2021061521315031191914_intersection_0 host 9998 with waiting party status no process pid
[INFO] [2021-06-15 21:31:58,472] [7:140197287143168] - task_controller.py[line:255]: job 2021061521315031191914 task 2021061521315031191914_intersection_0 0 on host 9998 process None kill success
[INFO] [2021-06-15 21:31:58,472] [7:140197287143168] - job_saver.py[line:71]: try to update job 2021061521315031191914 task 2021061521315031191914_intersection_0 0 status
[INFO] [2021-06-15 21:31:58,477] [7:140197287143168] - job_saver.py[line:76]: update job 2021061521315031191914 task 2021061521315031191914_intersection_0 0 status update does not take effect: {'job_id': '2021061521315031191914', 'task_id': '2021061521315031191914_intersection_0', 'task_version': 0, 'role': 'host', 'party_id': '9998', 'party_status': 'failed'}
[INFO] [2021-06-15 21:31:58,482] [7:140197287143168] - job_saver.py[line:81]: try to update job 2021061521315031191914 task 2021061521315031191914_intersection_0 0
[WARNING] [2021-06-15 21:31:58,489] [7:140197287143168] - job_saver.py[line:86]: job 2021061521315031191914 task 2021061521315031191914_intersection_0 0 update does not take effect
[INFO] [2021-06-15 21:31:58,491] [2603:139934760724288] - session_utils.py[line:38]: start kill session 2021061521315031191914_dataio_0_0_guest_9999
[INFO] [2021-06-15 21:31:58,492] [2603:139934760724288] - session_utils.py[line:47]: kill session 2021061521315031191914_dataio_0_0_guest_9999 success
[INFO] [2021-06-15 21:31:58,496] [7:140197287143168] - job_utils.py[line:397]: try to stop job 2021061521315031191914 task 2021061521315031191914_dataio_0 host 9998 with failed party status process pid:2573
[INFO] [2021-06-15 21:31:58,496] [7:140197287143168] - job_utils.py[line:400]: can not found job 2021061521315031191914 task 2021061521315031191914_dataio_0 host 9998 with failed party status process pid:2573
[INFO] [2021-06-15 21:31:58,500] [7:140197287143168] - job_utils.py[line:424]: start run subprocess to stop task session 2021061521315031191914_dataio_0_0_host_9998
[INFO] [2021-06-15 21:31:58,500] [7:140197287143168] - job_utils.py[line:310]: start process command: python3 /fate/python/fate_flow/utils/session_utils.py -j 2021061521315031191914_dataio_0_0_host_9998 --computing STANDALONE --federation STANDALONE --storage STANDALONE -c kill
[INFO] [2021-06-15 21:31:58,512] [7:140197287143168] - job_utils.py[line:334]: start process command: python3 /fate/python/fate_flow/utils/session_utils.py -j 2021061521315031191914_dataio_0_0_host_9998 --computing STANDALONE --federation STANDALONE --storage STANDALONE -c kill successfully, pid is 2629
[INFO] [2021-06-15 21:31:58,514] [7:140197287143168] - task_controller.py[line:255]: job 2021061521315031191914 task 2021061521315031191914_dataio_0 0 on host 9998 process 2573 kill success
[INFO] [2021-06-15 21:31:58,515] [7:140197287143168] - job_saver.py[line:71]: try to update job 2021061521315031191914 task 2021061521315031191914_dataio_0 0 status
[INFO] [2021-06-15 21:31:58,522] [7:140197287143168] - job_saver.py[line:76]: update job 2021061521315031191914 task 2021061521315031191914_dataio_0 0 status update does not take effect: {'job_id': '2021061521315031191914', 'task_id': '2021061521315031191914_dataio_0', 'task_version': 0, 'role': 'host', 'party_id': '9998', 'party_status': 'failed'}
[INFO] [2021-06-15 21:31:58,597] [7:140197287143168] - job_saver.py[line:81]: try to update job 2021061521315031191914 task 2021061521315031191914_dataio_0 0
[WARNING] [2021-06-15 21:31:58,695] [7:140197287143168] - job_saver.py[line:86]: job 2021061521315031191914 task 2021061521315031191914_dataio_0 0 update does not take effect
[INFO] [2021-06-15 21:31:58,717] [2605:140537356928832] - session_utils.py[line:38]: start kill session 2021061521315031191914_dataio_0_0_host_9998
[INFO] [2021-06-15 21:31:58,718] [2605:140537356928832] - session_utils.py[line:47]: kill session 2021061521315031191914_dataio_0_0_host_9998 success
[INFO] [2021-06-15 21:31:58,815] [7:140197287143168] - job_saver.py[line:45]: try to update job 2021061521315031191914 status to failed
[INFO] [2021-06-15 21:31:58,867] [7:140197287143168] - job_saver.py[line:56]: update job 2021061521315031191914 status does not take effect
[INFO] [2021-06-15 21:31:58,946] [7:140197287143168] - job_utils.py[line:393]: job 2021061521315031191914 task 2021061521315031191914_hetero_secure_boost_0 guest 9999 with waiting party status no process pid
[INFO] [2021-06-15 21:31:58,946] [7:140197287143168] - task_controller.py[line:255]: job 2021061521315031191914 task 2021061521315031191914_hetero_secure_boost_0 0 on guest 9999 process None kill success
[INFO] [2021-06-15 21:31:58,946] [7:140197287143168] - job_saver.py[line:71]: try to update job 2021061521315031191914 task 2021061521315031191914_hetero_secure_boost_0 0 status
[INFO] [2021-06-15 21:31:58,954] [7:140197287143168] - job_saver.py[line:76]: update job 2021061521315031191914 task 2021061521315031191914_hetero_secure_boost_0 0 status update does not take effect: {'job_id': '2021061521315031191914', 'task_id': '2021061521315031191914_hetero_secure_boost_0', 'task_version': 0, 'role': 'guest', 'party_id': '9999', 'party_status': 'failed'}
[INFO] [2021-06-15 21:31:58,962] [7:140197287143168] - job_saver.py[line:81]: try to update job 2021061521315031191914 task 2021061521315031191914_hetero_secure_boost_0 0
[WARNING] [2021-06-15 21:31:58,974] [7:140197287143168] - job_saver.py[line:86]: job 2021061521315031191914 task 2021061521315031191914_hetero_secure_boost_0 0 update does not take effect
[INFO] [2021-06-15 21:31:58,980] [7:140197287143168] - job_utils.py[line:393]: job 2021061521315031191914 task 2021061521315031191914_intersection_0 guest 9999 with waiting party status no process pid
[INFO] [2021-06-15 21:31:58,980] [7:140197287143168] - task_controller.py[line:255]: job 2021061521315031191914 task 2021061521315031191914_intersection_0 0 on guest 9999 process None kill success
[INFO] [2021-06-15 21:31:58,980] [7:140197287143168] - job_saver.py[line:71]: try to update job 2021061521315031191914 task 2021061521315031191914_intersection_0 0 status
[INFO] [2021-06-15 21:31:58,985] [7:140197287143168] - job_saver.py[line:76]: update job 2021061521315031191914 task 2021061521315031191914_intersection_0 0 status update does not take effect: {'job_id': '2021061521315031191914', 'task_id': '2021061521315031191914_intersection_0', 'task_version': 0, 'role': 'guest', 'party_id': '9999', 'party_status': 'failed'}
[INFO] [2021-06-15 21:31:58,992] [7:140197287143168] - job_saver.py[line:81]: try to update job 2021061521315031191914 task 2021061521315031191914_intersection_0 0
[WARNING] [2021-06-15 21:31:58,998] [7:140197287143168] - job_saver.py[line:86]: job 2021061521315031191914 task 2021061521315031191914_intersection_0 0 update does not take effect
[INFO] [2021-06-15 21:31:59,006] [7:140197287143168] - job_utils.py[line:397]: try to stop job 2021061521315031191914 task 2021061521315031191914_dataio_0 guest 9999 with failed party status process pid:2571
[INFO] [2021-06-15 21:31:59,007] [7:140197287143168] - job_utils.py[line:400]: can not found job 2021061521315031191914 task 2021061521315031191914_dataio_0 guest 9999 with failed party status process pid:2571
[INFO] [2021-06-15 21:31:59,011] [7:140197287143168] - job_utils.py[line:424]: start run subprocess to stop task session 2021061521315031191914_dataio_0_0_guest_9999
[INFO] [2021-06-15 21:31:59,012] [7:140197287143168] - job_utils.py[line:310]: start process command: python3 /fate/python/fate_flow/utils/session_utils.py -j 2021061521315031191914_dataio_0_0_guest_9999 --computing STANDALONE --federation STANDALONE --storage STANDALONE -c kill
[INFO] [2021-06-15 21:31:59,026] [7:140197287143168] - job_utils.py[line:334]: start process command: python3 /fate/python/fate_flow/utils/session_utils.py -j 2021061521315031191914_dataio_0_0_guest_9999 --computing STANDALONE --federation STANDALONE --storage STANDALONE -c kill successfully, pid is 2659
[INFO] [2021-06-15 21:31:59,027] [7:140197287143168] - task_controller.py[line:255]: job 2021061521315031191914 task 2021061521315031191914_dataio_0 0 on guest 9999 process 2571 kill success
[INFO] [2021-06-15 21:31:59,027] [7:140197287143168] - job_saver.py[line:71]: try to update job 2021061521315031191914 task 2021061521315031191914_dataio_0 0 status
[INFO] [2021-06-15 21:31:59,041] [7:140197287143168] - job_saver.py[line:76]: update job 2021061521315031191914 task 2021061521315031191914_dataio_0 0 status update does not take effect: {'job_id': '2021061521315031191914', 'task_id': '2021061521315031191914_dataio_0', 'task_version': 0, 'role': 'guest', 'party_id': '9999', 'party_status': 'failed'}
[INFO] [2021-06-15 21:31:59,049] [7:140197287143168] - job_saver.py[line:81]: try to update job 2021061521315031191914 task 2021061521315031191914_dataio_0 0
[WARNING] [2021-06-15 21:31:59,064] [7:140197287143168] - job_saver.py[line:86]: job 2021061521315031191914 task 2021061521315031191914_dataio_0 0 update does not take effect
[INFO] [2021-06-15 21:31:59,082] [7:140197287143168] - job_saver.py[line:45]: try to update job 2021061521315031191914 status to failed
[INFO] [2021-06-15 21:31:59,100] [7:140197287143168] - job_saver.py[line:56]: update job 2021061521315031191914 status does not take effect
[INFO] [2021-06-15 21:31:59,116] [7:140197562341120] - federated_scheduler.py[line:92]: stop job 2021061521315031191914 success
[INFO] [2021-06-15 21:31:59,116] [7:140197562341120] - dag_scheduler.py[line:448]: stop job 2021061521315031191914 with failed successfully
[INFO] [2021-06-15 21:31:59,117] [7:140197562341120] - federated_scheduler.py[line:107]: try to clean job 2021061521315031191914
[INFO] [2021-06-15 21:31:59,132] [7:140197287143168] - job_controller.py[line:379]: Job 2021061521315031191914 on host 9998 start to clean
[INFO] [2021-06-15 21:31:59,133] [7:140197287143168] - job_controller.py[line:382]: job 2021061521315031191914 on host 9998 clean done
[INFO] [2021-06-15 21:31:59,163] [7:140197287143168] - job_controller.py[line:379]: Job 2021061521315031191914 on guest 9999 start to clean
[INFO] [2021-06-15 21:31:59,164] [7:140197287143168] - job_controller.py[line:382]: job 2021061521315031191914 on guest 9999 clean done
[INFO] [2021-06-15 21:31:59,168] [7:140197562341120] - federated_scheduler.py[line:110]: clean job 2021061521315031191914 success
[INFO] [2021-06-15 21:31:59,168] [7:140197562341120] - dag_scheduler.py[line:505]: Job 2021061521315031191914 finished with failed, done
[INFO] [2021-06-15 21:31:59,168] [7:140197562341120] - dag_scheduler.py[line:325]: finish scheduling job 2021061521315031191914
[INFO] [2021-06-15 21:31:59,403] [2629:139925692987200] - session_utils.py[line:38]: start kill session 2021061521315031191914_dataio_0_0_host_9998
[INFO] [2021-06-15 21:31:59,404] [2629:139925692987200] - session_utils.py[line:47]: kill session 2021061521315031191914_dataio_0_0_host_9998 success
[INFO] [2021-06-15 21:31:59,454] [7:140197562341120] - dag_scheduler.py[line:298]: scheduling job 2021061521315031191914
[INFO] [2021-06-15 21:31:59,527] [7:140197562341120] - task_scheduler.py[line:28]: scheduling job 2021061521315031191914 tasks
[INFO] [2021-06-15 21:31:59,608] [7:140197562341120] - task_scheduler.py[line:143]: job 2021061521315031191914 task 2021061521315031191914_dataio_0 0 status is failed, calculate by task party status list: ['failed', 'failed']
[INFO] [2021-06-15 21:31:59,619] [7:140197562341120] - task_scheduler.py[line:143]: job 2021061521315031191914 task 2021061521315031191914_intersection_0 0 status is waiting, calculate by task party status list: ['waiting', 'waiting']
[INFO] [2021-06-15 21:31:59,629] [7:140197562341120] - task_scheduler.py[line:143]: job 2021061521315031191914 task 2021061521315031191914_hetero_secure_boost_0 0 status is waiting, calculate by task party status list: ['waiting', 'waiting']
[INFO] [2021-06-15 21:31:59,629] [7:140197562341120] - task_scheduler.py[line:75]: finish scheduling job 2021061521315031191914 tasks
[INFO] [2021-06-15 21:31:59,630] [7:140197562341120] - dag_scheduler.py[line:310]: Job 2021061521315031191914 status is failed, calculate by task status list: ['failed', 'waiting', 'waiting']
[INFO] [2021-06-15 21:31:59,630] [7:140197562341120] - dag_scheduler.py[line:502]: Job 2021061521315031191914 finished with failed, do something...
[INFO] [2021-06-15 21:31:59,630] [7:140197562341120] - dag_scheduler.py[line:436]: request stop job 2021061521315031191914 with failed
[INFO] [2021-06-15 21:31:59,635] [7:140197562341120] - dag_scheduler.py[line:445]: request stop job 2021061521315031191914 with failed to all party
[INFO] [2021-06-15 21:31:59,636] [7:140197562341120] - federated_scheduler.py[line:88]: try to stop job 2021061521315031191914
[INFO] [2021-06-15 21:31:59,650] [7:140197287143168] - job_utils.py[line:393]: job 2021061521315031191914 task 2021061521315031191914_hetero_secure_boost_0 host 9998 with waiting party status no process pid
[INFO] [2021-06-15 21:31:59,651] [7:140197287143168] - task_controller.py[line:255]: job 2021061521315031191914 task 2021061521315031191914_hetero_secure_boost_0 0 on host 9998 process None kill success
[INFO] [2021-06-15 21:31:59,651] [7:140197287143168] - job_saver.py[line:71]: try to update job 2021061521315031191914 task 2021061521315031191914_hetero_secure_boost_0 0 status
[INFO] [2021-06-15 21:31:59,656] [7:140197287143168] - job_saver.py[line:76]: update job 2021061521315031191914 task 2021061521315031191914_hetero_secure_boost_0 0 status update does not take effect: {'job_id': '2021061521315031191914', 'task_id': '2021061521315031191914_hetero_secure_boost_0', 'task_version': 0, 'role': 'host', 'party_id': '9998', 'party_status': 'failed'}
[INFO] [2021-06-15 21:31:59,661] [7:140197287143168] - job_saver.py[line:81]: try to update job 2021061521315031191914 task 2021061521315031191914_hetero_secure_boost_0 0
[WARNING] [2021-06-15 21:31:59,665] [7:140197287143168] - job_saver.py[line:86]: job 2021061521315031191914 task 2021061521315031191914_hetero_secure_boost_0 0 update does not take effect
[INFO] [2021-06-15 21:31:59,670] [7:140197287143168] - job_utils.py[line:393]: job 2021061521315031191914 task 2021061521315031191914_intersection_0 host 9998 with waiting party status no process pid
[INFO] [2021-06-15 21:31:59,670] [7:140197287143168] - task_controller.py[line:255]: job 2021061521315031191914 task 2021061521315031191914_intersection_0 0 on host 9998 process None kill success
[INFO] [2021-06-15 21:31:59,670] [7:140197287143168] - job_saver.py[line:71]: try to update job 2021061521315031191914 task 2021061521315031191914_intersection_0 0 status
[INFO] [2021-06-15 21:31:59,676] [7:140197287143168] - job_saver.py[line:76]: update job 2021061521315031191914 task 2021061521315031191914_intersection_0 0 status update does not take effect: {'job_id': '2021061521315031191914', 'task_id': '2021061521315031191914_intersection_0', 'task_version': 0, 'role': 'host', 'party_id': '9998', 'party_status': 'failed'}
[INFO] [2021-06-15 21:31:59,682] [7:140197287143168] - job_saver.py[line:81]: try to update job 2021061521315031191914 task 2021061521315031191914_intersection_0 0
[WARNING] [2021-06-15 21:31:59,687] [7:140197287143168] - job_saver.py[line:86]: job 2021061521315031191914 task 2021061521315031191914_intersection_0 0 update does not take effect
[INFO] [2021-06-15 21:31:59,695] [7:140197287143168] - job_utils.py[line:397]: try to stop job 2021061521315031191914 task 2021061521315031191914_dataio_0 host 9998 with failed party status process pid:2573
[INFO] [2021-06-15 21:31:59,695] [7:140197287143168] - job_utils.py[line:400]: can not found job 2021061521315031191914 task 2021061521315031191914_dataio_0 host 9998 with failed party status process pid:2573
[INFO] [2021-06-15 21:31:59,699] [7:140197287143168] - job_utils.py[line:424]: start run subprocess to stop task session 2021061521315031191914_dataio_0_0_host_9998
[INFO] [2021-06-15 21:31:59,699] [7:140197287143168] - job_utils.py[line:310]: start process command: python3 /fate/python/fate_flow/utils/session_utils.py -j 2021061521315031191914_dataio_0_0_host_9998 --computing STANDALONE --federation STANDALONE --storage STANDALONE -c kill
[INFO] [2021-06-15 21:31:59,708] [7:140197287143168] - job_utils.py[line:334]: start process command: python3 /fate/python/fate_flow/utils/session_utils.py -j 2021061521315031191914_dataio_0_0_host_9998 --computing STANDALONE --federation STANDALONE --storage STANDALONE -c kill successfully, pid is 2671
[INFO] [2021-06-15 21:31:59,708] [7:140197287143168] - task_controller.py[line:255]: job 2021061521315031191914 task 2021061521315031191914_dataio_0 0 on host 9998 process 2573 kill success
[INFO] [2021-06-15 21:31:59,708] [7:140197287143168] - job_saver.py[line:71]: try to update job 2021061521315031191914 task 2021061521315031191914_dataio_0 0 status
[INFO] [2021-06-15 21:31:59,714] [7:140197287143168] - job_saver.py[line:76]: update job 2021061521315031191914 task 2021061521315031191914_dataio_0 0 status update does not take effect: {'job_id': '2021061521315031191914', 'task_id': '2021061521315031191914_dataio_0', 'task_version': 0, 'role': 'host', 'party_id': '9998', 'party_status': 'failed'}
[INFO] [2021-06-15 21:31:59,718] [7:140197287143168] - job_saver.py[line:81]: try to update job 2021061521315031191914 task 2021061521315031191914_dataio_0 0
[WARNING] [2021-06-15 21:31:59,723] [7:140197287143168] - job_saver.py[line:86]: job 2021061521315031191914 task 2021061521315031191914_dataio_0 0 update does not take effect
[INFO] [2021-06-15 21:31:59,729] [7:140197287143168] - job_saver.py[line:45]: try to update job 2021061521315031191914 status to failed
[INFO] [2021-06-15 21:31:59,738] [7:140197287143168] - job_saver.py[line:56]: update job 2021061521315031191914 status does not take effect
[INFO] [2021-06-15 21:31:59,769] [7:140197287143168] - job_utils.py[line:393]: job 2021061521315031191914 task 2021061521315031191914_hetero_secure_boost_0 guest 9999 with waiting party status no process pid
[INFO] [2021-06-15 21:31:59,770] [7:140197287143168] - task_controller.py[line:255]: job 2021061521315031191914 task 2021061521315031191914_hetero_secure_boost_0 0 on guest 9999 process None kill success
[INFO] [2021-06-15 21:31:59,770] [7:140197287143168] - job_saver.py[line:71]: try to update job 2021061521315031191914 task 2021061521315031191914_hetero_secure_boost_0 0 status
[INFO] [2021-06-15 21:31:59,779] [7:140197287143168] - job_saver.py[line:76]: update job 2021061521315031191914 task 2021061521315031191914_hetero_secure_boost_0 0 status update does not take effect: {'job_id': '2021061521315031191914', 'task_id': '2021061521315031191914_hetero_secure_boost_0', 'task_version': 0, 'role': 'guest', 'party_id': '9999', 'party_status': 'failed'}
[INFO] [2021-06-15 21:31:59,789] [7:140197287143168] - job_saver.py[line:81]: try to update job 2021061521315031191914 task 2021061521315031191914_hetero_secure_boost_0 0
[WARNING] [2021-06-15 21:31:59,794] [7:140197287143168] - job_saver.py[line:86]: job 2021061521315031191914 task 2021061521315031191914_hetero_secure_boost_0 0 update does not take effect
[INFO] [2021-06-15 21:31:59,801] [7:140197287143168] - job_utils.py[line:393]: job 2021061521315031191914 task 2021061521315031191914_intersection_0 guest 9999 with waiting party status no process pid
[INFO] [2021-06-15 21:31:59,801] [7:140197287143168] - task_controller.py[line:255]: job 2021061521315031191914 task 2021061521315031191914_intersection_0 0 on guest 9999 process None kill success
[INFO] [2021-06-15 21:31:59,802] [7:140197287143168] - job_saver.py[line:71]: try to update job 2021061521315031191914 task 2021061521315031191914_intersection_0 0 status
[INFO] [2021-06-15 21:31:59,810] [7:140197287143168] - job_saver.py[line:76]: update job 2021061521315031191914 task 2021061521315031191914_intersection_0 0 status update does not take effect: {'job_id': '2021061521315031191914', 'task_id': '2021061521315031191914_intersection_0', 'task_version': 0, 'role': 'guest', 'party_id': '9999', 'party_status': 'failed'}
[INFO] [2021-06-15 21:31:59,817] [7:140197287143168] - job_saver.py[line:81]: try to update job 2021061521315031191914 task 2021061521315031191914_intersection_0 0
[WARNING] [2021-06-15 21:31:59,825] [7:140197287143168] - job_saver.py[line:86]: job 2021061521315031191914 task 2021061521315031191914_intersection_0 0 update does not take effect
[INFO] [2021-06-15 21:31:59,832] [7:140197287143168] - job_utils.py[line:397]: try to stop job 2021061521315031191914 task 2021061521315031191914_dataio_0 guest 9999 with failed party status process pid:2571
[INFO] [2021-06-15 21:31:59,832] [7:140197287143168] - job_utils.py[line:400]: can not found job 2021061521315031191914 task 2021061521315031191914_dataio_0 guest 9999 with failed party status process pid:2571
[INFO] [2021-06-15 21:31:59,836] [7:140197287143168] - job_utils.py[line:424]: start run subprocess to stop task session 2021061521315031191914_dataio_0_0_guest_9999
[INFO] [2021-06-15 21:31:59,836] [7:140197287143168] - job_utils.py[line:310]: start process command: python3 /fate/python/fate_flow/utils/session_utils.py -j 2021061521315031191914_dataio_0_0_guest_9999 --computing STANDALONE --federation STANDALONE --storage STANDALONE -c kill
[INFO] [2021-06-15 21:31:59,846] [7:140197287143168] - job_utils.py[line:334]: start process command: python3 /fate/python/fate_flow/utils/session_utils.py -j 2021061521315031191914_dataio_0_0_guest_9999 --computing STANDALONE --federation STANDALONE --storage STANDALONE -c kill successfully, pid is 2673
[INFO] [2021-06-15 21:31:59,847] [7:140197287143168] - task_controller.py[line:255]: job 2021061521315031191914 task 2021061521315031191914_dataio_0 0 on guest 9999 process 2571 kill success
[INFO] [2021-06-15 21:31:59,847] [7:140197287143168] - job_saver.py[line:71]: try to update job 2021061521315031191914 task 2021061521315031191914_dataio_0 0 status
[INFO] [2021-06-15 21:31:59,855] [7:140197287143168] - job_saver.py[line:76]: update job 2021061521315031191914 task 2021061521315031191914_dataio_0 0 status update does not take effect: {'job_id': '2021061521315031191914', 'task_id': '2021061521315031191914_dataio_0', 'task_version': 0, 'role': 'guest', 'party_id': '9999', 'party_status': 'failed'}
[INFO] [2021-06-15 21:31:59,867] [7:140197287143168] - job_saver.py[line:81]: try to update job 2021061521315031191914 task 2021061521315031191914_dataio_0 0
[WARNING] [2021-06-15 21:31:59,872] [7:140197287143168] - job_saver.py[line:86]: job 2021061521315031191914 task 2021061521315031191914_dataio_0 0 update does not take effect
[INFO] [2021-06-15 21:31:59,884] [7:140197287143168] - job_saver.py[line:45]: try to update job 2021061521315031191914 status to failed
[INFO] [2021-06-15 21:31:59,892] [7:140197287143168] - job_saver.py[line:56]: update job 2021061521315031191914 status does not take effect
[INFO] [2021-06-15 21:31:59,899] [7:140197562341120] - federated_scheduler.py[line:92]: stop job 2021061521315031191914 success
[INFO] [2021-06-15 21:31:59,899] [7:140197562341120] - dag_scheduler.py[line:448]: stop job 2021061521315031191914 with failed successfully
[INFO] [2021-06-15 21:31:59,899] [7:140197562341120] - federated_scheduler.py[line:107]: try to clean job 2021061521315031191914
[INFO] [2021-06-15 21:31:59,904] [7:140197287143168] - job_controller.py[line:379]: Job 2021061521315031191914 on host 9998 start to clean
[INFO] [2021-06-15 21:31:59,905] [7:140197287143168] - job_controller.py[line:382]: job 2021061521315031191914 on host 9998 clean done
[INFO] [2021-06-15 21:31:59,909] [2659:140678651266880] - session_utils.py[line:38]: start kill session 2021061521315031191914_dataio_0_0_guest_9999
[INFO] [2021-06-15 21:31:59,909] [2659:140678651266880] - session_utils.py[line:47]: kill session 2021061521315031191914_dataio_0_0_guest_9999 success
[INFO] [2021-06-15 21:31:59,914] [7:140197287143168] - job_controller.py[line:379]: Job 2021061521315031191914 on guest 9999 start to clean
[INFO] [2021-06-15 21:31:59,914] [7:140197287143168] - job_controller.py[line:382]: job 2021061521315031191914 on guest 9999 clean done
[INFO] [2021-06-15 21:31:59,918] [7:140197562341120] - federated_scheduler.py[line:110]: clean job 2021061521315031191914 success
[INFO] [2021-06-15 21:31:59,919] [7:140197562341120] - dag_scheduler.py[line:505]: Job 2021061521315031191914 finished with failed, done
[INFO] [2021-06-15 21:31:59,919] [7:140197562341120] - dag_scheduler.py[line:325]: finish scheduling job 2021061521315031191914
[INFO] [2021-06-15 21:32:00,393] [2671:140022607738688] - session_utils.py[line:38]: start kill session 2021061521315031191914_dataio_0_0_host_9998
[INFO] [2021-06-15 21:32:00,393] [2671:140022607738688] - session_utils.py[line:47]: kill session 2021061521315031191914_dataio_0_0_host_9998 success
[INFO] [2021-06-15 21:32:00,467] [2673:140719051376448] - session_utils.py[line:38]: start kill session 2021061521315031191914_dataio_0_0_guest_9999
[INFO] [2021-06-15 21:32:00,467] [2673:140719051376448] - session_utils.py[line:47]: kill session 2021061521315031191914_dataio_0_0_guest_9999 success
[INFO] [2021-06-15 21:32:01,971] [7:140197562341120] - dag_scheduler.py[line:193]: the number of updates has been exceeded
[INFO] [2021-06-15 21:32:04,017] [7:140197562341120] - dag_scheduler.py[line:193]: the number of updates has been exceeded
[INFO] [2021-06-15 21:32:06,083] [7:140197562341120] - dag_scheduler.py[line:193]: the number of updates has been exceeded
[INFO] [2021-06-15 21:32:08,126] [7:140197562341120] - dag_scheduler.py[line:193]: the number of updates has been exceeded
[INFO] [2021-06-15 21:32:11,857] [7:140197562341120] - dag_scheduler.py[line:193]: the number of updates has been exceeded
[INFO] [2021-06-15 21:32:15,195] [7:140197562341120] - dag_scheduler.py[line:193]: the number of updates has been exceeded
[INFO] [2021-06-15 21:32:17,782] [7:140197562341120] - dag_scheduler.py[line:193]: the number of updates has been exceeded
[INFO] [2021-06-15 21:32:19,864] [7:140197562341120] - dag_scheduler.py[line:193]: the number of updates has been exceeded
[INFO] [2021-06-15 21:32:21,924] [7:140197562341120] - dag_scheduler.py[line:193]: the number of updates has been exceeded
[INFO] [2021-06-15 21:32:23,980] [7:140197562341120] - dag_scheduler.py[line:193]: the number of updates has been exceeded
[INFO] [2021-06-15 21:32:26,033] [7:140197562341120] - dag_scheduler.py[line:193]: the number of updates has been exceeded
[INFO] [2021-06-15 21:32:28,087] [7:140197562341120] - dag_scheduler.py[line:193]: the number of updates has been exceeded
[INFO] [2021-06-15 21:32:30,142] [7:140197562341120] - dag_scheduler.py[line:193]: the number of updates has been exceeded
[INFO] [2021-06-15 21:32:32,201] [7:140197562341120] - dag_scheduler.py[line:193]: the number of updates has been exceeded
[INFO] [2021-06-15 21:32:34,252] [7:140197562341120] - dag_scheduler.py[line:193]: the number of updates has been exceeded
[INFO] [2021-06-15 21:32:36,292] [7:140197562341120] - dag_scheduler.py[line:193]: the number of updates has been exceeded
[INFO] [2021-06-15 21:32:38,353] [7:140197562341120] - dag_scheduler.py[line:193]: the number of updates has been exceeded
[INFO] [2021-06-15 21:32:40,385] [7:140197562341120] - dag_scheduler.py[line:193]: the number of updates has been exceeded
[INFO] [2021-06-15 21:32:42,436] [7:140197562341120] - dag_scheduler.py[line:193]: the number of updates has been exceeded
[INFO] [2021-06-15 21:32:44,488] [7:140197562341120] - dag_scheduler.py[line:193]: the number of updates has been exceeded
[INFO] [2021-06-15 21:32:46,539] [7:140197562341120] - dag_scheduler.py[line:193]: the number of updates has been exceeded
[INFO] [2021-06-15 21:32:48,597] [7:140197562341120] - dag_scheduler.py[line:193]: the number of updates has been exceeded
[INFO] [2021-06-15 21:32:50,660] [7:140197562341120] - dag_scheduler.py[line:193]: the number of updates has been exceeded
[INFO] [2021-06-15 21:32:52,718] [7:140197562341120] - dag_scheduler.py[line:193]: the number of updates has been exceeded
[INFO] [2021-06-15 21:32:54,793] [7:140197562341120] - dag_scheduler.py[line:193]: the number of updates has been exceeded
[INFO] [2021-06-15 21:32:56,854] [7:140197562341120] - dag_scheduler.py[line:193]: the number of updates has been exceeded
[INFO] [2021-06-15 21:32:58,896] [7:140197562341120] - dag_scheduler.py[line:193]: the number of updates has been exceeded
[INFO] [2021-06-15 21:33:00,956] [7:140197562341120] - dag_scheduler.py[line:193]: the number of updates has been exceeded
[INFO] [2021-06-15 21:33:03,014] [7:140197562341120] - dag_scheduler.py[line:193]: the number of updates has been exceeded
[INFO] [2021-06-15 21:33:05,067] [7:140197562341120] - dag_scheduler.py[line:193]: the number of updates has been exceeded
[INFO] [2021-06-15 21:33:07,129] [7:140197562341120] - dag_scheduler.py[line:193]: the number of updates has been exceeded
[INFO] [2021-06-15 21:33:09,185] [7:140197562341120] - dag_scheduler.py[line:193]: the number of updates has been exceeded
[INFO] [2021-06-15 21:33:11,248] [7:140197562341120] - dag_scheduler.py[line:193]: the number of updates has been exceeded
[INFO] [2021-06-15 21:33:13,300] [7:140197562341120] - dag_scheduler.py[line:193]: the number of updates has been exceeded
[INFO] [2021-06-15 21:33:15,355] [7:140197562341120] - dag_scheduler.py[line:193]: the number of updates has been exceeded
[INFO] [2021-06-15 21:33:17,405] [7:140197562341120] - dag_scheduler.py[line:193]: the number of updates has been exceeded
[INFO] [2021-06-15 21:33:19,459] [7:140197562341120] - dag_scheduler.py[line:193]: the number of updates has been exceeded
[INFO] [2021-06-15 21:33:21,517] [7:140197562341120] - dag_scheduler.py[line:193]: the number of updates has been exceeded
[INFO] [2021-06-15 21:33:23,569] [7:140197562341120] - dag_scheduler.py[line:193]: the number of updates has been exceeded
[INFO] [2021-06-15 21:33:25,621] [7:140197562341120] - dag_scheduler.py[line:193]: the number of updates has been exceeded
[INFO] [2021-06-15 21:33:27,677] [7:140197562341120] - dag_scheduler.py[line:193]: the number of updates has been exceeded
[INFO] [2021-06-15 21:33:29,727] [7:140197562341120] - dag_scheduler.py[line:193]: the number of updates has been exceeded
[INFO] [2021-06-15 21:33:31,785] [7:140197562341120] - dag_scheduler.py[line:193]: the number of updates has been exceeded
[INFO] [2021-06-15 21:33:33,847] [7:140197562341120] - dag_scheduler.py[line:193]: the number of updates has been exceeded
[INFO] [2021-06-15 21:33:35,910] [7:140197562341120] - dag_scheduler.py[line:193]: the number of updates has been exceeded
[INFO] [2021-06-15 21:33:37,954] [7:140197562341120] - dag_scheduler.py[line:193]: the number of updates has been exceeded
[INFO] [2021-06-15 21:33:39,997] [7:140197562341120] - dag_scheduler.py[line:193]: the number of updates has been exceeded
[INFO] [2021-06-15 21:33:42,052] [7:140197562341120] - dag_scheduler.py[line:193]: the number of updates has been exceeded
[INFO] [2021-06-15 21:33:44,103] [7:140197562341120] - dag_scheduler.py[line:193]: the number of updates has been exceeded
[INFO] [2021-06-15 21:33:46,156] [7:140197562341120] - dag_scheduler.py[line:193]: the number of updates has been exceeded
[INFO] [2021-06-15 21:33:48,204] [7:140197562341120] - dag_scheduler.py[line:193]: the number of updates has been exceeded
[INFO] [2021-06-15 21:33:50,254] [7:140197562341120] - dag_scheduler.py[line:193]: the number of updates has been exceeded
[INFO] [2021-06-15 21:33:52,292] [7:140197562341120] - dag_scheduler.py[line:193]: the number of updates has been exceeded
[INFO] [2021-06-15 21:33:54,343] [7:140197562341120] - dag_scheduler.py[line:193]: the number of updates has been exceeded
[INFO] [2021-06-15 21:33:56,393] [7:140197562341120] - dag_scheduler.py[line:193]: the number of updates has been exceeded
[INFO] [2021-06-15 21:33:58,444] [7:140197562341120] - dag_scheduler.py[line:193]: the number of updates has been exceeded
[INFO] [2021-06-15 21:34:00,528] [7:140197562341120] - dag_scheduler.py[line:193]: the number of updates has been exceeded
[INFO] [2021-06-15 21:34:02,594] [7:140197562341120] - dag_scheduler.py[line:193]: the number of updates has been exceeded
[INFO] [2021-06-15 21:34:04,646] [7:140197562341120] - dag_scheduler.py[line:193]: the number of updates has been exceeded
[INFO] [2021-06-15 21:34:06,697] [7:140197562341120] - dag_scheduler.py[line:193]: the number of updates has been exceeded
[INFO] [2021-06-15 21:34:08,751] [7:140197562341120] - dag_scheduler.py[line:193]: the number of updates has been exceeded
[INFO] [2021-06-15 21:34:10,802] [7:140197562341120] - dag_scheduler.py[line:193]: the number of updates has been exceeded
[INFO] [2021-06-15 21:34:12,879] [7:140197562341120] - dag_scheduler.py[line:193]: the number of updates has been exceeded
[INFO] [2021-06-15 21:34:14,955] [7:140197562341120] - dag_scheduler.py[line:193]: the number of updates has been exceeded
[INFO] [2021-06-15 21:34:17,013] [7:140197562341120] - dag_scheduler.py[line:193]: the number of updates has been exceeded
[INFO] [2021-06-15 21:34:19,051] [7:140197562341120] - dag_scheduler.py[line:193]: the number of updates has been exceeded
[INFO] [2021-06-15 21:34:21,100] [7:140197562341120] - dag_scheduler.py[line:193]: the number of updates has been exceeded
[INFO] [2021-06-15 21:34:23,171] [7:140197562341120] - dag_scheduler.py[line:193]: the number of updates has been exceeded
[INFO] [2021-06-15 21:34:25,215] [7:140197562341120] - dag_scheduler.py[line:193]: the number of updates has been exceeded
[INFO] [2021-06-15 21:34:27,270] [7:140197562341120] - dag_scheduler.py[line:193]: the number of updates has been exceeded
[INFO] [2021-06-15 21:34:29,307] [7:140197562341120] - dag_scheduler.py[line:193]: the number of updates has been exceeded
[INFO] [2021-06-15 21:34:31,361] [7:140197562341120] - dag_scheduler.py[line:193]: the number of updates has been exceeded
[INFO] [2021-06-15 21:34:33,413] [7:140197562341120] - dag_scheduler.py[line:193]: the number of updates has been exceeded
[INFO] [2021-06-15 21:34:35,493] [7:140197562341120] - dag_scheduler.py[line:193]: the number of updates has been exceeded
[INFO] [2021-06-15 21:34:37,549] [7:140197562341120] - dag_scheduler.py[line:193]: the number of updates has been exceeded
[INFO] [2021-06-15 21:34:39,592] [7:140197562341120] - dag_scheduler.py[line:193]: the number of updates has been exceeded
[INFO] [2021-06-15 21:34:41,689] [7:140197562341120] - dag_scheduler.py[line:193]: the number of updates has been exceeded
[INFO] [2021-06-15 21:34:43,777] [7:140197562341120] - dag_scheduler.py[line:193]: the number of updates has been exceeded
[INFO] [2021-06-15 21:34:45,846] [7:140197562341120] - dag_scheduler.py[line:193]: the number of updates has been exceeded
[INFO] [2021-06-15 21:34:47,899] [7:140197562341120] - dag_scheduler.py[line:193]: the number of updates has been exceeded
[INFO] [2021-06-15 21:34:49,958] [7:140197562341120] - dag_scheduler.py[line:193]: the number of updates has been exceeded
[INFO] [2021-06-15 21:34:52,022] [7:140197562341120] - dag_scheduler.py[line:193]: the number of updates has been exceeded
[INFO] [2021-06-15 21:34:54,093] [7:140197562341120] - dag_scheduler.py[line:193]: the number of updates has been exceeded
[INFO] [2021-06-15 21:34:56,141] [7:140197562341120] - dag_scheduler.py[line:193]: the number of updates has been exceeded
[INFO] [2021-06-15 21:34:58,205] [7:140197562341120] - dag_scheduler.py[line:193]: the number of updates has been exceeded
[INFO] [2021-06-15 21:35:00,261] [7:140197562341120] - dag_scheduler.py[line:193]: the number of updates has been exceeded
[INFO] [2021-06-15 21:35:02,314] [7:140197562341120] - dag_scheduler.py[line:193]: the number of updates has been exceeded
[INFO] [2021-06-15 21:35:04,370] [7:140197562341120] - dag_scheduler.py[line:193]: the number of updates has been exceeded
[INFO] [2021-06-15 21:35:06,423] [7:140197562341120] - dag_scheduler.py[line:193]: the number of updates has been exceeded
[INFO] [2021-06-15 21:35:08,477] [7:140197562341120] - dag_scheduler.py[line:193]: the number of updates has been exceeded
[INFO] [2021-06-15 21:35:10,535] [7:140197562341120] - dag_scheduler.py[line:193]: the number of updates has been exceeded
[INFO] [2021-06-15 21:35:12,586] [7:140197562341120] - dag_scheduler.py[line:193]: the number of updates has been exceeded
[INFO] [2021-06-15 21:35:14,639] [7:140197562341120] - dag_scheduler.py[line:193]: the number of updates has been exceeded
[INFO] [2021-06-15 21:35:16,699] [7:140197562341120] - dag_scheduler.py[line:193]: the number of updates has been exceeded
[INFO] [2021-06-15 21:35:18,752] [7:140197562341120] - dag_scheduler.py[line:193]: the number of updates has been exceeded
[INFO] [2021-06-15 21:35:20,804] [7:140197562341120] - dag_scheduler.py[line:193]: the number of updates has been exceeded
[INFO] [2021-06-15 21:35:22,856] [7:140197562341120] - dag_scheduler.py[line:193]: the number of updates has been exceeded
[INFO] [2021-06-15 21:35:24,907] [7:140197562341120] - dag_scheduler.py[line:193]: the number of updates has been exceeded
[INFO] [2021-06-15 21:35:26,963] [7:140197562341120] - dag_scheduler.py[line:193]: the number of updates has been exceeded
[INFO] [2021-06-15 21:35:29,019] [7:140197562341120] - dag_scheduler.py[line:193]: the number of updates has been exceeded
[INFO] [2021-06-15 21:35:31,073] [7:140197562341120] - dag_scheduler.py[line:193]: the number of updates has been exceeded
[INFO] [2021-06-15 21:35:33,127] [7:140197562341120] - dag_scheduler.py[line:193]: the number of updates has been exceeded
[INFO] [2021-06-15 21:35:35,191] [7:140197562341120] - dag_scheduler.py[line:193]: the number of updates has been exceeded
[INFO] [2021-06-15 21:35:37,263] [7:140197562341120] - dag_scheduler.py[line:193]: the number of updates has been exceeded
[INFO] [2021-06-15 21:35:39,320] [7:140197562341120] - dag_scheduler.py[line:193]: the number of updates has been exceeded
[INFO] [2021-06-15 21:35:41,375] [7:140197562341120] - dag_scheduler.py[line:193]: the number of updates has been exceeded
[INFO] [2021-06-15 21:35:43,438] [7:140197562341120] - dag_scheduler.py[line:193]: the number of updates has been exceeded
[INFO] [2021-06-15 21:35:45,491] [7:140197562341120] - dag_scheduler.py[line:193]: the number of updates has been exceeded
[INFO] [2021-06-15 21:35:47,547] [7:140197562341120] - dag_scheduler.py[line:193]: the number of updates has been exceeded
[INFO] [2021-06-15 21:35:49,598] [7:140197562341120] - dag_scheduler.py[line:193]: the number of updates has been exceeded
[INFO] [2021-06-15 21:35:51,647] [7:140197562341120] - dag_scheduler.py[line:193]: the number of updates has been exceeded
[INFO] [2021-06-15 21:35:53,706] [7:140197562341120] - dag_scheduler.py[line:193]: the number of updates has been exceeded
[INFO] [2021-06-15 21:35:55,773] [7:140197562341120] - dag_scheduler.py[line:193]: the number of updates has been exceeded
[INFO] [2021-06-15 21:35:57,840] [7:140197562341120] - dag_scheduler.py[line:193]: the number of updates has been exceeded
[INFO] [2021-06-15 21:35:59,894] [7:140197562341120] - dag_scheduler.py[line:193]: the number of updates has been exceeded
[INFO] [2021-06-15 21:36:01,964] [7:140197562341120] - dag_scheduler.py[line:193]: the number of updates has been exceeded
[INFO] [2021-06-15 21:36:04,040] [7:140197562341120] - dag_scheduler.py[line:193]: the number of updates has been exceeded
[INFO] [2021-06-15 21:36:06,110] [7:140197562341120] - dag_scheduler.py[line:193]: the number of updates has been exceeded
[INFO] [2021-06-15 21:36:08,159] [7:140197562341120] - dag_scheduler.py[line:193]: the number of updates has been exceeded
[INFO] [2021-06-15 21:36:10,222] [7:140197562341120] - dag_scheduler.py[line:193]: the number of updates has been exceeded
[INFO] [2021-06-15 21:36:12,274] [7:140197562341120] - dag_scheduler.py[line:193]: the number of updates has been exceeded
[INFO] [2021-06-15 21:36:14,323] [7:140197562341120] - dag_scheduler.py[line:193]: the number of updates has been exceeded
[INFO] [2021-06-15 21:36:16,391] [7:140197562341120] - dag_scheduler.py[line:193]: the number of updates has been exceeded
[INFO] [2021-06-15 21:36:18,442] [7:140197562341120] - dag_scheduler.py[line:193]: the number of updates has been exceeded
[INFO] [2021-06-15 21:36:20,498] [7:140197562341120] - dag_scheduler.py[line:193]: the number of updates has been exceeded
[INFO] [2021-06-15 21:36:22,565] [7:140197562341120] - dag_scheduler.py[line:193]: the number of updates has been exceeded
[INFO] [2021-06-15 21:36:24,602] [7:140197562341120] - dag_scheduler.py[line:193]: the number of updates has been exceeded
[INFO] [2021-06-15 21:36:26,653] [7:140197562341120] - dag_scheduler.py[line:193]: the number of updates has been exceeded
[INFO] [2021-06-15 21:36:28,705] [7:140197562341120] - dag_scheduler.py[line:193]: the number of updates has been exceeded
[INFO] [2021-06-15 21:36:30,758] [7:140197562341120] - dag_scheduler.py[line:193]: the number of updates has been exceeded
[INFO] [2021-06-15 21:36:32,811] [7:140197562341120] - dag_scheduler.py[line:193]: the number of updates has been exceeded
[INFO] [2021-06-15 21:36:34,865] [7:140197562341120] - dag_scheduler.py[line:193]: the number of updates has been exceeded
[INFO] [2021-06-15 21:36:36,925] [7:140197562341120] - dag_scheduler.py[line:193]: the number of updates has been exceeded
[INFO] [2021-06-15 21:36:38,968] [7:140197562341120] - dag_scheduler.py[line:193]: the number of updates has been exceeded
[INFO] [2021-06-15 21:36:41,019] [7:140197562341120] - dag_scheduler.py[line:193]: the number of updates has been exceeded
[INFO] [2021-06-15 21:36:43,076] [7:140197562341120] - dag_scheduler.py[line:193]: the number of updates has been exceeded
[INFO] [2021-06-15 21:36:45,150] [7:140197562341120] - dag_scheduler.py[line:193]: the number of updates has been exceeded
[INFO] [2021-06-15 21:36:47,207] [7:140197562341120] - dag_scheduler.py[line:193]: the number of updates has been exceeded
[INFO] [2021-06-15 21:36:49,242] [7:140197562341120] - dag_scheduler.py[line:193]: the number of updates has been exceeded
[INFO] [2021-06-15 21:36:51,293] [7:140197562341120] - dag_scheduler.py[line:193]: the number of updates has been exceeded
[INFO] [2021-06-15 21:36:53,341] [7:140197562341120] - dag_scheduler.py[line:193]: the number of updates has been exceeded
[INFO] [2021-06-15 21:36:55,410] [7:140197562341120] - dag_scheduler.py[line:193]: the number of updates has been exceeded
[INFO] [2021-06-15 21:36:57,461] [7:140197562341120] - dag_scheduler.py[line:193]: the number of updates has been exceeded
