[INFO] [2021-06-13 22:11:03,509] [2300:140301080086336] - control_client.py[line:42]: request update job 2021061322105944175233 task 2021061322105944175233_upload_0 0 on local 0
[DEBUG] [2021-06-13 22:11:03,827] [2300:140301080086336] - _federation.py[line:15]: [federation.standalone]init federation: standalone_session=<fate_arch._standalone.Session object at 0x7f9a2046aba8>, federation_session_id=2021061322105944175233_upload_0_0, party=Party(role=local, party_id=0)
[DEBUG] [2021-06-13 22:11:03,837] [2300:140301080086336] - _federation.py[line:23]: [federation.standalone]init federation context done
[INFO] [2021-06-13 22:11:03,939] [2300:140301080086336] - upload.py[line:41]: {'file': '/fate/jobs/2021061322105944175233/fate_upload_tmp/breast_hetero_host.csv', 'head': 1, 'id_delimiter': ',', 'partition': 16, 'namespace': 'experiment', 'name': 'breast_hetero_host', 'storage_engine': '', 'storage_address': None, 'destroy': True}
[INFO] [2021-06-13 22:11:03,939] [2300:140301080086336] - upload.py[line:42]: {'job_parameters': <fate_flow.entity.types.RunParameters object at 0x7f9a1f7f7b70>}
[DEBUG] [2021-06-13 22:11:03,969] [2300:140301080086336] - _session.py[line:147]: save session 2021061322105944175233_upload_0_0_local_0_storage_3e6bb106cc9411ebb7b70242ac110002 record
[INFO] [2021-06-13 22:11:03,980] [2300:140301080086336] - upload.py[line:79]: destroy table name: breast_hetero_host namespace: experiment engine: STANDALONE
[DEBUG] [2021-06-13 22:11:04,109] [2300:140301080086336] - _session.py[line:156]: delete session 2021061322105944175233_upload_0_0_local_0_storage_3e6bb106cc9411ebb7b70242ac110002 record
[DEBUG] [2021-06-13 22:11:04,121] [2300:140301080086336] - _session.py[line:147]: save session 2021061322105944175233_upload_0_0_local_0_storage_3e85a7e6cc9411ebb7b70242ac110002 record
[INFO] [2021-06-13 22:11:04,123] [2300:140301080086336] - upload.py[line:97]: upload to STANDALONE storage, address: {'nodes': 1, 'cores_per_node': 20, 'name': 'breast_hetero_host', 'namespace': 'experiment', 'storage_type': 'LMDB'}
[INFO] [2021-06-13 22:11:04,161] [2300:140301080086336] - control_client.py[line:26]: request update job 2021061322105944175233 on local 0
[INFO] [2021-06-13 22:11:04,344] [2300:140301080086336] - tracker_client.py[line:127]: Request save job 2021061322105944175233 task 2021061322105944175233_upload_0 0 on local 0 data upload info
[INFO] [2021-06-13 22:11:04,370] [2300:140301080086336] - tracker_client.py[line:70]: Request save job 2021061322105944175233 task 2021061322105944175233_upload_0 0 on local 0 metric upload data_access data
[INFO] [2021-06-13 22:11:04,402] [2300:140301080086336] - tracker_client.py[line:103]: Request save job 2021061322105944175233 task 2021061322105944175233_upload_0 0 on local 0 metric upload data_access meta
[DEBUG] [2021-06-13 22:11:04,448] [2300:140301080086336] - _session.py[line:156]: delete session 2021061322105944175233_upload_0_0_local_0_storage_3e85a7e6cc9411ebb7b70242ac110002 record
[INFO] [2021-06-13 22:11:04,449] [2300:140301080086336] - upload.py[line:108]: ------------load data finish!-----------------
[INFO] [2021-06-13 22:11:04,449] [2300:140301080086336] - upload.py[line:112]: remove tmp upload file
[INFO] [2021-06-13 22:11:04,450] [2300:140301080086336] - upload.py[line:113]: /fate/jobs/2021061322105944175233/fate_upload_tmp
[INFO] [2021-06-13 22:11:04,450] [2300:140301080086336] - upload.py[line:117]: file: /fate/jobs/2021061322105944175233/fate_upload_tmp/breast_hetero_host.csv
[INFO] [2021-06-13 22:11:04,451] [2300:140301080086336] - upload.py[line:118]: total data_count: 569
[INFO] [2021-06-13 22:11:04,451] [2300:140301080086336] - upload.py[line:119]: table name: breast_hetero_host, table namespace: experiment
[INFO] [2021-06-13 22:11:04,467] [2300:140301080086336] - control_client.py[line:42]: request update job 2021061322105944175233 task 2021061322105944175233_upload_0 0 on local 0
[INFO] [2021-06-13 22:11:04,535] [2300:140301080086336] - control_client.py[line:42]: request update job 2021061322105944175233 task 2021061322105944175233_upload_0 0 on local 0
