[INFO] [2021-06-15 22:05:11,870] [3984:139640211384128] - task_executor.py[line:313]: report task 2021061522050718069622_reader_0 0 guest 9999 to driver
[INFO] [2021-06-15 22:05:11,871] [3984:139640211384128] - control_client.py[line:42]: request update job 2021061522050718069622 task 2021061522050718069622_reader_0 0 on guest 9999
[INFO] [2021-06-15 22:05:12,287] [3984:139640211384128] - task_executor.py[line:150]: Run 2021061522050718069622 reader_0 2021061522050718069622_reader_0 guest 9999 task
[INFO] [2021-06-15 22:05:12,287] [3984:139640211384128] - task_executor.py[line:151]: Component parameters on party {'ReaderParam': {'table': {'name': 'breast_hetero_guest', 'namespace': 'experiment'}}, 'conf_path': './examples/LDPDev/test_predict_conf.json', 'component_parameters': {'common': {'hetero_secure_boost_0': {'task_type': 'classification', 'objective_param': {'objective': 'cross_entropy'}, 'num_trees': 3, 'validation_freqs': 1, 'encrypt_param': {'method': 'iterativeAffine'}, 'tree_param': {'max_depth': 3}}, 'evaluation_0': {'eval_type': 'binary'}}, 'role': {'host': {'0': {'reader_1': {'table': {'name': 'breast_hetero_host', 'namespace': 'experiment'}}, 'dataio_0': {'with_label': False}, 'dataio_1': {'with_label': False}, 'reader_0': {'table': {'name': 'breast_hetero_host', 'namespace': 'experiment'}}}}, 'guest': {'0': {'reader_1': {'table': {'name': 'breast_hetero_guest', 'namespace': 'experiment'}}, 'dataio_0': {'with_label': True, 'output_format': 'dense'}, 'dataio_1': {'with_label': True, 'output_format': 'dense'}, 'reader_0': {'table': {'name': 'breast_hetero_guest', 'namespace': 'experiment'}}}}}}, 'job_parameters': {'job_type': 'predict', 'work_mode': 0, 'backend': 0, 'computing_engine': 'STANDALONE', 'federation_engine': 'STANDALONE', 'storage_engine': 'STANDALONE', 'engines_address': {'computing': {'nodes': 1, 'cores_per_node': 20}, 'federation': {'nodes': 1, 'cores_per_node': 20}, 'storage': {'nodes': 1, 'cores_per_node': 20}}, 'federated_mode': 'SINGLE', 'task_parallelism': 1, 'computing_partitions': 4, 'federated_status_collect_type': 'PULL', 'model_id': 'guest-9999#host-9998#model', 'model_version': '2021061522023585229020', 'eggroll_run': {'eggroll.session.processors.per.node': 4}, 'spark_run': {}, 'rabbitmq_run': {}, 'pulsar_run': {}, 'adaptation_parameters': {'task_memory_per_node': 0, 'if_initiator_baseline': False, 'task_cores_per_node': 4, 'request_task_cores': 4, 'task_nodes': 1}}, 'dsl_path': './examples/LDPDev/dsl/v2/hetero_secureboost/test_secureboost_train_dsl.json', 'role': {'host': [9998], 'guest': [9999]}, 'dsl_version': 2, 'initiator': {'party_id': 9999, 'role': 'guest'}, 'local': {'role': 'guest', 'party_id': 9999}, 'CodePath': 'fate_flow/components/reader.py/Reader', 'module': 'Reader', 'output_data_name': ['data']}
[INFO] [2021-06-15 22:05:12,288] [3984:139640211384128] - task_executor.py[line:152]: Task input dsl {}
[INFO] [2021-06-15 22:05:12,447] [3984:139640211384128] - reader.py[line:66]: the STANDALONE input table needs to be transform format
[INFO] [2021-06-15 22:05:12,475] [3984:139640211384128] - reader.py[line:166]: start copying table
[INFO] [2021-06-15 22:05:12,475] [3984:139640211384128] - reader.py[line:168]: source table name: breast_hetero_guest namespace: experiment engine: STANDALONE
[INFO] [2021-06-15 22:05:12,476] [3984:139640211384128] - reader.py[line:170]: destination table name: c1b4a95ece2511eb9d460242ac110002 namespace: output_data_2021061522050718069622_reader_0_0 engine: STANDALONE
[INFO] [2021-06-15 22:05:12,554] [3984:139640211384128] - reader.py[line:194]: copy successfully
[INFO] [2021-06-15 22:05:12,634] [3984:139640211384128] - tracker_client.py[line:127]: Request save job 2021061522050718069622 task 2021061522050718069622_reader_0 0 on guest 9999 data data info
[INFO] [2021-06-15 22:05:12,660] [3984:139640211384128] - tracker_client.py[line:103]: Request save job 2021061522050718069622 task 2021061522050718069622_reader_0 0 on guest 9999 metric reader_namespace reader_name meta
[INFO] [2021-06-15 22:05:12,902] [3984:139640211384128] - profile.py[line:249]: 
Computing:
+----------+------------------------------------------+
| function |                                          |
+----------+------------------------------------------+
|  total   | n=0, sum=0.0000, mean=0.0000, max=0.0000 |
+----------+------------------------------------------+

Federation:
+--------+------------------------------------------+
|  get   |                                          |
+--------+------------------------------------------+
| remote |                                          |
+--------+------------------------------------------+
| total  | n=0, sum=0.0000, mean=0.0000, max=0.0000 |
+--------+------------------------------------------+

[INFO] [2021-06-15 22:05:12,903] [3984:139640211384128] - task_executor.py[line:313]: report task 2021061522050718069622_reader_0 0 guest 9999 to driver
[INFO] [2021-06-15 22:05:12,903] [3984:139640211384128] - control_client.py[line:42]: request update job 2021061522050718069622 task 2021061522050718069622_reader_0 0 on guest 9999
[INFO] [2021-06-15 22:05:12,985] [3984:139640211384128] - task_executor.py[line:202]: task 2021061522050718069622_reader_0 guest 9999 start time: 2021-06-15 22:05:11
[INFO] [2021-06-15 22:05:12,985] [3984:139640211384128] - task_executor.py[line:204]: task 2021061522050718069622_reader_0 guest 9999 end time: 2021-06-15 22:05:12
[INFO] [2021-06-15 22:05:12,985] [3984:139640211384128] - task_executor.py[line:206]: task 2021061522050718069622_reader_0 guest 9999 takes 1.205s
[INFO] [2021-06-15 22:05:12,986] [3984:139640211384128] - task_executor.py[line:209]: Finish 2021061522050718069622 reader_0 2021061522050718069622_reader_0 0 guest 9999 task success
[INFO] [2021-06-15 22:05:12,986] [3984:139640211384128] - task_executor.py[line:313]: report task 2021061522050718069622_reader_0 0 guest 9999 to driver
[INFO] [2021-06-15 22:05:12,986] [3984:139640211384128] - control_client.py[line:42]: request update job 2021061522050718069622 task 2021061522050718069622_reader_0 0 on guest 9999
