[INFO] [2021-06-13 16:41:22,856] [3651:139950919661376] - task_executor.py[line:313]: report task 202106131641153339446_reader_0 0 host 10000 to driver
[INFO] [2021-06-13 16:41:22,856] [3651:139950919661376] - control_client.py[line:42]: request update job 202106131641153339446 task 202106131641153339446_reader_0 0 on host 10000
[DEBUG] [2021-06-13 16:41:23,215] [3651:139950919661376] - _federation.py[line:15]: [federation.standalone]init federation: standalone_session=<fate_arch._standalone.Session object at 0x7f48dac759e8>, federation_session_id=202106131641153339446_reader_0_0, party=Party(role=host, party_id=10000)
[DEBUG] [2021-06-13 16:41:23,228] [3651:139950919661376] - _federation.py[line:23]: [federation.standalone]init federation context done
[INFO] [2021-06-13 16:41:23,228] [3651:139950919661376] - task_executor.py[line:150]: Run 202106131641153339446 reader_0 202106131641153339446_reader_0 host 10000 task
[INFO] [2021-06-13 16:41:23,229] [3651:139950919661376] - task_executor.py[line:151]: Component parameters on party {'ReaderParam': {'table': {'name': 'breast_hetero_host', 'namespace': 'experiment'}}, 'dsl_version': 2, 'initiator': {'role': 'guest', 'party_id': 9999}, 'role': {'host': [10000], 'guest': [9999]}, 'job_parameters': {'job_type': 'train', 'work_mode': 0, 'backend': 0, 'computing_engine': 'STANDALONE', 'federation_engine': 'STANDALONE', 'storage_engine': 'STANDALONE', 'engines_address': {'computing': {'nodes': 1, 'cores_per_node': 20}, 'federation': {'nodes': 1, 'cores_per_node': 20}, 'storage': {'nodes': 1, 'cores_per_node': 20}}, 'federated_mode': 'SINGLE', 'task_parallelism': 1, 'computing_partitions': 4, 'federated_status_collect_type': 'PULL', 'model_id': 'arbiter-10000#guest-9999#host-10000#model', 'model_version': '202106131641153339446', 'eggroll_run': {'eggroll.session.processors.per.node': 4}, 'spark_run': {}, 'rabbitmq_run': {}, 'pulsar_run': {}, 'adaptation_parameters': {'task_nodes': 1, 'task_cores_per_node': 4, 'task_memory_per_node': 0, 'request_task_cores': 4, 'if_initiator_baseline': False}}, 'component_parameters': {'role': {'guest': {'0': {'reader_0': {'table': {'name': 'breast_hetero_guest', 'namespace': 'experiment'}}, 'dataio_0': {'with_label': True, 'output_format': 'dense'}}}, 'host': {'0': {'reader_0': {'table': {'name': 'breast_hetero_host', 'namespace': 'experiment'}}, 'dataio_0': {'with_label': False}}}}, 'common': {'hetero_lr_0': {'optimizer': 'rmsprop', 'learning_rate': 0.15, 'max_iter': 10, 'early_stop': 'diff'}}}, 'dsl_path': '/tmp/tmpub7gxbc2/job_dsl.json', 'conf_path': '/tmp/tmpub7gxbc2/job_runtime_conf.json', 'local': {'role': 'host', 'party_id': 10000}, 'CodePath': 'fate_flow/components/reader.py/Reader', 'module': 'Reader', 'output_data_name': ['data']}
[INFO] [2021-06-13 16:41:23,229] [3651:139950919661376] - task_executor.py[line:152]: Task input dsl {}
[DEBUG] [2021-06-13 16:41:23,304] [3651:139950919661376] - apsw_ext.py[line:109]: ('SELECT "t1"."f_create_date", "t1"."f_update_date", "t1"."f_name", "t1"."f_namespace", "t1"."f_address", "t1"."f_engine", "t1"."f_type", "t1"."f_options", "t1"."f_partitions", "t1"."f_id_delimiter", "t1"."f_in_serialized", "t1"."f_have_head", "t1"."f_schema", "t1"."f_count", "t1"."f_part_of_data", "t1"."f_description", "t1"."f_create_time", "t1"."f_update_time" FROM "t_storage_table_meta" AS "t1" WHERE (("t1"."f_name" = ?) AND ("t1"."f_namespace" = ?))', ['breast_hetero_host', 'experiment'])
[ERROR] [2021-06-13 16:41:23,307] [3651:139950919661376] - task_executor.py[line:191]: can not found table name: breast_hetero_host namespace: experiment
Traceback (most recent call last):
  File "/fate/python/fate_flow/operation/task_executor.py", line 168, in run_task
    run_object.run(component_parameters_on_party, task_run_args)
  File "/fate/python/fate_flow/components/reader.py", line 51, in run
    output_storage_address=output_storage_address)
  File "/fate/python/fate_flow/components/reader.py", line 125, in convert_check
    raise RuntimeError(f"can not found table name: {input_name} namespace: {input_namespace}")
RuntimeError: can not found table name: breast_hetero_host namespace: experiment
[INFO] [2021-06-13 16:41:23,308] [3651:139950919661376] - task_executor.py[line:313]: report task 202106131641153339446_reader_0 0 host 10000 to driver
[INFO] [2021-06-13 16:41:23,308] [3651:139950919661376] - control_client.py[line:42]: request update job 202106131641153339446 task 202106131641153339446_reader_0 0 on host 10000
[INFO] [2021-06-13 16:41:23,415] [3651:139950919661376] - task_executor.py[line:202]: task 202106131641153339446_reader_0 host 10000 start time: 2021-06-13 16:41:22
[INFO] [2021-06-13 16:41:23,416] [3651:139950919661376] - task_executor.py[line:204]: task 202106131641153339446_reader_0 host 10000 end time: 2021-06-13 16:41:23
[INFO] [2021-06-13 16:41:23,416] [3651:139950919661376] - task_executor.py[line:206]: task 202106131641153339446_reader_0 host 10000 takes 0.649s
[INFO] [2021-06-13 16:41:23,416] [3651:139950919661376] - task_executor.py[line:209]: Finish 202106131641153339446 reader_0 202106131641153339446_reader_0 0 host 10000 task failed
[INFO] [2021-06-13 16:41:23,417] [3651:139950919661376] - task_executor.py[line:313]: report task 202106131641153339446_reader_0 0 host 10000 to driver
[INFO] [2021-06-13 16:41:23,417] [3651:139950919661376] - control_client.py[line:42]: request update job 202106131641153339446 task 202106131641153339446_reader_0 0 on host 10000
