[DEBUG] [2021-06-13 11:52:35,452] [2673:139815829055296] - profile.py[line:84]: [computing#22f4a65d94]function_stack: [secure_add_host.py:64]secure <-[secure_add_host.py:94]run
[DEBUG] [2021-06-13 11:52:35,452] [2673:139815829055296] - profile.py[line:87]: [computing#22f4a65d94]start
[DEBUG] [2021-06-13 11:52:42,380] [2673:139815829055296] - profile.py[line:93]: [computing#22f4a65d94]done, elapse: 6.928345441818237, function: mapValues(self: Table(partition=48), func: method) -> Table(partition=48)
[DEBUG] [2021-06-13 11:52:42,382] [2673:139815829055296] - profile.py[line:84]: [computing#6c384ecb9e]function_stack: [secure_add_host.py:65]secure <-[secure_add_host.py:94]run
[DEBUG] [2021-06-13 11:52:42,382] [2673:139815829055296] - profile.py[line:87]: [computing#6c384ecb9e]start
[DEBUG] [2021-06-13 11:52:44,621] [2673:139815829055296] - profile.py[line:93]: [computing#6c384ecb9e]done, elapse: 2.238527536392212, function: mapValues(self: Table(partition=48), func: function) -> Table(partition=48)
[DEBUG] [2021-06-13 11:52:44,622] [2673:139815829055296] - profile.py[line:84]: [computing#9a6a1b9345]function_stack: [secure_add_host.py:66]secure <-[secure_add_host.py:94]run
[DEBUG] [2021-06-13 11:52:44,623] [2673:139815829055296] - profile.py[line:87]: [computing#9a6a1b9345]start
[DEBUG] [2021-06-13 11:52:47,575] [2673:139815829055296] - profile.py[line:93]: [computing#9a6a1b9345]done, elapse: 2.952941656112671, function: mapValues(self: Table(partition=48), func: function) -> Table(partition=48)
[DEBUG] [2021-06-13 11:52:50,658] [2673:139815829055296] - profile.py[line:237]: [federation.get.federatedml.transfer_variable.transfer_class.secure_add_example_transfer_variable.SecureAddExampleTransferVariable.guest_share.default]host<-[Party(role=guest, party_id=10000)] start
[DEBUG] [2021-06-13 11:53:03,179] [2673:139815829055296] - profile.py[line:216]: [federation.get.federatedml.transfer_variable.transfer_class.secure_add_example_transfer_variable.SecureAddExampleTransferVariable.guest_share.default]host<-[Party(role=guest, party_id=10000)] done
[DEBUG] [2021-06-13 11:53:03,180] [2673:139815829055296] - profile.py[line:232]: [federation.remote.federatedml.transfer_variable.transfer_class.secure_add_example_transfer_variable.SecureAddExampleTransferVariable.host_share.default]host->[Party(role=guest, party_id=10000)] start
[DEBUG] [2021-06-13 11:53:16,755] [2673:139815829055296] - profile.py[line:185]: [federation.remote.federatedml.transfer_variable.transfer_class.secure_add_example_transfer_variable.SecureAddExampleTransferVariable.host_share.default]host->[Party(role=guest, party_id=10000)] done
[DEBUG] [2021-06-13 11:53:16,757] [2673:139815829055296] - profile.py[line:84]: [computing#ddff236459]function_stack: [secure_add_host.py:69]add <-[secure_add_host.py:103]run
[DEBUG] [2021-06-13 11:53:16,757] [2673:139815829055296] - profile.py[line:87]: [computing#ddff236459]start
[DEBUG] [2021-06-13 11:53:18,167] [2673:139815829055296] - profile.py[line:93]: [computing#ddff236459]done, elapse: 1.4107918739318848, function: join(self: Table(partition=48), other: Table(partition=48), func: function) -> Table(partition=48)
[DEBUG] [2021-06-13 11:53:18,169] [2673:139815829055296] - profile.py[line:84]: [computing#dd97fc8f89]function_stack: [secure_add_host.py:70]add <-[secure_add_host.py:103]run
[DEBUG] [2021-06-13 11:53:18,169] [2673:139815829055296] - profile.py[line:87]: [computing#dd97fc8f89]start
[DEBUG] [2021-06-13 11:53:18,393] [2673:139815829055296] - profile.py[line:93]: [computing#dd97fc8f89]done, elapse: 0.2243208885192871, function: reduce(self: Table(partition=48), func: function) -> float
[DEBUG] [2021-06-13 11:53:18,394] [2673:139815829055296] - profile.py[line:232]: [federation.remote.federatedml.transfer_variable.transfer_class.secure_add_example_transfer_variable.SecureAddExampleTransferVariable.host_sum.default]host->[Party(role=guest, party_id=10000)] start
[DEBUG] [2021-06-13 11:53:18,794] [2673:139815829055296] - profile.py[line:185]: [federation.remote.federatedml.transfer_variable.transfer_class.secure_add_example_transfer_variable.SecureAddExampleTransferVariable.host_sum.default]host->[Party(role=guest, party_id=10000)] done
[INFO] [2021-06-13 11:53:18,985] [2673:139815829055296] - profile.py[line:249]: 
Computing:
+----------+---------------------------------------------+
| function |  function    n   sum(s)   mean(s)   max(s)  |
|          | ----------- --- -------- --------- -------- |
|          |  mapValues   3   12.12     4.04     6.928   |
|          |    join      1   1.411     1.411    1.411   |
|          |   reduce     1   0.224     0.224    0.224   |
+----------+---------------------------------------------+
|  total   |  n=5, sum=13.7549, mean=2.7510, max=6.9283  |
+----------+---------------------------------------------+

Federation:
+--------+-------------------------------------------------------------------------------------------------------------+
|  get   |                                    name                                    | n | sum(s) | mean(s) | max(s)  |
|        | ---------------------------------------------------------------------------+---+--------+---------+-------- |
|        |  federatedml.transfer_variable.transfer_class.secure_add_example_transfer_ | 1 | 12.52  |  12.52  | 12.52   |
|        |            variable.SecureAddExampleTransferVariable.guest_share           |   |        |         |         |
+--------+-------------------------------------------------------------------------------------------------------------+
| remote |                                    name                                    | n | sum(s) | mean(s) | max(s)  |
|        | ---------------------------------------------------------------------------+---+--------+---------+-------- |
|        |  federatedml.transfer_variable.transfer_class.secure_add_example_transfer_ | 1 | 13.575 | 13.575  | 13.575  |
|        |            variable.SecureAddExampleTransferVariable.host_share            |   |        |         |         |
|        | ---------------------------------------------------------------------------+---+--------+---------+-------- |
|        |  federatedml.transfer_variable.transfer_class.secure_add_example_transfer_ | 1 | 0.399  |  0.399  | 0.399   |
|        |             variable.SecureAddExampleTransferVariable.host_sum             |   |        |         |         |
+--------+-------------------------------------------------------------------------------------------------------------+
| total  |                                 n=3, sum=26.4947, mean=8.8316, max=13.5750                                  |
+--------+-------------------------------------------------------------------------------------------------------------+

[DEBUG] [2021-06-13 11:53:18,986] [2673:139815829055296] - profile.py[line:250]: 
Detailed Computing:
+-------+------------------------------------------------------------------------------------------+
| stack |  function  │ n │ sum(s) │ mean(s) │ max(s) │ stack_hash │             stack              |
|       | ───────────┼───┼────────┼─────────┼────────┼────────────┼─────────────────────────────── |
|       |  mapValues │ 1 │ 6.9283 │ 6.9283  │ 6.9283 │ 22f4a65d94 │ [secure_add_host.py:64]secure  |
|       |            │   │        │         │        │            │ [secure_add_host.py:94]run     |
|       | ───────────┼───┼────────┼─────────┼────────┼────────────┼─────────────────────────────── |
|       |  mapValues │ 1 │ 2.9529 │ 2.9529  │ 2.9529 │ 9a6a1b9345 │ [secure_add_host.py:66]secure  |
|       |            │   │        │         │        │            │ [secure_add_host.py:94]run     |
|       | ───────────┼───┼────────┼─────────┼────────┼────────────┼─────────────────────────────── |
|       |  mapValues │ 1 │ 2.2385 │ 2.2385  │ 2.2385 │ 6c384ecb9e │ [secure_add_host.py:65]secure  |
|       |            │   │        │         │        │            │ [secure_add_host.py:94]run     |
|       | ───────────┼───┼────────┼─────────┼────────┼────────────┼─────────────────────────────── |
|       |    join    │ 1 │ 1.4108 │ 1.4108  │ 1.4108 │ ddff236459 │ [secure_add_host.py:69]add     |
|       |            │   │        │         │        │            │ [secure_add_host.py:103]run    |
|       | ───────────┼───┼────────┼─────────┼────────┼────────────┼─────────────────────────────── |
|       |   reduce   │ 1 │ 0.2243 │ 0.2243  │ 0.2243 │ dd97fc8f89 │ [secure_add_host.py:70]add     |
|       |            │   │        │         │        │            │ [secure_add_host.py:103]run    |
+-------+------------------------------------------------------------------------------------------+
| total |                        n=5, sum=13.7549, mean=2.7510, max=6.9283                         |
+-------+------------------------------------------------------------------------------------------+

