[DEBUG] [2021-06-13 21:03:54,098] [635:139894466291520] - profile.py[line:84]: [computing#41d092c3c4]function_stack: [component_properties.py:225]extract_input_data <-[component_properties.py:238]extract_running_rules <-[model_base.py:87]run
[DEBUG] [2021-06-13 21:03:54,098] [635:139894466291520] - profile.py[line:87]: [computing#41d092c3c4]start
[DEBUG] [2021-06-13 21:03:54,151] [635:139894466291520] - profile.py[line:93]: [computing#41d092c3c4]done, elapse: 0.053566694259643555, function: count(self: Table(partition=4)) -> int
[DEBUG] [2021-06-13 21:03:54,154] [635:139894466291520] - profile.py[line:84]: [computing#88170bdc05]function_stack: [intersect.py:361]intersect_join_id <-[intersect_guest.py:244]run_intersect <-[intersect_model.py:115]fit <-[model_base.py:98]run
[DEBUG] [2021-06-13 21:03:54,154] [635:139894466291520] - profile.py[line:87]: [computing#88170bdc05]start
[DEBUG] [2021-06-13 21:03:54,385] [635:139894466291520] - profile.py[line:93]: [computing#88170bdc05]done, elapse: 0.23108172416687012, function: mapValues(self: Table(partition=4), func: function) -> Table(partition=4)
[DEBUG] [2021-06-13 21:03:54,386] [635:139894466291520] - profile.py[line:237]: [federation.get.federatedml.transfer_variable.transfer_class.raw_intersect_transfer_variable.RawIntersectTransferVariable.send_ids_host.fit]guest<-[Party(role=host, party_id=9998)] start
[DEBUG] [2021-06-13 21:03:54,492] [635:139894466291520] - profile.py[line:216]: [federation.get.federatedml.transfer_variable.transfer_class.raw_intersect_transfer_variable.RawIntersectTransferVariable.send_ids_host.fit]guest<-[Party(role=host, party_id=9998)] done
[DEBUG] [2021-06-13 21:03:54,494] [635:139894466291520] - profile.py[line:84]: [computing#e4ab06a603]function_stack: [intersect.py:376]intersect_join_id <-[intersect_guest.py:244]run_intersect <-[intersect_model.py:115]fit <-[model_base.py:98]run
[DEBUG] [2021-06-13 21:03:54,494] [635:139894466291520] - profile.py[line:87]: [computing#e4ab06a603]start
[DEBUG] [2021-06-13 21:03:54,540] [635:139894466291520] - profile.py[line:93]: [computing#e4ab06a603]done, elapse: 0.04656338691711426, function: join(self: Table(partition=4), other: Table(partition=4), func: function) -> Table(partition=4)
[DEBUG] [2021-06-13 21:03:54,541] [635:139894466291520] - profile.py[line:232]: [federation.remote.federatedml.transfer_variable.transfer_class.raw_intersect_transfer_variable.RawIntersectTransferVariable.intersect_ids_guest.fit]guest->[Party(role=host, party_id=9998)] start
[DEBUG] [2021-06-13 21:03:54,575] [635:139894466291520] - profile.py[line:185]: [federation.remote.federatedml.transfer_variable.transfer_class.raw_intersect_transfer_variable.RawIntersectTransferVariable.intersect_ids_guest.fit]guest->[Party(role=host, party_id=9998)] done
[DEBUG] [2021-06-13 21:03:54,576] [635:139894466291520] - profile.py[line:84]: [computing#1e6e794ec8]function_stack: [intersect.py:82]_get_value_from_data <-[intersect.py:414]intersect_join_id <-[intersect_guest.py:244]run_intersect <-[intersect_model.py:115]fit <-[model_base.py:98]run
[DEBUG] [2021-06-13 21:03:54,577] [635:139894466291520] - profile.py[line:87]: [computing#1e6e794ec8]start
[DEBUG] [2021-06-13 21:03:54,613] [635:139894466291520] - profile.py[line:93]: [computing#1e6e794ec8]done, elapse: 0.03647899627685547, function: join(self: Table(partition=4), other: Table(partition=4), func: function) -> Table(partition=4)
[DEBUG] [2021-06-13 21:03:54,615] [635:139894466291520] - profile.py[line:84]: [computing#c784b16772]function_stack: [job_tracker.py:139]save_output_data <-[job_tracker.py:332]save_as_table <-[intersect.py:420]intersect_join_id <-[intersect_guest.py:244]run_intersect <-[intersect_model.py:115]fit <-[model_base.py:98]run
[DEBUG] [2021-06-13 21:03:54,615] [635:139894466291520] - profile.py[line:87]: [computing#c784b16772]start
[DEBUG] [2021-06-13 21:03:54,721] [635:139894466291520] - profile.py[line:93]: [computing#c784b16772]done, elapse: 0.10619497299194336, function: save(self: Table(partition=4), address: StandaloneAddress, partitions: int, schema: dict) -> NoneType
[DEBUG] [2021-06-13 21:03:54,722] [635:139894466291520] - profile.py[line:84]: [computing#a351b01960]function_stack: [job_tracker.py:142]save_output_data <-[job_tracker.py:332]save_as_table <-[intersect.py:420]intersect_join_id <-[intersect_guest.py:244]run_intersect <-[intersect_model.py:115]fit <-[model_base.py:98]run
[DEBUG] [2021-06-13 21:03:54,722] [635:139894466291520] - profile.py[line:87]: [computing#a351b01960]start
[DEBUG] [2021-06-13 21:03:54,723] [635:139894466291520] - profile.py[line:93]: [computing#a351b01960]done, elapse: 0.0008594989776611328, function: collect(self: Table(partition=4)) -> generator
[DEBUG] [2021-06-13 21:03:54,727] [635:139894466291520] - profile.py[line:84]: [computing#ac0fa8963f]function_stack: [job_tracker.py:147]save_output_data <-[job_tracker.py:332]save_as_table <-[intersect.py:420]intersect_join_id <-[intersect_guest.py:244]run_intersect <-[intersect_model.py:115]fit <-[model_base.py:98]run
[DEBUG] [2021-06-13 21:03:54,727] [635:139894466291520] - profile.py[line:87]: [computing#ac0fa8963f]start
[DEBUG] [2021-06-13 21:03:54,730] [635:139894466291520] - profile.py[line:93]: [computing#ac0fa8963f]done, elapse: 0.0036606788635253906, function: count(self: Table(partition=4)) -> int
[DEBUG] [2021-06-13 21:03:54,808] [635:139894466291520] - profile.py[line:84]: [computing#d211fdd088]function_stack: [intersect_model.py:139]fit <-[model_base.py:98]run
[DEBUG] [2021-06-13 21:03:54,808] [635:139894466291520] - profile.py[line:87]: [computing#d211fdd088]start
[DEBUG] [2021-06-13 21:03:54,811] [635:139894466291520] - profile.py[line:93]: [computing#d211fdd088]done, elapse: 0.0035126209259033203, function: count(self: Table(partition=4)) -> int
[DEBUG] [2021-06-13 21:03:54,812] [635:139894466291520] - profile.py[line:84]: [computing#1f115043d3]function_stack: [intersect_model.py:140]fit <-[model_base.py:98]run
[DEBUG] [2021-06-13 21:03:54,812] [635:139894466291520] - profile.py[line:87]: [computing#1f115043d3]start
[DEBUG] [2021-06-13 21:03:54,815] [635:139894466291520] - profile.py[line:93]: [computing#1f115043d3]done, elapse: 0.0026798248291015625, function: count(self: Table(partition=4)) -> int
[INFO] [2021-06-13 21:03:55,240] [635:139894466291520] - profile.py[line:249]: 
Computing:
+----------+---------------------------------------------+
| function |  function    n   sum(s)   mean(s)   max(s)  |
|          | ----------- --- -------- --------- -------- |
|          |  mapValues   1   0.231     0.231    0.231   |
|          |    save      1   0.106     0.106    0.106   |
|          |    join      2   0.083     0.042    0.047   |
|          |    count     4   0.063     0.016    0.054   |
|          |   collect    1   0.001     0.001    0.001   |
+----------+---------------------------------------------+
|  total   |  n=9, sum=0.4846, mean=0.0538, max=0.2311   |
+----------+---------------------------------------------+

Federation:
+--------+-------------------------------------------------------------------------------------------------------------+
|  get   |                                    name                                    | n | sum(s) | mean(s) | max(s)  |
|        | ---------------------------------------------------------------------------+---+--------+---------+-------- |
|        |  federatedml.transfer_variable.transfer_class.raw_intersect_transfer_varia | 1 | 0.106  |  0.106  | 0.106   |
|        |               ble.RawIntersectTransferVariable.send_ids_host               |   |        |         |         |
+--------+-------------------------------------------------------------------------------------------------------------+
| remote |                                    name                                    | n | sum(s) | mean(s) | max(s)  |
|        | ---------------------------------------------------------------------------+---+--------+---------+-------- |
|        |  federatedml.transfer_variable.transfer_class.raw_intersect_transfer_varia | 1 | 0.034  |  0.034  | 0.034   |
|        |            ble.RawIntersectTransferVariable.intersect_ids_guest            |   |        |         |         |
+--------+-------------------------------------------------------------------------------------------------------------+
| total  |                                  n=2, sum=0.1398, mean=0.0699, max=0.1057                                   |
+--------+-------------------------------------------------------------------------------------------------------------+

[DEBUG] [2021-06-13 21:03:55,241] [635:139894466291520] - profile.py[line:250]: 
Detailed Computing:
+-------+--------------------------------------------------------------------------------------------------------------+
| stack |  function  │ n │ sum(s) │ mean(s) │ max(s) │ stack_hash │                       stack                        |
|       | ───────────┼───┼────────┼─────────┼────────┼────────────┼─────────────────────────────────────────────────── |
|       |  mapValues │ 1 │ 0.2311 │ 0.2311  │ 0.2311 │ 88170bdc05 │ [intersect.py:361]intersect_join_id                |
|       |            │   │        │         │        │            │ [intersect_guest.py:244]run_intersect              |
|       |            │   │        │         │        │            │ [intersect_model.py:115]fit                        |
|       |            │   │        │         │        │            │ [model_base.py:98]run                              |
|       | ───────────┼───┼────────┼─────────┼────────┼────────────┼─────────────────────────────────────────────────── |
|       |    save    │ 1 │ 0.1062 │ 0.1062  │ 0.1062 │ c784b16772 │ [job_tracker.py:139]save_output_data               |
|       |            │   │        │         │        │            │ [job_tracker.py:332]save_as_table                  |
|       |            │   │        │         │        │            │ [intersect.py:420]intersect_join_id                |
|       |            │   │        │         │        │            │ [intersect_guest.py:244]run_intersect              |
|       |            │   │        │         │        │            │ [intersect_model.py:115]fit                        |
|       |            │   │        │         │        │            │ [model_base.py:98]run                              |
|       | ───────────┼───┼────────┼─────────┼────────┼────────────┼─────────────────────────────────────────────────── |
|       |    count   │ 1 │ 0.0536 │ 0.0536  │ 0.0536 │ 41d092c3c4 │ [component_properties.py:225]extract_input_data    |
|       |            │   │        │         │        │            │ [component_properties.py:238]extract_running_rule  |
|       |            │   │        │         │        │            │ s                                                  |
|       |            │   │        │         │        │            │ [model_base.py:87]run                              |
|       | ───────────┼───┼────────┼─────────┼────────┼────────────┼─────────────────────────────────────────────────── |
|       |    join    │ 1 │ 0.0466 │ 0.0466  │ 0.0466 │ e4ab06a603 │ [intersect.py:376]intersect_join_id                |
|       |            │   │        │         │        │            │ [intersect_guest.py:244]run_intersect              |
|       |            │   │        │         │        │            │ [intersect_model.py:115]fit                        |
|       |            │   │        │         │        │            │ [model_base.py:98]run                              |
|       | ───────────┼───┼────────┼─────────┼────────┼────────────┼─────────────────────────────────────────────────── |
|       |    join    │ 1 │ 0.0365 │ 0.0365  │ 0.0365 │ 1e6e794ec8 │ [intersect.py:82]_get_value_from_data              |
|       |            │   │        │         │        │            │ [intersect.py:414]intersect_join_id                |
|       |            │   │        │         │        │            │ [intersect_guest.py:244]run_intersect              |
|       |            │   │        │         │        │            │ [intersect_model.py:115]fit                        |
|       |            │   │        │         │        │            │ [model_base.py:98]run                              |
|       | ───────────┼───┼────────┼─────────┼────────┼────────────┼─────────────────────────────────────────────────── |
|       |    count   │ 1 │ 0.0037 │ 0.0037  │ 0.0037 │ ac0fa8963f │ [job_tracker.py:147]save_output_data               |
|       |            │   │        │         │        │            │ [job_tracker.py:332]save_as_table                  |
|       |            │   │        │         │        │            │ [intersect.py:420]intersect_join_id                |
|       |            │   │        │         │        │            │ [intersect_guest.py:244]run_intersect              |
|       |            │   │        │         │        │            │ [intersect_model.py:115]fit                        |
|       |            │   │        │         │        │            │ [model_base.py:98]run                              |
|       | ───────────┼───┼────────┼─────────┼────────┼────────────┼─────────────────────────────────────────────────── |
|       |    count   │ 1 │ 0.0035 │ 0.0035  │ 0.0035 │ d211fdd088 │ [intersect_model.py:139]fit                        |
|       |            │   │        │         │        │            │ [model_base.py:98]run                              |
|       | ───────────┼───┼────────┼─────────┼────────┼────────────┼─────────────────────────────────────────────────── |
|       |    count   │ 1 │ 0.0027 │ 0.0027  │ 0.0027 │ 1f115043d3 │ [intersect_model.py:140]fit                        |
|       |            │   │        │         │        │            │ [model_base.py:98]run                              |
|       | ───────────┼───┼────────┼─────────┼────────┼────────────┼─────────────────────────────────────────────────── |
|       |   collect  │ 1 │ 0.0009 │ 0.0009  │ 0.0009 │ a351b01960 │ [job_tracker.py:142]save_output_data               |
|       |            │   │        │         │        │            │ [job_tracker.py:332]save_as_table                  |
|       |            │   │        │         │        │            │ [intersect.py:420]intersect_join_id                |
|       |            │   │        │         │        │            │ [intersect_guest.py:244]run_intersect              |
|       |            │   │        │         │        │            │ [intersect_model.py:115]fit                        |
|       |            │   │        │         │        │            │ [model_base.py:98]run                              |
+-------+--------------------------------------------------------------------------------------------------------------+
| total |                                   n=9, sum=0.4846, mean=0.0538, max=0.2311                                   |
+-------+--------------------------------------------------------------------------------------------------------------+

