[INFO] [2021-06-13 11:52:33,005] [2673:139815829055296] - task_executor.py[line:313]: report task 202106131152285573461_secure_add_example_0 0 host 10000 to driver
[INFO] [2021-06-13 11:52:33,005] [2673:139815829055296] - control_client.py[line:42]: request update job 202106131152285573461 task 202106131152285573461_secure_add_example_0 0 on host 10000
[DEBUG] [2021-06-13 11:52:33,501] [2673:139815829055296] - _federation.py[line:15]: [federation.standalone]init federation: standalone_session=<fate_arch._standalone.Session object at 0x7f29688d6748>, federation_session_id=202106131152285573461_secure_add_example_0_0, party=Party(role=host, party_id=10000)
[DEBUG] [2021-06-13 11:52:33,521] [2673:139815829055296] - _federation.py[line:23]: [federation.standalone]init federation context done
[INFO] [2021-06-13 11:52:33,522] [2673:139815829055296] - task_executor.py[line:150]: Run 202106131152285573461 secure_add_example_0 202106131152285573461_secure_add_example_0 host 10000 task
[INFO] [2021-06-13 11:52:33,522] [2673:139815829055296] - task_executor.py[line:151]: Component parameters on party {'SecureAddExampleParam': {'seed': 321, 'partition': 48, 'data_num': 1000}, 'initiator': {'role': 'guest', 'party_id': 10000}, 'job_parameters': {'job_type': 'train', 'work_mode': 0, 'backend': 0, 'computing_engine': 'STANDALONE', 'federation_engine': 'STANDALONE', 'storage_engine': 'STANDALONE', 'engines_address': {'computing': {'nodes': 1, 'cores_per_node': 20}, 'federation': {'nodes': 1, 'cores_per_node': 20}, 'storage': {'nodes': 1, 'cores_per_node': 20}}, 'federated_mode': 'SINGLE', 'task_cores': 2, 'task_parallelism': 1, 'computing_partitions': 2, 'federated_status_collect_type': 'PULL', 'model_id': 'guest-10000#host-10000#model', 'model_version': '202106131152285573461', 'eggroll_run': {'eggroll.session.processors.per.node': 2}, 'spark_run': {}, 'rabbitmq_run': {}, 'pulsar_run': {}, 'adaptation_parameters': {'task_nodes': 1, 'task_cores_per_node': 2, 'task_memory_per_node': 0, 'request_task_cores': 2, 'if_initiator_baseline': False}}, 'role': {'guest': [10000], 'host': [10000]}, 'config': '/fate/examples/toy_example/test/toy_example_conf.json_1623585147_1232', 'dsl': '/fate/examples/toy_example/toy_example_dsl.json', 'function': 'submit_job', 'local': {'role': 'host', 'party_id': 10000}, 'CodePath': 'federatedml/toy_example/secure_add_host.py/SecureAddHost', 'module': 'SecureAddExample', 'output_data_name': None}
[INFO] [2021-06-13 11:52:33,523] [2673:139815829055296] - task_executor.py[line:152]: Task input dsl {}
[INFO] [2021-06-13 11:52:34,071] [2673:139815829055296] - secure_add_host.py[line:87]: begin to init parameters of secure add example host
[INFO] [2021-06-13 11:52:34,072] [2673:139815829055296] - secure_add_host.py[line:90]: begin to make host data
[INFO] [2021-06-13 11:52:35,450] [2673:139815829055296] - secure_add_host.py[line:93]: split data into two random parts
[DEBUG] [2021-06-13 11:52:35,452] [2673:139815829055296] - profile.py[line:84]: [computing#22f4a65d94]function_stack: [secure_add_host.py:64]secure <-[secure_add_host.py:94]run
[DEBUG] [2021-06-13 11:52:35,452] [2673:139815829055296] - profile.py[line:87]: [computing#22f4a65d94]start
[DEBUG] [2021-06-13 11:52:42,380] [2673:139815829055296] - profile.py[line:93]: [computing#22f4a65d94]done, elapse: 6.928345441818237, function: mapValues(self: Table(partition=48), func: method) -> Table(partition=48)
[DEBUG] [2021-06-13 11:52:42,382] [2673:139815829055296] - profile.py[line:84]: [computing#6c384ecb9e]function_stack: [secure_add_host.py:65]secure <-[secure_add_host.py:94]run
[DEBUG] [2021-06-13 11:52:42,382] [2673:139815829055296] - profile.py[line:87]: [computing#6c384ecb9e]start
[DEBUG] [2021-06-13 11:52:44,621] [2673:139815829055296] - profile.py[line:93]: [computing#6c384ecb9e]done, elapse: 2.238527536392212, function: mapValues(self: Table(partition=48), func: function) -> Table(partition=48)
[DEBUG] [2021-06-13 11:52:44,622] [2673:139815829055296] - profile.py[line:84]: [computing#9a6a1b9345]function_stack: [secure_add_host.py:66]secure <-[secure_add_host.py:94]run
[DEBUG] [2021-06-13 11:52:44,623] [2673:139815829055296] - profile.py[line:87]: [computing#9a6a1b9345]start
[DEBUG] [2021-06-13 11:52:47,575] [2673:139815829055296] - profile.py[line:93]: [computing#9a6a1b9345]done, elapse: 2.952941656112671, function: mapValues(self: Table(partition=48), func: function) -> Table(partition=48)
[INFO] [2021-06-13 11:52:50,657] [2673:139815829055296] - secure_add_host.py[line:96]: get share of one random part data from guest
[DEBUG] [2021-06-13 11:52:50,658] [2673:139815829055296] - profile.py[line:237]: [federation.get.federatedml.transfer_variable.transfer_class.secure_add_example_transfer_variable.SecureAddExampleTransferVariable.guest_share.default]host<-[Party(role=guest, party_id=10000)] start
[DEBUG] [2021-06-13 11:52:50,659] [2673:139815829055296] - _standalone.py[line:564]: [federation.standalone.get.hash.5041d1ce9a14064a36e7.guest_share.default]
[DEBUG] [2021-06-13 11:53:02,685] [2673:139815829055296] - _standalone.py[line:643]: [GET] Got 202106131152285573461_secure_add_example_0_0-hash.5041d1ce9a14064a36e7.guest_share-default-guest-10000-host-10000 type Table
[DEBUG] [2021-06-13 11:53:02,687] [2673:139815829055296] - _standalone.py[line:581]: [federation.standalone.get.hash.5041d1ce9a14064a36e7.guest_share.default] got Table(namespace=202106131152285573461_secure_add_example_0_0_guest_10000, name=e113f474-cc3d-11eb-990b-0242ac110002, partitions=48)
[DEBUG] [2021-06-13 11:53:03,179] [2673:139815829055296] - profile.py[line:216]: [federation.get.federatedml.transfer_variable.transfer_class.secure_add_example_transfer_variable.SecureAddExampleTransferVariable.guest_share.default]host<-[Party(role=guest, party_id=10000)] done
[INFO] [2021-06-13 11:53:03,179] [2673:139815829055296] - secure_add_host.py[line:99]: share one random part data to guest
[DEBUG] [2021-06-13 11:53:03,180] [2673:139815829055296] - profile.py[line:232]: [federation.remote.federatedml.transfer_variable.transfer_class.secure_add_example_transfer_variable.SecureAddExampleTransferVariable.host_share.default]host->[Party(role=guest, party_id=10000)] start
[DEBUG] [2021-06-13 11:53:03,180] [2673:139815829055296] - _standalone.py[line:535]: [federation.standalone.remote.hash.d80c5eb8797618002f85.host_share.default]remote data, type=<class 'fate_arch._standalone.Table'>
[DEBUG] [2021-06-13 11:53:03,180] [2673:139815829055296] - _standalone.py[line:539]: [federation.standalone.remote.hash.d80c5eb8797618002f85.host_share.default]remote Table(namespace=202106131152285573461_secure_add_example_0_0_host_10000, name=dc2b5a92-cc3d-11eb-91df-0242ac110002, partitions=48)
[DEBUG] [2021-06-13 11:53:03,181] [2673:139815829055296] - _standalone.py[line:550]: [federation.standalone.remote.hash.d80c5eb8797618002f85.host_share.default]save Table(namespace=202106131152285573461_secure_add_example_0_0_host_10000, name=dc2b5a92-cc3d-11eb-91df-0242ac110002, partitions=48) as Table(namespace=202106131152285573461_secure_add_example_0_0_host_10000, name=e890df28-cc3d-11eb-91df-0242ac110002, partitions=48)
[DEBUG] [2021-06-13 11:53:16,755] [2673:139815829055296] - profile.py[line:185]: [federation.remote.federatedml.transfer_variable.transfer_class.secure_add_example_transfer_variable.SecureAddExampleTransferVariable.host_share.default]host->[Party(role=guest, party_id=10000)] done
[INFO] [2021-06-13 11:53:16,755] [2673:139815829055296] - secure_add_host.py[line:102]: begin to get sum of host and guest
[DEBUG] [2021-06-13 11:53:16,757] [2673:139815829055296] - profile.py[line:84]: [computing#ddff236459]function_stack: [secure_add_host.py:69]add <-[secure_add_host.py:103]run
[DEBUG] [2021-06-13 11:53:16,757] [2673:139815829055296] - profile.py[line:87]: [computing#ddff236459]start
[DEBUG] [2021-06-13 11:53:18,167] [2673:139815829055296] - profile.py[line:93]: [computing#ddff236459]done, elapse: 1.4107918739318848, function: join(self: Table(partition=48), other: Table(partition=48), func: function) -> Table(partition=48)
[DEBUG] [2021-06-13 11:53:18,169] [2673:139815829055296] - profile.py[line:84]: [computing#dd97fc8f89]function_stack: [secure_add_host.py:70]add <-[secure_add_host.py:103]run
[DEBUG] [2021-06-13 11:53:18,169] [2673:139815829055296] - profile.py[line:87]: [computing#dd97fc8f89]start
[DEBUG] [2021-06-13 11:53:18,393] [2673:139815829055296] - profile.py[line:93]: [computing#dd97fc8f89]done, elapse: 0.2243208885192871, function: reduce(self: Table(partition=48), func: function) -> float
[INFO] [2021-06-13 11:53:18,394] [2673:139815829055296] - secure_add_host.py[line:105]: send host sum to guest
[DEBUG] [2021-06-13 11:53:18,394] [2673:139815829055296] - profile.py[line:232]: [federation.remote.federatedml.transfer_variable.transfer_class.secure_add_example_transfer_variable.SecureAddExampleTransferVariable.host_sum.default]host->[Party(role=guest, party_id=10000)] start
[DEBUG] [2021-06-13 11:53:18,394] [2673:139815829055296] - _standalone.py[line:535]: [federation.standalone.remote.hash.202137af1a7fdcf8862f.host_sum.default]remote data, type=<class 'float'>
[DEBUG] [2021-06-13 11:53:18,395] [2673:139815829055296] - _standalone.py[line:543]: [federation.standalone.remote.hash.202137af1a7fdcf8862f.host_sum.default]remote object with type: <class 'float'>
[DEBUG] [2021-06-13 11:53:18,794] [2673:139815829055296] - profile.py[line:185]: [federation.remote.federatedml.transfer_variable.transfer_class.secure_add_example_transfer_variable.SecureAddExampleTransferVariable.host_sum.default]host->[Party(role=guest, party_id=10000)] done
[INFO] [2021-06-13 11:53:18,985] [2673:139815829055296] - profile.py[line:249]: 
Computing:
+----------+---------------------------------------------+
| function |  function    n   sum(s)   mean(s)   max(s)  |
|          | ----------- --- -------- --------- -------- |
|          |  mapValues   3   12.12     4.04     6.928   |
|          |    join      1   1.411     1.411    1.411   |
|          |   reduce     1   0.224     0.224    0.224   |
+----------+---------------------------------------------+
|  total   |  n=5, sum=13.7549, mean=2.7510, max=6.9283  |
+----------+---------------------------------------------+

Federation:
+--------+-------------------------------------------------------------------------------------------------------------+
|  get   |                                    name                                    | n | sum(s) | mean(s) | max(s)  |
|        | ---------------------------------------------------------------------------+---+--------+---------+-------- |
|        |  federatedml.transfer_variable.transfer_class.secure_add_example_transfer_ | 1 | 12.52  |  12.52  | 12.52   |
|        |            variable.SecureAddExampleTransferVariable.guest_share           |   |        |         |         |
+--------+-------------------------------------------------------------------------------------------------------------+
| remote |                                    name                                    | n | sum(s) | mean(s) | max(s)  |
|        | ---------------------------------------------------------------------------+---+--------+---------+-------- |
|        |  federatedml.transfer_variable.transfer_class.secure_add_example_transfer_ | 1 | 13.575 | 13.575  | 13.575  |
|        |            variable.SecureAddExampleTransferVariable.host_share            |   |        |         |         |
|        | ---------------------------------------------------------------------------+---+--------+---------+-------- |
|        |  federatedml.transfer_variable.transfer_class.secure_add_example_transfer_ | 1 | 0.399  |  0.399  | 0.399   |
|        |             variable.SecureAddExampleTransferVariable.host_sum             |   |        |         |         |
+--------+-------------------------------------------------------------------------------------------------------------+
| total  |                                 n=3, sum=26.4947, mean=8.8316, max=13.5750                                  |
+--------+-------------------------------------------------------------------------------------------------------------+

[DEBUG] [2021-06-13 11:53:18,986] [2673:139815829055296] - profile.py[line:250]: 
Detailed Computing:
+-------+------------------------------------------------------------------------------------------+
| stack |  function  │ n │ sum(s) │ mean(s) │ max(s) │ stack_hash │             stack              |
|       | ───────────┼───┼────────┼─────────┼────────┼────────────┼─────────────────────────────── |
|       |  mapValues │ 1 │ 6.9283 │ 6.9283  │ 6.9283 │ 22f4a65d94 │ [secure_add_host.py:64]secure  |
|       |            │   │        │         │        │            │ [secure_add_host.py:94]run     |
|       | ───────────┼───┼────────┼─────────┼────────┼────────────┼─────────────────────────────── |
|       |  mapValues │ 1 │ 2.9529 │ 2.9529  │ 2.9529 │ 9a6a1b9345 │ [secure_add_host.py:66]secure  |
|       |            │   │        │         │        │            │ [secure_add_host.py:94]run     |
|       | ───────────┼───┼────────┼─────────┼────────┼────────────┼─────────────────────────────── |
|       |  mapValues │ 1 │ 2.2385 │ 2.2385  │ 2.2385 │ 6c384ecb9e │ [secure_add_host.py:65]secure  |
|       |            │   │        │         │        │            │ [secure_add_host.py:94]run     |
|       | ───────────┼───┼────────┼─────────┼────────┼────────────┼─────────────────────────────── |
|       |    join    │ 1 │ 1.4108 │ 1.4108  │ 1.4108 │ ddff236459 │ [secure_add_host.py:69]add     |
|       |            │   │        │         │        │            │ [secure_add_host.py:103]run    |
|       | ───────────┼───┼────────┼─────────┼────────┼────────────┼─────────────────────────────── |
|       |   reduce   │ 1 │ 0.2243 │ 0.2243  │ 0.2243 │ dd97fc8f89 │ [secure_add_host.py:70]add     |
|       |            │   │        │         │        │            │ [secure_add_host.py:103]run    |
+-------+------------------------------------------------------------------------------------------+
| total |                        n=5, sum=13.7549, mean=2.7510, max=6.9283                         |
+-------+------------------------------------------------------------------------------------------+

[INFO] [2021-06-13 11:53:18,986] [2673:139815829055296] - task_executor.py[line:313]: report task 202106131152285573461_secure_add_example_0 0 host 10000 to driver
[INFO] [2021-06-13 11:53:18,987] [2673:139815829055296] - control_client.py[line:42]: request update job 202106131152285573461 task 202106131152285573461_secure_add_example_0 0 on host 10000
[INFO] [2021-06-13 11:53:19,055] [2673:139815829055296] - task_executor.py[line:202]: task 202106131152285573461_secure_add_example_0 host 10000 start time: 2021-06-13 11:52:32
[INFO] [2021-06-13 11:53:19,055] [2673:139815829055296] - task_executor.py[line:204]: task 202106131152285573461_secure_add_example_0 host 10000 end time: 2021-06-13 11:53:18
[INFO] [2021-06-13 11:53:19,055] [2673:139815829055296] - task_executor.py[line:206]: task 202106131152285573461_secure_add_example_0 host 10000 takes 46.216s
[INFO] [2021-06-13 11:53:19,055] [2673:139815829055296] - task_executor.py[line:209]: Finish 202106131152285573461 secure_add_example_0 202106131152285573461_secure_add_example_0 0 host 10000 task success
