[INFO] [2021-06-13 11:52:33,005] [2673:139815829055296] - task_executor.py[line:313]: report task 202106131152285573461_secure_add_example_0 0 host 10000 to driver
[INFO] [2021-06-13 11:52:33,005] [2673:139815829055296] - control_client.py[line:42]: request update job 202106131152285573461 task 202106131152285573461_secure_add_example_0 0 on host 10000
[INFO] [2021-06-13 11:52:33,522] [2673:139815829055296] - task_executor.py[line:150]: Run 202106131152285573461 secure_add_example_0 202106131152285573461_secure_add_example_0 host 10000 task
[INFO] [2021-06-13 11:52:33,522] [2673:139815829055296] - task_executor.py[line:151]: Component parameters on party {'SecureAddExampleParam': {'seed': 321, 'partition': 48, 'data_num': 1000}, 'initiator': {'role': 'guest', 'party_id': 10000}, 'job_parameters': {'job_type': 'train', 'work_mode': 0, 'backend': 0, 'computing_engine': 'STANDALONE', 'federation_engine': 'STANDALONE', 'storage_engine': 'STANDALONE', 'engines_address': {'computing': {'nodes': 1, 'cores_per_node': 20}, 'federation': {'nodes': 1, 'cores_per_node': 20}, 'storage': {'nodes': 1, 'cores_per_node': 20}}, 'federated_mode': 'SINGLE', 'task_cores': 2, 'task_parallelism': 1, 'computing_partitions': 2, 'federated_status_collect_type': 'PULL', 'model_id': 'guest-10000#host-10000#model', 'model_version': '202106131152285573461', 'eggroll_run': {'eggroll.session.processors.per.node': 2}, 'spark_run': {}, 'rabbitmq_run': {}, 'pulsar_run': {}, 'adaptation_parameters': {'task_nodes': 1, 'task_cores_per_node': 2, 'task_memory_per_node': 0, 'request_task_cores': 2, 'if_initiator_baseline': False}}, 'role': {'guest': [10000], 'host': [10000]}, 'config': '/fate/examples/toy_example/test/toy_example_conf.json_1623585147_1232', 'dsl': '/fate/examples/toy_example/toy_example_dsl.json', 'function': 'submit_job', 'local': {'role': 'host', 'party_id': 10000}, 'CodePath': 'federatedml/toy_example/secure_add_host.py/SecureAddHost', 'module': 'SecureAddExample', 'output_data_name': None}
[INFO] [2021-06-13 11:52:33,523] [2673:139815829055296] - task_executor.py[line:152]: Task input dsl {}
[INFO] [2021-06-13 11:52:34,071] [2673:139815829055296] - secure_add_host.py[line:87]: begin to init parameters of secure add example host
[INFO] [2021-06-13 11:52:34,072] [2673:139815829055296] - secure_add_host.py[line:90]: begin to make host data
[INFO] [2021-06-13 11:52:35,450] [2673:139815829055296] - secure_add_host.py[line:93]: split data into two random parts
[INFO] [2021-06-13 11:52:50,657] [2673:139815829055296] - secure_add_host.py[line:96]: get share of one random part data from guest
[INFO] [2021-06-13 11:53:03,179] [2673:139815829055296] - secure_add_host.py[line:99]: share one random part data to guest
[INFO] [2021-06-13 11:53:16,755] [2673:139815829055296] - secure_add_host.py[line:102]: begin to get sum of host and guest
[INFO] [2021-06-13 11:53:18,394] [2673:139815829055296] - secure_add_host.py[line:105]: send host sum to guest
[INFO] [2021-06-13 11:53:18,985] [2673:139815829055296] - profile.py[line:249]: 
Computing:
+----------+---------------------------------------------+
| function |  function    n   sum(s)   mean(s)   max(s)  |
|          | ----------- --- -------- --------- -------- |
|          |  mapValues   3   12.12     4.04     6.928   |
|          |    join      1   1.411     1.411    1.411   |
|          |   reduce     1   0.224     0.224    0.224   |
+----------+---------------------------------------------+
|  total   |  n=5, sum=13.7549, mean=2.7510, max=6.9283  |
+----------+---------------------------------------------+

Federation:
+--------+-------------------------------------------------------------------------------------------------------------+
|  get   |                                    name                                    | n | sum(s) | mean(s) | max(s)  |
|        | ---------------------------------------------------------------------------+---+--------+---------+-------- |
|        |  federatedml.transfer_variable.transfer_class.secure_add_example_transfer_ | 1 | 12.52  |  12.52  | 12.52   |
|        |            variable.SecureAddExampleTransferVariable.guest_share           |   |        |         |         |
+--------+-------------------------------------------------------------------------------------------------------------+
| remote |                                    name                                    | n | sum(s) | mean(s) | max(s)  |
|        | ---------------------------------------------------------------------------+---+--------+---------+-------- |
|        |  federatedml.transfer_variable.transfer_class.secure_add_example_transfer_ | 1 | 13.575 | 13.575  | 13.575  |
|        |            variable.SecureAddExampleTransferVariable.host_share            |   |        |         |         |
|        | ---------------------------------------------------------------------------+---+--------+---------+-------- |
|        |  federatedml.transfer_variable.transfer_class.secure_add_example_transfer_ | 1 | 0.399  |  0.399  | 0.399   |
|        |             variable.SecureAddExampleTransferVariable.host_sum             |   |        |         |         |
+--------+-------------------------------------------------------------------------------------------------------------+
| total  |                                 n=3, sum=26.4947, mean=8.8316, max=13.5750                                  |
+--------+-------------------------------------------------------------------------------------------------------------+

[INFO] [2021-06-13 11:53:18,986] [2673:139815829055296] - task_executor.py[line:313]: report task 202106131152285573461_secure_add_example_0 0 host 10000 to driver
[INFO] [2021-06-13 11:53:18,987] [2673:139815829055296] - control_client.py[line:42]: request update job 202106131152285573461 task 202106131152285573461_secure_add_example_0 0 on host 10000
[INFO] [2021-06-13 11:53:19,055] [2673:139815829055296] - task_executor.py[line:202]: task 202106131152285573461_secure_add_example_0 host 10000 start time: 2021-06-13 11:52:32
[INFO] [2021-06-13 11:53:19,055] [2673:139815829055296] - task_executor.py[line:204]: task 202106131152285573461_secure_add_example_0 host 10000 end time: 2021-06-13 11:53:18
[INFO] [2021-06-13 11:53:19,055] [2673:139815829055296] - task_executor.py[line:206]: task 202106131152285573461_secure_add_example_0 host 10000 takes 46.216s
[INFO] [2021-06-13 11:53:19,055] [2673:139815829055296] - task_executor.py[line:209]: Finish 202106131152285573461 secure_add_example_0 202106131152285573461_secure_add_example_0 0 host 10000 task success
