[INFO] [2021-06-15 21:41:13,383] [2864:140640813619008] - control_client.py[line:42]: request update job 2021061521410943464816 task 2021061521410943464816_upload_0 0 on local 0
[DEBUG] [2021-06-15 21:41:13,764] [2864:140640813619008] - _federation.py[line:15]: [federation.standalone]init federation: standalone_session=<fate_arch._standalone.Session object at 0x7fe97d7fe8d0>, federation_session_id=2021061521410943464816_upload_0_0, party=Party(role=local, party_id=0)
[DEBUG] [2021-06-15 21:41:13,785] [2864:140640813619008] - _federation.py[line:23]: [federation.standalone]init federation context done
[INFO] [2021-06-15 21:41:13,884] [2864:140640813619008] - upload.py[line:41]: {'file': '/fate/jobs/2021061521410943464816/fate_upload_tmp/default_credit_hetero_guest.csv', 'head': 1, 'id_delimiter': ',', 'partition': 16, 'namespace': 'experiment', 'name': 'default_credit_hetero_guest', 'storage_engine': '', 'storage_address': None, 'destroy': True}
[INFO] [2021-06-15 21:41:13,885] [2864:140640813619008] - upload.py[line:42]: {'job_parameters': <fate_flow.entity.types.RunParameters object at 0x7fe93931cb00>}
[DEBUG] [2021-06-15 21:41:13,907] [2864:140640813619008] - _session.py[line:147]: save session 2021061521410943464816_upload_0_0_local_0_storage_684a7ba8ce2211eb83bd0242ac110002 record
[INFO] [2021-06-15 21:41:13,917] [2864:140640813619008] - upload.py[line:79]: destroy table name: default_credit_hetero_guest namespace: experiment engine: STANDALONE
[DEBUG] [2021-06-15 21:41:14,022] [2864:140640813619008] - _session.py[line:156]: delete session 2021061521410943464816_upload_0_0_local_0_storage_684a7ba8ce2211eb83bd0242ac110002 record
[DEBUG] [2021-06-15 21:41:14,031] [2864:140640813619008] - _session.py[line:147]: save session 2021061521410943464816_upload_0_0_local_0_storage_685f78dcce2211eb83bd0242ac110002 record
[INFO] [2021-06-15 21:41:14,032] [2864:140640813619008] - upload.py[line:97]: upload to STANDALONE storage, address: {'nodes': 1, 'cores_per_node': 20, 'name': 'default_credit_hetero_guest', 'namespace': 'experiment', 'storage_type': 'LMDB'}
[INFO] [2021-06-15 21:41:14,291] [2864:140640813619008] - control_client.py[line:26]: request update job 2021061521410943464816 on local 0
[INFO] [2021-06-15 21:41:14,999] [2864:140640813619008] - tracker_client.py[line:127]: Request save job 2021061521410943464816 task 2021061521410943464816_upload_0 0 on local 0 data upload info
[INFO] [2021-06-15 21:41:15,028] [2864:140640813619008] - tracker_client.py[line:70]: Request save job 2021061521410943464816 task 2021061521410943464816_upload_0 0 on local 0 metric upload data_access data
[INFO] [2021-06-15 21:41:15,056] [2864:140640813619008] - tracker_client.py[line:103]: Request save job 2021061521410943464816 task 2021061521410943464816_upload_0 0 on local 0 metric upload data_access meta
[DEBUG] [2021-06-15 21:41:15,101] [2864:140640813619008] - _session.py[line:156]: delete session 2021061521410943464816_upload_0_0_local_0_storage_685f78dcce2211eb83bd0242ac110002 record
[INFO] [2021-06-15 21:41:15,101] [2864:140640813619008] - upload.py[line:108]: ------------load data finish!-----------------
[INFO] [2021-06-15 21:41:15,102] [2864:140640813619008] - upload.py[line:112]: remove tmp upload file
[INFO] [2021-06-15 21:41:15,102] [2864:140640813619008] - upload.py[line:113]: /fate/jobs/2021061521410943464816/fate_upload_tmp
[INFO] [2021-06-15 21:41:15,103] [2864:140640813619008] - upload.py[line:117]: file: /fate/jobs/2021061521410943464816/fate_upload_tmp/default_credit_hetero_guest.csv
[INFO] [2021-06-15 21:41:15,103] [2864:140640813619008] - upload.py[line:118]: total data_count: 30000
[INFO] [2021-06-15 21:41:15,104] [2864:140640813619008] - upload.py[line:119]: table name: default_credit_hetero_guest, table namespace: experiment
[INFO] [2021-06-15 21:41:15,117] [2864:140640813619008] - control_client.py[line:42]: request update job 2021061521410943464816 task 2021061521410943464816_upload_0 0 on local 0
[INFO] [2021-06-15 21:41:15,172] [2864:140640813619008] - control_client.py[line:42]: request update job 2021061521410943464816 task 2021061521410943464816_upload_0 0 on local 0
