[INFO] [2021-06-13 12:07:14,384] [3133:139991430018880] - task_executor.py[line:313]: report task 202106131207115802213_secure_add_example_0 0 guest 10000 to driver
[INFO] [2021-06-13 12:07:14,384] [3133:139991430018880] - control_client.py[line:42]: request update job 202106131207115802213 task 202106131207115802213_secure_add_example_0 0 on guest 10000
[DEBUG] [2021-06-13 12:07:14,694] [3133:139991430018880] - _federation.py[line:15]: [federation.standalone]init federation: standalone_session=<fate_arch._standalone.Session object at 0x7f524b2f7748>, federation_session_id=202106131207115802213_secure_add_example_0_0, party=Party(role=guest, party_id=10000)
[DEBUG] [2021-06-13 12:07:14,703] [3133:139991430018880] - _federation.py[line:23]: [federation.standalone]init federation context done
[INFO] [2021-06-13 12:07:14,703] [3133:139991430018880] - task_executor.py[line:150]: Run 202106131207115802213 secure_add_example_0 202106131207115802213_secure_add_example_0 guest 10000 task
[INFO] [2021-06-13 12:07:14,703] [3133:139991430018880] - task_executor.py[line:151]: Component parameters on party {'SecureAddExampleParam': {'seed': 123, 'partition': 48, 'data_num': 1000}, 'initiator': {'role': 'guest', 'party_id': 10000}, 'job_parameters': {'job_type': 'train', 'work_mode': 0, 'backend': 0, 'computing_engine': 'STANDALONE', 'federation_engine': 'STANDALONE', 'storage_engine': 'STANDALONE', 'engines_address': {'computing': {'nodes': 1, 'cores_per_node': 20}, 'federation': {'nodes': 1, 'cores_per_node': 20}, 'storage': {'nodes': 1, 'cores_per_node': 20}}, 'federated_mode': 'SINGLE', 'task_cores': 2, 'task_parallelism': 1, 'computing_partitions': 2, 'federated_status_collect_type': 'PULL', 'model_id': 'guest-10000#host-10000#model', 'model_version': '202106131207115802213', 'eggroll_run': {'eggroll.session.processors.per.node': 2}, 'spark_run': {}, 'rabbitmq_run': {}, 'pulsar_run': {}, 'adaptation_parameters': {'task_nodes': 1, 'task_cores_per_node': 2, 'task_memory_per_node': 0, 'request_task_cores': 2, 'if_initiator_baseline': False}}, 'role': {'guest': [10000], 'host': [10000]}, 'config': '/fate/KhanhsTests/test/toy_example_conf.json_1623586030_7713', 'dsl': '/fate/KhanhsTests/../examples/toy_example/toy_example_dsl.json', 'function': 'submit_job', 'local': {'role': 'guest', 'party_id': 10000}, 'CodePath': 'federatedml/toy_example/secure_add_guest.py/SecureAddGuest', 'module': 'SecureAddExample', 'output_data_name': None}
[INFO] [2021-06-13 12:07:14,704] [3133:139991430018880] - task_executor.py[line:152]: Task input dsl {}
[INFO] [2021-06-13 12:07:15,082] [3133:139991430018880] - secure_add_guest.py[line:99]: begin to init parameters of secure add example guest
[INFO] [2021-06-13 12:07:15,082] [3133:139991430018880] - secure_add_guest.py[line:102]: begin to make guest data
[INFO] [2021-06-13 12:07:15,326] [3133:139991430018880] - secure_add_guest.py[line:105]: split data into two random parts
[DEBUG] [2021-06-13 12:07:15,327] [3133:139991430018880] - profile.py[line:84]: [computing#df4bd4f967]function_stack: [secure_add_guest.py:67]secure <-[secure_add_guest.py:106]run
[DEBUG] [2021-06-13 12:07:15,327] [3133:139991430018880] - profile.py[line:87]: [computing#df4bd4f967]start
[DEBUG] [2021-06-13 12:07:15,508] [3133:139991430018880] - profile.py[line:93]: [computing#df4bd4f967]done, elapse: 0.18109703063964844, function: mapValues(self: Table(partition=48), func: method) -> Table(partition=48)
[DEBUG] [2021-06-13 12:07:15,511] [3133:139991430018880] - profile.py[line:84]: [computing#0fab14ee75]function_stack: [secure_add_guest.py:68]secure <-[secure_add_guest.py:106]run
[DEBUG] [2021-06-13 12:07:15,511] [3133:139991430018880] - profile.py[line:87]: [computing#0fab14ee75]start
[DEBUG] [2021-06-13 12:07:15,611] [3133:139991430018880] - profile.py[line:93]: [computing#0fab14ee75]done, elapse: 0.10038876533508301, function: mapValues(self: Table(partition=48), func: function) -> Table(partition=48)
[DEBUG] [2021-06-13 12:07:15,612] [3133:139991430018880] - profile.py[line:84]: [computing#8a5ac98c2f]function_stack: [secure_add_guest.py:69]secure <-[secure_add_guest.py:106]run
[DEBUG] [2021-06-13 12:07:15,612] [3133:139991430018880] - profile.py[line:87]: [computing#8a5ac98c2f]start
[DEBUG] [2021-06-13 12:07:15,716] [3133:139991430018880] - profile.py[line:93]: [computing#8a5ac98c2f]done, elapse: 0.10468649864196777, function: mapValues(self: Table(partition=48), func: function) -> Table(partition=48)
[INFO] [2021-06-13 12:07:18,449] [3133:139991430018880] - secure_add_guest.py[line:108]: share one random part data to host
[DEBUG] [2021-06-13 12:07:18,449] [3133:139991430018880] - profile.py[line:232]: [federation.remote.federatedml.transfer_variable.transfer_class.secure_add_example_transfer_variable.SecureAddExampleTransferVariable.guest_share.default]guest->[Party(role=host, party_id=10000)] start
[DEBUG] [2021-06-13 12:07:18,450] [3133:139991430018880] - _standalone.py[line:535]: [federation.standalone.remote.hash.5041d1ce9a14064a36e7.guest_share.default]remote data, type=<class 'fate_arch._standalone.Table'>
[DEBUG] [2021-06-13 12:07:18,450] [3133:139991430018880] - _standalone.py[line:539]: [federation.standalone.remote.hash.5041d1ce9a14064a36e7.guest_share.default]remote Table(namespace=202106131207115802213_secure_add_example_0_0_guest_10000, name=e4a7972e-cc3f-11eb-821d-0242ac110002, partitions=48)
[DEBUG] [2021-06-13 12:07:18,450] [3133:139991430018880] - _standalone.py[line:550]: [federation.standalone.remote.hash.5041d1ce9a14064a36e7.guest_share.default]save Table(namespace=202106131207115802213_secure_add_example_0_0_guest_10000, name=e4a7972e-cc3f-11eb-821d-0242ac110002, partitions=48) as Table(namespace=202106131207115802213_secure_add_example_0_0_guest_10000, name=e6589df2-cc3f-11eb-821d-0242ac110002, partitions=48)
[DEBUG] [2021-06-13 12:07:25,712] [3133:139991430018880] - profile.py[line:185]: [federation.remote.federatedml.transfer_variable.transfer_class.secure_add_example_transfer_variable.SecureAddExampleTransferVariable.guest_share.default]guest->[Party(role=host, party_id=10000)] done
[INFO] [2021-06-13 12:07:25,713] [3133:139991430018880] - secure_add_guest.py[line:111]: get share of one random part data from host
[DEBUG] [2021-06-13 12:07:25,713] [3133:139991430018880] - profile.py[line:237]: [federation.get.federatedml.transfer_variable.transfer_class.secure_add_example_transfer_variable.SecureAddExampleTransferVariable.host_share.default]guest<-[Party(role=host, party_id=10000)] start
[DEBUG] [2021-06-13 12:07:25,713] [3133:139991430018880] - _standalone.py[line:564]: [federation.standalone.get.hash.d80c5eb8797618002f85.host_share.default]
[DEBUG] [2021-06-13 12:07:30,284] [3133:139991430018880] - _standalone.py[line:643]: [GET] Got 202106131207115802213_secure_add_example_0_0-hash.d80c5eb8797618002f85.host_share-default-host-10000-guest-10000 type Table
[DEBUG] [2021-06-13 12:07:30,285] [3133:139991430018880] - _standalone.py[line:581]: [federation.standalone.get.hash.d80c5eb8797618002f85.host_share.default] got Table(namespace=202106131207115802213_secure_add_example_0_0_host_10000, name=eab06f92-cc3f-11eb-9d43-0242ac110002, partitions=48)
[DEBUG] [2021-06-13 12:07:30,286] [3133:139991430018880] - profile.py[line:216]: [federation.get.federatedml.transfer_variable.transfer_class.secure_add_example_transfer_variable.SecureAddExampleTransferVariable.host_share.default]guest<-[Party(role=host, party_id=10000)] done
[INFO] [2021-06-13 12:07:30,287] [3133:139991430018880] - secure_add_guest.py[line:114]: begin to get sum of guest and host
[DEBUG] [2021-06-13 12:07:30,287] [3133:139991430018880] - profile.py[line:84]: [computing#c7afab6c68]function_stack: [secure_add_guest.py:72]add <-[secure_add_guest.py:115]run
[DEBUG] [2021-06-13 12:07:30,288] [3133:139991430018880] - profile.py[line:87]: [computing#c7afab6c68]start
[DEBUG] [2021-06-13 12:07:30,851] [3133:139991430018880] - profile.py[line:93]: [computing#c7afab6c68]done, elapse: 0.5637767314910889, function: join(self: Table(partition=48), other: Table(partition=48), func: function) -> Table(partition=48)
[DEBUG] [2021-06-13 12:07:30,853] [3133:139991430018880] - profile.py[line:84]: [computing#21b789c4af]function_stack: [secure_add_guest.py:73]add <-[secure_add_guest.py:115]run
[DEBUG] [2021-06-13 12:07:30,853] [3133:139991430018880] - profile.py[line:87]: [computing#21b789c4af]start
[DEBUG] [2021-06-13 12:07:30,922] [3133:139991430018880] - profile.py[line:93]: [computing#21b789c4af]done, elapse: 0.06933999061584473, function: reduce(self: Table(partition=48), func: function) -> float
[INFO] [2021-06-13 12:07:30,922] [3133:139991430018880] - secure_add_guest.py[line:117]: receive host sum from guest
[DEBUG] [2021-06-13 12:07:30,923] [3133:139991430018880] - profile.py[line:237]: [federation.get.federatedml.transfer_variable.transfer_class.secure_add_example_transfer_variable.SecureAddExampleTransferVariable.host_sum.default]guest<-[Party(role=host, party_id=10000)] start
[DEBUG] [2021-06-13 12:07:30,923] [3133:139991430018880] - _standalone.py[line:564]: [federation.standalone.get.hash.202137af1a7fdcf8862f.host_sum.default]
[DEBUG] [2021-06-13 12:07:30,924] [3133:139991430018880] - _standalone.py[line:643]: [GET] Got 202106131207115802213_secure_add_example_0_0-hash.202137af1a7fdcf8862f.host_sum-default-host-10000-guest-10000 type Object
[DEBUG] [2021-06-13 12:07:30,929] [3133:139991430018880] - _standalone.py[line:592]: [federation.standalone.get.hash.202137af1a7fdcf8862f.host_sum.default] got object with type: <class 'float'>
[DEBUG] [2021-06-13 12:07:30,933] [3133:139991430018880] - profile.py[line:216]: [federation.get.federatedml.transfer_variable.transfer_class.secure_add_example_transfer_variable.SecureAddExampleTransferVariable.host_sum.default]guest<-[Party(role=host, party_id=10000)] done
[INFO] [2021-06-13 12:07:30,934] [3133:139991430018880] - secure_add_guest.py[line:124]: success to calculate secure_sum, it is 2000.0
[INFO] [2021-06-13 12:07:31,050] [3133:139991430018880] - profile.py[line:249]: 
Computing:
+----------+---------------------------------------------+
| function |  function    n   sum(s)   mean(s)   max(s)  |
|          | ----------- --- -------- --------- -------- |
|          |    join      1   0.564     0.564    0.564   |
|          |  mapValues   3   0.386     0.129    0.181   |
|          |   reduce     1   0.069     0.069    0.069   |
+----------+---------------------------------------------+
|  total   |  n=5, sum=1.0193, mean=0.2039, max=0.5638   |
+----------+---------------------------------------------+

Federation:
+--------+-------------------------------------------------------------------------------------------------------------+
|  get   |                                    name                                    | n | sum(s) | mean(s) | max(s)  |
|        | ---------------------------------------------------------------------------+---+--------+---------+-------- |
|        |  federatedml.transfer_variable.transfer_class.secure_add_example_transfer_ | 1 | 4.573  |  4.573  | 4.573   |
|        |            variable.SecureAddExampleTransferVariable.host_share            |   |        |         |         |
|        | ---------------------------------------------------------------------------+---+--------+---------+-------- |
|        |  federatedml.transfer_variable.transfer_class.secure_add_example_transfer_ | 1 | 0.011  |  0.011  | 0.011   |
|        |             variable.SecureAddExampleTransferVariable.host_sum             |   |        |         |         |
+--------+-------------------------------------------------------------------------------------------------------------+
| remote |                                    name                                    | n | sum(s) | mean(s) | max(s)  |
|        | ---------------------------------------------------------------------------+---+--------+---------+-------- |
|        |  federatedml.transfer_variable.transfer_class.secure_add_example_transfer_ | 1 | 7.263  |  7.263  | 7.263   |
|        |            variable.SecureAddExampleTransferVariable.guest_share           |   |        |         |         |
+--------+-------------------------------------------------------------------------------------------------------------+
| total  |                                  n=3, sum=11.8460, mean=3.9487, max=7.2627                                  |
+--------+-------------------------------------------------------------------------------------------------------------+

[DEBUG] [2021-06-13 12:07:31,050] [3133:139991430018880] - profile.py[line:250]: 
Detailed Computing:
+-------+-------------------------------------------------------------------------------------------+
| stack |  function  │ n │ sum(s) │ mean(s) │ max(s) │ stack_hash │             stack               |
|       | ───────────┼───┼────────┼─────────┼────────┼────────────┼──────────────────────────────── |
|       |    join    │ 1 │ 0.5638 │ 0.5638  │ 0.5638 │ c7afab6c68 │ [secure_add_guest.py:72]add     |
|       |            │   │        │         │        │            │ [secure_add_guest.py:115]run    |
|       | ───────────┼───┼────────┼─────────┼────────┼────────────┼──────────────────────────────── |
|       |  mapValues │ 1 │ 0.1811 │ 0.1811  │ 0.1811 │ df4bd4f967 │ [secure_add_guest.py:67]secure  |
|       |            │   │        │         │        │            │ [secure_add_guest.py:106]run    |
|       | ───────────┼───┼────────┼─────────┼────────┼────────────┼──────────────────────────────── |
|       |  mapValues │ 1 │ 0.1047 │ 0.1047  │ 0.1047 │ 8a5ac98c2f │ [secure_add_guest.py:69]secure  |
|       |            │   │        │         │        │            │ [secure_add_guest.py:106]run    |
|       | ───────────┼───┼────────┼─────────┼────────┼────────────┼──────────────────────────────── |
|       |  mapValues │ 1 │ 0.1004 │ 0.1004  │ 0.1004 │ 0fab14ee75 │ [secure_add_guest.py:68]secure  |
|       |            │   │        │         │        │            │ [secure_add_guest.py:106]run    |
|       | ───────────┼───┼────────┼─────────┼────────┼────────────┼──────────────────────────────── |
|       |   reduce   │ 1 │ 0.0693 │ 0.0693  │ 0.0693 │ 21b789c4af │ [secure_add_guest.py:73]add     |
|       |            │   │        │         │        │            │ [secure_add_guest.py:115]run    |
+-------+-------------------------------------------------------------------------------------------+
| total |                         n=5, sum=1.0193, mean=0.2039, max=0.5638                          |
+-------+-------------------------------------------------------------------------------------------+

[INFO] [2021-06-13 12:07:31,052] [3133:139991430018880] - task_executor.py[line:313]: report task 202106131207115802213_secure_add_example_0 0 guest 10000 to driver
[INFO] [2021-06-13 12:07:31,053] [3133:139991430018880] - control_client.py[line:42]: request update job 202106131207115802213 task 202106131207115802213_secure_add_example_0 0 on guest 10000
[INFO] [2021-06-13 12:07:31,147] [3133:139991430018880] - task_executor.py[line:202]: task 202106131207115802213_secure_add_example_0 guest 10000 start time: 2021-06-13 12:07:14
[INFO] [2021-06-13 12:07:31,148] [3133:139991430018880] - task_executor.py[line:204]: task 202106131207115802213_secure_add_example_0 guest 10000 end time: 2021-06-13 12:07:31
[INFO] [2021-06-13 12:07:31,148] [3133:139991430018880] - task_executor.py[line:206]: task 202106131207115802213_secure_add_example_0 guest 10000 takes 16.819s
[INFO] [2021-06-13 12:07:31,149] [3133:139991430018880] - task_executor.py[line:209]: Finish 202106131207115802213 secure_add_example_0 202106131207115802213_secure_add_example_0 0 guest 10000 task success
[INFO] [2021-06-13 12:07:32,655] [3133:139991430018880] - task_executor.py[line:313]: report task 202106131207115802213_secure_add_example_0 0 guest 10000 to driver
[INFO] [2021-06-13 12:07:32,655] [3133:139991430018880] - control_client.py[line:42]: request update job 202106131207115802213 task 202106131207115802213_secure_add_example_0 0 on guest 10000
