[INFO] [2021-06-15 21:01:14,802] [327:139836860213056] - profile.py[line:249]: 
Computing:
+----------+------------------------------------------+
| function |                                          |
+----------+------------------------------------------+
|  total   | n=0, sum=0.0000, mean=0.0000, max=0.0000 |
+----------+------------------------------------------+

Federation:
+--------+------------------------------------------+
|  get   |                                          |
+--------+------------------------------------------+
| remote |                                          |
+--------+------------------------------------------+
| total  | n=0, sum=0.0000, mean=0.0000, max=0.0000 |
+--------+------------------------------------------+

[DEBUG] [2021-06-15 21:01:14,803] [327:139836860213056] - profile.py[line:250]: 
Detailed Computing:
+-------+------------------------------------------+
| stack |                                          |
+-------+------------------------------------------+
| total | n=0, sum=0.0000, mean=0.0000, max=0.0000 |
+-------+------------------------------------------+

