[INFO] [2021-06-15 21:57:09,483] [3323:140186488915776] - task_executor.py[line:313]: report task 2021061521563264143218_intersection_1 0 host 9998 to driver
[INFO] [2021-06-15 21:57:09,484] [3323:140186488915776] - control_client.py[line:42]: request update job 2021061521563264143218 task 2021061521563264143218_intersection_1 0 on host 9998
[INFO] [2021-06-15 21:57:10,042] [3323:140186488915776] - task_executor.py[line:150]: Run 2021061521563264143218 intersection_1 2021061521563264143218_intersection_1 host 9998 task
[INFO] [2021-06-15 21:57:10,043] [3323:140186488915776] - task_executor.py[line:151]: Component parameters on party {'IntersectParam': {'intersect_method': 'raw', 'random_bit': 128, 'sync_intersect_ids': True, 'join_role': 'guest', 'with_encode': False, 'encode_params': {'salt': '', 'encode_method': 'none', 'base64': False}, 'rsa_params': {'salt': '', 'hash_method': 'sha256', 'final_hash_method': 'sha256', 'split_calculation': False, 'random_base_fraction': None, 'key_length': 1024}, 'only_output_key': False, 'intersect_cache_param': {'use_cache': False, 'id_type': 'phone', 'encrypt_type': 'sha256'}, 'repeated_id_process': False, 'repeated_id_owner': 'guest', 'allow_info_share': False, 'info_owner': 'guest', 'with_sample_id': False}, 'dsl_path': './examples/LDPDev/dsl/v2/hetero_secureboost/test_secureboost_train_dsl.json', 'initiator': {'party_id': 9999, 'role': 'guest'}, 'dsl_version': 2, 'job_parameters': {'job_type': 'predict', 'work_mode': 0, 'backend': 0, 'computing_engine': 'STANDALONE', 'federation_engine': 'STANDALONE', 'storage_engine': 'STANDALONE', 'engines_address': {'computing': {'nodes': 1, 'cores_per_node': 20}, 'federation': {'nodes': 1, 'cores_per_node': 20}, 'storage': {'nodes': 1, 'cores_per_node': 20}}, 'federated_mode': 'SINGLE', 'task_parallelism': 1, 'computing_partitions': 4, 'federated_status_collect_type': 'PULL', 'model_id': 'guest-9999#host-9998#model', 'model_version': '2021061521542761899517', 'eggroll_run': {'eggroll.session.processors.per.node': 4}, 'spark_run': {}, 'rabbitmq_run': {}, 'pulsar_run': {}, 'adaptation_parameters': {'task_memory_per_node': 0, 'if_initiator_baseline': False, 'task_cores_per_node': 4, 'request_task_cores': 4, 'task_nodes': 1}}, 'role': {'host': [9998], 'guest': [9999]}, 'component_parameters': {'common': {'hetero_secure_boost_0': {'task_type': 'classification', 'objective_param': {'objective': 'cross_entropy'}, 'num_trees': 3, 'validation_freqs': 1, 'encrypt_param': {'method': 'iterativeAffine'}, 'tree_param': {'max_depth': 3}}, 'evaluation_0': {'eval_type': 'binary'}}, 'role': {'guest': {'0': {'dataio_1': {'with_label': True, 'output_format': 'dense'}, 'dataio_0': {'with_label': True, 'output_format': 'dense'}, 'reader_0': {'table': {'name': 'default_credit_hetero_guest', 'namespace': 'experiment'}}, 'reader_1': {'table': {'name': 'breast_hetero_guest', 'namespace': 'experiment'}}}}, 'host': {'0': {'dataio_1': {'with_label': False}, 'dataio_0': {'with_label': False}, 'reader_0': {'table': {'name': 'default_credit_hetero_host', 'namespace': 'experiment'}}, 'reader_1': {'table': {'name': 'breast_hetero_host', 'namespace': 'experiment'}}}}}}, 'conf_path': './examples/LDPDev/test_predict_conf.json', 'local': {'role': 'host', 'party_id': 9998}, 'CodePath': 'federatedml/statistic/intersect/intersect_model.py/IntersectHost', 'module': 'Intersection', 'output_data_name': ['data']}
[INFO] [2021-06-15 21:57:10,044] [3323:140186488915776] - task_executor.py[line:152]: Task input dsl {'data': {'data': ['dataio_1.data']}}
[INFO] [2021-06-15 21:57:10,045] [3323:140186488915776] - tracker_client.py[line:150]: Request read job 2021061521563264143218 task None None on host 9998 data data info
[INFO] [2021-06-15 21:57:10,071] [3323:140186488915776] - task_executor.py[line:269]: load computing table use 4
[WARNING] [2021-06-15 21:57:11,797] [3323:140186488915776] - intersect_param.py[line:63]: 'EncodeParam' will be renamed to 'RawParam' in future release.Please do not rely on current param naming in application.
[INFO] [2021-06-15 21:57:11,816] [3323:140186488915776] - intersect_model.py[line:50]: Using raw intersection, role is host
[INFO] [2021-06-15 21:57:11,816] [3323:140186488915776] - intersect_host.py[line:180]: Start raw intersection
[INFO] [2021-06-15 21:57:12,467] [3323:140186488915776] - intersect.py[line:294]: Send id role is host
[INFO] [2021-06-15 21:57:12,540] [3323:140186488915776] - intersect.py[line:309]: Remote data_sid to role-join
[INFO] [2021-06-15 21:57:12,749] [3323:140186488915776] - intersect.py[line:320]: Get intersect ids from role-join!
[INFO] [2021-06-15 21:57:12,749] [3323:140186488915776] - intersect.py[line:323]: recv_intersect_ids_list's size is 1
[INFO] [2021-06-15 21:57:12,806] [3323:140186488915776] - intersect.py[line:84]: obtain intersect data_instances!
[INFO] [2021-06-15 21:57:12,987] [3323:140186488915776] - intersect_model.py[line:136]: Finish intersection
[INFO] [2021-06-15 21:57:13,019] [3323:140186488915776] - tracker_client.py[line:70]: Request save job 2021061521563264143218 task 2021061521563264143218_intersection_1 0 on host 9998 metric train intersection data
[INFO] [2021-06-15 21:57:13,131] [3323:140186488915776] - tracker_client.py[line:103]: Request save job 2021061521563264143218 task 2021061521563264143218_intersection_1 0 on host 9998 metric train intersection meta
[INFO] [2021-06-15 21:57:13,175] [3323:140186488915776] - tracker_client.py[line:173]: Request save job 2021061521563264143218 task 2021061521563264143218_intersection_1 0 on host 9998 component summary
[INFO] [2021-06-15 21:57:13,366] [3323:140186488915776] - profile.py[line:249]: 
Computing:
+----------+---------------------------------------------+
| function |  function    n   sum(s)   mean(s)   max(s)  |
|          | ----------- --- -------- --------- -------- |
|          |  mapValues   1   0.649     0.649    0.649   |
|          |    join      1   0.056     0.056    0.056   |
|          |    count     3   0.027     0.009    0.011   |
+----------+---------------------------------------------+
|  total   |  n=5, sum=0.7318, mean=0.1464, max=0.6485   |
+----------+---------------------------------------------+

Federation:
+--------+-------------------------------------------------------------------------------------------------------------+
|  get   |                                    name                                    | n | sum(s) | mean(s) | max(s)  |
|        | ---------------------------------------------------------------------------+---+--------+---------+-------- |
|        |  federatedml.transfer_variable.transfer_class.raw_intersect_transfer_varia | 1 | 0.208  |  0.208  | 0.208   |
|        |            ble.RawIntersectTransferVariable.intersect_ids_guest            |   |        |         |         |
+--------+-------------------------------------------------------------------------------------------------------------+
| remote |                                    name                                    | n | sum(s) | mean(s) | max(s)  |
|        | ---------------------------------------------------------------------------+---+--------+---------+-------- |
|        |  federatedml.transfer_variable.transfer_class.raw_intersect_transfer_varia | 1 | 0.071  |  0.071  | 0.071   |
|        |               ble.RawIntersectTransferVariable.send_ids_host               |   |        |         |         |
+--------+-------------------------------------------------------------------------------------------------------------+
| total  |                                  n=2, sum=0.2782, mean=0.1391, max=0.2077                                   |
+--------+-------------------------------------------------------------------------------------------------------------+

[INFO] [2021-06-15 21:57:13,371] [3323:140186488915776] - intersect_model.py[line:154]: intersect_ids count:569
[INFO] [2021-06-15 21:57:13,372] [3323:140186488915776] - intersect_model.py[line:155]: intersect_ids header schema:{'header': ['x0', 'x1', 'x2', 'x3', 'x4', 'x5', 'x6', 'x7', 'x8', 'x9', 'x10', 'x11', 'x12', 'x13', 'x14', 'x15', 'x16', 'x17', 'x18', 'x19'], 'sid_name': 'id', 'label_name': 'y'}
[INFO] [2021-06-15 21:57:13,480] [3323:140186488915776] - task_executor.py[line:313]: report task 2021061521563264143218_intersection_1 0 host 9998 to driver
[INFO] [2021-06-15 21:57:13,481] [3323:140186488915776] - control_client.py[line:42]: request update job 2021061521563264143218 task 2021061521563264143218_intersection_1 0 on host 9998
[INFO] [2021-06-15 21:57:13,573] [3323:140186488915776] - task_executor.py[line:202]: task 2021061521563264143218_intersection_1 host 9998 start time: 2021-06-15 21:57:09
[INFO] [2021-06-15 21:57:13,573] [3323:140186488915776] - task_executor.py[line:204]: task 2021061521563264143218_intersection_1 host 9998 end time: 2021-06-15 21:57:13
[INFO] [2021-06-15 21:57:13,574] [3323:140186488915776] - task_executor.py[line:206]: task 2021061521563264143218_intersection_1 host 9998 takes 4.229s
[INFO] [2021-06-15 21:57:13,574] [3323:140186488915776] - task_executor.py[line:209]: Finish 2021061521563264143218 intersection_1 2021061521563264143218_intersection_1 0 host 9998 task success
[INFO] [2021-06-15 21:57:13,635] [3323:140186488915776] - task_executor.py[line:313]: report task 2021061521563264143218_intersection_1 0 host 9998 to driver
[INFO] [2021-06-15 21:57:13,636] [3323:140186488915776] - control_client.py[line:42]: request update job 2021061521563264143218 task 2021061521563264143218_intersection_1 0 on host 9998
