[INFO] [2021-06-13 17:01:10,629] [4049:140410662016832] - task_executor.py[line:313]: report task 202106131701058277089_reader_1 0 guest 9999 to driver
[INFO] [2021-06-13 17:01:10,630] [4049:140410662016832] - control_client.py[line:42]: request update job 202106131701058277089 task 202106131701058277089_reader_1 0 on guest 9999
[INFO] [2021-06-13 17:01:11,062] [4049:140410662016832] - task_executor.py[line:150]: Run 202106131701058277089 reader_1 202106131701058277089_reader_1 guest 9999 task
[INFO] [2021-06-13 17:01:11,062] [4049:140410662016832] - task_executor.py[line:151]: Component parameters on party {'ReaderParam': {'table': {'name': 'breast_hetero_guest', 'namespace': 'experiment'}}, 'dsl_version': 2, 'initiator': {'role': 'guest', 'party_id': 9999}, 'role': {'host': [9998], 'guest': [9999]}, 'job_parameters': {'job_type': 'train', 'work_mode': 0, 'backend': 0, 'computing_engine': 'STANDALONE', 'federation_engine': 'STANDALONE', 'storage_engine': 'STANDALONE', 'engines_address': {'computing': {'nodes': 1, 'cores_per_node': 20}, 'federation': {'nodes': 1, 'cores_per_node': 20}, 'storage': {'nodes': 1, 'cores_per_node': 20}}, 'federated_mode': 'SINGLE', 'task_parallelism': 1, 'computing_partitions': 4, 'federated_status_collect_type': 'PULL', 'model_id': 'guest-9999#host-9998#model', 'model_version': '202106131701058277089', 'eggroll_run': {'eggroll.session.processors.per.node': 4}, 'spark_run': {}, 'rabbitmq_run': {}, 'pulsar_run': {}, 'adaptation_parameters': {'task_nodes': 1, 'task_cores_per_node': 4, 'task_memory_per_node': 0, 'request_task_cores': 4, 'if_initiator_baseline': False}}, 'component_parameters': {'common': {'hetero_secure_boost_0': {'task_type': 'classification', 'objective_param': {'objective': 'cross_entropy'}, 'num_trees': 3, 'validation_freqs': 1, 'encrypt_param': {'method': 'iterativeAffine'}, 'tree_param': {'max_depth': 3}}, 'evaluation_0': {'eval_type': 'binary'}}, 'role': {'guest': {'0': {'reader_1': {'table': {'name': 'breast_hetero_guest', 'namespace': 'experiment'}}, 'reader_0': {'table': {'name': 'breast_hetero_guest', 'namespace': 'experiment'}}, 'dataio_0': {'with_label': True, 'output_format': 'dense'}, 'dataio_1': {'with_label': True, 'output_format': 'dense'}}}, 'host': {'0': {'reader_1': {'table': {'name': 'breast_hetero_host', 'namespace': 'experiment'}}, 'reader_0': {'table': {'name': 'breast_hetero_host', 'namespace': 'experiment'}}, 'dataio_0': {'with_label': False}, 'dataio_1': {'with_label': False}}}}}, 'conf_path': './examples/dsl/v2/hetero_secureboost/test_secureboost_train_binary_conf.json', 'dsl_path': './examples/dsl/v2/hetero_secureboost/test_secureboost_train_dsl.json', 'local': {'role': 'guest', 'party_id': 9999}, 'CodePath': 'fate_flow/components/reader.py/Reader', 'module': 'Reader', 'output_data_name': ['data']}
[INFO] [2021-06-13 17:01:11,063] [4049:140410662016832] - task_executor.py[line:152]: Task input dsl {}
[ERROR] [2021-06-13 17:01:11,184] [4049:140410662016832] - task_executor.py[line:191]: can not found table name: breast_hetero_guest namespace: experiment
Traceback (most recent call last):
  File "/fate/python/fate_flow/operation/task_executor.py", line 168, in run_task
    run_object.run(component_parameters_on_party, task_run_args)
  File "/fate/python/fate_flow/components/reader.py", line 51, in run
    output_storage_address=output_storage_address)
  File "/fate/python/fate_flow/components/reader.py", line 125, in convert_check
    raise RuntimeError(f"can not found table name: {input_name} namespace: {input_namespace}")
RuntimeError: can not found table name: breast_hetero_guest namespace: experiment
[INFO] [2021-06-13 17:01:11,185] [4049:140410662016832] - task_executor.py[line:313]: report task 202106131701058277089_reader_1 0 guest 9999 to driver
[INFO] [2021-06-13 17:01:11,186] [4049:140410662016832] - control_client.py[line:42]: request update job 202106131701058277089 task 202106131701058277089_reader_1 0 on guest 9999
[INFO] [2021-06-13 17:01:11,237] [4049:140410662016832] - task_executor.py[line:202]: task 202106131701058277089_reader_1 guest 9999 start time: 2021-06-13 17:01:10
[INFO] [2021-06-13 17:01:11,237] [4049:140410662016832] - task_executor.py[line:204]: task 202106131701058277089_reader_1 guest 9999 end time: 2021-06-13 17:01:11
[INFO] [2021-06-13 17:01:11,237] [4049:140410662016832] - task_executor.py[line:206]: task 202106131701058277089_reader_1 guest 9999 takes 0.711s
[INFO] [2021-06-13 17:01:11,238] [4049:140410662016832] - task_executor.py[line:209]: Finish 202106131701058277089 reader_1 202106131701058277089_reader_1 0 guest 9999 task failed
[INFO] [2021-06-13 17:01:11,238] [4049:140410662016832] - task_executor.py[line:313]: report task 202106131701058277089_reader_1 0 guest 9999 to driver
[INFO] [2021-06-13 17:01:11,238] [4049:140410662016832] - control_client.py[line:42]: request update job 202106131701058277089 task 202106131701058277089_reader_1 0 on guest 9999
