[INFO] [2021-06-13 21:25:04,756] [1603:140076935096128] - control_client.py[line:42]: request update job 202106132125008186828 task 202106132125008186828_upload_0 0 on local 0
[DEBUG] [2021-06-13 21:25:05,081] [1603:140076935096128] - _federation.py[line:15]: [federation.standalone]init federation: standalone_session=<fate_arch._standalone.Session object at 0x7f65f0318ba8>, federation_session_id=202106132125008186828_upload_0_0, party=Party(role=local, party_id=0)
[DEBUG] [2021-06-13 21:25:05,098] [1603:140076935096128] - _federation.py[line:23]: [federation.standalone]init federation context done
[INFO] [2021-06-13 21:25:05,187] [1603:140076935096128] - upload.py[line:41]: {'file': '/fate/jobs/202106132125008186828/fate_upload_tmp/default_credit_hetero_host.csv', 'head': 1, 'id_delimiter': ',', 'partition': 16, 'namespace': 'experiment', 'name': 'default_credit_hetero_host', 'storage_engine': '', 'storage_address': None, 'destroy': False}
[INFO] [2021-06-13 21:25:05,188] [1603:140076935096128] - upload.py[line:42]: {'job_parameters': <fate_flow.entity.types.RunParameters object at 0x7f65ef6a4b70>}
[DEBUG] [2021-06-13 21:25:05,200] [1603:140076935096128] - _session.py[line:147]: save session 202106132125008186828_upload_0_0_local_0_storage_d2138ce6cc8d11eba0c00242ac110002 record
[DEBUG] [2021-06-13 21:25:05,214] [1603:140076935096128] - _session.py[line:156]: delete session 202106132125008186828_upload_0_0_local_0_storage_d2138ce6cc8d11eba0c00242ac110002 record
[DEBUG] [2021-06-13 21:25:05,226] [1603:140076935096128] - _session.py[line:147]: save session 202106132125008186828_upload_0_0_local_0_storage_d217a74acc8d11eba0c00242ac110002 record
[INFO] [2021-06-13 21:25:05,228] [1603:140076935096128] - upload.py[line:97]: upload to STANDALONE storage, address: {'nodes': 1, 'cores_per_node': 20, 'name': 'default_credit_hetero_host', 'namespace': 'experiment', 'storage_type': 'LMDB'}
[INFO] [2021-06-13 21:25:05,505] [1603:140076935096128] - control_client.py[line:26]: request update job 202106132125008186828 on local 0
[INFO] [2021-06-13 21:25:06,221] [1603:140076935096128] - tracker_client.py[line:127]: Request save job 202106132125008186828 task 202106132125008186828_upload_0 0 on local 0 data upload info
[INFO] [2021-06-13 21:25:06,248] [1603:140076935096128] - tracker_client.py[line:70]: Request save job 202106132125008186828 task 202106132125008186828_upload_0 0 on local 0 metric upload data_access data
[INFO] [2021-06-13 21:25:06,273] [1603:140076935096128] - tracker_client.py[line:103]: Request save job 202106132125008186828 task 202106132125008186828_upload_0 0 on local 0 metric upload data_access meta
[DEBUG] [2021-06-13 21:25:06,313] [1603:140076935096128] - _session.py[line:156]: delete session 202106132125008186828_upload_0_0_local_0_storage_d217a74acc8d11eba0c00242ac110002 record
[INFO] [2021-06-13 21:25:06,314] [1603:140076935096128] - upload.py[line:108]: ------------load data finish!-----------------
[INFO] [2021-06-13 21:25:06,314] [1603:140076935096128] - upload.py[line:112]: remove tmp upload file
[INFO] [2021-06-13 21:25:06,314] [1603:140076935096128] - upload.py[line:113]: /fate/jobs/202106132125008186828/fate_upload_tmp
[INFO] [2021-06-13 21:25:06,316] [1603:140076935096128] - upload.py[line:117]: file: /fate/jobs/202106132125008186828/fate_upload_tmp/default_credit_hetero_host.csv
[INFO] [2021-06-13 21:25:06,316] [1603:140076935096128] - upload.py[line:118]: total data_count: 30000
[INFO] [2021-06-13 21:25:06,316] [1603:140076935096128] - upload.py[line:119]: table name: default_credit_hetero_host, table namespace: experiment
[INFO] [2021-06-13 21:25:06,329] [1603:140076935096128] - control_client.py[line:42]: request update job 202106132125008186828 task 202106132125008186828_upload_0 0 on local 0
[INFO] [2021-06-13 21:25:06,386] [1603:140076935096128] - control_client.py[line:42]: request update job 202106132125008186828 task 202106132125008186828_upload_0 0 on local 0
