[INFO] [2021-06-15 21:01:43,663] [720:140199518553920] - task_executor.py[line:313]: report task 202106152101093465361_intersection_1 0 host 9998 to driver
[INFO] [2021-06-15 21:01:43,669] [720:140199518553920] - control_client.py[line:42]: request update job 202106152101093465361 task 202106152101093465361_intersection_1 0 on host 9998
[INFO] [2021-06-15 21:01:44,068] [720:140199518553920] - task_executor.py[line:150]: Run 202106152101093465361 intersection_1 202106152101093465361_intersection_1 host 9998 task
[INFO] [2021-06-15 21:01:44,069] [720:140199518553920] - task_executor.py[line:151]: Component parameters on party {'IntersectParam': {'intersect_method': 'raw', 'random_bit': 128, 'sync_intersect_ids': True, 'join_role': 'guest', 'with_encode': False, 'encode_params': {'salt': '', 'encode_method': 'none', 'base64': False}, 'rsa_params': {'salt': '', 'hash_method': 'sha256', 'final_hash_method': 'sha256', 'split_calculation': False, 'random_base_fraction': None, 'key_length': 1024}, 'only_output_key': False, 'intersect_cache_param': {'use_cache': False, 'id_type': 'phone', 'encrypt_type': 'sha256'}, 'repeated_id_process': False, 'repeated_id_owner': 'guest', 'allow_info_share': False, 'info_owner': 'guest', 'with_sample_id': False}, 'dsl_version': 2, 'initiator': {'role': 'guest', 'party_id': 9999}, 'role': {'host': [9998], 'guest': [9999]}, 'job_parameters': {'job_type': 'train', 'work_mode': 0, 'backend': 0, 'computing_engine': 'STANDALONE', 'federation_engine': 'STANDALONE', 'storage_engine': 'STANDALONE', 'engines_address': {'computing': {'nodes': 1, 'cores_per_node': 20}, 'federation': {'nodes': 1, 'cores_per_node': 20}, 'storage': {'nodes': 1, 'cores_per_node': 20}}, 'federated_mode': 'SINGLE', 'task_parallelism': 1, 'computing_partitions': 4, 'federated_status_collect_type': 'PULL', 'model_id': 'guest-9999#host-9998#model', 'model_version': '202106152101093465361', 'eggroll_run': {'eggroll.session.processors.per.node': 4}, 'spark_run': {}, 'rabbitmq_run': {}, 'pulsar_run': {}, 'adaptation_parameters': {'task_nodes': 1, 'task_cores_per_node': 4, 'task_memory_per_node': 0, 'request_task_cores': 4, 'if_initiator_baseline': False}}, 'component_parameters': {'common': {'hetero_secure_boost_0': {'task_type': 'classification', 'objective_param': {'objective': 'cross_entropy'}, 'num_trees': 3, 'validation_freqs': 1, 'encrypt_param': {'method': 'iterativeAffine'}, 'tree_param': {'max_depth': 3}}, 'evaluation_0': {'eval_type': 'binary'}}, 'role': {'guest': {'0': {'reader_1': {'table': {'name': 'breast_hetero_guest', 'namespace': 'experiment'}}, 'reader_0': {'table': {'name': 'breast_hetero_guest', 'namespace': 'experiment'}}, 'dataio_0': {'with_label': True, 'output_format': 'dense'}, 'dataio_1': {'with_label': True, 'output_format': 'dense'}}}, 'host': {'0': {'reader_1': {'table': {'name': 'breast_hetero_host', 'namespace': 'experiment'}}, 'reader_0': {'table': {'name': 'breast_hetero_host', 'namespace': 'experiment'}}, 'dataio_0': {'with_label': False}, 'dataio_1': {'with_label': False}}}}}, 'conf_path': './examples/LDPDev/dsl/v2/hetero_secureboost/test_secureboost_train_binary_conf.json', 'dsl_path': './examples/LDPDev/dsl/v2/hetero_secureboost/test_secureboost_train_dsl.json', 'local': {'role': 'host', 'party_id': 9998}, 'CodePath': 'federatedml/statistic/intersect/intersect_model.py/IntersectHost', 'module': 'Intersection', 'output_data_name': ['data']}
[INFO] [2021-06-15 21:01:44,069] [720:140199518553920] - task_executor.py[line:152]: Task input dsl {'data': {'data': ['dataio_1.data']}}
[INFO] [2021-06-15 21:01:44,069] [720:140199518553920] - tracker_client.py[line:150]: Request read job 202106152101093465361 task None None on host 9998 data data info
[INFO] [2021-06-15 21:01:44,100] [720:140199518553920] - task_executor.py[line:269]: load computing table use 4
[WARNING] [2021-06-15 21:01:45,589] [720:140199518553920] - intersect_param.py[line:63]: 'EncodeParam' will be renamed to 'RawParam' in future release.Please do not rely on current param naming in application.
[INFO] [2021-06-15 21:01:45,601] [720:140199518553920] - intersect_model.py[line:50]: Using raw intersection, role is host
[INFO] [2021-06-15 21:01:45,601] [720:140199518553920] - intersect_host.py[line:180]: Start raw intersection
[INFO] [2021-06-15 21:01:45,662] [720:140199518553920] - intersect.py[line:294]: Send id role is host
[INFO] [2021-06-15 21:01:45,699] [720:140199518553920] - intersect.py[line:309]: Remote data_sid to role-join
[INFO] [2021-06-15 21:01:46,010] [720:140199518553920] - intersect.py[line:320]: Get intersect ids from role-join!
[INFO] [2021-06-15 21:01:46,011] [720:140199518553920] - intersect.py[line:323]: recv_intersect_ids_list's size is 1
[INFO] [2021-06-15 21:01:46,064] [720:140199518553920] - intersect.py[line:84]: obtain intersect data_instances!
[INFO] [2021-06-15 21:01:46,104] [720:140199518553920] - intersect_model.py[line:136]: Finish intersection
[INFO] [2021-06-15 21:01:46,114] [720:140199518553920] - tracker_client.py[line:70]: Request save job 202106152101093465361 task 202106152101093465361_intersection_1 0 on host 9998 metric train intersection data
[INFO] [2021-06-15 21:01:46,140] [720:140199518553920] - tracker_client.py[line:103]: Request save job 202106152101093465361 task 202106152101093465361_intersection_1 0 on host 9998 metric train intersection meta
[INFO] [2021-06-15 21:01:46,163] [720:140199518553920] - tracker_client.py[line:173]: Request save job 202106152101093465361 task 202106152101093465361_intersection_1 0 on host 9998 component summary
[INFO] [2021-06-15 21:01:46,333] [720:140199518553920] - profile.py[line:249]: 
Computing:
+----------+---------------------------------------------+
| function |  function    n   sum(s)   mean(s)   max(s)  |
|          | ----------- --- -------- --------- -------- |
|          |  mapValues   1   0.059     0.059    0.059   |
|          |    join      1   0.051     0.051    0.051   |
|          |    count     3    0.01     0.003    0.004   |
+----------+---------------------------------------------+
|  total   |  n=5, sum=0.1189, mean=0.0238, max=0.0587   |
+----------+---------------------------------------------+

Federation:
+--------+-------------------------------------------------------------------------------------------------------------+
|  get   |                                    name                                    | n | sum(s) | mean(s) | max(s)  |
|        | ---------------------------------------------------------------------------+---+--------+---------+-------- |
|        |  federatedml.transfer_variable.transfer_class.raw_intersect_transfer_varia | 1 |  0.31  |  0.31   |  0.31   |
|        |            ble.RawIntersectTransferVariable.intersect_ids_guest            |   |        |         |         |
+--------+-------------------------------------------------------------------------------------------------------------+
| remote |                                    name                                    | n | sum(s) | mean(s) | max(s)  |
|        | ---------------------------------------------------------------------------+---+--------+---------+-------- |
|        |  federatedml.transfer_variable.transfer_class.raw_intersect_transfer_varia | 1 | 0.036  |  0.036  | 0.036   |
|        |               ble.RawIntersectTransferVariable.send_ids_host               |   |        |         |         |
+--------+-------------------------------------------------------------------------------------------------------------+
| total  |                                  n=2, sum=0.3458, mean=0.1729, max=0.3099                                   |
+--------+-------------------------------------------------------------------------------------------------------------+

[INFO] [2021-06-15 21:01:46,338] [720:140199518553920] - intersect_model.py[line:154]: intersect_ids count:569
[INFO] [2021-06-15 21:01:46,339] [720:140199518553920] - intersect_model.py[line:155]: intersect_ids header schema:{'header': ['x0', 'x1', 'x2', 'x3', 'x4', 'x5', 'x6', 'x7', 'x8', 'x9', 'x10', 'x11', 'x12', 'x13', 'x14', 'x15', 'x16', 'x17', 'x18', 'x19'], 'sid_name': 'id', 'label_name': 'y'}
[INFO] [2021-06-15 21:01:46,540] [720:140199518553920] - task_executor.py[line:313]: report task 202106152101093465361_intersection_1 0 host 9998 to driver
[INFO] [2021-06-15 21:01:46,541] [720:140199518553920] - control_client.py[line:42]: request update job 202106152101093465361 task 202106152101093465361_intersection_1 0 on host 9998
[INFO] [2021-06-15 21:01:46,626] [720:140199518553920] - task_executor.py[line:202]: task 202106152101093465361_intersection_1 host 9998 start time: 2021-06-15 21:01:43
[INFO] [2021-06-15 21:01:46,627] [720:140199518553920] - task_executor.py[line:204]: task 202106152101093465361_intersection_1 host 9998 end time: 2021-06-15 21:01:46
[INFO] [2021-06-15 21:01:46,627] [720:140199518553920] - task_executor.py[line:206]: task 202106152101093465361_intersection_1 host 9998 takes 3.092s
[INFO] [2021-06-15 21:01:46,627] [720:140199518553920] - task_executor.py[line:209]: Finish 202106152101093465361 intersection_1 202106152101093465361_intersection_1 0 host 9998 task success
[INFO] [2021-06-15 21:01:46,667] [720:140199518553920] - task_executor.py[line:313]: report task 202106152101093465361_intersection_1 0 host 9998 to driver
[INFO] [2021-06-15 21:01:46,667] [720:140199518553920] - control_client.py[line:42]: request update job 202106152101093465361 task 202106152101093465361_intersection_1 0 on host 9998
