[INFO] [2021-06-13 21:25:02,240] [7:140266400880384] - dag_scheduler.py[line:40]: submit job, job_id 202106132125020148129, body {'job_dsl': {'components': {'upload_0': {'module': 'Upload'}}}, 'job_runtime_conf': {'initiator': {'role': 'local', 'party_id': 0}, 'job_parameters': {'common': {'work_mode': 0, 'backend': 0}}, 'role': {'local': [0]}, 'component_parameters': {'role': {'local': {'0': {'upload_0': {'head': 1, 'name': 'default_credit_hetero_host', 'partition': 16, 'namespace': 'experiment', 'file': '/fate/jobs/202106132125020148129/fate_upload_tmp/default_credit_hetero_host.csv', 'destroy': False}}}}}, 'dsl_version': 2}}
[INFO] [2021-06-13 21:25:02,252] [7:140265872402176] - job_controller.py[line:52]: job parameters:{'job_type': 'train', 'work_mode': 0, 'backend': 0, 'computing_engine': 'STANDALONE', 'federation_engine': 'STANDALONE', 'storage_engine': 'STANDALONE', 'engines_address': {}, 'federated_mode': 'SINGLE', 'task_parallelism': 1, 'computing_partitions': 4, 'federated_status_collect_type': 'PULL', 'model_id': 'local-0#model', 'model_version': '202106132125020148129', 'eggroll_run': {}, 'spark_run': {}, 'rabbitmq_run': {}, 'pulsar_run': {}, 'adaptation_parameters': {'task_nodes': 1, 'task_cores_per_node': 4, 'task_memory_per_node': 0, 'request_task_cores': 4, 'if_initiator_baseline': True}}
[INFO] [2021-06-13 21:25:02,353] [7:140266400880384] - dag_scheduler.py[line:122]: submit job successfully, job id is 202106132125020148129, model id is local-0#model
[INFO] [2021-06-13 21:25:04,956] [7:140266826163968] - federated_scheduler.py[line:39]: try to apply job 202106132125020148129 resource
[INFO] [2021-06-13 21:25:04,985] [7:140266400880384] - resource_manager.py[line:176]: apply job 202106132125020148129 resource(cores 4 memory 0) on local 0 successfully, remaining cores: 12 remaining memory: 0
[INFO] [2021-06-13 21:25:04,989] [7:140266826163968] - federated_scheduler.py[line:42]: apply job 202106132125020148129 resource successfully
[INFO] [2021-06-13 21:25:04,989] [7:140266826163968] - dag_scheduler.py[line:279]: try to start job 202106132125020148129 on initiator local 0
[INFO] [2021-06-13 21:25:05,005] [7:140266400880384] - job_controller.py[line:261]: try to start job 202106132125020148129 on local 0
[INFO] [2021-06-13 21:25:05,006] [7:140266400880384] - job_saver.py[line:45]: try to update job 202106132125020148129 status to running
[INFO] [2021-06-13 21:25:05,021] [7:140266400880384] - job_saver.py[line:48]: update job 202106132125020148129 status successfully
[INFO] [2021-06-13 21:25:05,022] [7:140266400880384] - job_saver.py[line:61]: try to update job 202106132125020148129
[INFO] [2021-06-13 21:25:05,039] [7:140266400880384] - job_saver.py[line:64]: job 202106132125020148129 update successfully: {'job_id': '202106132125020148129', 'role': 'local', 'party_id': 0, 'status': 'running', 'start_time': 1623619505005}
[INFO] [2021-06-13 21:25:05,039] [7:140266400880384] - job_controller.py[line:275]: start job 202106132125020148129 on local 0 successfully
[INFO] [2021-06-13 21:25:05,043] [7:140266826163968] - dag_scheduler.py[line:292]: start job 202106132125020148129 on initiator local 0
[INFO] [2021-06-13 21:25:05,052] [7:140266826163968] - dag_scheduler.py[line:247]: reset job 202106132125020148129 ready signal True
[INFO] [2021-06-13 21:25:05,126] [7:140266826163968] - dag_scheduler.py[line:298]: scheduling job 202106132125020148129
[INFO] [2021-06-13 21:25:05,127] [7:140266826163968] - task_scheduler.py[line:28]: scheduling job 202106132125020148129 tasks
[INFO] [2021-06-13 21:25:05,143] [7:140266826163968] - task_scheduler.py[line:143]: job 202106132125020148129 task 202106132125020148129_upload_0 0 status is waiting, calculate by task party status list: ['waiting']
[INFO] [2021-06-13 21:25:05,143] [7:140266826163968] - task_scheduler.py[line:80]: try to start job 202106132125020148129 task 202106132125020148129_upload_0 0 on local 0
[INFO] [2021-06-13 21:25:05,161] [7:140266826163968] - resource_manager.py[line:286]: task 202106132125020148129_upload_0 0 apply resource successfully
[INFO] [2021-06-13 21:25:05,161] [7:140266826163968] - job_saver.py[line:71]: try to update job 202106132125020148129 task 202106132125020148129_upload_0 0 status
[INFO] [2021-06-13 21:25:05,177] [7:140266826163968] - job_saver.py[line:74]: update job 202106132125020148129 task 202106132125020148129_upload_0 0 status successfully: {'job_id': '202106132125020148129', 'task_id': '202106132125020148129_upload_0', 'task_version': 0, 'role': 'local', 'party_id': '0', 'status': 'running'}
[INFO] [2021-06-13 21:25:05,178] [7:140266826163968] - task_scheduler.py[line:93]: start job 202106132125020148129 task 202106132125020148129_upload_0 0 on local 0
[INFO] [2021-06-13 21:25:05,178] [7:140266826163968] - federated_scheduler.py[line:192]: job 202106132125020148129 task 202106132125020148129_upload_0 0 is running, sync to all party
[INFO] [2021-06-13 21:25:05,186] [7:140266400880384] - job_saver.py[line:71]: try to update job 202106132125020148129 task 202106132125020148129_upload_0 0 status
[INFO] [2021-06-13 21:25:05,194] [7:140266400880384] - job_saver.py[line:76]: update job 202106132125020148129 task 202106132125020148129_upload_0 0 status update does not take effect: {'job_id': '202106132125020148129', 'task_id': '202106132125020148129_upload_0', 'task_version': '0', 'role': 'local', 'party_id': '0', 'status': 'running'}
[WARNING] [2021-06-13 21:25:05,209] [7:140266826163968] - federated_scheduler.py[line:260]: an error occurred while status/running the task to role local party 0: 
update task status failed
[INFO] [2021-06-13 21:25:05,210] [7:140266826163968] - federated_scheduler.py[line:197]: sync job 202106132125020148129 task 202106132125020148129_upload_0 0 status running to all party failed: 
{'local': {0: {'retcode': 103, 'retmsg': 'update task status failed'}}}
[INFO] [2021-06-13 21:25:05,232] [7:140266400880384] - task_controller.py[line:71]: try to start job 202106132125020148129 task 202106132125020148129_upload_0 0 on local 0 executor subprocess
[INFO] [2021-06-13 21:25:05,237] [7:140266400880384] - task_controller.py[line:90]: use computing engine STANDALONE
[INFO] [2021-06-13 21:25:05,238] [7:140266400880384] - task_controller.py[line:145]: job 202106132125020148129 task 202106132125020148129_upload_0 0 on local 0 executor subprocess is ready
[INFO] [2021-06-13 21:25:05,238] [7:140266400880384] - job_utils.py[line:310]: start process command: /usr/local/bin/python /fate/python/fate_flow/operation/task_executor.py -j 202106132125020148129 -n upload_0 -t 202106132125020148129_upload_0 -v 0 -r local -p 0 -c /fate/jobs/202106132125020148129/local/0/upload_0/202106132125020148129_upload_0/0/task_parameters.json --run_ip 127.0.0.1 --job_server 127.0.0.1:9380
[INFO] [2021-06-13 21:25:05,252] [7:140266400880384] - job_utils.py[line:334]: start process command: /usr/local/bin/python /fate/python/fate_flow/operation/task_executor.py -j 202106132125020148129 -n upload_0 -t 202106132125020148129_upload_0 -v 0 -r local -p 0 -c /fate/jobs/202106132125020148129/local/0/upload_0/202106132125020148129_upload_0/0/task_parameters.json --run_ip 127.0.0.1 --job_server 127.0.0.1:9380 successfully, pid is 1618
[INFO] [2021-06-13 21:25:05,253] [7:140266400880384] - job_saver.py[line:81]: try to update job 202106132125020148129 task 202106132125020148129_upload_0 0
[INFO] [2021-06-13 21:25:05,293] [7:140266400880384] - job_saver.py[line:84]: job 202106132125020148129 task 202106132125020148129_upload_0 0 update successfully
[INFO] [2021-06-13 21:25:05,300] [7:140266400880384] - job_saver.py[line:71]: try to update job 202106132125020148129 task 202106132125020148129_upload_0 0 status
[INFO] [2021-06-13 21:25:05,319] [7:140266400880384] - job_saver.py[line:74]: update job 202106132125020148129 task 202106132125020148129_upload_0 0 status successfully: {'job_id': '202106132125020148129', 'task_id': '202106132125020148129_upload_0', 'task_version': '0', 'role': 'local', 'party_id': '0', 'party_status': 'running', 'start_time': 1623619505252}
[INFO] [2021-06-13 21:25:05,327] [7:140266400880384] - task_controller.py[line:164]: job 202106132125020148129 task 202106132125020148129_upload_0 0 on local 0 executor subprocess start success
[INFO] [2021-06-13 21:25:05,333] [7:140266826163968] - task_scheduler.py[line:75]: finish scheduling job 202106132125020148129 tasks
[INFO] [2021-06-13 21:25:05,333] [7:140266826163968] - dag_scheduler.py[line:310]: Job 202106132125020148129 status is running, calculate by task status list: ['running']
[INFO] [2021-06-13 21:25:05,333] [7:140266826163968] - dag_scheduler.py[line:325]: finish scheduling job 202106132125020148129
[INFO] [2021-06-13 21:25:07,145] [1618:140390386353984] - task_executor.py[line:56]: enter task process
[INFO] [2021-06-13 21:25:07,145] [1618:140390386353984] - task_executor.py[line:57]: Namespace(component_name='upload_0', config='/fate/jobs/202106132125020148129/local/0/upload_0/202106132125020148129_upload_0/0/task_parameters.json', job_id='202106132125020148129', job_server='127.0.0.1:9380', party_id=0, role='local', run_ip='127.0.0.1', task_id='202106132125020148129_upload_0', task_version=0)
[INFO] [2021-06-13 21:25:07,163] [7:140266400880384] - job_saver.py[line:81]: try to update job 202106132125020148129 task 202106132125020148129_upload_0 0
[INFO] [2021-06-13 21:25:07,190] [7:140266400880384] - job_saver.py[line:84]: job 202106132125020148129 task 202106132125020148129_upload_0 0 update successfully
[INFO] [2021-06-13 21:25:07,197] [7:140266400880384] - job_saver.py[line:71]: try to update job 202106132125020148129 task 202106132125020148129_upload_0 0 status
[INFO] [2021-06-13 21:25:07,205] [7:140266400880384] - job_saver.py[line:76]: update job 202106132125020148129 task 202106132125020148129_upload_0 0 status update does not take effect: {'job_id': '202106132125020148129', 'component_name': 'upload_0', 'task_id': '202106132125020148129_upload_0', 'task_version': '0', 'role': 'local', 'party_id': '0', 'run_ip': '127.0.0.1', 'run_pid': 1618, 'party_status': 'running'}
[INFO] [2021-06-13 21:25:07,819] [7:140265872402176] - job_saver.py[line:81]: try to update job 202106132125020148129 task 202106132125020148129_upload_0 0
[INFO] [2021-06-13 21:25:07,841] [7:140266826163968] - dag_scheduler.py[line:298]: scheduling job 202106132125020148129
[INFO] [2021-06-13 21:25:07,846] [7:140266826163968] - task_scheduler.py[line:28]: scheduling job 202106132125020148129 tasks
[INFO] [2021-06-13 21:25:07,857] [7:140265872402176] - job_saver.py[line:84]: job 202106132125020148129 task 202106132125020148129_upload_0 0 update successfully
[INFO] [2021-06-13 21:25:07,862] [7:140265872402176] - job_saver.py[line:71]: try to update job 202106132125020148129 task 202106132125020148129_upload_0 0 status
[INFO] [2021-06-13 21:25:07,885] [7:140265872402176] - job_saver.py[line:74]: update job 202106132125020148129 task 202106132125020148129_upload_0 0 status successfully: {'job_id': '202106132125020148129', 'component_name': 'upload_0', 'task_id': '202106132125020148129_upload_0', 'task_version': '0', 'role': 'local', 'party_id': '0', 'run_ip': '127.0.0.1', 'run_pid': 1618, 'party_status': 'failed', 'end_time': 1623619507811, 'elapsed': 665}
[INFO] [2021-06-13 21:25:07,896] [7:140266826163968] - job_saver.py[line:71]: try to update job 202106132125020148129 task 202106132125020148129_upload_0 0 status
[INFO] [2021-06-13 21:25:07,901] [7:140266826163968] - job_saver.py[line:76]: update job 202106132125020148129 task 202106132125020148129_upload_0 0 status update does not take effect: {'elapsed': 665, 'end_time': 1623619507811, 'job_id': '202106132125020148129', 'party_id': '0', 'party_status': 'failed', 'role': 'local', 'start_time': 1623619505252, 'status': 'running', 'task_id': '202106132125020148129_upload_0', 'task_version': 0, 'update_time': 1623619502279}
[INFO] [2021-06-13 21:25:07,901] [7:140266826163968] - job_saver.py[line:81]: try to update job 202106132125020148129 task 202106132125020148129_upload_0 0
[INFO] [2021-06-13 21:25:07,912] [7:140265872402176] - job_saver.py[line:81]: try to update job 202106132125020148129 task 202106132125020148129_upload_0 0
[INFO] [2021-06-13 21:25:07,921] [7:140266826163968] - job_saver.py[line:84]: job 202106132125020148129 task 202106132125020148129_upload_0 0 update successfully
[INFO] [2021-06-13 21:25:07,925] [7:140266826163968] - task_scheduler.py[line:143]: job 202106132125020148129 task 202106132125020148129_upload_0 0 status is failed, calculate by task party status list: ['failed']
[INFO] [2021-06-13 21:25:07,925] [7:140266826163968] - federated_scheduler.py[line:192]: job 202106132125020148129 task 202106132125020148129_upload_0 0 is failed, sync to all party
[INFO] [2021-06-13 21:25:07,936] [7:140266400880384] - job_saver.py[line:71]: try to update job 202106132125020148129 task 202106132125020148129_upload_0 0 status
[INFO] [2021-06-13 21:25:07,969] [7:140265872402176] - job_saver.py[line:84]: job 202106132125020148129 task 202106132125020148129_upload_0 0 update successfully
[INFO] [2021-06-13 21:25:07,975] [7:140265872402176] - job_saver.py[line:71]: try to update job 202106132125020148129 task 202106132125020148129_upload_0 0 status
[INFO] [2021-06-13 21:25:07,984] [7:140265872402176] - job_saver.py[line:76]: update job 202106132125020148129 task 202106132125020148129_upload_0 0 status update does not take effect: {'job_id': '202106132125020148129', 'component_name': 'upload_0', 'task_id': '202106132125020148129_upload_0', 'task_version': '0', 'role': 'local', 'party_id': '0', 'run_ip': '127.0.0.1', 'run_pid': 1618, 'party_status': 'failed', 'end_time': 1623619507811, 'elapsed': 665}
[INFO] [2021-06-13 21:25:08,032] [7:140266400880384] - job_saver.py[line:74]: update job 202106132125020148129 task 202106132125020148129_upload_0 0 status successfully: {'job_id': '202106132125020148129', 'task_id': '202106132125020148129_upload_0', 'task_version': '0', 'role': 'local', 'party_id': '0', 'status': 'failed'}
[INFO] [2021-06-13 21:25:08,058] [7:140266400880384] - resource_manager.py[line:286]: task 202106132125020148129_upload_0 0 return resource successfully
[INFO] [2021-06-13 21:25:08,063] [7:140266400880384] - job_tracker.py[line:424]: clean task 202106132125020148129_upload_0 0 on local 0
[ERROR] [2021-06-13 21:25:08,065] [7:140266400880384] - job_tracker.py[line:475]: namespace dir /fate/data/202106132125020148129_upload_0_0_local_0 does not exist
Traceback (most recent call last):
  File "/fate/python/fate_flow/operation/job_tracker.py", line 437, in clean_task
    sess.computing.cleanup(namespace=computing_temp_namespace, name="*")
  File "/fate/python/fate_arch/computing/standalone/_csession.py", line 73, in cleanup
    return self._session.cleanup(name=name, namespace=namespace)
  File "/fate/python/fate_arch/_standalone.py", line 383, in cleanup
    raise EnvironmentError(f"namespace dir {namespace_dir} does not exist")
OSError: namespace dir /fate/data/202106132125020148129_upload_0_0_local_0 does not exist
[INFO] [2021-06-13 21:25:08,074] [7:140266826163968] - federated_scheduler.py[line:195]: sync job 202106132125020148129 task 202106132125020148129_upload_0 0 status failed to all party success
[INFO] [2021-06-13 21:25:08,074] [7:140266826163968] - federated_scheduler.py[line:202]: try to stop job 202106132125020148129 task 202106132125020148129_upload_0 0
[INFO] [2021-06-13 21:25:08,089] [7:140266400880384] - job_utils.py[line:397]: try to stop job 202106132125020148129 task 202106132125020148129_upload_0 local 0 with failed party status process pid:1618
[INFO] [2021-06-13 21:25:08,090] [7:140266400880384] - job_utils.py[line:372]: ['/usr/local/bin/python', '/fate/python/fate_flow/operation/task_executor.py', '-j', '202106132125020148129', '-n', 'upload_0', '-t', '202106132125020148129_upload_0', '-v', '0', '-r', 'local', '-p', '0', '-c', '/fate/jobs/202106132125020148129/local/0/upload_0/202106132125020148129_upload_0/0/task_parameters.json', '--run_ip', '127.0.0.1', '--job_server', '127.0.0.1:9380']
[INFO] [2021-06-13 21:25:08,095] [7:140266400880384] - job_utils.py[line:372]: ['/usr/local/bin/python', '/fate/python/fate_flow/operation/task_executor.py', '-j', '202106132125020148129', '-n', 'upload_0', '-t', '202106132125020148129_upload_0', '-v', '0', '-r', 'local', '-p', '0', '-c', '/fate/jobs/202106132125020148129/local/0/upload_0/202106132125020148129_upload_0/0/task_parameters.json', '--run_ip', '127.0.0.1', '--job_server', '127.0.0.1:9380']
[INFO] [2021-06-13 21:25:08,099] [7:140266400880384] - job_utils.py[line:414]: successfully stop job 202106132125020148129 task 202106132125020148129_upload_0 local 0 process pid:1618
[INFO] [2021-06-13 21:25:08,120] [7:140266400880384] - job_utils.py[line:424]: start run subprocess to stop task session 202106132125020148129_upload_0_0_local_0
[INFO] [2021-06-13 21:25:08,121] [7:140266400880384] - job_utils.py[line:310]: start process command: python3 /fate/python/fate_flow/utils/session_utils.py -j 202106132125020148129_upload_0_0_local_0 --computing STANDALONE --federation STANDALONE --storage STANDALONE -c kill
[INFO] [2021-06-13 21:25:08,136] [7:140266400880384] - job_utils.py[line:334]: start process command: python3 /fate/python/fate_flow/utils/session_utils.py -j 202106132125020148129_upload_0_0_local_0 --computing STANDALONE --federation STANDALONE --storage STANDALONE -c kill successfully, pid is 1664
[INFO] [2021-06-13 21:25:08,136] [7:140266400880384] - task_controller.py[line:255]: job 202106132125020148129 task 202106132125020148129_upload_0 0 on local 0 process 1618 kill success
[INFO] [2021-06-13 21:25:08,136] [7:140266400880384] - job_saver.py[line:71]: try to update job 202106132125020148129 task 202106132125020148129_upload_0 0 status
[INFO] [2021-06-13 21:25:08,142] [7:140266400880384] - job_saver.py[line:76]: update job 202106132125020148129 task 202106132125020148129_upload_0 0 status update does not take effect: {'job_id': '202106132125020148129', 'task_id': '202106132125020148129_upload_0', 'task_version': 0, 'role': 'local', 'party_id': '0', 'party_status': 'failed'}
[INFO] [2021-06-13 21:25:08,149] [7:140266400880384] - job_saver.py[line:81]: try to update job 202106132125020148129 task 202106132125020148129_upload_0 0
[WARNING] [2021-06-13 21:25:08,170] [7:140266400880384] - job_saver.py[line:86]: job 202106132125020148129 task 202106132125020148129_upload_0 0 update does not take effect
[INFO] [2021-06-13 21:25:08,192] [7:140266826163968] - federated_scheduler.py[line:206]: stop job 202106132125020148129 task 202106132125020148129_upload_0 0 success
[INFO] [2021-06-13 21:25:08,192] [7:140266826163968] - task_scheduler.py[line:75]: finish scheduling job 202106132125020148129 tasks
[INFO] [2021-06-13 21:25:08,192] [7:140266826163968] - dag_scheduler.py[line:310]: Job 202106132125020148129 status is failed, calculate by task status list: ['failed']
[INFO] [2021-06-13 21:25:08,192] [7:140266826163968] - federated_scheduler.py[line:58]: sync job 202106132125020148129 info to all party
[INFO] [2021-06-13 21:25:08,210] [7:140265872402176] - job_saver.py[line:61]: try to update job 202106132125020148129
[INFO] [2021-06-13 21:25:08,239] [7:140265872402176] - job_saver.py[line:64]: job 202106132125020148129 update successfully: {'job_id': '202106132125020148129', 'role': 'local', 'party_id': '0', 'progress': 100.0}
[INFO] [2021-06-13 21:25:08,243] [7:140266826163968] - federated_scheduler.py[line:61]: sync job 202106132125020148129 info to all party successfully
[INFO] [2021-06-13 21:25:08,251] [7:140266826163968] - job_saver.py[line:45]: try to update job 202106132125020148129 status to None
[INFO] [2021-06-13 21:25:08,257] [7:140266826163968] - job_saver.py[line:56]: update job 202106132125020148129 status does not take effect
[INFO] [2021-06-13 21:25:08,257] [7:140266826163968] - job_saver.py[line:61]: try to update job 202106132125020148129
[INFO] [2021-06-13 21:25:08,275] [7:140266826163968] - job_saver.py[line:64]: job 202106132125020148129 update successfully: {'job_id': '202106132125020148129', 'role': 'local', 'party_id': '0', 'progress': 100.0}
[INFO] [2021-06-13 21:25:08,276] [7:140266826163968] - federated_scheduler.py[line:78]: try to save job 202106132125020148129 pipelined model
[INFO] [2021-06-13 21:25:08,281] [7:140265872402176] - job_controller.py[line:331]: job 202106132125020148129 on local 0 start to save pipeline
[INFO] [2021-06-13 21:25:08,298] [7:140265872402176] - job_controller.py[line:374]: job 202106132125020148129 on local 0 save pipeline successfully
[INFO] [2021-06-13 21:25:08,303] [7:140266826163968] - federated_scheduler.py[line:81]: save job 202106132125020148129 pipelined model success
[INFO] [2021-06-13 21:25:08,303] [7:140266826163968] - federated_scheduler.py[line:68]: job 202106132125020148129 is failed, sync to all party
[INFO] [2021-06-13 21:25:08,307] [7:140265872402176] - job_saver.py[line:45]: try to update job 202106132125020148129 status to failed
[INFO] [2021-06-13 21:25:08,322] [7:140265872402176] - job_saver.py[line:48]: update job 202106132125020148129 status successfully
[INFO] [2021-06-13 21:25:08,366] [7:140265872402176] - resource_manager.py[line:176]: return job 202106132125020148129 resource(cores 4 memory 0) on local 0 successfully, remaining cores: 20 remaining memory: 0
[INFO] [2021-06-13 21:25:08,370] [7:140266826163968] - federated_scheduler.py[line:71]: sync job 202106132125020148129 status failed to all party success
[INFO] [2021-06-13 21:25:08,376] [7:140266826163968] - job_saver.py[line:45]: try to update job 202106132125020148129 status to failed
[INFO] [2021-06-13 21:25:08,381] [7:140266826163968] - job_saver.py[line:56]: update job 202106132125020148129 status does not take effect
[INFO] [2021-06-13 21:25:08,382] [7:140266826163968] - job_saver.py[line:61]: try to update job 202106132125020148129
[WARNING] [2021-06-13 21:25:08,387] [7:140266826163968] - job_saver.py[line:66]: job 202106132125020148129 update does not take effect: {'job_id': '202106132125020148129', 'role': 'local', 'party_id': '0', 'status': 'failed'}
[INFO] [2021-06-13 21:25:08,388] [7:140266826163968] - dag_scheduler.py[line:502]: Job 202106132125020148129 finished with failed, do something...
[INFO] [2021-06-13 21:25:08,388] [7:140266826163968] - dag_scheduler.py[line:436]: request stop job 202106132125020148129 with failed
[INFO] [2021-06-13 21:25:08,395] [7:140266826163968] - dag_scheduler.py[line:445]: request stop job 202106132125020148129 with failed to all party
[INFO] [2021-06-13 21:25:08,395] [7:140266826163968] - federated_scheduler.py[line:88]: try to stop job 202106132125020148129
[INFO] [2021-06-13 21:25:08,409] [7:140265872402176] - job_utils.py[line:397]: try to stop job 202106132125020148129 task 202106132125020148129_upload_0 local 0 with failed party status process pid:1618
[INFO] [2021-06-13 21:25:08,410] [7:140265872402176] - job_utils.py[line:400]: can not found job 202106132125020148129 task 202106132125020148129_upload_0 local 0 with failed party status process pid:1618
[INFO] [2021-06-13 21:25:08,413] [7:140265872402176] - job_utils.py[line:424]: start run subprocess to stop task session 202106132125020148129_upload_0_0_local_0
[INFO] [2021-06-13 21:25:08,413] [7:140265872402176] - job_utils.py[line:310]: start process command: python3 /fate/python/fate_flow/utils/session_utils.py -j 202106132125020148129_upload_0_0_local_0 --computing STANDALONE --federation STANDALONE --storage STANDALONE -c kill
[INFO] [2021-06-13 21:25:08,422] [7:140265872402176] - job_utils.py[line:334]: start process command: python3 /fate/python/fate_flow/utils/session_utils.py -j 202106132125020148129_upload_0_0_local_0 --computing STANDALONE --federation STANDALONE --storage STANDALONE -c kill successfully, pid is 1669
[INFO] [2021-06-13 21:25:08,423] [7:140265872402176] - task_controller.py[line:255]: job 202106132125020148129 task 202106132125020148129_upload_0 0 on local 0 process 1618 kill success
[INFO] [2021-06-13 21:25:08,424] [7:140265872402176] - job_saver.py[line:71]: try to update job 202106132125020148129 task 202106132125020148129_upload_0 0 status
[INFO] [2021-06-13 21:25:08,431] [7:140265872402176] - job_saver.py[line:76]: update job 202106132125020148129 task 202106132125020148129_upload_0 0 status update does not take effect: {'job_id': '202106132125020148129', 'task_id': '202106132125020148129_upload_0', 'task_version': 0, 'role': 'local', 'party_id': '0', 'party_status': 'failed'}
[INFO] [2021-06-13 21:25:08,442] [7:140265872402176] - job_saver.py[line:81]: try to update job 202106132125020148129 task 202106132125020148129_upload_0 0
[WARNING] [2021-06-13 21:25:08,454] [7:140265872402176] - job_saver.py[line:86]: job 202106132125020148129 task 202106132125020148129_upload_0 0 update does not take effect
[INFO] [2021-06-13 21:25:08,462] [7:140265872402176] - job_saver.py[line:45]: try to update job 202106132125020148129 status to failed
[INFO] [2021-06-13 21:25:08,467] [7:140265872402176] - job_saver.py[line:56]: update job 202106132125020148129 status does not take effect
[INFO] [2021-06-13 21:25:08,473] [7:140266826163968] - federated_scheduler.py[line:92]: stop job 202106132125020148129 success
[INFO] [2021-06-13 21:25:08,473] [7:140266826163968] - dag_scheduler.py[line:448]: stop job 202106132125020148129 with failed successfully
[INFO] [2021-06-13 21:25:08,473] [7:140266826163968] - federated_scheduler.py[line:107]: try to clean job 202106132125020148129
[INFO] [2021-06-13 21:25:08,481] [7:140265872402176] - job_controller.py[line:379]: Job 202106132125020148129 on local 0 start to clean
[INFO] [2021-06-13 21:25:08,481] [7:140265872402176] - job_controller.py[line:382]: job 202106132125020148129 on local 0 clean done
[INFO] [2021-06-13 21:25:08,487] [7:140266826163968] - federated_scheduler.py[line:110]: clean job 202106132125020148129 success
[INFO] [2021-06-13 21:25:08,488] [7:140266826163968] - dag_scheduler.py[line:505]: Job 202106132125020148129 finished with failed, done
[INFO] [2021-06-13 21:25:08,488] [7:140266826163968] - dag_scheduler.py[line:325]: finish scheduling job 202106132125020148129
[INFO] [2021-06-13 21:25:08,715] [7:140266826163968] - dag_scheduler.py[line:298]: scheduling job 202106132125020148129
[INFO] [2021-06-13 21:25:08,717] [7:140266826163968] - task_scheduler.py[line:28]: scheduling job 202106132125020148129 tasks
[INFO] [2021-06-13 21:25:08,734] [7:140266826163968] - task_scheduler.py[line:143]: job 202106132125020148129 task 202106132125020148129_upload_0 0 status is failed, calculate by task party status list: ['failed']
[INFO] [2021-06-13 21:25:08,734] [7:140266826163968] - task_scheduler.py[line:75]: finish scheduling job 202106132125020148129 tasks
[INFO] [2021-06-13 21:25:08,734] [7:140266826163968] - dag_scheduler.py[line:310]: Job 202106132125020148129 status is failed, calculate by task status list: ['failed']
[INFO] [2021-06-13 21:25:08,734] [7:140266826163968] - dag_scheduler.py[line:502]: Job 202106132125020148129 finished with failed, do something...
[INFO] [2021-06-13 21:25:08,734] [7:140266826163968] - dag_scheduler.py[line:436]: request stop job 202106132125020148129 with failed
[INFO] [2021-06-13 21:25:08,740] [7:140266826163968] - dag_scheduler.py[line:445]: request stop job 202106132125020148129 with failed to all party
[INFO] [2021-06-13 21:25:08,740] [7:140266826163968] - federated_scheduler.py[line:88]: try to stop job 202106132125020148129
[INFO] [2021-06-13 21:25:08,755] [7:140265872402176] - job_utils.py[line:397]: try to stop job 202106132125020148129 task 202106132125020148129_upload_0 local 0 with failed party status process pid:1618
[INFO] [2021-06-13 21:25:08,756] [7:140265872402176] - job_utils.py[line:400]: can not found job 202106132125020148129 task 202106132125020148129_upload_0 local 0 with failed party status process pid:1618
[INFO] [2021-06-13 21:25:08,759] [7:140265872402176] - job_utils.py[line:424]: start run subprocess to stop task session 202106132125020148129_upload_0_0_local_0
[INFO] [2021-06-13 21:25:08,760] [7:140265872402176] - job_utils.py[line:310]: start process command: python3 /fate/python/fate_flow/utils/session_utils.py -j 202106132125020148129_upload_0_0_local_0 --computing STANDALONE --federation STANDALONE --storage STANDALONE -c kill
[INFO] [2021-06-13 21:25:08,775] [7:140265872402176] - job_utils.py[line:334]: start process command: python3 /fate/python/fate_flow/utils/session_utils.py -j 202106132125020148129_upload_0_0_local_0 --computing STANDALONE --federation STANDALONE --storage STANDALONE -c kill successfully, pid is 1689
[INFO] [2021-06-13 21:25:08,775] [7:140265872402176] - task_controller.py[line:255]: job 202106132125020148129 task 202106132125020148129_upload_0 0 on local 0 process 1618 kill success
[INFO] [2021-06-13 21:25:08,775] [7:140265872402176] - job_saver.py[line:71]: try to update job 202106132125020148129 task 202106132125020148129_upload_0 0 status
[INFO] [2021-06-13 21:25:08,781] [7:140265872402176] - job_saver.py[line:76]: update job 202106132125020148129 task 202106132125020148129_upload_0 0 status update does not take effect: {'job_id': '202106132125020148129', 'task_id': '202106132125020148129_upload_0', 'task_version': 0, 'role': 'local', 'party_id': '0', 'party_status': 'failed'}
[INFO] [2021-06-13 21:25:08,786] [7:140265872402176] - job_saver.py[line:81]: try to update job 202106132125020148129 task 202106132125020148129_upload_0 0
[WARNING] [2021-06-13 21:25:08,791] [7:140265872402176] - job_saver.py[line:86]: job 202106132125020148129 task 202106132125020148129_upload_0 0 update does not take effect
[INFO] [2021-06-13 21:25:08,798] [7:140265872402176] - job_saver.py[line:45]: try to update job 202106132125020148129 status to failed
[INFO] [2021-06-13 21:25:08,804] [7:140265872402176] - job_saver.py[line:56]: update job 202106132125020148129 status does not take effect
[INFO] [2021-06-13 21:25:08,811] [7:140266826163968] - federated_scheduler.py[line:92]: stop job 202106132125020148129 success
[INFO] [2021-06-13 21:25:08,811] [7:140266826163968] - dag_scheduler.py[line:448]: stop job 202106132125020148129 with failed successfully
[INFO] [2021-06-13 21:25:08,811] [7:140266826163968] - federated_scheduler.py[line:107]: try to clean job 202106132125020148129
[INFO] [2021-06-13 21:25:08,824] [7:140265872402176] - job_controller.py[line:379]: Job 202106132125020148129 on local 0 start to clean
[INFO] [2021-06-13 21:25:08,825] [7:140265872402176] - job_controller.py[line:382]: job 202106132125020148129 on local 0 clean done
[INFO] [2021-06-13 21:25:08,829] [7:140266826163968] - federated_scheduler.py[line:110]: clean job 202106132125020148129 success
[INFO] [2021-06-13 21:25:08,829] [7:140266826163968] - dag_scheduler.py[line:505]: Job 202106132125020148129 finished with failed, done
[INFO] [2021-06-13 21:25:08,829] [7:140266826163968] - dag_scheduler.py[line:325]: finish scheduling job 202106132125020148129
[INFO] [2021-06-13 21:25:08,941] [1664:140592077358912] - session_utils.py[line:38]: start kill session 202106132125020148129_upload_0_0_local_0
[INFO] [2021-06-13 21:25:08,942] [1664:140592077358912] - session_utils.py[line:47]: kill session 202106132125020148129_upload_0_0_local_0 success
[INFO] [2021-06-13 21:25:09,186] [1669:140398551799616] - session_utils.py[line:38]: start kill session 202106132125020148129_upload_0_0_local_0
[INFO] [2021-06-13 21:25:09,186] [1669:140398551799616] - session_utils.py[line:47]: kill session 202106132125020148129_upload_0_0_local_0 success
[INFO] [2021-06-13 21:25:09,468] [1689:139839840200512] - session_utils.py[line:38]: start kill session 202106132125020148129_upload_0_0_local_0
[INFO] [2021-06-13 21:25:09,469] [1689:139839840200512] - session_utils.py[line:47]: kill session 202106132125020148129_upload_0_0_local_0 success
[INFO] [2021-06-13 21:25:10,894] [7:140266826163968] - dag_scheduler.py[line:193]: the number of updates has been exceeded
[INFO] [2021-06-13 21:25:12,946] [7:140266826163968] - dag_scheduler.py[line:193]: the number of updates has been exceeded
[INFO] [2021-06-13 21:25:14,994] [7:140266826163968] - dag_scheduler.py[line:193]: the number of updates has been exceeded
[INFO] [2021-06-13 21:25:17,050] [7:140266826163968] - dag_scheduler.py[line:193]: the number of updates has been exceeded
[INFO] [2021-06-13 21:25:19,099] [7:140266826163968] - dag_scheduler.py[line:193]: the number of updates has been exceeded
[INFO] [2021-06-13 21:25:21,157] [7:140266826163968] - dag_scheduler.py[line:193]: the number of updates has been exceeded
[INFO] [2021-06-13 21:25:23,209] [7:140266826163968] - dag_scheduler.py[line:193]: the number of updates has been exceeded
[INFO] [2021-06-13 21:25:25,261] [7:140266826163968] - dag_scheduler.py[line:193]: the number of updates has been exceeded
[INFO] [2021-06-13 21:25:27,311] [7:140266826163968] - dag_scheduler.py[line:193]: the number of updates has been exceeded
[INFO] [2021-06-13 21:25:29,360] [7:140266826163968] - dag_scheduler.py[line:193]: the number of updates has been exceeded
[INFO] [2021-06-13 21:25:31,407] [7:140266826163968] - dag_scheduler.py[line:193]: the number of updates has been exceeded
[INFO] [2021-06-13 21:25:33,472] [7:140266826163968] - dag_scheduler.py[line:193]: the number of updates has been exceeded
[INFO] [2021-06-13 21:25:35,519] [7:140266826163968] - dag_scheduler.py[line:193]: the number of updates has been exceeded
[INFO] [2021-06-13 21:25:37,561] [7:140266826163968] - dag_scheduler.py[line:193]: the number of updates has been exceeded
[INFO] [2021-06-13 21:25:39,602] [7:140266826163968] - dag_scheduler.py[line:193]: the number of updates has been exceeded
[INFO] [2021-06-13 21:25:41,649] [7:140266826163968] - dag_scheduler.py[line:193]: the number of updates has been exceeded
[INFO] [2021-06-13 21:25:43,702] [7:140266826163968] - dag_scheduler.py[line:193]: the number of updates has been exceeded
[INFO] [2021-06-13 21:25:45,764] [7:140266826163968] - dag_scheduler.py[line:193]: the number of updates has been exceeded
[INFO] [2021-06-13 21:25:47,812] [7:140266826163968] - dag_scheduler.py[line:193]: the number of updates has been exceeded
[INFO] [2021-06-13 21:25:49,868] [7:140266826163968] - dag_scheduler.py[line:193]: the number of updates has been exceeded
[INFO] [2021-06-13 21:25:51,920] [7:140266826163968] - dag_scheduler.py[line:193]: the number of updates has been exceeded
[INFO] [2021-06-13 21:25:53,969] [7:140266826163968] - dag_scheduler.py[line:193]: the number of updates has been exceeded
[INFO] [2021-06-13 21:25:56,032] [7:140266826163968] - dag_scheduler.py[line:193]: the number of updates has been exceeded
[INFO] [2021-06-13 21:25:58,074] [7:140266826163968] - dag_scheduler.py[line:193]: the number of updates has been exceeded
[INFO] [2021-06-13 21:26:00,125] [7:140266826163968] - dag_scheduler.py[line:193]: the number of updates has been exceeded
[INFO] [2021-06-13 21:26:02,170] [7:140266826163968] - dag_scheduler.py[line:193]: the number of updates has been exceeded
[INFO] [2021-06-13 21:26:04,328] [7:140266826163968] - dag_scheduler.py[line:193]: the number of updates has been exceeded
[INFO] [2021-06-13 21:26:06,378] [7:140266826163968] - dag_scheduler.py[line:193]: the number of updates has been exceeded
[INFO] [2021-06-13 21:26:08,432] [7:140266826163968] - dag_scheduler.py[line:193]: the number of updates has been exceeded
[INFO] [2021-06-13 21:26:10,479] [7:140266826163968] - dag_scheduler.py[line:193]: the number of updates has been exceeded
[INFO] [2021-06-13 21:26:12,658] [7:140266826163968] - dag_scheduler.py[line:193]: the number of updates has been exceeded
[INFO] [2021-06-13 21:26:14,973] [7:140266826163968] - dag_scheduler.py[line:193]: the number of updates has been exceeded
[INFO] [2021-06-13 21:26:17,088] [7:140266826163968] - dag_scheduler.py[line:193]: the number of updates has been exceeded
[INFO] [2021-06-13 21:26:19,509] [7:140266826163968] - dag_scheduler.py[line:193]: the number of updates has been exceeded
[INFO] [2021-06-13 21:26:21,706] [7:140266826163968] - dag_scheduler.py[line:193]: the number of updates has been exceeded
[INFO] [2021-06-13 21:26:23,768] [7:140266826163968] - dag_scheduler.py[line:193]: the number of updates has been exceeded
[INFO] [2021-06-13 21:26:25,823] [7:140266826163968] - dag_scheduler.py[line:193]: the number of updates has been exceeded
[INFO] [2021-06-13 21:26:27,884] [7:140266826163968] - dag_scheduler.py[line:193]: the number of updates has been exceeded
[INFO] [2021-06-13 21:26:29,939] [7:140266826163968] - dag_scheduler.py[line:193]: the number of updates has been exceeded
[INFO] [2021-06-13 21:26:31,990] [7:140266826163968] - dag_scheduler.py[line:193]: the number of updates has been exceeded
[INFO] [2021-06-13 21:26:34,046] [7:140266826163968] - dag_scheduler.py[line:193]: the number of updates has been exceeded
[INFO] [2021-06-13 21:26:36,100] [7:140266826163968] - dag_scheduler.py[line:193]: the number of updates has been exceeded
[INFO] [2021-06-13 21:26:38,168] [7:140266826163968] - dag_scheduler.py[line:193]: the number of updates has been exceeded
[INFO] [2021-06-13 21:26:40,206] [7:140266826163968] - dag_scheduler.py[line:193]: the number of updates has been exceeded
[INFO] [2021-06-13 21:26:42,257] [7:140266826163968] - dag_scheduler.py[line:193]: the number of updates has been exceeded
[INFO] [2021-06-13 21:26:44,313] [7:140266826163968] - dag_scheduler.py[line:193]: the number of updates has been exceeded
[INFO] [2021-06-13 21:26:46,373] [7:140266826163968] - dag_scheduler.py[line:193]: the number of updates has been exceeded
[INFO] [2021-06-13 21:26:48,441] [7:140266826163968] - dag_scheduler.py[line:193]: the number of updates has been exceeded
[INFO] [2021-06-13 21:26:50,509] [7:140266826163968] - dag_scheduler.py[line:193]: the number of updates has been exceeded
[INFO] [2021-06-13 21:26:52,557] [7:140266826163968] - dag_scheduler.py[line:193]: the number of updates has been exceeded
[INFO] [2021-06-13 21:26:54,616] [7:140266826163968] - dag_scheduler.py[line:193]: the number of updates has been exceeded
[INFO] [2021-06-13 21:26:56,679] [7:140266826163968] - dag_scheduler.py[line:193]: the number of updates has been exceeded
[INFO] [2021-06-13 21:26:58,727] [7:140266826163968] - dag_scheduler.py[line:193]: the number of updates has been exceeded
[INFO] [2021-06-13 21:27:00,782] [7:140266826163968] - dag_scheduler.py[line:193]: the number of updates has been exceeded
[INFO] [2021-06-13 21:27:02,839] [7:140266826163968] - dag_scheduler.py[line:193]: the number of updates has been exceeded
[INFO] [2021-06-13 21:27:04,901] [7:140266826163968] - dag_scheduler.py[line:193]: the number of updates has been exceeded
[INFO] [2021-06-13 21:27:06,946] [7:140266826163968] - dag_scheduler.py[line:193]: the number of updates has been exceeded
[INFO] [2021-06-13 21:27:09,017] [7:140266826163968] - dag_scheduler.py[line:193]: the number of updates has been exceeded
[INFO] [2021-06-13 21:27:11,077] [7:140266826163968] - dag_scheduler.py[line:193]: the number of updates has been exceeded
[INFO] [2021-06-13 21:27:13,145] [7:140266826163968] - dag_scheduler.py[line:193]: the number of updates has been exceeded
[INFO] [2021-06-13 21:27:15,200] [7:140266826163968] - dag_scheduler.py[line:193]: the number of updates has been exceeded
[INFO] [2021-06-13 21:27:17,276] [7:140266826163968] - dag_scheduler.py[line:193]: the number of updates has been exceeded
[INFO] [2021-06-13 21:27:19,330] [7:140266826163968] - dag_scheduler.py[line:193]: the number of updates has been exceeded
[INFO] [2021-06-13 21:27:21,386] [7:140266826163968] - dag_scheduler.py[line:193]: the number of updates has been exceeded
[INFO] [2021-06-13 21:27:23,447] [7:140266826163968] - dag_scheduler.py[line:193]: the number of updates has been exceeded
[INFO] [2021-06-13 21:27:25,501] [7:140266826163968] - dag_scheduler.py[line:193]: the number of updates has been exceeded
[INFO] [2021-06-13 21:27:27,565] [7:140266826163968] - dag_scheduler.py[line:193]: the number of updates has been exceeded
[INFO] [2021-06-13 21:27:29,629] [7:140266826163968] - dag_scheduler.py[line:193]: the number of updates has been exceeded
[INFO] [2021-06-13 21:27:31,683] [7:140266826163968] - dag_scheduler.py[line:193]: the number of updates has been exceeded
[INFO] [2021-06-13 21:27:33,742] [7:140266826163968] - dag_scheduler.py[line:193]: the number of updates has been exceeded
[INFO] [2021-06-13 21:27:35,796] [7:140266826163968] - dag_scheduler.py[line:193]: the number of updates has been exceeded
[INFO] [2021-06-13 21:27:37,848] [7:140266826163968] - dag_scheduler.py[line:193]: the number of updates has been exceeded
[INFO] [2021-06-13 21:27:39,929] [7:140266826163968] - dag_scheduler.py[line:193]: the number of updates has been exceeded
[INFO] [2021-06-13 21:27:41,968] [7:140266826163968] - dag_scheduler.py[line:193]: the number of updates has been exceeded
[INFO] [2021-06-13 21:27:44,012] [7:140266826163968] - dag_scheduler.py[line:193]: the number of updates has been exceeded
[INFO] [2021-06-13 21:27:46,070] [7:140266826163968] - dag_scheduler.py[line:193]: the number of updates has been exceeded
[INFO] [2021-06-13 21:27:48,142] [7:140266826163968] - dag_scheduler.py[line:193]: the number of updates has been exceeded
[INFO] [2021-06-13 21:27:50,197] [7:140266826163968] - dag_scheduler.py[line:193]: the number of updates has been exceeded
[INFO] [2021-06-13 21:27:52,248] [7:140266826163968] - dag_scheduler.py[line:193]: the number of updates has been exceeded
[INFO] [2021-06-13 21:27:54,301] [7:140266826163968] - dag_scheduler.py[line:193]: the number of updates has been exceeded
[INFO] [2021-06-13 21:27:56,360] [7:140266826163968] - dag_scheduler.py[line:193]: the number of updates has been exceeded
[INFO] [2021-06-13 21:27:58,425] [7:140266826163968] - dag_scheduler.py[line:193]: the number of updates has been exceeded
[INFO] [2021-06-13 21:28:00,466] [7:140266826163968] - dag_scheduler.py[line:193]: the number of updates has been exceeded
[INFO] [2021-06-13 21:28:02,523] [7:140266826163968] - dag_scheduler.py[line:193]: the number of updates has been exceeded
[INFO] [2021-06-13 21:28:04,586] [7:140266826163968] - dag_scheduler.py[line:193]: the number of updates has been exceeded
[INFO] [2021-06-13 21:28:06,642] [7:140266826163968] - dag_scheduler.py[line:193]: the number of updates has been exceeded
[INFO] [2021-06-13 21:28:08,691] [7:140266826163968] - dag_scheduler.py[line:193]: the number of updates has been exceeded
[INFO] [2021-06-13 21:28:10,755] [7:140266826163968] - dag_scheduler.py[line:193]: the number of updates has been exceeded
[INFO] [2021-06-13 21:28:12,807] [7:140266826163968] - dag_scheduler.py[line:193]: the number of updates has been exceeded
[INFO] [2021-06-13 21:28:14,843] [7:140266826163968] - dag_scheduler.py[line:193]: the number of updates has been exceeded
[INFO] [2021-06-13 21:28:16,897] [7:140266826163968] - dag_scheduler.py[line:193]: the number of updates has been exceeded
[INFO] [2021-06-13 21:28:18,959] [7:140266826163968] - dag_scheduler.py[line:193]: the number of updates has been exceeded
[INFO] [2021-06-13 21:28:21,015] [7:140266826163968] - dag_scheduler.py[line:193]: the number of updates has been exceeded
[INFO] [2021-06-13 21:28:23,087] [7:140266826163968] - dag_scheduler.py[line:193]: the number of updates has been exceeded
[INFO] [2021-06-13 21:28:25,149] [7:140266826163968] - dag_scheduler.py[line:193]: the number of updates has been exceeded
[INFO] [2021-06-13 21:28:27,202] [7:140266826163968] - dag_scheduler.py[line:193]: the number of updates has been exceeded
[INFO] [2021-06-13 21:28:29,253] [7:140266826163968] - dag_scheduler.py[line:193]: the number of updates has been exceeded
[INFO] [2021-06-13 21:28:31,307] [7:140266826163968] - dag_scheduler.py[line:193]: the number of updates has been exceeded
[INFO] [2021-06-13 21:28:33,361] [7:140266826163968] - dag_scheduler.py[line:193]: the number of updates has been exceeded
[INFO] [2021-06-13 21:28:35,419] [7:140266826163968] - dag_scheduler.py[line:193]: the number of updates has been exceeded
[INFO] [2021-06-13 21:28:37,471] [7:140266826163968] - dag_scheduler.py[line:193]: the number of updates has been exceeded
[INFO] [2021-06-13 21:28:39,534] [7:140266826163968] - dag_scheduler.py[line:193]: the number of updates has been exceeded
[INFO] [2021-06-13 21:28:41,658] [7:140266826163968] - dag_scheduler.py[line:193]: the number of updates has been exceeded
[INFO] [2021-06-13 21:28:43,713] [7:140266826163968] - dag_scheduler.py[line:193]: the number of updates has been exceeded
[INFO] [2021-06-13 21:28:45,785] [7:140266826163968] - dag_scheduler.py[line:193]: the number of updates has been exceeded
[INFO] [2021-06-13 21:28:47,846] [7:140266826163968] - dag_scheduler.py[line:193]: the number of updates has been exceeded
[INFO] [2021-06-13 21:28:49,911] [7:140266826163968] - dag_scheduler.py[line:193]: the number of updates has been exceeded
[INFO] [2021-06-13 21:28:51,966] [7:140266826163968] - dag_scheduler.py[line:193]: the number of updates has been exceeded
[INFO] [2021-06-13 21:28:54,024] [7:140266826163968] - dag_scheduler.py[line:193]: the number of updates has been exceeded
[INFO] [2021-06-13 21:28:56,081] [7:140266826163968] - dag_scheduler.py[line:193]: the number of updates has been exceeded
[INFO] [2021-06-13 21:28:58,137] [7:140266826163968] - dag_scheduler.py[line:193]: the number of updates has been exceeded
[INFO] [2021-06-13 21:29:00,191] [7:140266826163968] - dag_scheduler.py[line:193]: the number of updates has been exceeded
[INFO] [2021-06-13 21:29:02,244] [7:140266826163968] - dag_scheduler.py[line:193]: the number of updates has been exceeded
[INFO] [2021-06-13 21:29:04,300] [7:140266826163968] - dag_scheduler.py[line:193]: the number of updates has been exceeded
[INFO] [2021-06-13 21:29:06,361] [7:140266826163968] - dag_scheduler.py[line:193]: the number of updates has been exceeded
[INFO] [2021-06-13 21:29:08,442] [7:140266826163968] - dag_scheduler.py[line:193]: the number of updates has been exceeded
[INFO] [2021-06-13 21:29:10,500] [7:140266826163968] - dag_scheduler.py[line:193]: the number of updates has been exceeded
[INFO] [2021-06-13 21:29:12,556] [7:140266826163968] - dag_scheduler.py[line:193]: the number of updates has been exceeded
[INFO] [2021-06-13 21:29:14,617] [7:140266826163968] - dag_scheduler.py[line:193]: the number of updates has been exceeded
[INFO] [2021-06-13 21:29:16,709] [7:140266826163968] - dag_scheduler.py[line:193]: the number of updates has been exceeded
[INFO] [2021-06-13 21:29:18,795] [7:140266826163968] - dag_scheduler.py[line:193]: the number of updates has been exceeded
[INFO] [2021-06-13 21:29:20,893] [7:140266826163968] - dag_scheduler.py[line:193]: the number of updates has been exceeded
[INFO] [2021-06-13 21:29:22,947] [7:140266826163968] - dag_scheduler.py[line:193]: the number of updates has been exceeded
[INFO] [2021-06-13 21:29:24,983] [7:140266826163968] - dag_scheduler.py[line:193]: the number of updates has been exceeded
[INFO] [2021-06-13 21:29:27,037] [7:140266826163968] - dag_scheduler.py[line:193]: the number of updates has been exceeded
[INFO] [2021-06-13 21:29:29,090] [7:140266826163968] - dag_scheduler.py[line:193]: the number of updates has been exceeded
[INFO] [2021-06-13 21:29:31,154] [7:140266826163968] - dag_scheduler.py[line:193]: the number of updates has been exceeded
[INFO] [2021-06-13 21:29:33,208] [7:140266826163968] - dag_scheduler.py[line:193]: the number of updates has been exceeded
[INFO] [2021-06-13 21:29:35,262] [7:140266826163968] - dag_scheduler.py[line:193]: the number of updates has been exceeded
[INFO] [2021-06-13 21:29:37,315] [7:140266826163968] - dag_scheduler.py[line:193]: the number of updates has been exceeded
[INFO] [2021-06-13 21:29:39,367] [7:140266826163968] - dag_scheduler.py[line:193]: the number of updates has been exceeded
[INFO] [2021-06-13 21:29:41,430] [7:140266826163968] - dag_scheduler.py[line:193]: the number of updates has been exceeded
[INFO] [2021-06-13 21:29:43,482] [7:140266826163968] - dag_scheduler.py[line:193]: the number of updates has been exceeded
[INFO] [2021-06-13 21:29:45,534] [7:140266826163968] - dag_scheduler.py[line:193]: the number of updates has been exceeded
[INFO] [2021-06-13 21:29:47,588] [7:140266826163968] - dag_scheduler.py[line:193]: the number of updates has been exceeded
[INFO] [2021-06-13 21:29:49,684] [7:140266826163968] - dag_scheduler.py[line:193]: the number of updates has been exceeded
[INFO] [2021-06-13 21:29:51,750] [7:140266826163968] - dag_scheduler.py[line:193]: the number of updates has been exceeded
[INFO] [2021-06-13 21:29:53,827] [7:140266826163968] - dag_scheduler.py[line:193]: the number of updates has been exceeded
[INFO] [2021-06-13 21:29:55,883] [7:140266826163968] - dag_scheduler.py[line:193]: the number of updates has been exceeded
[INFO] [2021-06-13 21:29:57,944] [7:140266826163968] - dag_scheduler.py[line:193]: the number of updates has been exceeded
[INFO] [2021-06-13 21:30:00,021] [7:140266826163968] - dag_scheduler.py[line:193]: the number of updates has been exceeded
[INFO] [2021-06-13 21:30:02,073] [7:140266826163968] - dag_scheduler.py[line:193]: the number of updates has been exceeded
[INFO] [2021-06-13 21:30:04,126] [7:140266826163968] - dag_scheduler.py[line:193]: the number of updates has been exceeded
[INFO] [2021-06-13 21:30:06,181] [7:140266826163968] - dag_scheduler.py[line:193]: the number of updates has been exceeded
[INFO] [2021-06-13 21:30:08,243] [7:140266826163968] - dag_scheduler.py[line:193]: the number of updates has been exceeded
