[INFO] [2021-06-15 21:56:38,446] [2992:140470760322880] - task_executor.py[line:313]: report task 2021061521563264143218_reader_0 0 guest 9999 to driver
[INFO] [2021-06-15 21:56:38,447] [2992:140470760322880] - control_client.py[line:42]: request update job 2021061521563264143218 task 2021061521563264143218_reader_0 0 on guest 9999
[INFO] [2021-06-15 21:56:38,941] [2992:140470760322880] - task_executor.py[line:150]: Run 2021061521563264143218 reader_0 2021061521563264143218_reader_0 guest 9999 task
[INFO] [2021-06-15 21:56:38,941] [2992:140470760322880] - task_executor.py[line:151]: Component parameters on party {'ReaderParam': {'table': {'namespace': 'experiment', 'name': 'default_credit_hetero_guest'}}, 'dsl_path': './examples/LDPDev/dsl/v2/hetero_secureboost/test_secureboost_train_dsl.json', 'initiator': {'party_id': 9999, 'role': 'guest'}, 'role': {'guest': [9999], 'host': [9998]}, 'dsl_version': 2, 'component_parameters': {'common': {'hetero_secure_boost_0': {'task_type': 'classification', 'objective_param': {'objective': 'cross_entropy'}, 'num_trees': 3, 'validation_freqs': 1, 'encrypt_param': {'method': 'iterativeAffine'}, 'tree_param': {'max_depth': 3}}, 'evaluation_0': {'eval_type': 'binary'}}, 'role': {'guest': {'0': {'reader_0': {'table': {'namespace': 'experiment', 'name': 'default_credit_hetero_guest'}}, 'dataio_0': {'with_label': True, 'output_format': 'dense'}, 'reader_1': {'table': {'name': 'breast_hetero_guest', 'namespace': 'experiment'}}, 'dataio_1': {'with_label': True, 'output_format': 'dense'}}}, 'host': {'0': {'reader_0': {'table': {'namespace': 'experiment', 'name': 'default_credit_hetero_host'}}, 'dataio_0': {'with_label': False}, 'reader_1': {'table': {'name': 'breast_hetero_host', 'namespace': 'experiment'}}, 'dataio_1': {'with_label': False}}}}}, 'job_parameters': {'job_type': 'predict', 'work_mode': 0, 'backend': 0, 'computing_engine': 'STANDALONE', 'federation_engine': 'STANDALONE', 'storage_engine': 'STANDALONE', 'engines_address': {'computing': {'nodes': 1, 'cores_per_node': 20}, 'federation': {'nodes': 1, 'cores_per_node': 20}, 'storage': {'nodes': 1, 'cores_per_node': 20}}, 'federated_mode': 'SINGLE', 'task_parallelism': 1, 'computing_partitions': 4, 'federated_status_collect_type': 'PULL', 'model_id': 'guest-9999#host-9998#model', 'model_version': '2021061521542761899517', 'eggroll_run': {'eggroll.session.processors.per.node': 4}, 'spark_run': {}, 'rabbitmq_run': {}, 'pulsar_run': {}, 'adaptation_parameters': {'task_memory_per_node': 0, 'if_initiator_baseline': False, 'task_cores_per_node': 4, 'request_task_cores': 4, 'task_nodes': 1}}, 'conf_path': './examples/LDPDev/test_predict_conf.json', 'local': {'role': 'guest', 'party_id': 9999}, 'CodePath': 'fate_flow/components/reader.py/Reader', 'module': 'Reader', 'output_data_name': ['data']}
[INFO] [2021-06-15 21:56:38,942] [2992:140470760322880] - task_executor.py[line:152]: Task input dsl {}
[INFO] [2021-06-15 21:56:39,409] [2992:140470760322880] - reader.py[line:66]: the STANDALONE input table needs to be transform format
[INFO] [2021-06-15 21:56:39,478] [2992:140470760322880] - reader.py[line:166]: start copying table
[INFO] [2021-06-15 21:56:39,479] [2992:140470760322880] - reader.py[line:168]: source table name: default_credit_hetero_guest namespace: experiment engine: STANDALONE
[INFO] [2021-06-15 21:56:39,480] [2992:140470760322880] - reader.py[line:170]: destination table name: 8fbb29ecce2411eb8df10242ac110002 namespace: output_data_2021061521563264143218_reader_0_0 engine: STANDALONE
[INFO] [2021-06-15 21:56:40,761] [2992:140470760322880] - reader.py[line:194]: copy successfully
[INFO] [2021-06-15 21:56:41,316] [2992:140470760322880] - tracker_client.py[line:127]: Request save job 2021061521563264143218 task 2021061521563264143218_reader_0 0 on guest 9999 data data info
[INFO] [2021-06-15 21:56:41,341] [2992:140470760322880] - tracker_client.py[line:103]: Request save job 2021061521563264143218 task 2021061521563264143218_reader_0 0 on guest 9999 metric reader_namespace reader_name meta
[INFO] [2021-06-15 21:56:41,388] [2992:140470760322880] - profile.py[line:249]: 
Computing:
+----------+------------------------------------------+
| function |                                          |
+----------+------------------------------------------+
|  total   | n=0, sum=0.0000, mean=0.0000, max=0.0000 |
+----------+------------------------------------------+

Federation:
+--------+------------------------------------------+
|  get   |                                          |
+--------+------------------------------------------+
| remote |                                          |
+--------+------------------------------------------+
| total  | n=0, sum=0.0000, mean=0.0000, max=0.0000 |
+--------+------------------------------------------+

[INFO] [2021-06-15 21:56:41,389] [2992:140470760322880] - task_executor.py[line:313]: report task 2021061521563264143218_reader_0 0 guest 9999 to driver
[INFO] [2021-06-15 21:56:41,389] [2992:140470760322880] - control_client.py[line:42]: request update job 2021061521563264143218 task 2021061521563264143218_reader_0 0 on guest 9999
[INFO] [2021-06-15 21:56:41,459] [2992:140470760322880] - task_executor.py[line:202]: task 2021061521563264143218_reader_0 guest 9999 start time: 2021-06-15 21:56:38
[INFO] [2021-06-15 21:56:41,460] [2992:140470760322880] - task_executor.py[line:204]: task 2021061521563264143218_reader_0 guest 9999 end time: 2021-06-15 21:56:41
[INFO] [2021-06-15 21:56:41,460] [2992:140470760322880] - task_executor.py[line:206]: task 2021061521563264143218_reader_0 guest 9999 takes 3.177s
[INFO] [2021-06-15 21:56:41,461] [2992:140470760322880] - task_executor.py[line:209]: Finish 2021061521563264143218 reader_0 2021061521563264143218_reader_0 0 guest 9999 task success
[INFO] [2021-06-15 21:56:41,461] [2992:140470760322880] - task_executor.py[line:313]: report task 2021061521563264143218_reader_0 0 guest 9999 to driver
[INFO] [2021-06-15 21:56:41,462] [2992:140470760322880] - control_client.py[line:42]: request update job 2021061521563264143218 task 2021061521563264143218_reader_0 0 on guest 9999
[INFO] [2021-06-15 21:56:45,667] [3058:140146818275136] - task_executor.py[line:313]: report task 2021061521563264143218_dataio_0 0 guest 9999 to driver
[INFO] [2021-06-15 21:56:45,668] [3058:140146818275136] - control_client.py[line:42]: request update job 2021061521563264143218 task 2021061521563264143218_dataio_0 0 on guest 9999
[INFO] [2021-06-15 21:56:46,068] [3058:140146818275136] - task_executor.py[line:150]: Run 2021061521563264143218 dataio_0 2021061521563264143218_dataio_0 guest 9999 task
[INFO] [2021-06-15 21:56:46,068] [3058:140146818275136] - task_executor.py[line:151]: Component parameters on party {'DataIOParam': {'input_format': 'dense', 'delimitor': ',', 'data_type': 'float64', 'exclusive_data_type': None, 'tag_with_value': False, 'tag_value_delimitor': ':', 'missing_fill': False, 'default_value': 0, 'missing_fill_method': None, 'missing_impute': None, 'outlier_replace': False, 'outlier_replace_method': None, 'outlier_impute': None, 'outlier_replace_value': 0, 'with_label': True, 'label_name': 'y', 'label_type': 'int', 'output_format': 'dense', 'need_run': True}, 'role': {'guest': [9999], 'host': [9998]}, 'component_parameters': {'role': {'guest': {'0': {'reader_1': {'table': {'name': 'breast_hetero_guest', 'namespace': 'experiment'}}, 'dataio_1': {'with_label': True, 'output_format': 'dense'}, 'reader_0': {'table': {'name': 'default_credit_hetero_guest', 'namespace': 'experiment'}}, 'dataio_0': {'with_label': True, 'output_format': 'dense'}}}, 'host': {'0': {'reader_1': {'table': {'name': 'breast_hetero_host', 'namespace': 'experiment'}}, 'dataio_1': {'with_label': False}, 'reader_0': {'table': {'name': 'default_credit_hetero_host', 'namespace': 'experiment'}}, 'dataio_0': {'with_label': False}}}}, 'common': {'hetero_secure_boost_0': {'task_type': 'classification', 'objective_param': {'objective': 'cross_entropy'}, 'num_trees': 3, 'validation_freqs': 1, 'encrypt_param': {'method': 'iterativeAffine'}, 'tree_param': {'max_depth': 3}}, 'evaluation_0': {'eval_type': 'binary'}}}, 'initiator': {'role': 'guest', 'party_id': 9999}, 'dsl_version': 2, 'conf_path': './examples/LDPDev/test_predict_conf.json', 'job_parameters': {'job_type': 'predict', 'work_mode': 0, 'backend': 0, 'computing_engine': 'STANDALONE', 'federation_engine': 'STANDALONE', 'storage_engine': 'STANDALONE', 'engines_address': {'computing': {'nodes': 1, 'cores_per_node': 20}, 'federation': {'nodes': 1, 'cores_per_node': 20}, 'storage': {'nodes': 1, 'cores_per_node': 20}}, 'federated_mode': 'SINGLE', 'task_parallelism': 1, 'computing_partitions': 4, 'federated_status_collect_type': 'PULL', 'model_id': 'guest-9999#host-9998#model', 'model_version': '2021061521542761899517', 'eggroll_run': {'eggroll.session.processors.per.node': 4}, 'spark_run': {}, 'rabbitmq_run': {}, 'pulsar_run': {}, 'adaptation_parameters': {'task_memory_per_node': 0, 'if_initiator_baseline': False, 'task_cores_per_node': 4, 'request_task_cores': 4, 'task_nodes': 1}}, 'dsl_path': './examples/LDPDev/dsl/v2/hetero_secureboost/test_secureboost_train_dsl.json', 'local': {'role': 'guest', 'party_id': 9999}, 'CodePath': 'federatedml/util/data_io.py/DataIO', 'module': 'DataIO', 'output_data_name': ['data']}
[INFO] [2021-06-15 21:56:46,069] [3058:140146818275136] - task_executor.py[line:152]: Task input dsl {'model': ['pipeline.dataio_0.model'], 'data': {'data': ['reader_0.data']}}
[INFO] [2021-06-15 21:56:46,090] [3058:140146818275136] - pipelined_model.py[line:185]: parse DataIOMeta proto object normal
[INFO] [2021-06-15 21:56:46,103] [3058:140146818275136] - pipelined_model.py[line:185]: parse DataIOParam proto object normal
[INFO] [2021-06-15 21:56:46,104] [3058:140146818275136] - tracker_client.py[line:150]: Request read job 2021061521563264143218 task None None on guest 9999 data data info
[INFO] [2021-06-15 21:56:46,137] [3058:140146818275136] - task_executor.py[line:269]: load computing table use 4
[WARNING] [2021-06-15 21:56:46,797] [3058:140146818275136] - data_io.py[line:855]: DataIO is deprecated, and will be removed in 1.7, use DataTransform module instead
[INFO] [2021-06-15 21:56:46,815] [3058:140146818275136] - data_io.py[line:118]: start to read dense data and change data to instance
[WARNING] [2021-06-15 21:56:52,432] [3058:140146818275136] - data_overview.py[line:83]: header in prediction stage is super-set training stage, predict size is 13, training header size is 10
[INFO] [2021-06-15 21:56:57,430] [3145:140075917207360] - task_executor.py[line:313]: report task 2021061521563264143218_reader_1 0 guest 9999 to driver
[INFO] [2021-06-15 21:56:57,430] [3145:140075917207360] - control_client.py[line:42]: request update job 2021061521563264143218 task 2021061521563264143218_reader_1 0 on guest 9999
[INFO] [2021-06-15 21:56:57,939] [3145:140075917207360] - task_executor.py[line:150]: Run 2021061521563264143218 reader_1 2021061521563264143218_reader_1 guest 9999 task
[INFO] [2021-06-15 21:56:57,940] [3145:140075917207360] - task_executor.py[line:151]: Component parameters on party {'ReaderParam': {'table': {'name': 'breast_hetero_guest', 'namespace': 'experiment'}}, 'dsl_path': './examples/LDPDev/dsl/v2/hetero_secureboost/test_secureboost_train_dsl.json', 'dsl_version': 2, 'component_parameters': {'role': {'guest': {'0': {'reader_1': {'table': {'name': 'breast_hetero_guest', 'namespace': 'experiment'}}, 'dataio_1': {'with_label': True, 'output_format': 'dense'}, 'reader_0': {'table': {'namespace': 'experiment', 'name': 'default_credit_hetero_guest'}}, 'dataio_0': {'with_label': True, 'output_format': 'dense'}}}, 'host': {'0': {'reader_1': {'table': {'name': 'breast_hetero_host', 'namespace': 'experiment'}}, 'dataio_1': {'with_label': False}, 'reader_0': {'table': {'namespace': 'experiment', 'name': 'default_credit_hetero_host'}}, 'dataio_0': {'with_label': False}}}}, 'common': {'hetero_secure_boost_0': {'task_type': 'classification', 'objective_param': {'objective': 'cross_entropy'}, 'num_trees': 3, 'validation_freqs': 1, 'encrypt_param': {'method': 'iterativeAffine'}, 'tree_param': {'max_depth': 3}}, 'evaluation_0': {'eval_type': 'binary'}}}, 'initiator': {'role': 'guest', 'party_id': 9999}, 'conf_path': './examples/LDPDev/test_predict_conf.json', 'role': {'guest': [9999], 'host': [9998]}, 'job_parameters': {'job_type': 'predict', 'work_mode': 0, 'backend': 0, 'computing_engine': 'STANDALONE', 'federation_engine': 'STANDALONE', 'storage_engine': 'STANDALONE', 'engines_address': {'computing': {'nodes': 1, 'cores_per_node': 20}, 'federation': {'nodes': 1, 'cores_per_node': 20}, 'storage': {'nodes': 1, 'cores_per_node': 20}}, 'federated_mode': 'SINGLE', 'task_parallelism': 1, 'computing_partitions': 4, 'federated_status_collect_type': 'PULL', 'model_id': 'guest-9999#host-9998#model', 'model_version': '2021061521542761899517', 'eggroll_run': {'eggroll.session.processors.per.node': 4}, 'spark_run': {}, 'rabbitmq_run': {}, 'pulsar_run': {}, 'adaptation_parameters': {'task_memory_per_node': 0, 'if_initiator_baseline': False, 'task_cores_per_node': 4, 'request_task_cores': 4, 'task_nodes': 1}}, 'local': {'role': 'guest', 'party_id': 9999}, 'CodePath': 'fate_flow/components/reader.py/Reader', 'module': 'Reader', 'output_data_name': ['data']}
[INFO] [2021-06-15 21:56:57,940] [3145:140075917207360] - task_executor.py[line:152]: Task input dsl {}
[INFO] [2021-06-15 21:56:58,131] [3145:140075917207360] - reader.py[line:66]: the STANDALONE input table needs to be transform format
[INFO] [2021-06-15 21:56:58,180] [3145:140075917207360] - reader.py[line:166]: start copying table
[INFO] [2021-06-15 21:56:58,181] [3145:140075917207360] - reader.py[line:168]: source table name: breast_hetero_guest namespace: experiment engine: STANDALONE
[INFO] [2021-06-15 21:56:58,181] [3145:140075917207360] - reader.py[line:170]: destination table name: 9b11965ace2411ebafc80242ac110002 namespace: output_data_2021061521563264143218_reader_1_0 engine: STANDALONE
[INFO] [2021-06-15 21:56:58,270] [3145:140075917207360] - reader.py[line:194]: copy successfully
[INFO] [2021-06-15 21:56:58,334] [3145:140075917207360] - tracker_client.py[line:127]: Request save job 2021061521563264143218 task 2021061521563264143218_reader_1 0 on guest 9999 data data info
[INFO] [2021-06-15 21:56:58,402] [3145:140075917207360] - tracker_client.py[line:103]: Request save job 2021061521563264143218 task 2021061521563264143218_reader_1 0 on guest 9999 metric reader_namespace reader_name meta
[INFO] [2021-06-15 21:56:58,479] [3145:140075917207360] - profile.py[line:249]: 
Computing:
+----------+------------------------------------------+
| function |                                          |
+----------+------------------------------------------+
|  total   | n=0, sum=0.0000, mean=0.0000, max=0.0000 |
+----------+------------------------------------------+

Federation:
+--------+------------------------------------------+
|  get   |                                          |
+--------+------------------------------------------+
| remote |                                          |
+--------+------------------------------------------+
| total  | n=0, sum=0.0000, mean=0.0000, max=0.0000 |
+--------+------------------------------------------+

[INFO] [2021-06-15 21:56:58,482] [3145:140075917207360] - task_executor.py[line:313]: report task 2021061521563264143218_reader_1 0 guest 9999 to driver
[INFO] [2021-06-15 21:56:58,483] [3145:140075917207360] - control_client.py[line:42]: request update job 2021061521563264143218 task 2021061521563264143218_reader_1 0 on guest 9999
[INFO] [2021-06-15 21:56:58,580] [3145:140075917207360] - task_executor.py[line:202]: task 2021061521563264143218_reader_1 guest 9999 start time: 2021-06-15 21:56:57
[INFO] [2021-06-15 21:56:58,581] [3145:140075917207360] - task_executor.py[line:204]: task 2021061521563264143218_reader_1 guest 9999 end time: 2021-06-15 21:56:58
[INFO] [2021-06-15 21:56:58,581] [3145:140075917207360] - task_executor.py[line:206]: task 2021061521563264143218_reader_1 guest 9999 takes 1.237s
[INFO] [2021-06-15 21:56:58,581] [3145:140075917207360] - task_executor.py[line:209]: Finish 2021061521563264143218 reader_1 2021061521563264143218_reader_1 0 guest 9999 task success
[INFO] [2021-06-15 21:56:58,582] [3145:140075917207360] - task_executor.py[line:313]: report task 2021061521563264143218_reader_1 0 guest 9999 to driver
[INFO] [2021-06-15 21:56:58,583] [3145:140075917207360] - control_client.py[line:42]: request update job 2021061521563264143218 task 2021061521563264143218_reader_1 0 on guest 9999
[INFO] [2021-06-15 21:57:03,599] [3224:139687530084160] - task_executor.py[line:313]: report task 2021061521563264143218_dataio_1 0 guest 9999 to driver
[INFO] [2021-06-15 21:57:03,599] [3224:139687530084160] - control_client.py[line:42]: request update job 2021061521563264143218 task 2021061521563264143218_dataio_1 0 on guest 9999
[INFO] [2021-06-15 21:57:04,058] [3224:139687530084160] - task_executor.py[line:150]: Run 2021061521563264143218 dataio_1 2021061521563264143218_dataio_1 guest 9999 task
[INFO] [2021-06-15 21:57:04,058] [3224:139687530084160] - task_executor.py[line:151]: Component parameters on party {'DataIOParam': {'input_format': 'dense', 'delimitor': ',', 'data_type': 'float64', 'exclusive_data_type': None, 'tag_with_value': False, 'tag_value_delimitor': ':', 'missing_fill': False, 'default_value': 0, 'missing_fill_method': None, 'missing_impute': None, 'outlier_replace': False, 'outlier_replace_method': None, 'outlier_impute': None, 'outlier_replace_value': 0, 'with_label': True, 'label_name': 'y', 'label_type': 'int', 'output_format': 'dense', 'need_run': True}, 'job_parameters': {'job_type': 'predict', 'work_mode': 0, 'backend': 0, 'computing_engine': 'STANDALONE', 'federation_engine': 'STANDALONE', 'storage_engine': 'STANDALONE', 'engines_address': {'computing': {'nodes': 1, 'cores_per_node': 20}, 'federation': {'nodes': 1, 'cores_per_node': 20}, 'storage': {'nodes': 1, 'cores_per_node': 20}}, 'federated_mode': 'SINGLE', 'task_parallelism': 1, 'computing_partitions': 4, 'federated_status_collect_type': 'PULL', 'model_id': 'guest-9999#host-9998#model', 'model_version': '2021061521542761899517', 'eggroll_run': {'eggroll.session.processors.per.node': 4}, 'spark_run': {}, 'rabbitmq_run': {}, 'pulsar_run': {}, 'adaptation_parameters': {'task_memory_per_node': 0, 'if_initiator_baseline': False, 'task_cores_per_node': 4, 'request_task_cores': 4, 'task_nodes': 1}}, 'role': {'guest': [9999], 'host': [9998]}, 'dsl_path': './examples/LDPDev/dsl/v2/hetero_secureboost/test_secureboost_train_dsl.json', 'conf_path': './examples/LDPDev/test_predict_conf.json', 'component_parameters': {'role': {'guest': {'0': {'dataio_0': {'with_label': True, 'output_format': 'dense'}, 'dataio_1': {'with_label': True, 'output_format': 'dense'}, 'reader_1': {'table': {'name': 'breast_hetero_guest', 'namespace': 'experiment'}}, 'reader_0': {'table': {'name': 'default_credit_hetero_guest', 'namespace': 'experiment'}}}}, 'host': {'0': {'dataio_0': {'with_label': False}, 'dataio_1': {'with_label': False}, 'reader_1': {'table': {'name': 'breast_hetero_host', 'namespace': 'experiment'}}, 'reader_0': {'table': {'name': 'default_credit_hetero_host', 'namespace': 'experiment'}}}}}, 'common': {'hetero_secure_boost_0': {'task_type': 'classification', 'objective_param': {'objective': 'cross_entropy'}, 'num_trees': 3, 'validation_freqs': 1, 'encrypt_param': {'method': 'iterativeAffine'}, 'tree_param': {'max_depth': 3}}, 'evaluation_0': {'eval_type': 'binary'}}}, 'initiator': {'party_id': 9999, 'role': 'guest'}, 'dsl_version': 2, 'local': {'role': 'guest', 'party_id': 9999}, 'CodePath': 'federatedml/util/data_io.py/DataIO', 'module': 'DataIO', 'output_data_name': ['data']}
[INFO] [2021-06-15 21:57:04,059] [3224:139687530084160] - task_executor.py[line:152]: Task input dsl {'model': ['pipeline.dataio_1.model'], 'data': {'data': ['reader_1.data']}}
[INFO] [2021-06-15 21:57:04,077] [3224:139687530084160] - pipelined_model.py[line:185]: parse DataIOMeta proto object normal
[INFO] [2021-06-15 21:57:04,084] [3224:139687530084160] - pipelined_model.py[line:185]: parse DataIOParam proto object normal
[INFO] [2021-06-15 21:57:04,084] [3224:139687530084160] - tracker_client.py[line:150]: Request read job 2021061521563264143218 task None None on guest 9999 data data info
[INFO] [2021-06-15 21:57:04,117] [3224:139687530084160] - task_executor.py[line:269]: load computing table use 4
[WARNING] [2021-06-15 21:57:04,166] [3224:139687530084160] - data_io.py[line:855]: DataIO is deprecated, and will be removed in 1.7, use DataTransform module instead
[INFO] [2021-06-15 21:57:04,178] [3224:139687530084160] - data_io.py[line:118]: start to read dense data and change data to instance
[INFO] [2021-06-15 21:57:04,406] [3224:139687530084160] - tracker_client.py[line:173]: Request save job 2021061521563264143218 task 2021061521563264143218_dataio_1 0 on guest 9999 component summary
[INFO] [2021-06-15 21:57:04,618] [3224:139687530084160] - profile.py[line:249]: 
Computing:
+----------+---------------------------------------------+
| function |  function    n   sum(s)   mean(s)   max(s)  |
|          | ----------- --- -------- --------- -------- |
|          |  mapValues   2   0.094     0.047    0.061   |
|          |    join      1   0.054     0.054    0.054   |
|          |    count     4   0.014     0.004    0.004   |
|          |    first     1   0.002     0.002    0.002   |
+----------+---------------------------------------------+
|  total   |  n=8, sum=0.1650, mean=0.0206, max=0.0615   |
+----------+---------------------------------------------+

Federation:
+--------+------------------------------------------+
|  get   |                                          |
+--------+------------------------------------------+
| remote |                                          |
+--------+------------------------------------------+
| total  | n=0, sum=0.0000, mean=0.0000, max=0.0000 |
+--------+------------------------------------------+

[INFO] [2021-06-15 21:57:04,784] [3224:139687530084160] - pipelined_model.py[line:73]: Save dataio_1 default DataIOMeta buffer
[INFO] [2021-06-15 21:57:04,785] [3224:139687530084160] - pipelined_model.py[line:73]: Save dataio_1 default DataIOParam buffer
[INFO] [2021-06-15 21:57:04,800] [3224:139687530084160] - pipelined_model.py[line:78]: Save dataio_1 default successfully
[INFO] [2021-06-15 21:57:04,801] [3224:139687530084160] - task_executor.py[line:313]: report task 2021061521563264143218_dataio_1 0 guest 9999 to driver
[INFO] [2021-06-15 21:57:04,801] [3224:139687530084160] - control_client.py[line:42]: request update job 2021061521563264143218 task 2021061521563264143218_dataio_1 0 on guest 9999
[INFO] [2021-06-15 21:57:04,880] [3224:139687530084160] - task_executor.py[line:202]: task 2021061521563264143218_dataio_1 guest 9999 start time: 2021-06-15 21:57:03
[INFO] [2021-06-15 21:57:04,880] [3224:139687530084160] - task_executor.py[line:204]: task 2021061521563264143218_dataio_1 guest 9999 end time: 2021-06-15 21:57:04
[INFO] [2021-06-15 21:57:04,881] [3224:139687530084160] - task_executor.py[line:206]: task 2021061521563264143218_dataio_1 guest 9999 takes 1.416s
[INFO] [2021-06-15 21:57:04,881] [3224:139687530084160] - task_executor.py[line:209]: Finish 2021061521563264143218 dataio_1 2021061521563264143218_dataio_1 0 guest 9999 task success
[INFO] [2021-06-15 21:57:04,934] [3224:139687530084160] - task_executor.py[line:313]: report task 2021061521563264143218_dataio_1 0 guest 9999 to driver
[INFO] [2021-06-15 21:57:04,934] [3224:139687530084160] - control_client.py[line:42]: request update job 2021061521563264143218 task 2021061521563264143218_dataio_1 0 on guest 9999
[INFO] [2021-06-15 21:57:09,386] [3319:139692560086848] - task_executor.py[line:313]: report task 2021061521563264143218_intersection_1 0 guest 9999 to driver
[INFO] [2021-06-15 21:57:09,388] [3319:139692560086848] - control_client.py[line:42]: request update job 2021061521563264143218 task 2021061521563264143218_intersection_1 0 on guest 9999
[INFO] [2021-06-15 21:57:10,032] [3319:139692560086848] - task_executor.py[line:150]: Run 2021061521563264143218 intersection_1 2021061521563264143218_intersection_1 guest 9999 task
[INFO] [2021-06-15 21:57:10,032] [3319:139692560086848] - task_executor.py[line:151]: Component parameters on party {'IntersectParam': {'intersect_method': 'raw', 'random_bit': 128, 'sync_intersect_ids': True, 'join_role': 'guest', 'with_encode': False, 'encode_params': {'salt': '', 'encode_method': 'none', 'base64': False}, 'rsa_params': {'salt': '', 'hash_method': 'sha256', 'final_hash_method': 'sha256', 'split_calculation': False, 'random_base_fraction': None, 'key_length': 1024}, 'only_output_key': False, 'intersect_cache_param': {'use_cache': False, 'id_type': 'phone', 'encrypt_type': 'sha256'}, 'repeated_id_process': False, 'repeated_id_owner': 'guest', 'allow_info_share': False, 'info_owner': 'guest', 'with_sample_id': False}, 'job_parameters': {'job_type': 'predict', 'work_mode': 0, 'backend': 0, 'computing_engine': 'STANDALONE', 'federation_engine': 'STANDALONE', 'storage_engine': 'STANDALONE', 'engines_address': {'computing': {'nodes': 1, 'cores_per_node': 20}, 'federation': {'nodes': 1, 'cores_per_node': 20}, 'storage': {'nodes': 1, 'cores_per_node': 20}}, 'federated_mode': 'SINGLE', 'task_parallelism': 1, 'computing_partitions': 4, 'federated_status_collect_type': 'PULL', 'model_id': 'guest-9999#host-9998#model', 'model_version': '2021061521542761899517', 'eggroll_run': {'eggroll.session.processors.per.node': 4}, 'spark_run': {}, 'rabbitmq_run': {}, 'pulsar_run': {}, 'adaptation_parameters': {'task_memory_per_node': 0, 'if_initiator_baseline': False, 'task_cores_per_node': 4, 'request_task_cores': 4, 'task_nodes': 1}}, 'component_parameters': {'common': {'hetero_secure_boost_0': {'task_type': 'classification', 'objective_param': {'objective': 'cross_entropy'}, 'num_trees': 3, 'validation_freqs': 1, 'encrypt_param': {'method': 'iterativeAffine'}, 'tree_param': {'max_depth': 3}}, 'evaluation_0': {'eval_type': 'binary'}}, 'role': {'host': {'0': {'reader_0': {'table': {'name': 'default_credit_hetero_host', 'namespace': 'experiment'}}, 'reader_1': {'table': {'name': 'breast_hetero_host', 'namespace': 'experiment'}}, 'dataio_1': {'with_label': False}, 'dataio_0': {'with_label': False}}}, 'guest': {'0': {'reader_0': {'table': {'name': 'default_credit_hetero_guest', 'namespace': 'experiment'}}, 'reader_1': {'table': {'name': 'breast_hetero_guest', 'namespace': 'experiment'}}, 'dataio_1': {'with_label': True, 'output_format': 'dense'}, 'dataio_0': {'with_label': True, 'output_format': 'dense'}}}}}, 'dsl_path': './examples/LDPDev/dsl/v2/hetero_secureboost/test_secureboost_train_dsl.json', 'dsl_version': 2, 'role': {'host': [9998], 'guest': [9999]}, 'initiator': {'party_id': 9999, 'role': 'guest'}, 'conf_path': './examples/LDPDev/test_predict_conf.json', 'local': {'role': 'guest', 'party_id': 9999}, 'CodePath': 'federatedml/statistic/intersect/intersect_model.py/IntersectGuest', 'module': 'Intersection', 'output_data_name': ['data']}
[INFO] [2021-06-15 21:57:10,033] [3319:139692560086848] - task_executor.py[line:152]: Task input dsl {'data': {'data': ['dataio_1.data']}}
[INFO] [2021-06-15 21:57:10,033] [3319:139692560086848] - tracker_client.py[line:150]: Request read job 2021061521563264143218 task None None on guest 9999 data data info
[INFO] [2021-06-15 21:57:10,064] [3319:139692560086848] - task_executor.py[line:269]: load computing table use 4
[WARNING] [2021-06-15 21:57:11,793] [3319:139692560086848] - intersect_param.py[line:63]: 'EncodeParam' will be renamed to 'RawParam' in future release.Please do not rely on current param naming in application.
[INFO] [2021-06-15 21:57:11,810] [3319:139692560086848] - intersect_model.py[line:50]: Using raw intersection, role is guest
[INFO] [2021-06-15 21:57:11,811] [3319:139692560086848] - intersect_guest.py[line:239]: Start raw intersection
[INFO] [2021-06-15 21:57:11,811] [3319:139692560086848] - intersect.py[line:349]: Join id role is guest
[INFO] [2021-06-15 21:57:12,570] [3319:139692560086848] - intersect.py[line:373]: Get ids_list from role-send, ids_list size is 1
[INFO] [2021-06-15 21:57:12,613] [3319:139692560086848] - intersect.py[line:384]: Finish intersect_ids computing
[INFO] [2021-06-15 21:57:12,651] [3319:139692560086848] - intersect.py[line:399]: Remote intersect ids to role-send
[INFO] [2021-06-15 21:57:12,707] [3319:139692560086848] - intersect.py[line:84]: obtain intersect data_instances!
[INFO] [2021-06-15 21:57:12,770] [3319:139692560086848] - intersect.py[line:421]: save guest_0's id in name:2021061521563264143218_intersection_1_0_0, namespace:9999#None#mountain
[INFO] [2021-06-15 21:57:12,930] [3319:139692560086848] - intersect_model.py[line:136]: Finish intersection
[INFO] [2021-06-15 21:57:12,949] [3319:139692560086848] - tracker_client.py[line:70]: Request save job 2021061521563264143218 task 2021061521563264143218_intersection_1 0 on guest 9999 metric train intersection data
[INFO] [2021-06-15 21:57:13,027] [3319:139692560086848] - tracker_client.py[line:103]: Request save job 2021061521563264143218 task 2021061521563264143218_intersection_1 0 on guest 9999 metric train intersection meta
[INFO] [2021-06-15 21:57:13,108] [3319:139692560086848] - tracker_client.py[line:173]: Request save job 2021061521563264143218 task 2021061521563264143218_intersection_1 0 on guest 9999 component summary
[INFO] [2021-06-15 21:57:13,396] [3319:139692560086848] - profile.py[line:249]: 
Computing:
+----------+---------------------------------------------+
| function |  function    n   sum(s)   mean(s)   max(s)  |
|          | ----------- --- -------- --------- -------- |
|          |  mapValues   1   0.644     0.644    0.644   |
|          |    join      2   0.095     0.047    0.053   |
|          |    save      1   0.028     0.028    0.028   |
|          |    count     4   0.024     0.006    0.008   |
|          |   collect    1    0.0       0.0      0.0    |
+----------+---------------------------------------------+
|  total   |  n=9, sum=0.7909, mean=0.0879, max=0.6440   |
+----------+---------------------------------------------+

Federation:
+--------+-------------------------------------------------------------------------------------------------------------+
|  get   |                                    name                                    | n | sum(s) | mean(s) | max(s)  |
|        | ---------------------------------------------------------------------------+---+--------+---------+-------- |
|        |  federatedml.transfer_variable.transfer_class.raw_intersect_transfer_varia | 1 | 0.109  |  0.109  | 0.109   |
|        |               ble.RawIntersectTransferVariable.send_ids_host               |   |        |         |         |
+--------+-------------------------------------------------------------------------------------------------------------+
| remote |                                    name                                    | n | sum(s) | mean(s) | max(s)  |
|        | ---------------------------------------------------------------------------+---+--------+---------+-------- |
|        |  federatedml.transfer_variable.transfer_class.raw_intersect_transfer_varia | 1 | 0.037  |  0.037  | 0.037   |
|        |            ble.RawIntersectTransferVariable.intersect_ids_guest            |   |        |         |         |
+--------+-------------------------------------------------------------------------------------------------------------+
| total  |                                  n=2, sum=0.1464, mean=0.0732, max=0.1095                                   |
+--------+-------------------------------------------------------------------------------------------------------------+

[INFO] [2021-06-15 21:57:13,401] [3319:139692560086848] - intersect_model.py[line:154]: intersect_ids count:569
[INFO] [2021-06-15 21:57:13,402] [3319:139692560086848] - intersect_model.py[line:155]: intersect_ids header schema:{'header': ['x0', 'x1', 'x2', 'x3', 'x4', 'x5', 'x6', 'x7', 'x8', 'x9'], 'sid_name': 'id', 'label_name': 'y'}
[INFO] [2021-06-15 21:57:13,514] [3319:139692560086848] - task_executor.py[line:313]: report task 2021061521563264143218_intersection_1 0 guest 9999 to driver
[INFO] [2021-06-15 21:57:13,515] [3319:139692560086848] - control_client.py[line:42]: request update job 2021061521563264143218 task 2021061521563264143218_intersection_1 0 on guest 9999
[INFO] [2021-06-15 21:57:13,588] [3319:139692560086848] - task_executor.py[line:202]: task 2021061521563264143218_intersection_1 guest 9999 start time: 2021-06-15 21:57:09
[INFO] [2021-06-15 21:57:13,588] [3319:139692560086848] - task_executor.py[line:204]: task 2021061521563264143218_intersection_1 guest 9999 end time: 2021-06-15 21:57:13
[INFO] [2021-06-15 21:57:13,589] [3319:139692560086848] - task_executor.py[line:206]: task 2021061521563264143218_intersection_1 guest 9999 takes 4.323s
[INFO] [2021-06-15 21:57:13,589] [3319:139692560086848] - task_executor.py[line:209]: Finish 2021061521563264143218 intersection_1 2021061521563264143218_intersection_1 0 guest 9999 task success
[INFO] [2021-06-15 21:57:13,653] [3319:139692560086848] - task_executor.py[line:313]: report task 2021061521563264143218_intersection_1 0 guest 9999 to driver
[INFO] [2021-06-15 21:57:13,654] [3319:139692560086848] - control_client.py[line:42]: request update job 2021061521563264143218 task 2021061521563264143218_intersection_1 0 on guest 9999
