[INFO] [2021-06-13 21:02:46,259] [7:140267417118464] - dag_scheduler.py[line:40]: submit job, job_id 202106132102462413122, body {'job_dsl': {'components': {'upload_0': {'module': 'Upload'}}}, 'job_runtime_conf': {'initiator': {'role': 'local', 'party_id': 0}, 'job_parameters': {'common': {'work_mode': 0, 'backend': 0}}, 'role': {'local': [0]}, 'component_parameters': {'role': {'local': {'0': {'upload_0': {'head': 1, 'name': 'breast_hetero_guest', 'partition': 16, 'namespace': 'experiment', 'file': '/fate/jobs/202106132102462413122/fate_upload_tmp/breast_hetero_guest.csv', 'destroy': False}}}}}, 'dsl_version': 2}}
[INFO] [2021-06-13 21:02:46,274] [7:140265889187584] - job_controller.py[line:52]: job parameters:{'job_type': 'train', 'work_mode': 0, 'backend': 0, 'computing_engine': 'STANDALONE', 'federation_engine': 'STANDALONE', 'storage_engine': 'STANDALONE', 'engines_address': {}, 'federated_mode': 'SINGLE', 'task_parallelism': 1, 'computing_partitions': 4, 'federated_status_collect_type': 'PULL', 'model_id': 'local-0#model', 'model_version': '202106132102462413122', 'eggroll_run': {}, 'spark_run': {}, 'rabbitmq_run': {}, 'pulsar_run': {}, 'adaptation_parameters': {'task_nodes': 1, 'task_cores_per_node': 4, 'task_memory_per_node': 0, 'request_task_cores': 4, 'if_initiator_baseline': True}}
[INFO] [2021-06-13 21:02:46,358] [7:140267417118464] - dag_scheduler.py[line:122]: submit job successfully, job id is 202106132102462413122, model id is local-0#model
[INFO] [2021-06-13 21:02:46,595] [7:140266826163968] - federated_scheduler.py[line:39]: try to apply job 202106132102462413122 resource
[INFO] [2021-06-13 21:02:46,625] [7:140267417118464] - resource_manager.py[line:176]: apply job 202106132102462413122 resource(cores 4 memory 0) on local 0 successfully, remaining cores: 16 remaining memory: 0
[INFO] [2021-06-13 21:02:46,630] [7:140266826163968] - federated_scheduler.py[line:42]: apply job 202106132102462413122 resource successfully
[INFO] [2021-06-13 21:02:46,630] [7:140266826163968] - dag_scheduler.py[line:279]: try to start job 202106132102462413122 on initiator local 0
[INFO] [2021-06-13 21:02:46,645] [7:140267417118464] - job_controller.py[line:261]: try to start job 202106132102462413122 on local 0
[INFO] [2021-06-13 21:02:46,645] [7:140267417118464] - job_saver.py[line:45]: try to update job 202106132102462413122 status to running
[INFO] [2021-06-13 21:02:46,668] [7:140267417118464] - job_saver.py[line:48]: update job 202106132102462413122 status successfully
[INFO] [2021-06-13 21:02:46,668] [7:140267417118464] - job_saver.py[line:61]: try to update job 202106132102462413122
[INFO] [2021-06-13 21:02:46,689] [7:140267417118464] - job_saver.py[line:64]: job 202106132102462413122 update successfully: {'job_id': '202106132102462413122', 'role': 'local', 'party_id': 0, 'status': 'running', 'start_time': 1623618166645}
[INFO] [2021-06-13 21:02:46,689] [7:140267417118464] - job_controller.py[line:275]: start job 202106132102462413122 on local 0 successfully
[INFO] [2021-06-13 21:02:46,693] [7:140266826163968] - dag_scheduler.py[line:292]: start job 202106132102462413122 on initiator local 0
[INFO] [2021-06-13 21:02:46,704] [7:140266826163968] - dag_scheduler.py[line:247]: reset job 202106132102462413122 ready signal True
[INFO] [2021-06-13 21:02:46,714] [7:140266826163968] - dag_scheduler.py[line:298]: scheduling job 202106132102462413122
[INFO] [2021-06-13 21:02:46,719] [7:140266826163968] - task_scheduler.py[line:28]: scheduling job 202106132102462413122 tasks
[INFO] [2021-06-13 21:02:46,742] [7:140266826163968] - task_scheduler.py[line:143]: job 202106132102462413122 task 202106132102462413122_upload_0 0 status is waiting, calculate by task party status list: ['waiting']
[INFO] [2021-06-13 21:02:46,743] [7:140266826163968] - task_scheduler.py[line:80]: try to start job 202106132102462413122 task 202106132102462413122_upload_0 0 on local 0
[INFO] [2021-06-13 21:02:46,757] [7:140266826163968] - resource_manager.py[line:286]: task 202106132102462413122_upload_0 0 apply resource successfully
[INFO] [2021-06-13 21:02:46,757] [7:140266826163968] - job_saver.py[line:71]: try to update job 202106132102462413122 task 202106132102462413122_upload_0 0 status
[INFO] [2021-06-13 21:02:46,773] [7:140266826163968] - job_saver.py[line:74]: update job 202106132102462413122 task 202106132102462413122_upload_0 0 status successfully: {'job_id': '202106132102462413122', 'task_id': '202106132102462413122_upload_0', 'task_version': 0, 'role': 'local', 'party_id': '0', 'status': 'running'}
[INFO] [2021-06-13 21:02:46,773] [7:140266826163968] - task_scheduler.py[line:93]: start job 202106132102462413122 task 202106132102462413122_upload_0 0 on local 0
[INFO] [2021-06-13 21:02:46,773] [7:140266826163968] - federated_scheduler.py[line:192]: job 202106132102462413122 task 202106132102462413122_upload_0 0 is running, sync to all party
[INFO] [2021-06-13 21:02:46,781] [7:140267417118464] - job_saver.py[line:71]: try to update job 202106132102462413122 task 202106132102462413122_upload_0 0 status
[INFO] [2021-06-13 21:02:46,786] [7:140267417118464] - job_saver.py[line:76]: update job 202106132102462413122 task 202106132102462413122_upload_0 0 status update does not take effect: {'job_id': '202106132102462413122', 'task_id': '202106132102462413122_upload_0', 'task_version': '0', 'role': 'local', 'party_id': '0', 'status': 'running'}
[WARNING] [2021-06-13 21:02:46,794] [7:140266826163968] - federated_scheduler.py[line:260]: an error occurred while status/running the task to role local party 0: 
update task status failed
[INFO] [2021-06-13 21:02:46,794] [7:140266826163968] - federated_scheduler.py[line:197]: sync job 202106132102462413122 task 202106132102462413122_upload_0 0 status running to all party failed: 
{'local': {0: {'retcode': 103, 'retmsg': 'update task status failed'}}}
[INFO] [2021-06-13 21:02:46,805] [7:140267417118464] - task_controller.py[line:71]: try to start job 202106132102462413122 task 202106132102462413122_upload_0 0 on local 0 executor subprocess
[INFO] [2021-06-13 21:02:46,810] [7:140267417118464] - task_controller.py[line:90]: use computing engine STANDALONE
[INFO] [2021-06-13 21:02:46,810] [7:140267417118464] - task_controller.py[line:145]: job 202106132102462413122 task 202106132102462413122_upload_0 0 on local 0 executor subprocess is ready
[INFO] [2021-06-13 21:02:46,810] [7:140267417118464] - job_utils.py[line:310]: start process command: /usr/local/bin/python /fate/python/fate_flow/operation/task_executor.py -j 202106132102462413122 -n upload_0 -t 202106132102462413122_upload_0 -v 0 -r local -p 0 -c /fate/jobs/202106132102462413122/local/0/upload_0/202106132102462413122_upload_0/0/task_parameters.json --run_ip 127.0.0.1 --job_server 127.0.0.1:9380
[INFO] [2021-06-13 21:02:46,816] [7:140267417118464] - job_utils.py[line:334]: start process command: /usr/local/bin/python /fate/python/fate_flow/operation/task_executor.py -j 202106132102462413122 -n upload_0 -t 202106132102462413122_upload_0 -v 0 -r local -p 0 -c /fate/jobs/202106132102462413122/local/0/upload_0/202106132102462413122_upload_0/0/task_parameters.json --run_ip 127.0.0.1 --job_server 127.0.0.1:9380 successfully, pid is 263
[INFO] [2021-06-13 21:02:46,817] [7:140267417118464] - job_saver.py[line:81]: try to update job 202106132102462413122 task 202106132102462413122_upload_0 0
[INFO] [2021-06-13 21:02:46,837] [7:140267417118464] - job_saver.py[line:84]: job 202106132102462413122 task 202106132102462413122_upload_0 0 update successfully
[INFO] [2021-06-13 21:02:46,844] [7:140267417118464] - job_saver.py[line:71]: try to update job 202106132102462413122 task 202106132102462413122_upload_0 0 status
[INFO] [2021-06-13 21:02:46,867] [7:140267417118464] - job_saver.py[line:74]: update job 202106132102462413122 task 202106132102462413122_upload_0 0 status successfully: {'job_id': '202106132102462413122', 'task_id': '202106132102462413122_upload_0', 'task_version': '0', 'role': 'local', 'party_id': '0', 'party_status': 'running', 'start_time': 1623618166817}
[INFO] [2021-06-13 21:02:46,875] [7:140267417118464] - task_controller.py[line:164]: job 202106132102462413122 task 202106132102462413122_upload_0 0 on local 0 executor subprocess start success
[INFO] [2021-06-13 21:02:46,882] [7:140266826163968] - task_scheduler.py[line:75]: finish scheduling job 202106132102462413122 tasks
[INFO] [2021-06-13 21:02:46,882] [7:140266826163968] - dag_scheduler.py[line:310]: Job 202106132102462413122 status is running, calculate by task status list: ['running']
[INFO] [2021-06-13 21:02:46,882] [7:140266826163968] - dag_scheduler.py[line:325]: finish scheduling job 202106132102462413122
[INFO] [2021-06-13 21:02:48,500] [263:140026860009280] - task_executor.py[line:56]: enter task process
[INFO] [2021-06-13 21:02:48,500] [263:140026860009280] - task_executor.py[line:57]: Namespace(component_name='upload_0', config='/fate/jobs/202106132102462413122/local/0/upload_0/202106132102462413122_upload_0/0/task_parameters.json', job_id='202106132102462413122', job_server='127.0.0.1:9380', party_id=0, role='local', run_ip='127.0.0.1', task_id='202106132102462413122_upload_0', task_version=0)
[INFO] [2021-06-13 21:02:48,515] [7:140267417118464] - job_saver.py[line:81]: try to update job 202106132102462413122 task 202106132102462413122_upload_0 0
[INFO] [2021-06-13 21:02:48,533] [7:140267417118464] - job_saver.py[line:84]: job 202106132102462413122 task 202106132102462413122_upload_0 0 update successfully
[INFO] [2021-06-13 21:02:48,541] [7:140267417118464] - job_saver.py[line:71]: try to update job 202106132102462413122 task 202106132102462413122_upload_0 0 status
[INFO] [2021-06-13 21:02:48,547] [7:140267417118464] - job_saver.py[line:76]: update job 202106132102462413122 task 202106132102462413122_upload_0 0 status update does not take effect: {'job_id': '202106132102462413122', 'component_name': 'upload_0', 'task_id': '202106132102462413122_upload_0', 'task_version': '0', 'role': 'local', 'party_id': '0', 'run_ip': '127.0.0.1', 'run_pid': 263, 'party_status': 'running'}
[INFO] [2021-06-13 21:02:48,945] [7:140267417118464] - job_saver.py[line:61]: try to update job 202106132102462413122
[INFO] [2021-06-13 21:02:48,946] [7:140266826163968] - dag_scheduler.py[line:298]: scheduling job 202106132102462413122
[INFO] [2021-06-13 21:02:48,952] [7:140266826163968] - task_scheduler.py[line:28]: scheduling job 202106132102462413122 tasks
[INFO] [2021-06-13 21:02:49,042] [7:140267417118464] - job_saver.py[line:64]: job 202106132102462413122 update successfully: {'progress': 100.0, 'job_id': '202106132102462413122', 'role': 'local', 'party_id': '0'}
[INFO] [2021-06-13 21:02:49,070] [7:140266826163968] - job_saver.py[line:71]: try to update job 202106132102462413122 task 202106132102462413122_upload_0 0 status
[INFO] [2021-06-13 21:02:49,079] [7:140266826163968] - job_saver.py[line:76]: update job 202106132102462413122 task 202106132102462413122_upload_0 0 status update does not take effect: {'elapsed': None, 'end_time': None, 'job_id': '202106132102462413122', 'party_id': '0', 'party_status': 'running', 'role': 'local', 'start_time': 1623618166817, 'status': 'running', 'task_id': '202106132102462413122_upload_0', 'task_version': 0, 'update_time': 1623618166294}
[INFO] [2021-06-13 21:02:49,079] [7:140266826163968] - job_saver.py[line:81]: try to update job 202106132102462413122 task 202106132102462413122_upload_0 0
[INFO] [2021-06-13 21:02:49,099] [7:140266826163968] - job_saver.py[line:84]: job 202106132102462413122 task 202106132102462413122_upload_0 0 update successfully
[INFO] [2021-06-13 21:02:49,106] [7:140266826163968] - task_scheduler.py[line:143]: job 202106132102462413122 task 202106132102462413122_upload_0 0 status is running, calculate by task party status list: ['running']
[INFO] [2021-06-13 21:02:49,106] [7:140266826163968] - task_scheduler.py[line:75]: finish scheduling job 202106132102462413122 tasks
[INFO] [2021-06-13 21:02:49,106] [7:140266826163968] - dag_scheduler.py[line:310]: Job 202106132102462413122 status is running, calculate by task status list: ['running']
[INFO] [2021-06-13 21:02:49,106] [7:140266826163968] - dag_scheduler.py[line:325]: finish scheduling job 202106132102462413122
[INFO] [2021-06-13 21:02:49,198] [7:140267417118464] - job_tracker.py[line:74]: save job 202106132102462413122 component upload_0 on local 0 upload data_access metric data
[INFO] [2021-06-13 21:02:49,219] [7:140267417118464] - job_tracker.py[line:97]: save job 202106132102462413122 component upload_0 on local 0 upload data_access metric meta
[INFO] [2021-06-13 21:02:49,268] [263:140026860009280] - job_tracker.py[line:159]: task id 202106132102462413122_upload_0 output data table is none
[INFO] [2021-06-13 21:02:49,273] [7:140267417118464] - job_saver.py[line:81]: try to update job 202106132102462413122 task 202106132102462413122_upload_0 0
[INFO] [2021-06-13 21:02:49,286] [7:140267417118464] - job_saver.py[line:84]: job 202106132102462413122 task 202106132102462413122_upload_0 0 update successfully
[INFO] [2021-06-13 21:02:49,292] [7:140267417118464] - job_saver.py[line:71]: try to update job 202106132102462413122 task 202106132102462413122_upload_0 0 status
[INFO] [2021-06-13 21:02:49,310] [7:140267417118464] - job_saver.py[line:74]: update job 202106132102462413122 task 202106132102462413122_upload_0 0 status successfully: {'job_id': '202106132102462413122', 'component_name': 'upload_0', 'task_id': '202106132102462413122_upload_0', 'task_version': '0', 'role': 'local', 'party_id': '0', 'run_ip': '127.0.0.1', 'run_pid': 263, 'party_status': 'success', 'end_time': 1623618169269, 'elapsed': 769}
[INFO] [2021-06-13 21:02:49,321] [7:140267417118464] - job_saver.py[line:81]: try to update job 202106132102462413122 task 202106132102462413122_upload_0 0
[INFO] [2021-06-13 21:02:49,334] [7:140267417118464] - job_saver.py[line:84]: job 202106132102462413122 task 202106132102462413122_upload_0 0 update successfully
[INFO] [2021-06-13 21:02:49,340] [7:140267417118464] - job_saver.py[line:71]: try to update job 202106132102462413122 task 202106132102462413122_upload_0 0 status
[INFO] [2021-06-13 21:02:49,344] [7:140267417118464] - job_saver.py[line:76]: update job 202106132102462413122 task 202106132102462413122_upload_0 0 status update does not take effect: {'job_id': '202106132102462413122', 'component_name': 'upload_0', 'task_id': '202106132102462413122_upload_0', 'task_version': '0', 'role': 'local', 'party_id': '0', 'run_ip': '127.0.0.1', 'run_pid': 263, 'party_status': 'success', 'end_time': 1623618169269, 'elapsed': 769}
[INFO] [2021-06-13 21:02:51,151] [7:140266826163968] - dag_scheduler.py[line:298]: scheduling job 202106132102462413122
[INFO] [2021-06-13 21:02:51,153] [7:140266826163968] - task_scheduler.py[line:28]: scheduling job 202106132102462413122 tasks
[INFO] [2021-06-13 21:02:51,187] [7:140266826163968] - job_saver.py[line:71]: try to update job 202106132102462413122 task 202106132102462413122_upload_0 0 status
[INFO] [2021-06-13 21:02:51,195] [7:140266826163968] - job_saver.py[line:76]: update job 202106132102462413122 task 202106132102462413122_upload_0 0 status update does not take effect: {'elapsed': 769, 'end_time': 1623618169269, 'job_id': '202106132102462413122', 'party_id': '0', 'party_status': 'success', 'role': 'local', 'start_time': 1623618166817, 'status': 'running', 'task_id': '202106132102462413122_upload_0', 'task_version': 0, 'update_time': 1623618166294}
[INFO] [2021-06-13 21:02:51,195] [7:140266826163968] - job_saver.py[line:81]: try to update job 202106132102462413122 task 202106132102462413122_upload_0 0
[INFO] [2021-06-13 21:02:51,219] [7:140266826163968] - job_saver.py[line:84]: job 202106132102462413122 task 202106132102462413122_upload_0 0 update successfully
[INFO] [2021-06-13 21:02:51,225] [7:140266826163968] - task_scheduler.py[line:143]: job 202106132102462413122 task 202106132102462413122_upload_0 0 status is success, calculate by task party status list: ['success']
[INFO] [2021-06-13 21:02:51,226] [7:140266826163968] - federated_scheduler.py[line:192]: job 202106132102462413122 task 202106132102462413122_upload_0 0 is success, sync to all party
[INFO] [2021-06-13 21:02:51,240] [7:140267417118464] - job_saver.py[line:71]: try to update job 202106132102462413122 task 202106132102462413122_upload_0 0 status
[INFO] [2021-06-13 21:02:51,253] [7:140267417118464] - job_saver.py[line:74]: update job 202106132102462413122 task 202106132102462413122_upload_0 0 status successfully: {'job_id': '202106132102462413122', 'task_id': '202106132102462413122_upload_0', 'task_version': '0', 'role': 'local', 'party_id': '0', 'status': 'success'}
[INFO] [2021-06-13 21:02:51,264] [7:140267417118464] - resource_manager.py[line:286]: task 202106132102462413122_upload_0 0 return resource successfully
[INFO] [2021-06-13 21:02:51,269] [7:140267417118464] - job_tracker.py[line:424]: clean task 202106132102462413122_upload_0 0 on local 0
[ERROR] [2021-06-13 21:02:51,271] [7:140267417118464] - job_tracker.py[line:475]: namespace dir /fate/data/202106132102462413122_upload_0_0_local_0 does not exist
Traceback (most recent call last):
  File "/fate/python/fate_flow/operation/job_tracker.py", line 437, in clean_task
    sess.computing.cleanup(namespace=computing_temp_namespace, name="*")
  File "/fate/python/fate_arch/computing/standalone/_csession.py", line 73, in cleanup
    return self._session.cleanup(name=name, namespace=namespace)
  File "/fate/python/fate_arch/_standalone.py", line 383, in cleanup
    raise EnvironmentError(f"namespace dir {namespace_dir} does not exist")
OSError: namespace dir /fate/data/202106132102462413122_upload_0_0_local_0 does not exist
[INFO] [2021-06-13 21:02:51,282] [7:140266826163968] - federated_scheduler.py[line:195]: sync job 202106132102462413122 task 202106132102462413122_upload_0 0 status success to all party success
[INFO] [2021-06-13 21:02:51,283] [7:140266826163968] - federated_scheduler.py[line:202]: try to stop job 202106132102462413122 task 202106132102462413122_upload_0 0
[INFO] [2021-06-13 21:02:51,297] [7:140267417118464] - job_utils.py[line:397]: try to stop job 202106132102462413122 task 202106132102462413122_upload_0 local 0 with success party status process pid:263
[INFO] [2021-06-13 21:02:51,297] [7:140267417118464] - job_utils.py[line:400]: can not found job 202106132102462413122 task 202106132102462413122_upload_0 local 0 with success party status process pid:263
[INFO] [2021-06-13 21:02:51,301] [7:140267417118464] - job_utils.py[line:424]: start run subprocess to stop task session 202106132102462413122_upload_0_0_local_0
[INFO] [2021-06-13 21:02:51,301] [7:140267417118464] - job_utils.py[line:310]: start process command: python3 /fate/python/fate_flow/utils/session_utils.py -j 202106132102462413122_upload_0_0_local_0 --computing STANDALONE --federation STANDALONE --storage STANDALONE -c stop
[INFO] [2021-06-13 21:02:51,308] [7:140267417118464] - job_utils.py[line:334]: start process command: python3 /fate/python/fate_flow/utils/session_utils.py -j 202106132102462413122_upload_0_0_local_0 --computing STANDALONE --federation STANDALONE --storage STANDALONE -c stop successfully, pid is 283
[INFO] [2021-06-13 21:02:51,308] [7:140267417118464] - task_controller.py[line:255]: job 202106132102462413122 task 202106132102462413122_upload_0 0 on local 0 process 263 kill success
[INFO] [2021-06-13 21:02:51,309] [7:140267417118464] - job_saver.py[line:71]: try to update job 202106132102462413122 task 202106132102462413122_upload_0 0 status
[INFO] [2021-06-13 21:02:51,316] [7:140267417118464] - job_saver.py[line:76]: update job 202106132102462413122 task 202106132102462413122_upload_0 0 status update does not take effect: {'job_id': '202106132102462413122', 'task_id': '202106132102462413122_upload_0', 'task_version': 0, 'role': 'local', 'party_id': '0', 'party_status': 'success'}
[INFO] [2021-06-13 21:02:51,324] [7:140267417118464] - job_saver.py[line:81]: try to update job 202106132102462413122 task 202106132102462413122_upload_0 0
[WARNING] [2021-06-13 21:02:51,330] [7:140267417118464] - job_saver.py[line:86]: job 202106132102462413122 task 202106132102462413122_upload_0 0 update does not take effect
[INFO] [2021-06-13 21:02:51,344] [7:140266826163968] - federated_scheduler.py[line:206]: stop job 202106132102462413122 task 202106132102462413122_upload_0 0 success
[INFO] [2021-06-13 21:02:51,344] [7:140266826163968] - task_scheduler.py[line:75]: finish scheduling job 202106132102462413122 tasks
[INFO] [2021-06-13 21:02:51,344] [7:140266826163968] - dag_scheduler.py[line:310]: Job 202106132102462413122 status is success, calculate by task status list: ['success']
[INFO] [2021-06-13 21:02:51,345] [7:140266826163968] - federated_scheduler.py[line:78]: try to save job 202106132102462413122 pipelined model
[INFO] [2021-06-13 21:02:51,351] [7:140267417118464] - job_controller.py[line:331]: job 202106132102462413122 on local 0 start to save pipeline
[INFO] [2021-06-13 21:02:51,367] [7:140267417118464] - job_controller.py[line:374]: job 202106132102462413122 on local 0 save pipeline successfully
[INFO] [2021-06-13 21:02:51,372] [7:140266826163968] - federated_scheduler.py[line:81]: save job 202106132102462413122 pipelined model success
[INFO] [2021-06-13 21:02:51,372] [7:140266826163968] - federated_scheduler.py[line:68]: job 202106132102462413122 is success, sync to all party
[INFO] [2021-06-13 21:02:51,380] [7:140267417118464] - job_saver.py[line:45]: try to update job 202106132102462413122 status to success
[INFO] [2021-06-13 21:02:51,404] [7:140267417118464] - job_saver.py[line:48]: update job 202106132102462413122 status successfully
[INFO] [2021-06-13 21:02:51,452] [7:140267417118464] - resource_manager.py[line:176]: return job 202106132102462413122 resource(cores 4 memory 0) on local 0 successfully, remaining cores: 20 remaining memory: 0
[INFO] [2021-06-13 21:02:51,458] [7:140266826163968] - federated_scheduler.py[line:71]: sync job 202106132102462413122 status success to all party success
[INFO] [2021-06-13 21:02:51,465] [7:140266826163968] - job_saver.py[line:45]: try to update job 202106132102462413122 status to success
[INFO] [2021-06-13 21:02:51,472] [7:140266826163968] - job_saver.py[line:56]: update job 202106132102462413122 status does not take effect
[INFO] [2021-06-13 21:02:51,472] [7:140266826163968] - job_saver.py[line:61]: try to update job 202106132102462413122
[WARNING] [2021-06-13 21:02:51,481] [7:140266826163968] - job_saver.py[line:66]: job 202106132102462413122 update does not take effect: {'job_id': '202106132102462413122', 'role': 'local', 'party_id': '0', 'status': 'success'}
[INFO] [2021-06-13 21:02:51,483] [7:140266826163968] - dag_scheduler.py[line:502]: Job 202106132102462413122 finished with success, do something...
[INFO] [2021-06-13 21:02:51,484] [7:140266826163968] - dag_scheduler.py[line:436]: request stop job 202106132102462413122 with success
[INFO] [2021-06-13 21:02:51,500] [7:140266826163968] - dag_scheduler.py[line:445]: request stop job 202106132102462413122 with success to all party
[INFO] [2021-06-13 21:02:51,500] [7:140266826163968] - federated_scheduler.py[line:88]: try to stop job 202106132102462413122
[INFO] [2021-06-13 21:02:51,523] [7:140267417118464] - job_utils.py[line:397]: try to stop job 202106132102462413122 task 202106132102462413122_upload_0 local 0 with success party status process pid:263
[INFO] [2021-06-13 21:02:51,524] [7:140267417118464] - job_utils.py[line:400]: can not found job 202106132102462413122 task 202106132102462413122_upload_0 local 0 with success party status process pid:263
[INFO] [2021-06-13 21:02:51,526] [7:140267417118464] - job_utils.py[line:424]: start run subprocess to stop task session 202106132102462413122_upload_0_0_local_0
[INFO] [2021-06-13 21:02:51,527] [7:140267417118464] - job_utils.py[line:310]: start process command: python3 /fate/python/fate_flow/utils/session_utils.py -j 202106132102462413122_upload_0_0_local_0 --computing STANDALONE --federation STANDALONE --storage STANDALONE -c stop
[INFO] [2021-06-13 21:02:51,532] [7:140267417118464] - job_utils.py[line:334]: start process command: python3 /fate/python/fate_flow/utils/session_utils.py -j 202106132102462413122_upload_0_0_local_0 --computing STANDALONE --federation STANDALONE --storage STANDALONE -c stop successfully, pid is 287
[INFO] [2021-06-13 21:02:51,533] [7:140267417118464] - task_controller.py[line:255]: job 202106132102462413122 task 202106132102462413122_upload_0 0 on local 0 process 263 kill success
[INFO] [2021-06-13 21:02:51,533] [7:140267417118464] - job_saver.py[line:71]: try to update job 202106132102462413122 task 202106132102462413122_upload_0 0 status
[INFO] [2021-06-13 21:02:51,537] [7:140267417118464] - job_saver.py[line:76]: update job 202106132102462413122 task 202106132102462413122_upload_0 0 status update does not take effect: {'job_id': '202106132102462413122', 'task_id': '202106132102462413122_upload_0', 'task_version': 0, 'role': 'local', 'party_id': '0', 'party_status': 'success'}
[INFO] [2021-06-13 21:02:51,541] [7:140267417118464] - job_saver.py[line:81]: try to update job 202106132102462413122 task 202106132102462413122_upload_0 0
[WARNING] [2021-06-13 21:02:51,551] [7:140267417118464] - job_saver.py[line:86]: job 202106132102462413122 task 202106132102462413122_upload_0 0 update does not take effect
[INFO] [2021-06-13 21:02:51,562] [7:140267417118464] - job_saver.py[line:45]: try to update job 202106132102462413122 status to success
[INFO] [2021-06-13 21:02:51,573] [7:140267417118464] - job_saver.py[line:56]: update job 202106132102462413122 status does not take effect
[INFO] [2021-06-13 21:02:51,579] [7:140266826163968] - federated_scheduler.py[line:92]: stop job 202106132102462413122 success
[INFO] [2021-06-13 21:02:51,580] [7:140266826163968] - dag_scheduler.py[line:448]: stop job 202106132102462413122 with success successfully
[INFO] [2021-06-13 21:02:51,580] [7:140266826163968] - federated_scheduler.py[line:107]: try to clean job 202106132102462413122
[INFO] [2021-06-13 21:02:51,587] [7:140267417118464] - job_controller.py[line:379]: Job 202106132102462413122 on local 0 start to clean
[INFO] [2021-06-13 21:02:51,588] [7:140267417118464] - job_controller.py[line:382]: job 202106132102462413122 on local 0 clean done
[INFO] [2021-06-13 21:02:51,592] [7:140266826163968] - federated_scheduler.py[line:110]: clean job 202106132102462413122 success
[INFO] [2021-06-13 21:02:51,592] [7:140266826163968] - dag_scheduler.py[line:505]: Job 202106132102462413122 finished with success, done
[INFO] [2021-06-13 21:02:51,593] [7:140266826163968] - dag_scheduler.py[line:325]: finish scheduling job 202106132102462413122
[INFO] [2021-06-13 21:02:51,638] [7:140266826163968] - dag_scheduler.py[line:298]: scheduling job 202106132102462413122
[INFO] [2021-06-13 21:02:51,640] [7:140266826163968] - task_scheduler.py[line:28]: scheduling job 202106132102462413122 tasks
[INFO] [2021-06-13 21:02:51,662] [7:140266826163968] - task_scheduler.py[line:143]: job 202106132102462413122 task 202106132102462413122_upload_0 0 status is success, calculate by task party status list: ['success']
[INFO] [2021-06-13 21:02:51,662] [7:140266826163968] - task_scheduler.py[line:75]: finish scheduling job 202106132102462413122 tasks
[INFO] [2021-06-13 21:02:51,663] [7:140266826163968] - dag_scheduler.py[line:310]: Job 202106132102462413122 status is success, calculate by task status list: ['success']
[INFO] [2021-06-13 21:02:51,663] [7:140266826163968] - dag_scheduler.py[line:502]: Job 202106132102462413122 finished with success, do something...
[INFO] [2021-06-13 21:02:51,663] [7:140266826163968] - dag_scheduler.py[line:436]: request stop job 202106132102462413122 with success
[INFO] [2021-06-13 21:02:51,672] [7:140266826163968] - dag_scheduler.py[line:445]: request stop job 202106132102462413122 with success to all party
[INFO] [2021-06-13 21:02:51,673] [7:140266826163968] - federated_scheduler.py[line:88]: try to stop job 202106132102462413122
[INFO] [2021-06-13 21:02:51,710] [7:140267417118464] - job_utils.py[line:397]: try to stop job 202106132102462413122 task 202106132102462413122_upload_0 local 0 with success party status process pid:263
[INFO] [2021-06-13 21:02:51,710] [7:140267417118464] - job_utils.py[line:400]: can not found job 202106132102462413122 task 202106132102462413122_upload_0 local 0 with success party status process pid:263
[INFO] [2021-06-13 21:02:51,734] [7:140267417118464] - job_utils.py[line:424]: start run subprocess to stop task session 202106132102462413122_upload_0_0_local_0
[INFO] [2021-06-13 21:02:51,734] [7:140267417118464] - job_utils.py[line:310]: start process command: python3 /fate/python/fate_flow/utils/session_utils.py -j 202106132102462413122_upload_0_0_local_0 --computing STANDALONE --federation STANDALONE --storage STANDALONE -c stop
[INFO] [2021-06-13 21:02:51,753] [7:140267417118464] - job_utils.py[line:334]: start process command: python3 /fate/python/fate_flow/utils/session_utils.py -j 202106132102462413122_upload_0_0_local_0 --computing STANDALONE --federation STANDALONE --storage STANDALONE -c stop successfully, pid is 299
[INFO] [2021-06-13 21:02:51,754] [7:140267417118464] - task_controller.py[line:255]: job 202106132102462413122 task 202106132102462413122_upload_0 0 on local 0 process 263 kill success
[INFO] [2021-06-13 21:02:51,754] [7:140267417118464] - job_saver.py[line:71]: try to update job 202106132102462413122 task 202106132102462413122_upload_0 0 status
[INFO] [2021-06-13 21:02:51,761] [7:140267417118464] - job_saver.py[line:76]: update job 202106132102462413122 task 202106132102462413122_upload_0 0 status update does not take effect: {'job_id': '202106132102462413122', 'task_id': '202106132102462413122_upload_0', 'task_version': 0, 'role': 'local', 'party_id': '0', 'party_status': 'success'}
[INFO] [2021-06-13 21:02:51,768] [7:140267417118464] - job_saver.py[line:81]: try to update job 202106132102462413122 task 202106132102462413122_upload_0 0
[WARNING] [2021-06-13 21:02:51,794] [7:140267417118464] - job_saver.py[line:86]: job 202106132102462413122 task 202106132102462413122_upload_0 0 update does not take effect
[INFO] [2021-06-13 21:02:51,801] [7:140267417118464] - job_saver.py[line:45]: try to update job 202106132102462413122 status to success
[INFO] [2021-06-13 21:02:51,810] [7:140267417118464] - job_saver.py[line:56]: update job 202106132102462413122 status does not take effect
[INFO] [2021-06-13 21:02:51,816] [7:140266826163968] - federated_scheduler.py[line:92]: stop job 202106132102462413122 success
[INFO] [2021-06-13 21:02:51,816] [7:140266826163968] - dag_scheduler.py[line:448]: stop job 202106132102462413122 with success successfully
[INFO] [2021-06-13 21:02:51,816] [7:140266826163968] - federated_scheduler.py[line:107]: try to clean job 202106132102462413122
[INFO] [2021-06-13 21:02:51,823] [7:140267417118464] - job_controller.py[line:379]: Job 202106132102462413122 on local 0 start to clean
[INFO] [2021-06-13 21:02:51,824] [7:140267417118464] - job_controller.py[line:382]: job 202106132102462413122 on local 0 clean done
[INFO] [2021-06-13 21:02:51,828] [7:140266826163968] - federated_scheduler.py[line:110]: clean job 202106132102462413122 success
[INFO] [2021-06-13 21:02:51,828] [7:140266826163968] - dag_scheduler.py[line:505]: Job 202106132102462413122 finished with success, done
[INFO] [2021-06-13 21:02:51,828] [7:140266826163968] - dag_scheduler.py[line:325]: finish scheduling job 202106132102462413122
[INFO] [2021-06-13 21:02:52,090] [283:139849319569216] - session_utils.py[line:38]: start stop session 202106132102462413122_upload_0_0_local_0
[INFO] [2021-06-13 21:02:52,090] [283:139849319569216] - session_utils.py[line:47]: stop session 202106132102462413122_upload_0_0_local_0 success
[INFO] [2021-06-13 21:02:52,178] [287:140087240943424] - session_utils.py[line:38]: start stop session 202106132102462413122_upload_0_0_local_0
[INFO] [2021-06-13 21:02:52,179] [287:140087240943424] - session_utils.py[line:47]: stop session 202106132102462413122_upload_0_0_local_0 success
[INFO] [2021-06-13 21:02:52,420] [299:140382530803520] - session_utils.py[line:38]: start stop session 202106132102462413122_upload_0_0_local_0
[INFO] [2021-06-13 21:02:52,420] [299:140382530803520] - session_utils.py[line:47]: stop session 202106132102462413122_upload_0_0_local_0 success
[INFO] [2021-06-13 21:02:53,883] [7:140266826163968] - dag_scheduler.py[line:193]: the number of updates has been exceeded
[INFO] [2021-06-13 21:02:55,935] [7:140266826163968] - dag_scheduler.py[line:193]: the number of updates has been exceeded
[INFO] [2021-06-13 21:02:57,985] [7:140266826163968] - dag_scheduler.py[line:193]: the number of updates has been exceeded
[INFO] [2021-06-13 21:03:00,036] [7:140266826163968] - dag_scheduler.py[line:193]: the number of updates has been exceeded
[INFO] [2021-06-13 21:03:02,094] [7:140266826163968] - dag_scheduler.py[line:193]: the number of updates has been exceeded
[INFO] [2021-06-13 21:03:04,145] [7:140266826163968] - dag_scheduler.py[line:193]: the number of updates has been exceeded
[INFO] [2021-06-13 21:03:06,191] [7:140266826163968] - dag_scheduler.py[line:193]: the number of updates has been exceeded
[INFO] [2021-06-13 21:03:08,245] [7:140266826163968] - dag_scheduler.py[line:193]: the number of updates has been exceeded
[INFO] [2021-06-13 21:03:10,314] [7:140266826163968] - dag_scheduler.py[line:193]: the number of updates has been exceeded
[INFO] [2021-06-13 21:03:12,393] [7:140266826163968] - dag_scheduler.py[line:193]: the number of updates has been exceeded
[INFO] [2021-06-13 21:03:14,444] [7:140266826163968] - dag_scheduler.py[line:193]: the number of updates has been exceeded
[INFO] [2021-06-13 21:03:16,498] [7:140266826163968] - dag_scheduler.py[line:193]: the number of updates has been exceeded
[INFO] [2021-06-13 21:03:18,551] [7:140266826163968] - dag_scheduler.py[line:193]: the number of updates has been exceeded
[INFO] [2021-06-13 21:03:20,623] [7:140266826163968] - dag_scheduler.py[line:193]: the number of updates has been exceeded
[INFO] [2021-06-13 21:03:23,346] [7:140266826163968] - dag_scheduler.py[line:193]: the number of updates has been exceeded
[INFO] [2021-06-13 21:03:25,629] [7:140266826163968] - dag_scheduler.py[line:193]: the number of updates has been exceeded
[INFO] [2021-06-13 21:03:28,695] [7:140266826163968] - dag_scheduler.py[line:193]: the number of updates has been exceeded
[INFO] [2021-06-13 21:03:31,039] [7:140266826163968] - dag_scheduler.py[line:193]: the number of updates has been exceeded
[INFO] [2021-06-13 21:03:34,237] [7:140266826163968] - dag_scheduler.py[line:193]: the number of updates has been exceeded
[INFO] [2021-06-13 21:03:36,556] [7:140266826163968] - dag_scheduler.py[line:193]: the number of updates has been exceeded
[INFO] [2021-06-13 21:03:39,762] [7:140266826163968] - dag_scheduler.py[line:193]: the number of updates has been exceeded
[INFO] [2021-06-13 21:03:42,064] [7:140266826163968] - dag_scheduler.py[line:193]: the number of updates has been exceeded
[INFO] [2021-06-13 21:03:45,258] [7:140266826163968] - dag_scheduler.py[line:193]: the number of updates has been exceeded
[INFO] [2021-06-13 21:03:47,525] [7:140266826163968] - dag_scheduler.py[line:193]: the number of updates has been exceeded
[INFO] [2021-06-13 21:03:49,788] [7:140266826163968] - dag_scheduler.py[line:193]: the number of updates has been exceeded
[INFO] [2021-06-13 21:03:52,407] [7:140266826163968] - dag_scheduler.py[line:193]: the number of updates has been exceeded
[INFO] [2021-06-13 21:03:54,664] [7:140266826163968] - dag_scheduler.py[line:193]: the number of updates has been exceeded
[INFO] [2021-06-13 21:03:58,734] [7:140266826163968] - dag_scheduler.py[line:193]: the number of updates has been exceeded
[INFO] [2021-06-13 21:04:01,100] [7:140266826163968] - dag_scheduler.py[line:193]: the number of updates has been exceeded
[INFO] [2021-06-13 21:04:03,555] [7:140266826163968] - dag_scheduler.py[line:193]: the number of updates has been exceeded
[INFO] [2021-06-13 21:04:07,209] [7:140266826163968] - dag_scheduler.py[line:193]: the number of updates has been exceeded
[INFO] [2021-06-13 21:04:10,143] [7:140266826163968] - dag_scheduler.py[line:193]: the number of updates has been exceeded
[INFO] [2021-06-13 21:04:12,468] [7:140266826163968] - dag_scheduler.py[line:193]: the number of updates has been exceeded
[INFO] [2021-06-13 21:04:14,773] [7:140266826163968] - dag_scheduler.py[line:193]: the number of updates has been exceeded
[INFO] [2021-06-13 21:04:17,067] [7:140266826163968] - dag_scheduler.py[line:193]: the number of updates has been exceeded
[INFO] [2021-06-13 21:04:19,894] [7:140266826163968] - dag_scheduler.py[line:193]: the number of updates has been exceeded
[INFO] [2021-06-13 21:04:22,131] [7:140266826163968] - dag_scheduler.py[line:193]: the number of updates has been exceeded
[INFO] [2021-06-13 21:04:24,374] [7:140266826163968] - dag_scheduler.py[line:193]: the number of updates has been exceeded
[INFO] [2021-06-13 21:04:26,640] [7:140266826163968] - dag_scheduler.py[line:193]: the number of updates has been exceeded
[INFO] [2021-06-13 21:04:28,890] [7:140266826163968] - dag_scheduler.py[line:193]: the number of updates has been exceeded
[INFO] [2021-06-13 21:04:31,368] [7:140266826163968] - dag_scheduler.py[line:193]: the number of updates has been exceeded
[INFO] [2021-06-13 21:04:33,672] [7:140266826163968] - dag_scheduler.py[line:193]: the number of updates has been exceeded
[INFO] [2021-06-13 21:04:35,954] [7:140266826163968] - dag_scheduler.py[line:193]: the number of updates has been exceeded
[INFO] [2021-06-13 21:04:39,990] [7:140266826163968] - dag_scheduler.py[line:193]: the number of updates has been exceeded
[INFO] [2021-06-13 21:04:42,505] [7:140266826163968] - dag_scheduler.py[line:193]: the number of updates has been exceeded
[INFO] [2021-06-13 21:04:44,812] [7:140266826163968] - dag_scheduler.py[line:193]: the number of updates has been exceeded
[INFO] [2021-06-13 21:04:47,161] [7:140266826163968] - dag_scheduler.py[line:193]: the number of updates has been exceeded
[INFO] [2021-06-13 21:04:49,569] [7:140266826163968] - dag_scheduler.py[line:193]: the number of updates has been exceeded
[INFO] [2021-06-13 21:04:51,852] [7:140266826163968] - dag_scheduler.py[line:193]: the number of updates has been exceeded
[INFO] [2021-06-13 21:04:54,106] [7:140266826163968] - dag_scheduler.py[line:193]: the number of updates has been exceeded
[INFO] [2021-06-13 21:04:56,489] [7:140266826163968] - dag_scheduler.py[line:193]: the number of updates has been exceeded
[INFO] [2021-06-13 21:04:58,857] [7:140266826163968] - dag_scheduler.py[line:193]: the number of updates has been exceeded
[INFO] [2021-06-13 21:05:01,966] [7:140266826163968] - dag_scheduler.py[line:193]: the number of updates has been exceeded
[INFO] [2021-06-13 21:05:04,348] [7:140266826163968] - dag_scheduler.py[line:193]: the number of updates has been exceeded
[INFO] [2021-06-13 21:05:06,810] [7:140266826163968] - dag_scheduler.py[line:193]: the number of updates has been exceeded
[INFO] [2021-06-13 21:05:09,099] [7:140266826163968] - dag_scheduler.py[line:193]: the number of updates has been exceeded
[INFO] [2021-06-13 21:05:12,593] [7:140266826163968] - dag_scheduler.py[line:193]: the number of updates has been exceeded
[INFO] [2021-06-13 21:05:14,915] [7:140266826163968] - dag_scheduler.py[line:193]: the number of updates has been exceeded
[INFO] [2021-06-13 21:05:17,695] [7:140266826163968] - dag_scheduler.py[line:193]: the number of updates has been exceeded
[INFO] [2021-06-13 21:05:23,400] [7:140266826163968] - dag_scheduler.py[line:193]: the number of updates has been exceeded
[INFO] [2021-06-13 21:05:29,484] [7:140266826163968] - dag_scheduler.py[line:193]: the number of updates has been exceeded
[INFO] [2021-06-13 21:05:31,568] [7:140266826163968] - dag_scheduler.py[line:193]: the number of updates has been exceeded
[INFO] [2021-06-13 21:05:33,612] [7:140266826163968] - dag_scheduler.py[line:193]: the number of updates has been exceeded
[INFO] [2021-06-13 21:05:35,664] [7:140266826163968] - dag_scheduler.py[line:193]: the number of updates has been exceeded
[INFO] [2021-06-13 21:05:37,721] [7:140266826163968] - dag_scheduler.py[line:193]: the number of updates has been exceeded
[INFO] [2021-06-13 21:05:39,765] [7:140266826163968] - dag_scheduler.py[line:193]: the number of updates has been exceeded
[INFO] [2021-06-13 21:05:41,820] [7:140266826163968] - dag_scheduler.py[line:193]: the number of updates has been exceeded
[INFO] [2021-06-13 21:05:43,883] [7:140266826163968] - dag_scheduler.py[line:193]: the number of updates has been exceeded
[INFO] [2021-06-13 21:05:45,943] [7:140266826163968] - dag_scheduler.py[line:193]: the number of updates has been exceeded
[INFO] [2021-06-13 21:05:48,069] [7:140266826163968] - dag_scheduler.py[line:193]: the number of updates has been exceeded
[INFO] [2021-06-13 21:05:50,155] [7:140266826163968] - dag_scheduler.py[line:193]: the number of updates has been exceeded
[INFO] [2021-06-13 21:05:52,230] [7:140266826163968] - dag_scheduler.py[line:193]: the number of updates has been exceeded
[INFO] [2021-06-13 21:05:54,268] [7:140266826163968] - dag_scheduler.py[line:193]: the number of updates has been exceeded
[INFO] [2021-06-13 21:05:56,329] [7:140266826163968] - dag_scheduler.py[line:193]: the number of updates has been exceeded
[INFO] [2021-06-13 21:05:58,391] [7:140266826163968] - dag_scheduler.py[line:193]: the number of updates has been exceeded
[INFO] [2021-06-13 21:06:00,454] [7:140266826163968] - dag_scheduler.py[line:193]: the number of updates has been exceeded
[INFO] [2021-06-13 21:06:02,491] [7:140266826163968] - dag_scheduler.py[line:193]: the number of updates has been exceeded
[INFO] [2021-06-13 21:06:04,545] [7:140266826163968] - dag_scheduler.py[line:193]: the number of updates has been exceeded
[INFO] [2021-06-13 21:06:06,607] [7:140266826163968] - dag_scheduler.py[line:193]: the number of updates has been exceeded
[INFO] [2021-06-13 21:06:08,655] [7:140266826163968] - dag_scheduler.py[line:193]: the number of updates has been exceeded
[INFO] [2021-06-13 21:06:10,771] [7:140266826163968] - dag_scheduler.py[line:193]: the number of updates has been exceeded
[INFO] [2021-06-13 21:06:12,857] [7:140266826163968] - dag_scheduler.py[line:193]: the number of updates has been exceeded
[INFO] [2021-06-13 21:06:14,948] [7:140266826163968] - dag_scheduler.py[line:193]: the number of updates has been exceeded
[INFO] [2021-06-13 21:06:17,001] [7:140266826163968] - dag_scheduler.py[line:193]: the number of updates has been exceeded
[INFO] [2021-06-13 21:06:19,065] [7:140266826163968] - dag_scheduler.py[line:193]: the number of updates has been exceeded
[INFO] [2021-06-13 21:06:21,117] [7:140266826163968] - dag_scheduler.py[line:193]: the number of updates has been exceeded
[INFO] [2021-06-13 21:06:23,178] [7:140266826163968] - dag_scheduler.py[line:193]: the number of updates has been exceeded
[INFO] [2021-06-13 21:06:25,219] [7:140266826163968] - dag_scheduler.py[line:193]: the number of updates has been exceeded
[INFO] [2021-06-13 21:06:27,281] [7:140266826163968] - dag_scheduler.py[line:193]: the number of updates has been exceeded
[INFO] [2021-06-13 21:06:29,334] [7:140266826163968] - dag_scheduler.py[line:193]: the number of updates has been exceeded
[INFO] [2021-06-13 21:06:31,397] [7:140266826163968] - dag_scheduler.py[line:193]: the number of updates has been exceeded
[INFO] [2021-06-13 21:06:33,452] [7:140266826163968] - dag_scheduler.py[line:193]: the number of updates has been exceeded
[INFO] [2021-06-13 21:06:35,519] [7:140266826163968] - dag_scheduler.py[line:193]: the number of updates has been exceeded
[INFO] [2021-06-13 21:06:37,580] [7:140266826163968] - dag_scheduler.py[line:193]: the number of updates has been exceeded
[INFO] [2021-06-13 21:06:39,636] [7:140266826163968] - dag_scheduler.py[line:193]: the number of updates has been exceeded
[INFO] [2021-06-13 21:06:41,701] [7:140266826163968] - dag_scheduler.py[line:193]: the number of updates has been exceeded
[INFO] [2021-06-13 21:06:43,761] [7:140266826163968] - dag_scheduler.py[line:193]: the number of updates has been exceeded
[INFO] [2021-06-13 21:06:45,838] [7:140266826163968] - dag_scheduler.py[line:193]: the number of updates has been exceeded
[INFO] [2021-06-13 21:06:47,894] [7:140266826163968] - dag_scheduler.py[line:193]: the number of updates has been exceeded
[INFO] [2021-06-13 21:06:49,948] [7:140266826163968] - dag_scheduler.py[line:193]: the number of updates has been exceeded
[INFO] [2021-06-13 21:06:52,000] [7:140266826163968] - dag_scheduler.py[line:193]: the number of updates has been exceeded
[INFO] [2021-06-13 21:06:54,076] [7:140266826163968] - dag_scheduler.py[line:193]: the number of updates has been exceeded
[INFO] [2021-06-13 21:06:56,131] [7:140266826163968] - dag_scheduler.py[line:193]: the number of updates has been exceeded
[INFO] [2021-06-13 21:06:58,191] [7:140266826163968] - dag_scheduler.py[line:193]: the number of updates has been exceeded
[INFO] [2021-06-13 21:07:00,252] [7:140266826163968] - dag_scheduler.py[line:193]: the number of updates has been exceeded
[INFO] [2021-06-13 21:07:02,304] [7:140266826163968] - dag_scheduler.py[line:193]: the number of updates has been exceeded
[INFO] [2021-06-13 21:07:04,365] [7:140266826163968] - dag_scheduler.py[line:193]: the number of updates has been exceeded
[INFO] [2021-06-13 21:07:06,419] [7:140266826163968] - dag_scheduler.py[line:193]: the number of updates has been exceeded
[INFO] [2021-06-13 21:07:08,480] [7:140266826163968] - dag_scheduler.py[line:193]: the number of updates has been exceeded
[INFO] [2021-06-13 21:07:10,535] [7:140266826163968] - dag_scheduler.py[line:193]: the number of updates has been exceeded
[INFO] [2021-06-13 21:07:12,595] [7:140266826163968] - dag_scheduler.py[line:193]: the number of updates has been exceeded
[INFO] [2021-06-13 21:07:14,662] [7:140266826163968] - dag_scheduler.py[line:193]: the number of updates has been exceeded
[INFO] [2021-06-13 21:07:16,725] [7:140266826163968] - dag_scheduler.py[line:193]: the number of updates has been exceeded
[INFO] [2021-06-13 21:07:18,783] [7:140266826163968] - dag_scheduler.py[line:193]: the number of updates has been exceeded
[INFO] [2021-06-13 21:07:20,837] [7:140266826163968] - dag_scheduler.py[line:193]: the number of updates has been exceeded
[INFO] [2021-06-13 21:07:22,889] [7:140266826163968] - dag_scheduler.py[line:193]: the number of updates has been exceeded
[INFO] [2021-06-13 21:07:24,946] [7:140266826163968] - dag_scheduler.py[line:193]: the number of updates has been exceeded
[INFO] [2021-06-13 21:07:27,000] [7:140266826163968] - dag_scheduler.py[line:193]: the number of updates has been exceeded
[INFO] [2021-06-13 21:07:29,055] [7:140266826163968] - dag_scheduler.py[line:193]: the number of updates has been exceeded
[INFO] [2021-06-13 21:07:31,104] [7:140266826163968] - dag_scheduler.py[line:193]: the number of updates has been exceeded
[INFO] [2021-06-13 21:07:33,177] [7:140266826163968] - dag_scheduler.py[line:193]: the number of updates has been exceeded
[INFO] [2021-06-13 21:07:35,251] [7:140266826163968] - dag_scheduler.py[line:193]: the number of updates has been exceeded
[INFO] [2021-06-13 21:07:37,317] [7:140266826163968] - dag_scheduler.py[line:193]: the number of updates has been exceeded
[INFO] [2021-06-13 21:07:39,372] [7:140266826163968] - dag_scheduler.py[line:193]: the number of updates has been exceeded
[INFO] [2021-06-13 21:07:41,416] [7:140266826163968] - dag_scheduler.py[line:193]: the number of updates has been exceeded
[INFO] [2021-06-13 21:07:43,448] [7:140266826163968] - dag_scheduler.py[line:193]: the number of updates has been exceeded
[INFO] [2021-06-13 21:07:45,518] [7:140266826163968] - dag_scheduler.py[line:193]: the number of updates has been exceeded
[INFO] [2021-06-13 21:07:47,574] [7:140266826163968] - dag_scheduler.py[line:193]: the number of updates has been exceeded
[INFO] [2021-06-13 21:07:49,628] [7:140266826163968] - dag_scheduler.py[line:193]: the number of updates has been exceeded
