[INFO] [2021-06-15 21:56:45,667] [3058:140146818275136] - task_executor.py[line:313]: report task 2021061521563264143218_dataio_0 0 guest 9999 to driver
[INFO] [2021-06-15 21:56:45,668] [3058:140146818275136] - control_client.py[line:42]: request update job 2021061521563264143218 task 2021061521563264143218_dataio_0 0 on guest 9999
[DEBUG] [2021-06-15 21:56:46,059] [3058:140146818275136] - _federation.py[line:15]: [federation.standalone]init federation: standalone_session=<fate_arch._standalone.Session object at 0x7f76773f09b0>, federation_session_id=2021061521563264143218_dataio_0_0, party=Party(role=guest, party_id=9999)
[DEBUG] [2021-06-15 21:56:46,067] [3058:140146818275136] - _federation.py[line:23]: [federation.standalone]init federation context done
[INFO] [2021-06-15 21:56:46,068] [3058:140146818275136] - task_executor.py[line:150]: Run 2021061521563264143218 dataio_0 2021061521563264143218_dataio_0 guest 9999 task
[INFO] [2021-06-15 21:56:46,068] [3058:140146818275136] - task_executor.py[line:151]: Component parameters on party {'DataIOParam': {'input_format': 'dense', 'delimitor': ',', 'data_type': 'float64', 'exclusive_data_type': None, 'tag_with_value': False, 'tag_value_delimitor': ':', 'missing_fill': False, 'default_value': 0, 'missing_fill_method': None, 'missing_impute': None, 'outlier_replace': False, 'outlier_replace_method': None, 'outlier_impute': None, 'outlier_replace_value': 0, 'with_label': True, 'label_name': 'y', 'label_type': 'int', 'output_format': 'dense', 'need_run': True}, 'role': {'guest': [9999], 'host': [9998]}, 'component_parameters': {'role': {'guest': {'0': {'reader_1': {'table': {'name': 'breast_hetero_guest', 'namespace': 'experiment'}}, 'dataio_1': {'with_label': True, 'output_format': 'dense'}, 'reader_0': {'table': {'name': 'default_credit_hetero_guest', 'namespace': 'experiment'}}, 'dataio_0': {'with_label': True, 'output_format': 'dense'}}}, 'host': {'0': {'reader_1': {'table': {'name': 'breast_hetero_host', 'namespace': 'experiment'}}, 'dataio_1': {'with_label': False}, 'reader_0': {'table': {'name': 'default_credit_hetero_host', 'namespace': 'experiment'}}, 'dataio_0': {'with_label': False}}}}, 'common': {'hetero_secure_boost_0': {'task_type': 'classification', 'objective_param': {'objective': 'cross_entropy'}, 'num_trees': 3, 'validation_freqs': 1, 'encrypt_param': {'method': 'iterativeAffine'}, 'tree_param': {'max_depth': 3}}, 'evaluation_0': {'eval_type': 'binary'}}}, 'initiator': {'role': 'guest', 'party_id': 9999}, 'dsl_version': 2, 'conf_path': './examples/LDPDev/test_predict_conf.json', 'job_parameters': {'job_type': 'predict', 'work_mode': 0, 'backend': 0, 'computing_engine': 'STANDALONE', 'federation_engine': 'STANDALONE', 'storage_engine': 'STANDALONE', 'engines_address': {'computing': {'nodes': 1, 'cores_per_node': 20}, 'federation': {'nodes': 1, 'cores_per_node': 20}, 'storage': {'nodes': 1, 'cores_per_node': 20}}, 'federated_mode': 'SINGLE', 'task_parallelism': 1, 'computing_partitions': 4, 'federated_status_collect_type': 'PULL', 'model_id': 'guest-9999#host-9998#model', 'model_version': '2021061521542761899517', 'eggroll_run': {'eggroll.session.processors.per.node': 4}, 'spark_run': {}, 'rabbitmq_run': {}, 'pulsar_run': {}, 'adaptation_parameters': {'task_memory_per_node': 0, 'if_initiator_baseline': False, 'task_cores_per_node': 4, 'request_task_cores': 4, 'task_nodes': 1}}, 'dsl_path': './examples/LDPDev/dsl/v2/hetero_secureboost/test_secureboost_train_dsl.json', 'local': {'role': 'guest', 'party_id': 9999}, 'CodePath': 'federatedml/util/data_io.py/DataIO', 'module': 'DataIO', 'output_data_name': ['data']}
[INFO] [2021-06-15 21:56:46,069] [3058:140146818275136] - task_executor.py[line:152]: Task input dsl {'model': ['pipeline.dataio_0.model'], 'data': {'data': ['reader_0.data']}}
[INFO] [2021-06-15 21:56:46,090] [3058:140146818275136] - pipelined_model.py[line:185]: parse DataIOMeta proto object normal
[INFO] [2021-06-15 21:56:46,103] [3058:140146818275136] - pipelined_model.py[line:185]: parse DataIOParam proto object normal
[INFO] [2021-06-15 21:56:46,104] [3058:140146818275136] - tracker_client.py[line:150]: Request read job 2021061521563264143218 task None None on guest 9999 data data info
[DEBUG] [2021-06-15 21:56:46,127] [3058:140146818275136] - apsw_ext.py[line:109]: ('SELECT "t1"."f_create_date", "t1"."f_update_date", "t1"."f_name", "t1"."f_namespace", "t1"."f_address", "t1"."f_engine", "t1"."f_type", "t1"."f_options", "t1"."f_partitions", "t1"."f_id_delimiter", "t1"."f_in_serialized", "t1"."f_have_head", "t1"."f_schema", "t1"."f_count", "t1"."f_part_of_data", "t1"."f_description", "t1"."f_create_time", "t1"."f_update_time" FROM "t_storage_table_meta" AS "t1" WHERE (("t1"."f_name" = ?) AND ("t1"."f_namespace" = ?))', ['8fbb29ecce2411eb8df10242ac110002', 'output_data_2021061521563264143218_reader_0_0'])
[INFO] [2021-06-15 21:56:46,137] [3058:140146818275136] - task_executor.py[line:269]: load computing table use 4
[DEBUG] [2021-06-15 21:56:46,795] [3058:140146818275136] - component_properties.py[line:73]: {'DataIOParam': {'input_format': 'dense', 'delimitor': ',', 'data_type': 'float64', 'exclusive_data_type': None, 'tag_with_value': False, 'tag_value_delimitor': ':', 'missing_fill': False, 'default_value': 0, 'missing_fill_method': None, 'missing_impute': None, 'outlier_replace': False, 'outlier_replace_method': None, 'outlier_impute': None, 'outlier_replace_value': 0, 'with_label': True, 'label_name': 'y', 'label_type': 'int', 'output_format': 'dense', 'need_run': True}, 'role': {'guest': [9999], 'host': [9998]}, 'component_parameters': {'role': {'guest': {'0': {'reader_1': {'table': {'name': 'breast_hetero_guest', 'namespace': 'experiment'}}, 'dataio_1': {'with_label': True, 'output_format': 'dense'}, 'reader_0': {'table': {'name': 'default_credit_hetero_guest', 'namespace': 'experiment'}}, 'dataio_0': {'with_label': True, 'output_format': 'dense'}}}, 'host': {'0': {'reader_1': {'table': {'name': 'breast_hetero_host', 'namespace': 'experiment'}}, 'dataio_1': {'with_label': False}, 'reader_0': {'table': {'name': 'default_credit_hetero_host', 'namespace': 'experiment'}}, 'dataio_0': {'with_label': False}}}}, 'common': {'hetero_secure_boost_0': {'task_type': 'classification', 'objective_param': {'objective': 'cross_entropy'}, 'num_trees': 3, 'validation_freqs': 1, 'encrypt_param': {'method': 'iterativeAffine'}, 'tree_param': {'max_depth': 3}}, 'evaluation_0': {'eval_type': 'binary'}}}, 'initiator': {'role': 'guest', 'party_id': 9999}, 'dsl_version': 2, 'conf_path': './examples/LDPDev/test_predict_conf.json', 'job_parameters': {'job_type': 'predict', 'work_mode': 0, 'backend': 0, 'computing_engine': 'STANDALONE', 'federation_engine': 'STANDALONE', 'storage_engine': 'STANDALONE', 'engines_address': {'computing': {'nodes': 1, 'cores_per_node': 20}, 'federation': {'nodes': 1, 'cores_per_node': 20}, 'storage': {'nodes': 1, 'cores_per_node': 20}}, 'federated_mode': 'SINGLE', 'task_parallelism': 1, 'computing_partitions': 4, 'federated_status_collect_type': 'PULL', 'model_id': 'guest-9999#host-9998#model', 'model_version': '2021061521542761899517', 'eggroll_run': {'eggroll.session.processors.per.node': 4}, 'spark_run': {}, 'rabbitmq_run': {}, 'pulsar_run': {}, 'adaptation_parameters': {'task_memory_per_node': 0, 'if_initiator_baseline': False, 'task_cores_per_node': 4, 'request_task_cores': 4, 'task_nodes': 1}}, 'dsl_path': './examples/LDPDev/dsl/v2/hetero_secureboost/test_secureboost_train_dsl.json', 'local': {'role': 'guest', 'party_id': 9999}, 'CodePath': 'federatedml/util/data_io.py/DataIO', 'module': 'DataIO', 'output_data_name': ['data']}
[DEBUG] [2021-06-15 21:56:46,797] [3058:140146818275136] - component_properties.py[line:80]: need_run: True, need_cv: False
[WARNING] [2021-06-15 21:56:46,797] [3058:140146818275136] - data_io.py[line:855]: DataIO is deprecated, and will be removed in 1.7, use DataTransform module instead
[DEBUG] [2021-06-15 21:56:46,798] [3058:140146818275136] - component_properties.py[line:102]: parse_dsl_args data_sets: {'reader_0': {'data': [<fate_arch.computing.standalone._table.Table object at 0x7f763431fa58>]}}
[DEBUG] [2021-06-15 21:56:46,798] [3058:140146818275136] - component_properties.py[line:112]: [Data Parser], has_train_data: False
[DEBUG] [2021-06-15 21:56:46,798] [3058:140146818275136] - component_properties.py[line:112]: [Data Parser], has_eval_data: False
[DEBUG] [2021-06-15 21:56:46,798] [3058:140146818275136] - component_properties.py[line:112]: [Data Parser], has_validate_data: False
[DEBUG] [2021-06-15 21:56:46,799] [3058:140146818275136] - component_properties.py[line:112]: [Data Parser], has_test_data: False
[DEBUG] [2021-06-15 21:56:46,799] [3058:140146818275136] - component_properties.py[line:118]: [Data Parser], has_normal_data: True
[DEBUG] [2021-06-15 21:56:46,799] [3058:140146818275136] - component_properties.py[line:179]: Input data_sets: {'reader_0': {'data': [<fate_arch.computing.standalone._table.Table object at 0x7f763431fa58>]}}
[DEBUG] [2021-06-15 21:56:46,799] [3058:140146818275136] - component_properties.py[line:189]: data_dict: {'data': [<fate_arch.computing.standalone._table.Table object at 0x7f763431fa58>]}
[DEBUG] [2021-06-15 21:56:46,800] [3058:140146818275136] - component_properties.py[line:192]: data_list: <fate_arch.computing.standalone._table.Table object at 0x7f763431fa58>
[DEBUG] [2021-06-15 21:56:46,809] [3058:140146818275136] - profile.py[line:84]: [computing#41d092c3c4]function_stack: [component_properties.py:225]extract_input_data <-[component_properties.py:238]extract_running_rules <-[model_base.py:87]run
[DEBUG] [2021-06-15 21:56:46,810] [3058:140146818275136] - profile.py[line:87]: [computing#41d092c3c4]start
[DEBUG] [2021-06-15 21:56:46,813] [3058:140146818275136] - profile.py[line:93]: [computing#41d092c3c4]done, elapse: 0.004004240036010742, function: count(self: Table(partition=4)) -> int
[DEBUG] [2021-06-15 21:56:46,814] [3058:140146818275136] - component_properties.py[line:231]: train_data: None, validate_data: None, test_data: None, data: {'reader_0.data': <fate_arch.computing.standalone._table.Table object at 0x7f763431fa58>}
[DEBUG] [2021-06-15 21:56:46,814] [3058:140146818275136] - model_base.py[line:88]: running_funcs: [<bound method DataIO.load_model of <federatedml.util.data_io.DataIO object at 0x7f76342ddc18>>, <function ModelBase.extract_data at 0x7f7634291400>, <bound method ModelBase.set_flowid of <federatedml.util.data_io.DataIO object at 0x7f76342ddc18>>, <bound method DataIO.transform of <federatedml.util.data_io.DataIO object at 0x7f76342ddc18>>]
[DEBUG] [2021-06-15 21:56:46,814] [3058:140146818275136] - model_base.py[line:340]: In extract_data, data input: {'reader_0.data': <fate_arch.computing.standalone._table.Table object at 0x7f763431fa58>}
[DEBUG] [2021-06-15 21:56:46,814] [3058:140146818275136] - model_base.py[line:97]: func: <bound method DataIO.transform of <federatedml.util.data_io.DataIO object at 0x7f76342ddc18>>
[INFO] [2021-06-15 21:56:46,815] [3058:140146818275136] - data_io.py[line:118]: start to read dense data and change data to instance
[DEBUG] [2021-06-15 21:56:46,816] [3058:140146818275136] - profile.py[line:84]: [computing#7a5e4c5159]function_stack: [abnormal_detection.py:27]empty_table_detection <-[data_io.py:120]read_data <-[data_io.py:895]transform <-[model_base.py:98]run
[DEBUG] [2021-06-15 21:56:46,817] [3058:140146818275136] - profile.py[line:87]: [computing#7a5e4c5159]start
[DEBUG] [2021-06-15 21:56:46,820] [3058:140146818275136] - profile.py[line:93]: [computing#7a5e4c5159]done, elapse: 0.0039196014404296875, function: count(self: Table(partition=4)) -> int
[DEBUG] [2021-06-15 21:56:46,821] [3058:140146818275136] - data_io.py[line:75]: header is y,x0,x1,x2,x3,x4,x5,x6,x7,x8,x9,x10,x11,x12
[DEBUG] [2021-06-15 21:56:46,821] [3058:140146818275136] - data_io.py[line:76]: sid_name is id
[DEBUG] [2021-06-15 21:56:46,822] [3058:140146818275136] - profile.py[line:84]: [computing#9133971679]function_stack: [data_overview.py:123]get_data_shape <-[data_io.py:131]read_data <-[data_io.py:895]transform <-[model_base.py:98]run
[DEBUG] [2021-06-15 21:56:46,822] [3058:140146818275136] - profile.py[line:87]: [computing#9133971679]start
[DEBUG] [2021-06-15 21:56:46,828] [3058:140146818275136] - profile.py[line:93]: [computing#9133971679]done, elapse: 0.005975246429443359, function: first(self: Table(partition=4)) -> tuple
[DEBUG] [2021-06-15 21:56:46,830] [3058:140146818275136] - profile.py[line:84]: [computing#2b2e549bd4]function_stack: [data_io.py:136]read_data <-[data_io.py:895]transform <-[model_base.py:98]run
[DEBUG] [2021-06-15 21:56:46,830] [3058:140146818275136] - profile.py[line:87]: [computing#2b2e549bd4]start
[DEBUG] [2021-06-15 21:56:47,870] [3058:140146818275136] - profile.py[line:93]: [computing#2b2e549bd4]done, elapse: 1.039942741394043, function: mapValues(self: Table(partition=4), func: function) -> Table(partition=4)
[DEBUG] [2021-06-15 21:56:47,872] [3058:140146818275136] - profile.py[line:84]: [computing#4509abf693]function_stack: [data_io.py:139]read_data <-[data_io.py:895]transform <-[model_base.py:98]run
[DEBUG] [2021-06-15 21:56:47,873] [3058:140146818275136] - profile.py[line:87]: [computing#4509abf693]start
[DEBUG] [2021-06-15 21:56:48,903] [3058:140146818275136] - profile.py[line:93]: [computing#4509abf693]done, elapse: 1.030724048614502, function: mapValues(self: Table(partition=4), func: function) -> Table(partition=4)
[DEBUG] [2021-06-15 21:56:48,906] [3058:140146818275136] - profile.py[line:84]: [computing#0aeead51ce]function_stack: [io_check.py:28]_func <-[data_io.py:148]read_data <-[data_io.py:895]transform <-[model_base.py:98]run
[DEBUG] [2021-06-15 21:56:48,907] [3058:140146818275136] - profile.py[line:87]: [computing#0aeead51ce]start
[DEBUG] [2021-06-15 21:56:48,911] [3058:140146818275136] - profile.py[line:93]: [computing#0aeead51ce]done, elapse: 0.004680633544921875, function: count(self: Table(partition=4)) -> int
[DEBUG] [2021-06-15 21:56:48,911] [3058:140146818275136] - abnormal_detection.py[line:81]: schema is {'header': ['x0', 'x1', 'x2', 'x3', 'x4', 'x5', 'x6', 'x7', 'x8', 'x9', 'x10', 'x11', 'x12'], 'sid_name': 'id', 'label_name': 'y'}
[DEBUG] [2021-06-15 21:56:48,912] [3058:140146818275136] - abnormal_detection.py[line:85]: header is ['x0', 'x1', 'x2', 'x3', 'x4', 'x5', 'x6', 'x7', 'x8', 'x9', 'x10', 'x11', 'x12']
[DEBUG] [2021-06-15 21:56:48,912] [3058:140146818275136] - abnormal_detection.py[line:95]: sid_name is id
[DEBUG] [2021-06-15 21:56:48,912] [3058:140146818275136] - abnormal_detection.py[line:100]: label_name is y
[DEBUG] [2021-06-15 21:56:48,914] [3058:140146818275136] - profile.py[line:84]: [computing#82552c8a50]function_stack: [data_io.py:224]gen_data_instance <-[data_io.py:175]transform <-[io_check.py:31]_func <-[data_io.py:148]read_data <-[data_io.py:895]transform <-[model_base.py:98]run
[DEBUG] [2021-06-15 21:56:48,914] [3058:140146818275136] - profile.py[line:87]: [computing#82552c8a50]start
[DEBUG] [2021-06-15 21:56:52,425] [3058:140146818275136] - profile.py[line:93]: [computing#82552c8a50]done, elapse: 3.5118141174316406, function: join(self: Table(partition=4), other: Table(partition=4), func: function) -> Table(partition=4)
[DEBUG] [2021-06-15 21:56:52,427] [3058:140146818275136] - profile.py[line:84]: [computing#fba26d134a]function_stack: [io_check.py:34]_func <-[data_io.py:148]read_data <-[data_io.py:895]transform <-[model_base.py:98]run
[DEBUG] [2021-06-15 21:56:52,427] [3058:140146818275136] - profile.py[line:87]: [computing#fba26d134a]start
[DEBUG] [2021-06-15 21:56:52,431] [3058:140146818275136] - profile.py[line:93]: [computing#fba26d134a]done, elapse: 0.0041201114654541016, function: count(self: Table(partition=4)) -> int
[DEBUG] [2021-06-15 21:56:52,431] [3058:140146818275136] - io_check.py[line:35]: num row of input: 30000 -> num row of output: 30000
[WARNING] [2021-06-15 21:56:52,432] [3058:140146818275136] - data_overview.py[line:83]: header in prediction stage is super-set training stage, predict size is 13, training header size is 10
[DEBUG] [2021-06-15 21:56:52,434] [3058:140146818275136] - profile.py[line:84]: [computing#74262d6ac8]function_stack: [data_overview.py:117]header_alignment <-[data_io.py:150]read_data <-[data_io.py:895]transform <-[model_base.py:98]run
[DEBUG] [2021-06-15 21:56:52,434] [3058:140146818275136] - profile.py[line:87]: [computing#74262d6ac8]start
[DEBUG] [2021-06-15 21:56:54,716] [3058:140146818275136] - profile.py[line:93]: [computing#74262d6ac8]done, elapse: 2.282369613647461, function: mapValues(self: Table(partition=4), func: function) -> Table(partition=4)
