[INFO] [2021-06-15 22:05:30,754] [4271:140646451431232] - task_executor.py[line:313]: report task 2021061522050718069622_hetero_secure_boost_0 0 host 9998 to driver
[INFO] [2021-06-15 22:05:30,755] [4271:140646451431232] - control_client.py[line:42]: request update job 2021061522050718069622 task 2021061522050718069622_hetero_secure_boost_0 0 on host 9998
[DEBUG] [2021-06-15 22:05:31,233] [4271:140646451431232] - _federation.py[line:15]: [federation.standalone]init federation: standalone_session=<fate_arch._standalone.Session object at 0x7feacd8106d8>, federation_session_id=2021061522050718069622_hetero_secure_boost_0_0, party=Party(role=host, party_id=9998)
[DEBUG] [2021-06-15 22:05:31,241] [4271:140646451431232] - _federation.py[line:23]: [federation.standalone]init federation context done
[INFO] [2021-06-15 22:05:31,242] [4271:140646451431232] - task_executor.py[line:150]: Run 2021061522050718069622 hetero_secure_boost_0 2021061522050718069622_hetero_secure_boost_0 host 9998 task
[INFO] [2021-06-15 22:05:31,242] [4271:140646451431232] - task_executor.py[line:151]: Component parameters on party {'HeteroSecureBoostParam': {'task_type': 'classification', 'objective_param': {'objective': 'cross_entropy', 'params': None}, 'learning_rate': 0.3, 'num_trees': 3, 'subsample_feature_rate': 1.0, 'n_iter_no_change': True, 'tol': 0.0001, 'bin_num': 32, 'predict_param': {'threshold': 0.5}, 'cv_param': {'n_splits': 5, 'mode': 'hetero', 'role': 'guest', 'shuffle': True, 'random_seed': 1, 'need_cv': False, 'output_fold_history': True, 'history_value_type': 'score'}, 'validation_freqs': 1, 'metrics': None, 'random_seed': 100, 'binning_error': 0.0001, 'encrypt_param': {'method': 'iterativeAffine', 'key_length': 1024}, 'encrypted_mode_calculator_param': {'mode': 'strict', 're_encrypted_rate': 1}, 'early_stopping_rounds': None, 'use_first_metric_only': False, 'tree_param': {'criterion_method': 'xgboost', 'criterion_params': [0.1, 0], 'max_depth': 3, 'min_sample_split': 2, 'min_impurity_split': 0.001, 'min_leaf_node': 1, 'min_child_weight': 0, 'max_split_nodes': 65536, 'feature_importance_type': 'split', 'n_iter_no_change': True, 'tol': 0.001, 'use_missing': False, 'zero_as_missing': False, 'deterministic': False}, 'zero_as_missing': False, 'use_missing': False, 'complete_secure': False, 'sparse_optimization': False, 'run_goss': False, 'top_rate': 0.2, 'other_rate': 0.1, 'cipher_compress_error': None, 'new_ver': True}, 'dsl_version': 2, 'conf_path': './examples/LDPDev/test_predict_conf.json', 'job_parameters': {'job_type': 'predict', 'work_mode': 0, 'backend': 0, 'computing_engine': 'STANDALONE', 'federation_engine': 'STANDALONE', 'storage_engine': 'STANDALONE', 'engines_address': {'computing': {'nodes': 1, 'cores_per_node': 20}, 'federation': {'nodes': 1, 'cores_per_node': 20}, 'storage': {'nodes': 1, 'cores_per_node': 20}}, 'federated_mode': 'SINGLE', 'task_parallelism': 1, 'computing_partitions': 4, 'federated_status_collect_type': 'PULL', 'model_id': 'guest-9999#host-9998#model', 'model_version': '2021061522023585229020', 'eggroll_run': {'eggroll.session.processors.per.node': 4}, 'spark_run': {}, 'rabbitmq_run': {}, 'pulsar_run': {}, 'adaptation_parameters': {'task_memory_per_node': 0, 'if_initiator_baseline': False, 'task_cores_per_node': 4, 'request_task_cores': 4, 'task_nodes': 1}}, 'role': {'host': [9998], 'guest': [9999]}, 'initiator': {'party_id': 9999, 'role': 'guest'}, 'dsl_path': './examples/LDPDev/dsl/v2/hetero_secureboost/test_secureboost_train_dsl.json', 'component_parameters': {'common': {'hetero_secure_boost_0': {'task_type': 'classification', 'objective_param': {'objective': 'cross_entropy'}, 'num_trees': 3, 'validation_freqs': 1, 'encrypt_param': {'method': 'iterativeAffine'}, 'tree_param': {'max_depth': 3}}, 'evaluation_0': {'eval_type': 'binary'}}, 'role': {'host': {'0': {'dataio_0': {'with_label': False}, 'reader_0': {'table': {'namespace': 'experiment', 'name': 'breast_hetero_host'}}, 'dataio_1': {'with_label': False}, 'reader_1': {'table': {'name': 'breast_hetero_host', 'namespace': 'experiment'}}}}, 'guest': {'0': {'dataio_0': {'with_label': True, 'output_format': 'dense'}, 'reader_0': {'table': {'namespace': 'experiment', 'name': 'breast_hetero_guest'}}, 'dataio_1': {'with_label': True, 'output_format': 'dense'}, 'reader_1': {'table': {'name': 'breast_hetero_guest', 'namespace': 'experiment'}}}}}}, 'local': {'role': 'host', 'party_id': 9998}, 'CodePath': 'federatedml/ensemble/boosting/hetero/hetero_secureboost_host.py/HeteroSecureBoostingTreeHost', 'module': 'HeteroSecureBoost', 'output_data_name': ['data']}
[INFO] [2021-06-15 22:05:31,242] [4271:140646451431232] - task_executor.py[line:152]: Task input dsl {'data': {'test_data': ['intersection_0.data']}, 'model': ['pipeline.hetero_secure_boost_0.model']}
[INFO] [2021-06-15 22:05:31,243] [4271:140646451431232] - tracker_client.py[line:150]: Request read job 2021061522050718069622 task None None on host 9998 data data info
[DEBUG] [2021-06-15 22:05:31,258] [4271:140646451431232] - apsw_ext.py[line:109]: ('SELECT "t1"."f_create_date", "t1"."f_update_date", "t1"."f_name", "t1"."f_namespace", "t1"."f_address", "t1"."f_engine", "t1"."f_type", "t1"."f_options", "t1"."f_partitions", "t1"."f_id_delimiter", "t1"."f_in_serialized", "t1"."f_have_head", "t1"."f_schema", "t1"."f_count", "t1"."f_part_of_data", "t1"."f_description", "t1"."f_create_time", "t1"."f_update_time" FROM "t_storage_table_meta" AS "t1" WHERE (("t1"."f_name" = ?) AND ("t1"."f_namespace" = ?))', ['c9a28776ce2511eb87c40242ac110002', 'output_data_2021061522050718069622_intersection_0_0'])
[INFO] [2021-06-15 22:05:31,270] [4271:140646451431232] - task_executor.py[line:269]: load computing table use 4
[INFO] [2021-06-15 22:05:31,398] [4271:140646451431232] - pipelined_model.py[line:185]: parse BoostingTreeModelMeta proto object normal
[INFO] [2021-06-15 22:05:31,400] [4271:140646451431232] - pipelined_model.py[line:185]: parse BoostingTreeModelParam proto object normal
[DEBUG] [2021-06-15 22:05:35,356] [4271:140646451431232] - boosting_param.py[line:56]: check objective cross_entropy
[DEBUG] [2021-06-15 22:05:35,357] [4271:140646451431232] - encrypt_param.py[line:71]: Finish encrypt parameter check!
[DEBUG] [2021-06-15 22:05:35,357] [4271:140646451431232] - component_properties.py[line:73]: {'HeteroSecureBoostParam': {'task_type': 'classification', 'objective_param': {'objective': 'cross_entropy', 'params': None}, 'learning_rate': 0.3, 'num_trees': 3, 'subsample_feature_rate': 1.0, 'n_iter_no_change': True, 'tol': 0.0001, 'bin_num': 32, 'predict_param': {'threshold': 0.5}, 'cv_param': {'n_splits': 5, 'mode': 'hetero', 'role': 'guest', 'shuffle': True, 'random_seed': 1, 'need_cv': False, 'output_fold_history': True, 'history_value_type': 'score'}, 'validation_freqs': 1, 'metrics': None, 'random_seed': 100, 'binning_error': 0.0001, 'encrypt_param': {'method': 'iterativeAffine', 'key_length': 1024}, 'encrypted_mode_calculator_param': {'mode': 'strict', 're_encrypted_rate': 1}, 'early_stopping_rounds': None, 'use_first_metric_only': False, 'tree_param': {'criterion_method': 'xgboost', 'criterion_params': [0.1, 0], 'max_depth': 3, 'min_sample_split': 2, 'min_impurity_split': 0.001, 'min_leaf_node': 1, 'min_child_weight': 0, 'max_split_nodes': 65536, 'feature_importance_type': 'split', 'n_iter_no_change': True, 'tol': 0.001, 'use_missing': False, 'zero_as_missing': False, 'deterministic': False}, 'zero_as_missing': False, 'use_missing': False, 'complete_secure': False, 'sparse_optimization': False, 'run_goss': False, 'top_rate': 0.2, 'other_rate': 0.1, 'cipher_compress_error': None, 'new_ver': True}, 'dsl_version': 2, 'conf_path': './examples/LDPDev/test_predict_conf.json', 'job_parameters': {'job_type': 'predict', 'work_mode': 0, 'backend': 0, 'computing_engine': 'STANDALONE', 'federation_engine': 'STANDALONE', 'storage_engine': 'STANDALONE', 'engines_address': {'computing': {'nodes': 1, 'cores_per_node': 20}, 'federation': {'nodes': 1, 'cores_per_node': 20}, 'storage': {'nodes': 1, 'cores_per_node': 20}}, 'federated_mode': 'SINGLE', 'task_parallelism': 1, 'computing_partitions': 4, 'federated_status_collect_type': 'PULL', 'model_id': 'guest-9999#host-9998#model', 'model_version': '2021061522023585229020', 'eggroll_run': {'eggroll.session.processors.per.node': 4}, 'spark_run': {}, 'rabbitmq_run': {}, 'pulsar_run': {}, 'adaptation_parameters': {'task_memory_per_node': 0, 'if_initiator_baseline': False, 'task_cores_per_node': 4, 'request_task_cores': 4, 'task_nodes': 1}}, 'role': {'host': [9998], 'guest': [9999]}, 'initiator': {'party_id': 9999, 'role': 'guest'}, 'dsl_path': './examples/LDPDev/dsl/v2/hetero_secureboost/test_secureboost_train_dsl.json', 'component_parameters': {'common': {'hetero_secure_boost_0': {'task_type': 'classification', 'objective_param': {'objective': 'cross_entropy'}, 'num_trees': 3, 'validation_freqs': 1, 'encrypt_param': {'method': 'iterativeAffine'}, 'tree_param': {'max_depth': 3}}, 'evaluation_0': {'eval_type': 'binary'}}, 'role': {'host': {'0': {'dataio_0': {'with_label': False}, 'reader_0': {'table': {'namespace': 'experiment', 'name': 'breast_hetero_host'}}, 'dataio_1': {'with_label': False}, 'reader_1': {'table': {'name': 'breast_hetero_host', 'namespace': 'experiment'}}}}, 'guest': {'0': {'dataio_0': {'with_label': True, 'output_format': 'dense'}, 'reader_0': {'table': {'namespace': 'experiment', 'name': 'breast_hetero_guest'}}, 'dataio_1': {'with_label': True, 'output_format': 'dense'}, 'reader_1': {'table': {'name': 'breast_hetero_guest', 'namespace': 'experiment'}}}}}}, 'local': {'role': 'host', 'party_id': 9998}, 'CodePath': 'federatedml/ensemble/boosting/hetero/hetero_secureboost_host.py/HeteroSecureBoostingTreeHost', 'module': 'HeteroSecureBoost', 'output_data_name': ['data']}
[DEBUG] [2021-06-15 22:05:35,358] [4271:140646451431232] - component_properties.py[line:80]: need_run: True, need_cv: False
[DEBUG] [2021-06-15 22:05:35,358] [4271:140646451431232] - hetero_boosting.py[line:52]: in hetero boosting, objective param is cross_entropy
[DEBUG] [2021-06-15 22:05:35,358] [4271:140646451431232] - boosting.py[line:124]: setting random seed done, random seed is 100
[DEBUG] [2021-06-15 22:05:35,358] [4271:140646451431232] - component_properties.py[line:102]: parse_dsl_args data_sets: {'intersection_0': {'test_data': [<fate_arch.computing.standalone._table.Table object at 0x7fea88a68a90>]}}
[DEBUG] [2021-06-15 22:05:35,358] [4271:140646451431232] - component_properties.py[line:112]: [Data Parser], has_train_data: False
[DEBUG] [2021-06-15 22:05:35,358] [4271:140646451431232] - component_properties.py[line:112]: [Data Parser], has_eval_data: False
[DEBUG] [2021-06-15 22:05:35,359] [4271:140646451431232] - component_properties.py[line:112]: [Data Parser], has_validate_data: False
[DEBUG] [2021-06-15 22:05:35,359] [4271:140646451431232] - component_properties.py[line:112]: [Data Parser], has_test_data: True
[DEBUG] [2021-06-15 22:05:35,359] [4271:140646451431232] - component_properties.py[line:118]: [Data Parser], has_normal_data: False
[DEBUG] [2021-06-15 22:05:35,359] [4271:140646451431232] - component_properties.py[line:179]: Input data_sets: {'intersection_0': {'test_data': [<fate_arch.computing.standalone._table.Table object at 0x7fea88a68a90>]}}
[DEBUG] [2021-06-15 22:05:35,360] [4271:140646451431232] - component_properties.py[line:231]: train_data: None, validate_data: None, test_data: <fate_arch.computing.standalone._table.Table object at 0x7fea88a68a90>, data: {}
[DEBUG] [2021-06-15 22:05:35,360] [4271:140646451431232] - model_base.py[line:88]: running_funcs: [<bound method Boosting.load_model of <federatedml.ensemble.boosting.hetero.hetero_secureboost_host.HeteroSecureBoostingTreeHost object at 0x7fea88a240f0>>, <bound method ModelBase.set_flowid of <federatedml.ensemble.boosting.hetero.hetero_secureboost_host.HeteroSecureBoostingTreeHost object at 0x7fea88a240f0>>, <bound method assert_io_num_rows_equal.<locals>._func of <federatedml.ensemble.boosting.hetero.hetero_secureboost_host.HeteroSecureBoostingTreeHost object at 0x7fea88a240f0>>, <function ComponentProperties.union_data at 0x7fea1d6ee9d8>, <function ModelBase.set_predict_data_schema at 0x7fea1d6f3ae8>]
[INFO] [2021-06-15 22:05:35,360] [4271:140646451431232] - boosting.py[line:527]: load model
[DEBUG] [2021-06-15 22:05:35,360] [4271:140646451431232] - model_base.py[line:162]: set flowid to transfer_variable, flowid: predict
[DEBUG] [2021-06-15 22:05:35,458] [4271:140646451431232] - profile.py[line:84]: [computing#ee81c7eeaf]function_stack: [io_check.py:28]_func <-[model_base.py:101]run
[DEBUG] [2021-06-15 22:05:35,459] [4271:140646451431232] - profile.py[line:87]: [computing#ee81c7eeaf]start
[DEBUG] [2021-06-15 22:05:35,465] [4271:140646451431232] - profile.py[line:93]: [computing#ee81c7eeaf]done, elapse: 0.007114410400390625, function: count(self: Table(partition=4)) -> int
[INFO] [2021-06-15 22:05:35,466] [4271:140646451431232] - hetero_secureboost_host.py[line:195]: running prediction
[DEBUG] [2021-06-15 22:05:35,468] [4271:140646451431232] - profile.py[line:84]: [computing#dd9be069ad]function_stack: [abnormal_detection.py:27]empty_table_detection <-[boosting.py:207]data_alignment <-[boosting.py:225]data_and_header_alignment <-[hetero_secureboost_host.py:197]predict <-[io_check.py:31]_func <-[model_base.py:101]run
[DEBUG] [2021-06-15 22:05:35,469] [4271:140646451431232] - profile.py[line:87]: [computing#dd9be069ad]start
[DEBUG] [2021-06-15 22:05:35,472] [4271:140646451431232] - profile.py[line:93]: [computing#dd9be069ad]done, elapse: 0.0038328170776367188, function: count(self: Table(partition=4)) -> int
[DEBUG] [2021-06-15 22:05:35,474] [4271:140646451431232] - profile.py[line:84]: [computing#6d1d7b4507]function_stack: [data_overview.py:30]get_features_shape <-[data_overview.py:136]is_empty_feature <-[abnormal_detection.py:33]empty_feature_detection <-[boosting.py:208]data_alignment <-[boosting.py:225]data_and_header_alignment <-[hetero_secureboost_host.py:197]predict <-[io_check.py:31]_func <-[model_base.py:101]run
[DEBUG] [2021-06-15 22:05:35,474] [4271:140646451431232] - profile.py[line:87]: [computing#6d1d7b4507]start
[DEBUG] [2021-06-15 22:05:35,478] [4271:140646451431232] - profile.py[line:93]: [computing#6d1d7b4507]done, elapse: 0.0037810802459716797, function: first(self: Table(partition=4)) -> tuple
[DEBUG] [2021-06-15 22:05:35,479] [4271:140646451431232] - profile.py[line:84]: [computing#91e0ec1b4b]function_stack: [boosting.py:210]data_alignment <-[boosting.py:225]data_and_header_alignment <-[hetero_secureboost_host.py:197]predict <-[io_check.py:31]_func <-[model_base.py:101]run
[DEBUG] [2021-06-15 22:05:35,480] [4271:140646451431232] - profile.py[line:87]: [computing#91e0ec1b4b]start
[DEBUG] [2021-06-15 22:05:36,876] [4271:140646451431232] - profile.py[line:93]: [computing#91e0ec1b4b]done, elapse: 1.3962621688842773, function: mapValues(self: Table(partition=4), func: function) -> Table(partition=4)
[DEBUG] [2021-06-15 22:05:36,878] [4271:140646451431232] - profile.py[line:237]: [federation.get.federatedml.transfer_variable.transfer_class.hetero_boosting_transfer_variable.HeteroBoostingTransferVariable.predict_start_round.predict]host<-[Party(role=guest, party_id=9999)] start
[DEBUG] [2021-06-15 22:05:36,879] [4271:140646451431232] - _standalone.py[line:564]: [federation.standalone.get.hash.55bac2e405cb1beee722.predict_start_round.predict]
[DEBUG] [2021-06-15 22:05:36,884] [4271:140646451431232] - _standalone.py[line:643]: [GET] Got 2021061522050718069622_hetero_secure_boost_0_0-hash.55bac2e405cb1beee722.predict_start_round-predict-guest-9999-host-9998 type Object
[DEBUG] [2021-06-15 22:05:36,890] [4271:140646451431232] - _standalone.py[line:592]: [federation.standalone.get.hash.55bac2e405cb1beee722.predict_start_round.predict] got object with type: <class 'int'>
[DEBUG] [2021-06-15 22:05:36,894] [4271:140646451431232] - profile.py[line:216]: [federation.get.federatedml.transfer_variable.transfer_class.hetero_boosting_transfer_variable.HeteroBoostingTransferVariable.predict_start_round.predict]host<-[Party(role=guest, party_id=9999)] done
[INFO] [2021-06-15 22:05:36,895] [4271:140646451431232] - splitter.py[line:70]: splitter init!
[INFO] [2021-06-15 22:05:36,895] [4271:140646451431232] - criterion.py[line:47]: splitter criterion setting done: l1 0.0, l2 0.1
[INFO] [2021-06-15 22:05:36,896] [4271:140646451431232] - decision_tree.py[line:311]: load tree model
[INFO] [2021-06-15 22:05:36,897] [4271:140646451431232] - boosting.py[line:393]: generate flowid, flowid predict
[INFO] [2021-06-15 22:05:36,897] [4271:140646451431232] - decision_tree.py[line:130]: set flowid, flowid is predict.0.0
[INFO] [2021-06-15 22:05:36,898] [4271:140646451431232] - splitter.py[line:70]: splitter init!
[INFO] [2021-06-15 22:05:36,898] [4271:140646451431232] - criterion.py[line:47]: splitter criterion setting done: l1 0.0, l2 0.1
[INFO] [2021-06-15 22:05:36,898] [4271:140646451431232] - decision_tree.py[line:311]: load tree model
[INFO] [2021-06-15 22:05:36,899] [4271:140646451431232] - boosting.py[line:393]: generate flowid, flowid predict
[INFO] [2021-06-15 22:05:36,900] [4271:140646451431232] - decision_tree.py[line:130]: set flowid, flowid is predict.1.0
[INFO] [2021-06-15 22:05:36,900] [4271:140646451431232] - splitter.py[line:70]: splitter init!
[INFO] [2021-06-15 22:05:36,900] [4271:140646451431232] - criterion.py[line:47]: splitter criterion setting done: l1 0.0, l2 0.1
[INFO] [2021-06-15 22:05:36,901] [4271:140646451431232] - decision_tree.py[line:311]: load tree model
[INFO] [2021-06-15 22:05:36,901] [4271:140646451431232] - boosting.py[line:393]: generate flowid, flowid predict
[INFO] [2021-06-15 22:05:36,902] [4271:140646451431232] - decision_tree.py[line:130]: set flowid, flowid is predict.2.0
[DEBUG] [2021-06-15 22:05:36,902] [4271:140646451431232] - hetero_secureboost_host.py[line:177]: cur predict round is 0
[DEBUG] [2021-06-15 22:05:36,903] [4271:140646451431232] - profile.py[line:237]: [federation.get.federatedml.transfer_variable.transfer_class.hetero_secure_boosting_predict_transfer_variable.HeteroSecureBoostTransferVariable.predict_stop_flag.predict.2.0.0]host<-[Party(role=guest, party_id=9999)] start
[DEBUG] [2021-06-15 22:05:36,903] [4271:140646451431232] - _standalone.py[line:564]: [federation.standalone.get.hash.361c9228f6769dcc3527.predict_stop_flag.predict.2.0.0]
[DEBUG] [2021-06-15 22:05:39,548] [4271:140646451431232] - _standalone.py[line:643]: [GET] Got 2021061522050718069622_hetero_secure_boost_0_0-hash.361c9228f6769dcc3527.predict_stop_flag-predict.2.0.0-guest-9999-host-9998 type Object
[DEBUG] [2021-06-15 22:05:39,557] [4271:140646451431232] - _standalone.py[line:592]: [federation.standalone.get.hash.361c9228f6769dcc3527.predict_stop_flag.predict.2.0.0] got object with type: <class 'bool'>
[DEBUG] [2021-06-15 22:05:39,563] [4271:140646451431232] - profile.py[line:216]: [federation.get.federatedml.transfer_variable.transfer_class.hetero_secure_boosting_predict_transfer_variable.HeteroSecureBoostTransferVariable.predict_stop_flag.predict.2.0.0]host<-[Party(role=guest, party_id=9999)] done
[DEBUG] [2021-06-15 22:05:39,564] [4271:140646451431232] - profile.py[line:237]: [federation.get.federatedml.transfer_variable.transfer_class.hetero_secure_boosting_predict_transfer_variable.HeteroSecureBoostTransferVariable.guest_predict_data.predict.2.0.0]host<-[Party(role=guest, party_id=9999)] start
[DEBUG] [2021-06-15 22:05:39,564] [4271:140646451431232] - _standalone.py[line:564]: [federation.standalone.get.hash.8af87c9df261887caccf.guest_predict_data.predict.2.0.0]
[DEBUG] [2021-06-15 22:05:39,666] [4271:140646451431232] - _standalone.py[line:643]: [GET] Got 2021061522050718069622_hetero_secure_boost_0_0-hash.8af87c9df261887caccf.guest_predict_data-predict.2.0.0-guest-9999-host-9998 type Table
[DEBUG] [2021-06-15 22:05:39,668] [4271:140646451431232] - _standalone.py[line:581]: [federation.standalone.get.hash.8af87c9df261887caccf.guest_predict_data.predict.2.0.0] got Table(namespace=2021061522050718069622_hetero_secure_boost_0_0_guest_9999, name=d1e2321a-ce25-11eb-b32c-0242ac110002, partitions=4)
[DEBUG] [2021-06-15 22:05:39,670] [4271:140646451431232] - profile.py[line:216]: [federation.get.federatedml.transfer_variable.transfer_class.hetero_secure_boosting_predict_transfer_variable.HeteroSecureBoostTransferVariable.guest_predict_data.predict.2.0.0]host<-[Party(role=guest, party_id=9999)] done
[DEBUG] [2021-06-15 22:05:39,672] [4271:140646451431232] - profile.py[line:84]: [computing#b2eddf319b]function_stack: [hetero_secureboost_host.py:184]boosting_fast_predict <-[hetero_secureboost_host.py:214]predict <-[io_check.py:31]_func <-[model_base.py:101]run
[DEBUG] [2021-06-15 22:05:39,673] [4271:140646451431232] - profile.py[line:87]: [computing#b2eddf319b]start
[DEBUG] [2021-06-15 22:05:39,948] [4271:140646451431232] - profile.py[line:93]: [computing#b2eddf319b]done, elapse: 0.2756376266479492, function: join(self: Table(partition=4), other: Table(partition=4), func: partial) -> Table(partition=4)
[DEBUG] [2021-06-15 22:05:39,949] [4271:140646451431232] - profile.py[line:84]: [computing#b725cceb52]function_stack: [hetero_secureboost_host.py:185]boosting_fast_predict <-[hetero_secureboost_host.py:214]predict <-[io_check.py:31]_func <-[model_base.py:101]run
[DEBUG] [2021-06-15 22:05:39,949] [4271:140646451431232] - profile.py[line:87]: [computing#b725cceb52]start
[DEBUG] [2021-06-15 22:05:39,951] [4271:140646451431232] - profile.py[line:93]: [computing#b725cceb52]done, elapse: 0.0024781227111816406, function: count(self: Table(partition=4)) -> int
[DEBUG] [2021-06-15 22:05:39,956] [4271:140646451431232] - profile.py[line:87]: [computing#b725cceb52]start
[DEBUG] [2021-06-15 22:05:39,960] [4271:140646451431232] - profile.py[line:93]: [computing#b725cceb52]done, elapse: 0.004362344741821289, function: count(self: Table(partition=4)) -> int
[DEBUG] [2021-06-15 22:05:39,961] [4271:140646451431232] - profile.py[line:232]: [federation.remote.federatedml.transfer_variable.transfer_class.hetero_secure_boosting_predict_transfer_variable.HeteroSecureBoostTransferVariable.host_predict_data.predict.2.0.0]host->[Party(role=guest, party_id=9999)] start
[DEBUG] [2021-06-15 22:05:39,961] [4271:140646451431232] - _standalone.py[line:535]: [federation.standalone.remote.hash.817500759b04bc599183.host_predict_data.predict.2.0.0]remote data, type=<class 'fate_arch._standalone.Table'>
[DEBUG] [2021-06-15 22:05:39,961] [4271:140646451431232] - _standalone.py[line:539]: [federation.standalone.remote.hash.817500759b04bc599183.host_predict_data.predict.2.0.0]remote Table(namespace=2021061522050718069622_hetero_secure_boost_0_0_host_9998, name=d1f80414-ce25-11eb-9324-0242ac110002, partitions=4)
[DEBUG] [2021-06-15 22:05:39,962] [4271:140646451431232] - _standalone.py[line:550]: [federation.standalone.remote.hash.817500759b04bc599183.host_predict_data.predict.2.0.0]save Table(namespace=2021061522050718069622_hetero_secure_boost_0_0_host_9998, name=d1f80414-ce25-11eb-9324-0242ac110002, partitions=4) as Table(namespace=2021061522050718069622_hetero_secure_boost_0_0_host_9998, name=d2241482-ce25-11eb-9324-0242ac110002, partitions=4)
[DEBUG] [2021-06-15 22:05:40,063] [4271:140646451431232] - profile.py[line:185]: [federation.remote.federatedml.transfer_variable.transfer_class.hetero_secure_boosting_predict_transfer_variable.HeteroSecureBoostTransferVariable.host_predict_data.predict.2.0.0]host->[Party(role=guest, party_id=9999)] done
[DEBUG] [2021-06-15 22:05:40,063] [4271:140646451431232] - hetero_secureboost_host.py[line:177]: cur predict round is 1
[DEBUG] [2021-06-15 22:05:40,063] [4271:140646451431232] - profile.py[line:237]: [federation.get.federatedml.transfer_variable.transfer_class.hetero_secure_boosting_predict_transfer_variable.HeteroSecureBoostTransferVariable.predict_stop_flag.predict.2.0.1]host<-[Party(role=guest, party_id=9999)] start
[DEBUG] [2021-06-15 22:05:40,064] [4271:140646451431232] - _standalone.py[line:564]: [federation.standalone.get.hash.361c9228f6769dcc3527.predict_stop_flag.predict.2.0.1]
[DEBUG] [2021-06-15 22:05:40,879] [4271:140646451431232] - _standalone.py[line:643]: [GET] Got 2021061522050718069622_hetero_secure_boost_0_0-hash.361c9228f6769dcc3527.predict_stop_flag-predict.2.0.1-guest-9999-host-9998 type Object
[DEBUG] [2021-06-15 22:05:40,888] [4271:140646451431232] - _standalone.py[line:592]: [federation.standalone.get.hash.361c9228f6769dcc3527.predict_stop_flag.predict.2.0.1] got object with type: <class 'bool'>
[DEBUG] [2021-06-15 22:05:40,895] [4271:140646451431232] - profile.py[line:216]: [federation.get.federatedml.transfer_variable.transfer_class.hetero_secure_boosting_predict_transfer_variable.HeteroSecureBoostTransferVariable.predict_stop_flag.predict.2.0.1]host<-[Party(role=guest, party_id=9999)] done
[DEBUG] [2021-06-15 22:05:40,984] [4271:140646451431232] - model_base.py[line:97]: func: <function ComponentProperties.union_data at 0x7fea1d6ee9d8>
[DEBUG] [2021-06-15 22:05:40,985] [4271:140646451431232] - model_base.py[line:97]: func: <function ModelBase.set_predict_data_schema at 0x7fea1d6f3ae8>
[DEBUG] [2021-06-15 22:05:40,985] [4271:140646451431232] - model_base.py[line:109]: saved_result is : [None], data_output: None
[INFO] [2021-06-15 22:05:40,985] [4271:140646451431232] - tracker_client.py[line:173]: Request save job 2021061522050718069622 task 2021061522050718069622_hetero_secure_boost_0 0 on host 9998 component summary
[INFO] [2021-06-15 22:05:41,351] [4271:140646451431232] - profile.py[line:249]: 
Computing:
+----------+---------------------------------------------+
| function |  function    n   sum(s)   mean(s)   max(s)  |
|          | ----------- --- -------- --------- -------- |
|          |  mapValues   1   1.396     1.396    1.396   |
|          |    join      1   0.276     0.276    0.276   |
|          |    count     4   0.018     0.004    0.007   |
|          |    first     1   0.004     0.004    0.004   |
+----------+---------------------------------------------+
|  total   |  n=7, sum=1.6935, mean=0.2419, max=1.3963   |
+----------+---------------------------------------------+

Federation:
+--------+-------------------------------------------------------------------------------------------------------------+
|  get   |                                    name                                    | n | sum(s) | mean(s) | max(s)  |
|        | ---------------------------------------------------------------------------+---+--------+---------+-------- |
|        |  federatedml.transfer_variable.transfer_class.hetero_secure_boosting_predi | 2 | 3.492  |  1.746  |  2.66   |
|        |  ct_transfer_variable.HeteroSecureBoostTransferVariable.predict_stop_flag  |   |        |         |         |
|        | ---------------------------------------------------------------------------+---+--------+---------+-------- |
|        |  federatedml.transfer_variable.transfer_class.hetero_secure_boosting_predi | 1 | 0.106  |  0.106  | 0.106   |
|        |  ct_transfer_variable.HeteroSecureBoostTransferVariable.guest_predict_data |   |        |         |         |
|        | ---------------------------------------------------------------------------+---+--------+---------+-------- |
|        |  federatedml.transfer_variable.transfer_class.hetero_boosting_transfer_var | 1 | 0.016  |  0.016  | 0.016   |
|        |          iable.HeteroBoostingTransferVariable.predict_start_round          |   |        |         |         |
+--------+-------------------------------------------------------------------------------------------------------------+
| remote |                                    name                                    | n | sum(s) | mean(s) | max(s)  |
|        | ---------------------------------------------------------------------------+---+--------+---------+-------- |
|        |  federatedml.transfer_variable.transfer_class.hetero_secure_boosting_predi | 1 | 0.101  |  0.101  | 0.101   |
|        |  ct_transfer_variable.HeteroSecureBoostTransferVariable.host_predict_data  |   |        |         |         |
+--------+-------------------------------------------------------------------------------------------------------------+
| total  |                                  n=5, sum=3.7146, mean=0.7429, max=2.6601                                   |
+--------+-------------------------------------------------------------------------------------------------------------+

[DEBUG] [2021-06-15 22:05:41,351] [4271:140646451431232] - profile.py[line:250]: 
Detailed Computing:
+-------+--------------------------------------------------------------------------------------------------------------+
| stack |  function  │ n │ sum(s) │ mean(s) │ max(s) │ stack_hash │                       stack                        |
|       | ───────────┼───┼────────┼─────────┼────────┼────────────┼─────────────────────────────────────────────────── |
|       |  mapValues │ 1 │ 1.3963 │ 1.3963  │ 1.3963 │ 91e0ec1b4b │ [boosting.py:210]data_alignment                    |
|       |            │   │        │         │        │            │ [boosting.py:225]data_and_header_alignment         |
|       |            │   │        │         │        │            │ [hetero_secureboost_host.py:197]predict            |
|       |            │   │        │         │        │            │ [io_check.py:31]_func                              |
|       |            │   │        │         │        │            │ [model_base.py:101]run                             |
|       | ───────────┼───┼────────┼─────────┼────────┼────────────┼─────────────────────────────────────────────────── |
|       |    join    │ 1 │ 0.2756 │ 0.2756  │ 0.2756 │ b2eddf319b │ [hetero_secureboost_host.py:184]boosting_fast_pre  |
|       |            │   │        │         │        │            │ dict                                               |
|       |            │   │        │         │        │            │ [hetero_secureboost_host.py:214]predict            |
|       |            │   │        │         │        │            │ [io_check.py:31]_func                              |
|       |            │   │        │         │        │            │ [model_base.py:101]run                             |
|       | ───────────┼───┼────────┼─────────┼────────┼────────────┼─────────────────────────────────────────────────── |
|       |    count   │ 1 │ 0.0071 │ 0.0071  │ 0.0071 │ ee81c7eeaf │ [io_check.py:28]_func                              |
|       |            │   │        │         │        │            │ [model_base.py:101]run                             |
|       | ───────────┼───┼────────┼─────────┼────────┼────────────┼─────────────────────────────────────────────────── |
|       |    count   │ 2 │ 0.0068 │ 0.0034  │ 0.0044 │ b725cceb52 │ [hetero_secureboost_host.py:185]boosting_fast_pre  |
|       |            │   │        │         │        │            │ dict                                               |
|       |            │   │        │         │        │            │ [hetero_secureboost_host.py:214]predict            |
|       |            │   │        │         │        │            │ [io_check.py:31]_func                              |
|       |            │   │        │         │        │            │ [model_base.py:101]run                             |
|       | ───────────┼───┼────────┼─────────┼────────┼────────────┼─────────────────────────────────────────────────── |
|       |    count   │ 1 │ 0.0038 │ 0.0038  │ 0.0038 │ dd9be069ad │ [abnormal_detection.py:27]empty_table_detection    |
|       |            │   │        │         │        │            │ [boosting.py:207]data_alignment                    |
|       |            │   │        │         │        │            │ [boosting.py:225]data_and_header_alignment         |
|       |            │   │        │         │        │            │ [hetero_secureboost_host.py:197]predict            |
|       |            │   │        │         │        │            │ [io_check.py:31]_func                              |
|       |            │   │        │         │        │            │ [model_base.py:101]run                             |
|       | ───────────┼───┼────────┼─────────┼────────┼────────────┼─────────────────────────────────────────────────── |
|       |    first   │ 1 │ 0.0038 │ 0.0038  │ 0.0038 │ 6d1d7b4507 │ [data_overview.py:30]get_features_shape            |
|       |            │   │        │         │        │            │ [data_overview.py:136]is_empty_feature             |
|       |            │   │        │         │        │            │ [abnormal_detection.py:33]empty_feature_detection  |
|       |            │   │        │         │        │            │ [boosting.py:208]data_alignment                    |
|       |            │   │        │         │        │            │ [boosting.py:225]data_and_header_alignment         |
|       |            │   │        │         │        │            │ [hetero_secureboost_host.py:197]predict            |
|       |            │   │        │         │        │            │ [io_check.py:31]_func                              |
|       |            │   │        │         │        │            │ [model_base.py:101]run                             |
+-------+--------------------------------------------------------------------------------------------------------------+
| total |                                   n=7, sum=1.6935, mean=0.2419, max=1.3963                                   |
+-------+--------------------------------------------------------------------------------------------------------------+

[INFO] [2021-06-15 22:05:41,355] [4271:140646451431232] - pipelined_model.py[line:73]: Save hetero_secure_boost_0 default HeteroSecureBoostingTreeHostMeta buffer
[INFO] [2021-06-15 22:05:41,356] [4271:140646451431232] - pipelined_model.py[line:73]: Save hetero_secure_boost_0 default HeteroSecureBoostingTreeHostParam buffer
[INFO] [2021-06-15 22:05:41,381] [4271:140646451431232] - pipelined_model.py[line:78]: Save hetero_secure_boost_0 default successfully
[INFO] [2021-06-15 22:05:41,381] [4271:140646451431232] - task_executor.py[line:313]: report task 2021061522050718069622_hetero_secure_boost_0 0 host 9998 to driver
[INFO] [2021-06-15 22:05:41,382] [4271:140646451431232] - control_client.py[line:42]: request update job 2021061522050718069622 task 2021061522050718069622_hetero_secure_boost_0 0 on host 9998
[INFO] [2021-06-15 22:05:41,766] [4271:140646451431232] - task_executor.py[line:202]: task 2021061522050718069622_hetero_secure_boost_0 host 9998 start time: 2021-06-15 22:05:30
[INFO] [2021-06-15 22:05:41,767] [4271:140646451431232] - task_executor.py[line:204]: task 2021061522050718069622_hetero_secure_boost_0 host 9998 end time: 2021-06-15 22:05:41
[INFO] [2021-06-15 22:05:41,767] [4271:140646451431232] - task_executor.py[line:206]: task 2021061522050718069622_hetero_secure_boost_0 host 9998 takes 10.863s
[INFO] [2021-06-15 22:05:41,767] [4271:140646451431232] - task_executor.py[line:209]: Finish 2021061522050718069622 hetero_secure_boost_0 2021061522050718069622_hetero_secure_boost_0 0 host 9998 task success
[INFO] [2021-06-15 22:05:41,800] [4271:140646451431232] - task_executor.py[line:313]: report task 2021061522050718069622_hetero_secure_boost_0 0 host 9998 to driver
[INFO] [2021-06-15 22:05:41,801] [4271:140646451431232] - control_client.py[line:42]: request update job 2021061522050718069622 task 2021061522050718069622_hetero_secure_boost_0 0 on host 9998
