[INFO] [2021-06-13 11:52:32,962] [2671:140529261025088] - task_executor.py[line:313]: report task 202106131152285573461_secure_add_example_0 0 guest 10000 to driver
[INFO] [2021-06-13 11:52:32,964] [2671:140529261025088] - control_client.py[line:42]: request update job 202106131152285573461 task 202106131152285573461_secure_add_example_0 0 on guest 10000
[DEBUG] [2021-06-13 11:52:33,501] [2671:140529261025088] - _federation.py[line:15]: [federation.standalone]init federation: standalone_session=<fate_arch._standalone.Session object at 0x7fcf84695748>, federation_session_id=202106131152285573461_secure_add_example_0_0, party=Party(role=guest, party_id=10000)
[DEBUG] [2021-06-13 11:52:33,526] [2671:140529261025088] - _federation.py[line:23]: [federation.standalone]init federation context done
[INFO] [2021-06-13 11:52:33,526] [2671:140529261025088] - task_executor.py[line:150]: Run 202106131152285573461 secure_add_example_0 202106131152285573461_secure_add_example_0 guest 10000 task
[INFO] [2021-06-13 11:52:33,527] [2671:140529261025088] - task_executor.py[line:151]: Component parameters on party {'SecureAddExampleParam': {'seed': 123, 'partition': 48, 'data_num': 1000}, 'initiator': {'role': 'guest', 'party_id': 10000}, 'job_parameters': {'job_type': 'train', 'work_mode': 0, 'backend': 0, 'computing_engine': 'STANDALONE', 'federation_engine': 'STANDALONE', 'storage_engine': 'STANDALONE', 'engines_address': {'computing': {'nodes': 1, 'cores_per_node': 20}, 'federation': {'nodes': 1, 'cores_per_node': 20}, 'storage': {'nodes': 1, 'cores_per_node': 20}}, 'federated_mode': 'SINGLE', 'task_cores': 2, 'task_parallelism': 1, 'computing_partitions': 2, 'federated_status_collect_type': 'PULL', 'model_id': 'guest-10000#host-10000#model', 'model_version': '202106131152285573461', 'eggroll_run': {'eggroll.session.processors.per.node': 2}, 'spark_run': {}, 'rabbitmq_run': {}, 'pulsar_run': {}, 'adaptation_parameters': {'task_nodes': 1, 'task_cores_per_node': 2, 'task_memory_per_node': 0, 'request_task_cores': 2, 'if_initiator_baseline': False}}, 'role': {'guest': [10000], 'host': [10000]}, 'config': '/fate/examples/toy_example/test/toy_example_conf.json_1623585147_1232', 'dsl': '/fate/examples/toy_example/toy_example_dsl.json', 'function': 'submit_job', 'local': {'role': 'guest', 'party_id': 10000}, 'CodePath': 'federatedml/toy_example/secure_add_guest.py/SecureAddGuest', 'module': 'SecureAddExample', 'output_data_name': None}
[INFO] [2021-06-13 11:52:33,527] [2671:140529261025088] - task_executor.py[line:152]: Task input dsl {}
[INFO] [2021-06-13 11:52:34,082] [2671:140529261025088] - secure_add_guest.py[line:99]: begin to init parameters of secure add example guest
[INFO] [2021-06-13 11:52:34,083] [2671:140529261025088] - secure_add_guest.py[line:102]: begin to make guest data
[INFO] [2021-06-13 11:52:35,712] [2671:140529261025088] - secure_add_guest.py[line:105]: split data into two random parts
[DEBUG] [2021-06-13 11:52:35,713] [2671:140529261025088] - profile.py[line:84]: [computing#df4bd4f967]function_stack: [secure_add_guest.py:67]secure <-[secure_add_guest.py:106]run
[DEBUG] [2021-06-13 11:52:35,713] [2671:140529261025088] - profile.py[line:87]: [computing#df4bd4f967]start
[DEBUG] [2021-06-13 11:52:43,759] [2671:140529261025088] - profile.py[line:93]: [computing#df4bd4f967]done, elapse: 8.046292781829834, function: mapValues(self: Table(partition=48), func: method) -> Table(partition=48)
[DEBUG] [2021-06-13 11:52:43,761] [2671:140529261025088] - profile.py[line:84]: [computing#0fab14ee75]function_stack: [secure_add_guest.py:68]secure <-[secure_add_guest.py:106]run
[DEBUG] [2021-06-13 11:52:43,762] [2671:140529261025088] - profile.py[line:87]: [computing#0fab14ee75]start
[DEBUG] [2021-06-13 11:52:46,683] [2671:140529261025088] - profile.py[line:93]: [computing#0fab14ee75]done, elapse: 2.9218342304229736, function: mapValues(self: Table(partition=48), func: function) -> Table(partition=48)
[DEBUG] [2021-06-13 11:52:46,684] [2671:140529261025088] - profile.py[line:84]: [computing#8a5ac98c2f]function_stack: [secure_add_guest.py:69]secure <-[secure_add_guest.py:106]run
[DEBUG] [2021-06-13 11:52:46,684] [2671:140529261025088] - profile.py[line:87]: [computing#8a5ac98c2f]start
[DEBUG] [2021-06-13 11:52:49,605] [2671:140529261025088] - profile.py[line:93]: [computing#8a5ac98c2f]done, elapse: 2.9215099811553955, function: mapValues(self: Table(partition=48), func: function) -> Table(partition=48)
[INFO] [2021-06-13 11:52:50,616] [2671:140529261025088] - secure_add_guest.py[line:108]: share one random part data to host
[DEBUG] [2021-06-13 11:52:50,617] [2671:140529261025088] - profile.py[line:232]: [federation.remote.federatedml.transfer_variable.transfer_class.secure_add_example_transfer_variable.SecureAddExampleTransferVariable.guest_share.default]guest->[Party(role=host, party_id=10000)] start
[DEBUG] [2021-06-13 11:52:50,617] [2671:140529261025088] - _standalone.py[line:535]: [federation.standalone.remote.hash.5041d1ce9a14064a36e7.guest_share.default]remote data, type=<class 'fate_arch._standalone.Table'>
[DEBUG] [2021-06-13 11:52:50,618] [2671:140529261025088] - _standalone.py[line:539]: [federation.standalone.remote.hash.5041d1ce9a14064a36e7.guest_share.default]remote Table(namespace=202106131152285573461_secure_add_example_0_0_guest_10000, name=debbc026-cc3d-11eb-990b-0242ac110002, partitions=48)
[DEBUG] [2021-06-13 11:52:50,618] [2671:140529261025088] - _standalone.py[line:550]: [federation.standalone.remote.hash.5041d1ce9a14064a36e7.guest_share.default]save Table(namespace=202106131152285573461_secure_add_example_0_0_guest_10000, name=debbc026-cc3d-11eb-990b-0242ac110002, partitions=48) as Table(namespace=202106131152285573461_secure_add_example_0_0_guest_10000, name=e113f474-cc3d-11eb-990b-0242ac110002, partitions=48)
[DEBUG] [2021-06-13 11:53:03,179] [2671:140529261025088] - profile.py[line:185]: [federation.remote.federatedml.transfer_variable.transfer_class.secure_add_example_transfer_variable.SecureAddExampleTransferVariable.guest_share.default]guest->[Party(role=host, party_id=10000)] done
[INFO] [2021-06-13 11:53:03,179] [2671:140529261025088] - secure_add_guest.py[line:111]: get share of one random part data from host
[DEBUG] [2021-06-13 11:53:03,180] [2671:140529261025088] - profile.py[line:237]: [federation.get.federatedml.transfer_variable.transfer_class.secure_add_example_transfer_variable.SecureAddExampleTransferVariable.host_share.default]guest<-[Party(role=host, party_id=10000)] start
[DEBUG] [2021-06-13 11:53:03,180] [2671:140529261025088] - _standalone.py[line:564]: [federation.standalone.get.hash.d80c5eb8797618002f85.host_share.default]
[DEBUG] [2021-06-13 11:53:16,774] [2671:140529261025088] - _standalone.py[line:643]: [GET] Got 202106131152285573461_secure_add_example_0_0-hash.d80c5eb8797618002f85.host_share-default-host-10000-guest-10000 type Table
[DEBUG] [2021-06-13 11:53:16,777] [2671:140529261025088] - _standalone.py[line:581]: [federation.standalone.get.hash.d80c5eb8797618002f85.host_share.default] got Table(namespace=202106131152285573461_secure_add_example_0_0_host_10000, name=e890df28-cc3d-11eb-91df-0242ac110002, partitions=48)
[DEBUG] [2021-06-13 11:53:16,786] [2671:140529261025088] - profile.py[line:216]: [federation.get.federatedml.transfer_variable.transfer_class.secure_add_example_transfer_variable.SecureAddExampleTransferVariable.host_share.default]guest<-[Party(role=host, party_id=10000)] done
[INFO] [2021-06-13 11:53:16,786] [2671:140529261025088] - secure_add_guest.py[line:114]: begin to get sum of guest and host
[DEBUG] [2021-06-13 11:53:16,787] [2671:140529261025088] - profile.py[line:84]: [computing#c7afab6c68]function_stack: [secure_add_guest.py:72]add <-[secure_add_guest.py:115]run
[DEBUG] [2021-06-13 11:53:16,788] [2671:140529261025088] - profile.py[line:87]: [computing#c7afab6c68]start
[DEBUG] [2021-06-13 11:53:18,151] [2671:140529261025088] - profile.py[line:93]: [computing#c7afab6c68]done, elapse: 1.3640801906585693, function: join(self: Table(partition=48), other: Table(partition=48), func: function) -> Table(partition=48)
[DEBUG] [2021-06-13 11:53:18,152] [2671:140529261025088] - profile.py[line:84]: [computing#21b789c4af]function_stack: [secure_add_guest.py:73]add <-[secure_add_guest.py:115]run
[DEBUG] [2021-06-13 11:53:18,153] [2671:140529261025088] - profile.py[line:87]: [computing#21b789c4af]start
[DEBUG] [2021-06-13 11:53:18,401] [2671:140529261025088] - profile.py[line:93]: [computing#21b789c4af]done, elapse: 0.24804091453552246, function: reduce(self: Table(partition=48), func: function) -> float
[INFO] [2021-06-13 11:53:18,401] [2671:140529261025088] - secure_add_guest.py[line:117]: receive host sum from guest
[DEBUG] [2021-06-13 11:53:18,401] [2671:140529261025088] - profile.py[line:237]: [federation.get.federatedml.transfer_variable.transfer_class.secure_add_example_transfer_variable.SecureAddExampleTransferVariable.host_sum.default]guest<-[Party(role=host, party_id=10000)] start
[DEBUG] [2021-06-13 11:53:18,402] [2671:140529261025088] - _standalone.py[line:564]: [federation.standalone.get.hash.202137af1a7fdcf8862f.host_sum.default]
[DEBUG] [2021-06-13 11:53:18,807] [2671:140529261025088] - _standalone.py[line:643]: [GET] Got 202106131152285573461_secure_add_example_0_0-hash.202137af1a7fdcf8862f.host_sum-default-host-10000-guest-10000 type Object
[DEBUG] [2021-06-13 11:53:18,816] [2671:140529261025088] - _standalone.py[line:592]: [federation.standalone.get.hash.202137af1a7fdcf8862f.host_sum.default] got object with type: <class 'float'>
[DEBUG] [2021-06-13 11:53:18,822] [2671:140529261025088] - profile.py[line:216]: [federation.get.federatedml.transfer_variable.transfer_class.secure_add_example_transfer_variable.SecureAddExampleTransferVariable.host_sum.default]guest<-[Party(role=host, party_id=10000)] done
[INFO] [2021-06-13 11:53:18,823] [2671:140529261025088] - secure_add_guest.py[line:124]: success to calculate secure_sum, it is 2000.0000000000002
[INFO] [2021-06-13 11:53:19,025] [2671:140529261025088] - profile.py[line:249]: 
Computing:
+----------+---------------------------------------------+
| function |  function    n   sum(s)   mean(s)   max(s)  |
|          | ----------- --- -------- --------- -------- |
|          |  mapValues   3   13.89     4.63     8.046   |
|          |    join      1   1.364     1.364    1.364   |
|          |   reduce     1   0.248     0.248    0.248   |
+----------+---------------------------------------------+
|  total   |  n=5, sum=15.5018, mean=3.1004, max=8.0463  |
+----------+---------------------------------------------+

Federation:
+--------+-------------------------------------------------------------------------------------------------------------+
|  get   |                                    name                                    | n | sum(s) | mean(s) | max(s)  |
|        | ---------------------------------------------------------------------------+---+--------+---------+-------- |
|        |  federatedml.transfer_variable.transfer_class.secure_add_example_transfer_ | 1 | 13.606 | 13.606  | 13.606  |
|        |            variable.SecureAddExampleTransferVariable.host_share            |   |        |         |         |
|        | ---------------------------------------------------------------------------+---+--------+---------+-------- |
|        |  federatedml.transfer_variable.transfer_class.secure_add_example_transfer_ | 1 | 0.421  |  0.421  | 0.421   |
|        |             variable.SecureAddExampleTransferVariable.host_sum             |   |        |         |         |
+--------+-------------------------------------------------------------------------------------------------------------+
| remote |                                    name                                    | n | sum(s) | mean(s) | max(s)  |
|        | ---------------------------------------------------------------------------+---+--------+---------+-------- |
|        |  federatedml.transfer_variable.transfer_class.secure_add_example_transfer_ | 1 | 12.561 | 12.561  | 12.561  |
|        |            variable.SecureAddExampleTransferVariable.guest_share           |   |        |         |         |
+--------+-------------------------------------------------------------------------------------------------------------+
| total  |                                 n=3, sum=26.5883, mean=8.8628, max=13.6061                                  |
+--------+-------------------------------------------------------------------------------------------------------------+

[DEBUG] [2021-06-13 11:53:19,025] [2671:140529261025088] - profile.py[line:250]: 
Detailed Computing:
+-------+-------------------------------------------------------------------------------------------+
| stack |  function  │ n │ sum(s) │ mean(s) │ max(s) │ stack_hash │             stack               |
|       | ───────────┼───┼────────┼─────────┼────────┼────────────┼──────────────────────────────── |
|       |  mapValues │ 1 │ 8.0463 │ 8.0463  │ 8.0463 │ df4bd4f967 │ [secure_add_guest.py:67]secure  |
|       |            │   │        │         │        │            │ [secure_add_guest.py:106]run    |
|       | ───────────┼───┼────────┼─────────┼────────┼────────────┼──────────────────────────────── |
|       |  mapValues │ 1 │ 2.9218 │ 2.9218  │ 2.9218 │ 0fab14ee75 │ [secure_add_guest.py:68]secure  |
|       |            │   │        │         │        │            │ [secure_add_guest.py:106]run    |
|       | ───────────┼───┼────────┼─────────┼────────┼────────────┼──────────────────────────────── |
|       |  mapValues │ 1 │ 2.9215 │ 2.9215  │ 2.9215 │ 8a5ac98c2f │ [secure_add_guest.py:69]secure  |
|       |            │   │        │         │        │            │ [secure_add_guest.py:106]run    |
|       | ───────────┼───┼────────┼─────────┼────────┼────────────┼──────────────────────────────── |
|       |    join    │ 1 │ 1.3641 │ 1.3641  │ 1.3641 │ c7afab6c68 │ [secure_add_guest.py:72]add     |
|       |            │   │        │         │        │            │ [secure_add_guest.py:115]run    |
|       | ───────────┼───┼────────┼─────────┼────────┼────────────┼──────────────────────────────── |
|       |   reduce   │ 1 │ 0.248  │  0.248  │ 0.248  │ 21b789c4af │ [secure_add_guest.py:73]add     |
|       |            │   │        │         │        │            │ [secure_add_guest.py:115]run    |
+-------+-------------------------------------------------------------------------------------------+
| total |                         n=5, sum=15.5018, mean=3.1004, max=8.0463                         |
+-------+-------------------------------------------------------------------------------------------+

[INFO] [2021-06-13 11:53:19,026] [2671:140529261025088] - task_executor.py[line:313]: report task 202106131152285573461_secure_add_example_0 0 guest 10000 to driver
[INFO] [2021-06-13 11:53:19,026] [2671:140529261025088] - control_client.py[line:42]: request update job 202106131152285573461 task 202106131152285573461_secure_add_example_0 0 on guest 10000
[INFO] [2021-06-13 11:53:19,106] [2671:140529261025088] - task_executor.py[line:202]: task 202106131152285573461_secure_add_example_0 guest 10000 start time: 2021-06-13 11:52:32
[INFO] [2021-06-13 11:53:19,107] [2671:140529261025088] - task_executor.py[line:204]: task 202106131152285573461_secure_add_example_0 guest 10000 end time: 2021-06-13 11:53:19
[INFO] [2021-06-13 11:53:19,107] [2671:140529261025088] - task_executor.py[line:206]: task 202106131152285573461_secure_add_example_0 guest 10000 takes 46.286s
[INFO] [2021-06-13 11:53:19,107] [2671:140529261025088] - task_executor.py[line:209]: Finish 202106131152285573461 secure_add_example_0 202106131152285573461_secure_add_example_0 0 guest 10000 task success
