[INFO] [2021-06-15 21:56:38,446] [2992:140470760322880] - task_executor.py[line:313]: report task 2021061521563264143218_reader_0 0 guest 9999 to driver
[INFO] [2021-06-15 21:56:38,447] [2992:140470760322880] - control_client.py[line:42]: request update job 2021061521563264143218 task 2021061521563264143218_reader_0 0 on guest 9999
[INFO] [2021-06-15 21:56:38,941] [2992:140470760322880] - task_executor.py[line:150]: Run 2021061521563264143218 reader_0 2021061521563264143218_reader_0 guest 9999 task
[INFO] [2021-06-15 21:56:38,941] [2992:140470760322880] - task_executor.py[line:151]: Component parameters on party {'ReaderParam': {'table': {'namespace': 'experiment', 'name': 'default_credit_hetero_guest'}}, 'dsl_path': './examples/LDPDev/dsl/v2/hetero_secureboost/test_secureboost_train_dsl.json', 'initiator': {'party_id': 9999, 'role': 'guest'}, 'role': {'guest': [9999], 'host': [9998]}, 'dsl_version': 2, 'component_parameters': {'common': {'hetero_secure_boost_0': {'task_type': 'classification', 'objective_param': {'objective': 'cross_entropy'}, 'num_trees': 3, 'validation_freqs': 1, 'encrypt_param': {'method': 'iterativeAffine'}, 'tree_param': {'max_depth': 3}}, 'evaluation_0': {'eval_type': 'binary'}}, 'role': {'guest': {'0': {'reader_0': {'table': {'namespace': 'experiment', 'name': 'default_credit_hetero_guest'}}, 'dataio_0': {'with_label': True, 'output_format': 'dense'}, 'reader_1': {'table': {'name': 'breast_hetero_guest', 'namespace': 'experiment'}}, 'dataio_1': {'with_label': True, 'output_format': 'dense'}}}, 'host': {'0': {'reader_0': {'table': {'namespace': 'experiment', 'name': 'default_credit_hetero_host'}}, 'dataio_0': {'with_label': False}, 'reader_1': {'table': {'name': 'breast_hetero_host', 'namespace': 'experiment'}}, 'dataio_1': {'with_label': False}}}}}, 'job_parameters': {'job_type': 'predict', 'work_mode': 0, 'backend': 0, 'computing_engine': 'STANDALONE', 'federation_engine': 'STANDALONE', 'storage_engine': 'STANDALONE', 'engines_address': {'computing': {'nodes': 1, 'cores_per_node': 20}, 'federation': {'nodes': 1, 'cores_per_node': 20}, 'storage': {'nodes': 1, 'cores_per_node': 20}}, 'federated_mode': 'SINGLE', 'task_parallelism': 1, 'computing_partitions': 4, 'federated_status_collect_type': 'PULL', 'model_id': 'guest-9999#host-9998#model', 'model_version': '2021061521542761899517', 'eggroll_run': {'eggroll.session.processors.per.node': 4}, 'spark_run': {}, 'rabbitmq_run': {}, 'pulsar_run': {}, 'adaptation_parameters': {'task_memory_per_node': 0, 'if_initiator_baseline': False, 'task_cores_per_node': 4, 'request_task_cores': 4, 'task_nodes': 1}}, 'conf_path': './examples/LDPDev/test_predict_conf.json', 'local': {'role': 'guest', 'party_id': 9999}, 'CodePath': 'fate_flow/components/reader.py/Reader', 'module': 'Reader', 'output_data_name': ['data']}
[INFO] [2021-06-15 21:56:38,942] [2992:140470760322880] - task_executor.py[line:152]: Task input dsl {}
[INFO] [2021-06-15 21:56:39,409] [2992:140470760322880] - reader.py[line:66]: the STANDALONE input table needs to be transform format
[INFO] [2021-06-15 21:56:39,478] [2992:140470760322880] - reader.py[line:166]: start copying table
[INFO] [2021-06-15 21:56:39,479] [2992:140470760322880] - reader.py[line:168]: source table name: default_credit_hetero_guest namespace: experiment engine: STANDALONE
[INFO] [2021-06-15 21:56:39,480] [2992:140470760322880] - reader.py[line:170]: destination table name: 8fbb29ecce2411eb8df10242ac110002 namespace: output_data_2021061521563264143218_reader_0_0 engine: STANDALONE
[INFO] [2021-06-15 21:56:40,761] [2992:140470760322880] - reader.py[line:194]: copy successfully
[INFO] [2021-06-15 21:56:41,316] [2992:140470760322880] - tracker_client.py[line:127]: Request save job 2021061521563264143218 task 2021061521563264143218_reader_0 0 on guest 9999 data data info
[INFO] [2021-06-15 21:56:41,341] [2992:140470760322880] - tracker_client.py[line:103]: Request save job 2021061521563264143218 task 2021061521563264143218_reader_0 0 on guest 9999 metric reader_namespace reader_name meta
[INFO] [2021-06-15 21:56:41,388] [2992:140470760322880] - profile.py[line:249]: 
Computing:
+----------+------------------------------------------+
| function |                                          |
+----------+------------------------------------------+
|  total   | n=0, sum=0.0000, mean=0.0000, max=0.0000 |
+----------+------------------------------------------+

Federation:
+--------+------------------------------------------+
|  get   |                                          |
+--------+------------------------------------------+
| remote |                                          |
+--------+------------------------------------------+
| total  | n=0, sum=0.0000, mean=0.0000, max=0.0000 |
+--------+------------------------------------------+

[INFO] [2021-06-15 21:56:41,389] [2992:140470760322880] - task_executor.py[line:313]: report task 2021061521563264143218_reader_0 0 guest 9999 to driver
[INFO] [2021-06-15 21:56:41,389] [2992:140470760322880] - control_client.py[line:42]: request update job 2021061521563264143218 task 2021061521563264143218_reader_0 0 on guest 9999
[INFO] [2021-06-15 21:56:41,459] [2992:140470760322880] - task_executor.py[line:202]: task 2021061521563264143218_reader_0 guest 9999 start time: 2021-06-15 21:56:38
[INFO] [2021-06-15 21:56:41,460] [2992:140470760322880] - task_executor.py[line:204]: task 2021061521563264143218_reader_0 guest 9999 end time: 2021-06-15 21:56:41
[INFO] [2021-06-15 21:56:41,460] [2992:140470760322880] - task_executor.py[line:206]: task 2021061521563264143218_reader_0 guest 9999 takes 3.177s
[INFO] [2021-06-15 21:56:41,461] [2992:140470760322880] - task_executor.py[line:209]: Finish 2021061521563264143218 reader_0 2021061521563264143218_reader_0 0 guest 9999 task success
[INFO] [2021-06-15 21:56:41,461] [2992:140470760322880] - task_executor.py[line:313]: report task 2021061521563264143218_reader_0 0 guest 9999 to driver
[INFO] [2021-06-15 21:56:41,462] [2992:140470760322880] - control_client.py[line:42]: request update job 2021061521563264143218 task 2021061521563264143218_reader_0 0 on guest 9999
