[INFO] [2021-06-15 21:57:03,695] [3233:140059497649984] - task_executor.py[line:313]: report task 2021061521563264143218_dataio_1 0 host 9998 to driver
[INFO] [2021-06-15 21:57:03,696] [3233:140059497649984] - control_client.py[line:42]: request update job 2021061521563264143218 task 2021061521563264143218_dataio_1 0 on host 9998
[INFO] [2021-06-15 21:57:04,181] [3233:140059497649984] - task_executor.py[line:150]: Run 2021061521563264143218 dataio_1 2021061521563264143218_dataio_1 host 9998 task
[INFO] [2021-06-15 21:57:04,182] [3233:140059497649984] - task_executor.py[line:151]: Component parameters on party {'DataIOParam': {'input_format': 'dense', 'delimitor': ',', 'data_type': 'float64', 'exclusive_data_type': None, 'tag_with_value': False, 'tag_value_delimitor': ':', 'missing_fill': False, 'default_value': 0, 'missing_fill_method': None, 'missing_impute': None, 'outlier_replace': False, 'outlier_replace_method': None, 'outlier_impute': None, 'outlier_replace_value': 0, 'with_label': False, 'label_name': 'y', 'label_type': 'int', 'output_format': 'dense', 'need_run': True}, 'dsl_path': './examples/LDPDev/dsl/v2/hetero_secureboost/test_secureboost_train_dsl.json', 'dsl_version': 2, 'conf_path': './examples/LDPDev/test_predict_conf.json', 'role': {'host': [9998], 'guest': [9999]}, 'initiator': {'party_id': 9999, 'role': 'guest'}, 'component_parameters': {'common': {'hetero_secure_boost_0': {'task_type': 'classification', 'objective_param': {'objective': 'cross_entropy'}, 'num_trees': 3, 'validation_freqs': 1, 'encrypt_param': {'method': 'iterativeAffine'}, 'tree_param': {'max_depth': 3}}, 'evaluation_0': {'eval_type': 'binary'}}, 'role': {'host': {'0': {'dataio_1': {'with_label': False}, 'reader_1': {'table': {'name': 'breast_hetero_host', 'namespace': 'experiment'}}, 'dataio_0': {'with_label': False}, 'reader_0': {'table': {'name': 'default_credit_hetero_host', 'namespace': 'experiment'}}}}, 'guest': {'0': {'dataio_1': {'with_label': True, 'output_format': 'dense'}, 'reader_1': {'table': {'name': 'breast_hetero_guest', 'namespace': 'experiment'}}, 'dataio_0': {'with_label': True, 'output_format': 'dense'}, 'reader_0': {'table': {'name': 'default_credit_hetero_guest', 'namespace': 'experiment'}}}}}}, 'job_parameters': {'job_type': 'predict', 'work_mode': 0, 'backend': 0, 'computing_engine': 'STANDALONE', 'federation_engine': 'STANDALONE', 'storage_engine': 'STANDALONE', 'engines_address': {'computing': {'nodes': 1, 'cores_per_node': 20}, 'federation': {'nodes': 1, 'cores_per_node': 20}, 'storage': {'nodes': 1, 'cores_per_node': 20}}, 'federated_mode': 'SINGLE', 'task_parallelism': 1, 'computing_partitions': 4, 'federated_status_collect_type': 'PULL', 'model_id': 'guest-9999#host-9998#model', 'model_version': '2021061521542761899517', 'eggroll_run': {'eggroll.session.processors.per.node': 4}, 'spark_run': {}, 'rabbitmq_run': {}, 'pulsar_run': {}, 'adaptation_parameters': {'task_memory_per_node': 0, 'if_initiator_baseline': False, 'task_cores_per_node': 4, 'request_task_cores': 4, 'task_nodes': 1}}, 'local': {'role': 'host', 'party_id': 9998}, 'CodePath': 'federatedml/util/data_io.py/DataIO', 'module': 'DataIO', 'output_data_name': ['data']}
[INFO] [2021-06-15 21:57:04,182] [3233:140059497649984] - task_executor.py[line:152]: Task input dsl {'model': ['pipeline.dataio_1.model'], 'data': {'data': ['reader_1.data']}}
[INFO] [2021-06-15 21:57:04,200] [3233:140059497649984] - pipelined_model.py[line:185]: parse DataIOMeta proto object normal
[INFO] [2021-06-15 21:57:04,211] [3233:140059497649984] - pipelined_model.py[line:185]: parse DataIOParam proto object normal
[INFO] [2021-06-15 21:57:04,212] [3233:140059497649984] - tracker_client.py[line:150]: Request read job 2021061521563264143218 task None None on host 9998 data data info
[INFO] [2021-06-15 21:57:04,242] [3233:140059497649984] - task_executor.py[line:269]: load computing table use 4
[WARNING] [2021-06-15 21:57:04,281] [3233:140059497649984] - data_io.py[line:855]: DataIO is deprecated, and will be removed in 1.7, use DataTransform module instead
[INFO] [2021-06-15 21:57:04,294] [3233:140059497649984] - data_io.py[line:118]: start to read dense data and change data to instance
[INFO] [2021-06-15 21:57:04,455] [3233:140059497649984] - tracker_client.py[line:173]: Request save job 2021061521563264143218 task 2021061521563264143218_dataio_1 0 on host 9998 component summary
[INFO] [2021-06-15 21:57:04,617] [3233:140059497649984] - profile.py[line:249]: 
Computing:
+----------+---------------------------------------------+
| function |  function    n   sum(s)   mean(s)   max(s)  |
|          | ----------- --- -------- --------- -------- |
|          |  mapValues   2   0.117     0.059    0.065   |
|          |    count     4   0.019     0.005    0.005   |
+----------+---------------------------------------------+
|  total   |  n=6, sum=0.1366, mean=0.0228, max=0.0648   |
+----------+---------------------------------------------+

Federation:
+--------+------------------------------------------+
|  get   |                                          |
+--------+------------------------------------------+
| remote |                                          |
+--------+------------------------------------------+
| total  | n=0, sum=0.0000, mean=0.0000, max=0.0000 |
+--------+------------------------------------------+

[INFO] [2021-06-15 21:57:04,747] [3233:140059497649984] - pipelined_model.py[line:73]: Save dataio_1 default DataIOMeta buffer
[INFO] [2021-06-15 21:57:04,748] [3233:140059497649984] - pipelined_model.py[line:73]: Save dataio_1 default DataIOParam buffer
[INFO] [2021-06-15 21:57:04,768] [3233:140059497649984] - pipelined_model.py[line:78]: Save dataio_1 default successfully
[INFO] [2021-06-15 21:57:04,769] [3233:140059497649984] - task_executor.py[line:313]: report task 2021061521563264143218_dataio_1 0 host 9998 to driver
[INFO] [2021-06-15 21:57:04,769] [3233:140059497649984] - control_client.py[line:42]: request update job 2021061521563264143218 task 2021061521563264143218_dataio_1 0 on host 9998
[INFO] [2021-06-15 21:57:04,863] [3233:140059497649984] - task_executor.py[line:202]: task 2021061521563264143218_dataio_1 host 9998 start time: 2021-06-15 21:57:03
[INFO] [2021-06-15 21:57:04,864] [3233:140059497649984] - task_executor.py[line:204]: task 2021061521563264143218_dataio_1 host 9998 end time: 2021-06-15 21:57:04
[INFO] [2021-06-15 21:57:04,864] [3233:140059497649984] - task_executor.py[line:206]: task 2021061521563264143218_dataio_1 host 9998 takes 1.3s
[INFO] [2021-06-15 21:57:04,865] [3233:140059497649984] - task_executor.py[line:209]: Finish 2021061521563264143218 dataio_1 2021061521563264143218_dataio_1 0 host 9998 task success
[INFO] [2021-06-15 21:57:04,918] [3233:140059497649984] - task_executor.py[line:313]: report task 2021061521563264143218_dataio_1 0 host 9998 to driver
[INFO] [2021-06-15 21:57:04,919] [3233:140059497649984] - control_client.py[line:42]: request update job 2021061521563264143218 task 2021061521563264143218_dataio_1 0 on host 9998
