[DEBUG] [2021-06-15 21:57:04,288] [3233:140059497649984] - profile.py[line:84]: [computing#41d092c3c4]function_stack: [component_properties.py:225]extract_input_data <-[component_properties.py:238]extract_running_rules <-[model_base.py:87]run
[DEBUG] [2021-06-15 21:57:04,289] [3233:140059497649984] - profile.py[line:87]: [computing#41d092c3c4]start
[DEBUG] [2021-06-15 21:57:04,293] [3233:140059497649984] - profile.py[line:93]: [computing#41d092c3c4]done, elapse: 0.00500035285949707, function: count(self: Table(partition=4)) -> int
[DEBUG] [2021-06-15 21:57:04,295] [3233:140059497649984] - profile.py[line:84]: [computing#7a5e4c5159]function_stack: [abnormal_detection.py:27]empty_table_detection <-[data_io.py:120]read_data <-[data_io.py:895]transform <-[model_base.py:98]run
[DEBUG] [2021-06-15 21:57:04,295] [3233:140059497649984] - profile.py[line:87]: [computing#7a5e4c5159]start
[DEBUG] [2021-06-15 21:57:04,300] [3233:140059497649984] - profile.py[line:93]: [computing#7a5e4c5159]done, elapse: 0.005309104919433594, function: count(self: Table(partition=4)) -> int
[DEBUG] [2021-06-15 21:57:04,303] [3233:140059497649984] - profile.py[line:84]: [computing#5d186c544e]function_stack: [data_io.py:143]read_data <-[data_io.py:895]transform <-[model_base.py:98]run
[DEBUG] [2021-06-15 21:57:04,303] [3233:140059497649984] - profile.py[line:87]: [computing#5d186c544e]start
[DEBUG] [2021-06-15 21:57:04,367] [3233:140059497649984] - profile.py[line:93]: [computing#5d186c544e]done, elapse: 0.06483125686645508, function: mapValues(self: Table(partition=4), func: function) -> Table(partition=4)
[DEBUG] [2021-06-15 21:57:04,370] [3233:140059497649984] - profile.py[line:84]: [computing#0aeead51ce]function_stack: [io_check.py:28]_func <-[data_io.py:148]read_data <-[data_io.py:895]transform <-[model_base.py:98]run
[DEBUG] [2021-06-15 21:57:04,370] [3233:140059497649984] - profile.py[line:87]: [computing#0aeead51ce]start
[DEBUG] [2021-06-15 21:57:04,375] [3233:140059497649984] - profile.py[line:93]: [computing#0aeead51ce]done, elapse: 0.005251407623291016, function: count(self: Table(partition=4)) -> int
[DEBUG] [2021-06-15 21:57:04,377] [3233:140059497649984] - profile.py[line:84]: [computing#f5cbdb5719]function_stack: [data_io.py:227]gen_data_instance <-[data_io.py:175]transform <-[io_check.py:31]_func <-[data_io.py:148]read_data <-[data_io.py:895]transform <-[model_base.py:98]run
[DEBUG] [2021-06-15 21:57:04,377] [3233:140059497649984] - profile.py[line:87]: [computing#f5cbdb5719]start
[DEBUG] [2021-06-15 21:57:04,429] [3233:140059497649984] - profile.py[line:93]: [computing#f5cbdb5719]done, elapse: 0.05249524116516113, function: mapValues(self: Table(partition=4), func: function) -> Table(partition=4)
[DEBUG] [2021-06-15 21:57:04,430] [3233:140059497649984] - profile.py[line:84]: [computing#fba26d134a]function_stack: [io_check.py:34]_func <-[data_io.py:148]read_data <-[data_io.py:895]transform <-[model_base.py:98]run
[DEBUG] [2021-06-15 21:57:04,430] [3233:140059497649984] - profile.py[line:87]: [computing#fba26d134a]start
[DEBUG] [2021-06-15 21:57:04,434] [3233:140059497649984] - profile.py[line:93]: [computing#fba26d134a]done, elapse: 0.0036716461181640625, function: count(self: Table(partition=4)) -> int
[INFO] [2021-06-15 21:57:04,617] [3233:140059497649984] - profile.py[line:249]: 
Computing:
+----------+---------------------------------------------+
| function |  function    n   sum(s)   mean(s)   max(s)  |
|          | ----------- --- -------- --------- -------- |
|          |  mapValues   2   0.117     0.059    0.065   |
|          |    count     4   0.019     0.005    0.005   |
+----------+---------------------------------------------+
|  total   |  n=6, sum=0.1366, mean=0.0228, max=0.0648   |
+----------+---------------------------------------------+

Federation:
+--------+------------------------------------------+
|  get   |                                          |
+--------+------------------------------------------+
| remote |                                          |
+--------+------------------------------------------+
| total  | n=0, sum=0.0000, mean=0.0000, max=0.0000 |
+--------+------------------------------------------+

[DEBUG] [2021-06-15 21:57:04,618] [3233:140059497649984] - profile.py[line:250]: 
Detailed Computing:
+-------+--------------------------------------------------------------------------------------------------------------+
| stack |  function  │ n │ sum(s) │ mean(s) │ max(s) │ stack_hash │                       stack                        |
|       | ───────────┼───┼────────┼─────────┼────────┼────────────┼─────────────────────────────────────────────────── |
|       |  mapValues │ 1 │ 0.0648 │ 0.0648  │ 0.0648 │ 5d186c544e │ [data_io.py:143]read_data                          |
|       |            │   │        │         │        │            │ [data_io.py:895]transform                          |
|       |            │   │        │         │        │            │ [model_base.py:98]run                              |
|       | ───────────┼───┼────────┼─────────┼────────┼────────────┼─────────────────────────────────────────────────── |
|       |  mapValues │ 1 │ 0.0525 │ 0.0525  │ 0.0525 │ f5cbdb5719 │ [data_io.py:227]gen_data_instance                  |
|       |            │   │        │         │        │            │ [data_io.py:175]transform                          |
|       |            │   │        │         │        │            │ [io_check.py:31]_func                              |
|       |            │   │        │         │        │            │ [data_io.py:148]read_data                          |
|       |            │   │        │         │        │            │ [data_io.py:895]transform                          |
|       |            │   │        │         │        │            │ [model_base.py:98]run                              |
|       | ───────────┼───┼────────┼─────────┼────────┼────────────┼─────────────────────────────────────────────────── |
|       |    count   │ 1 │ 0.0053 │ 0.0053  │ 0.0053 │ 7a5e4c5159 │ [abnormal_detection.py:27]empty_table_detection    |
|       |            │   │        │         │        │            │ [data_io.py:120]read_data                          |
|       |            │   │        │         │        │            │ [data_io.py:895]transform                          |
|       |            │   │        │         │        │            │ [model_base.py:98]run                              |
|       | ───────────┼───┼────────┼─────────┼────────┼────────────┼─────────────────────────────────────────────────── |
|       |    count   │ 1 │ 0.0053 │ 0.0053  │ 0.0053 │ 0aeead51ce │ [io_check.py:28]_func                              |
|       |            │   │        │         │        │            │ [data_io.py:148]read_data                          |
|       |            │   │        │         │        │            │ [data_io.py:895]transform                          |
|       |            │   │        │         │        │            │ [model_base.py:98]run                              |
|       | ───────────┼───┼────────┼─────────┼────────┼────────────┼─────────────────────────────────────────────────── |
|       |    count   │ 1 │ 0.005  │  0.005  │ 0.005  │ 41d092c3c4 │ [component_properties.py:225]extract_input_data    |
|       |            │   │        │         │        │            │ [component_properties.py:238]extract_running_rule  |
|       |            │   │        │         │        │            │ s                                                  |
|       |            │   │        │         │        │            │ [model_base.py:87]run                              |
|       | ───────────┼───┼────────┼─────────┼────────┼────────────┼─────────────────────────────────────────────────── |
|       |    count   │ 1 │ 0.0037 │ 0.0037  │ 0.0037 │ fba26d134a │ [io_check.py:34]_func                              |
|       |            │   │        │         │        │            │ [data_io.py:148]read_data                          |
|       |            │   │        │         │        │            │ [data_io.py:895]transform                          |
|       |            │   │        │         │        │            │ [model_base.py:98]run                              |
+-------+--------------------------------------------------------------------------------------------------------------+
| total |                                   n=6, sum=0.1366, mean=0.0228, max=0.0648                                   |
+-------+--------------------------------------------------------------------------------------------------------------+

