[INFO] [2021-06-15 21:41:13,383] [2864:140640813619008] - task_executor.py[line:313]: report task 2021061521410943464816_upload_0 0 local 0 to driver
[INFO] [2021-06-15 21:41:13,383] [2864:140640813619008] - control_client.py[line:42]: request update job 2021061521410943464816 task 2021061521410943464816_upload_0 0 on local 0
[INFO] [2021-06-15 21:41:13,786] [2864:140640813619008] - task_executor.py[line:150]: Run 2021061521410943464816 upload_0 2021061521410943464816_upload_0 local 0 task
[INFO] [2021-06-15 21:41:13,786] [2864:140640813619008] - task_executor.py[line:151]: Component parameters on party {'UploadParam': {'file': '/fate/jobs/2021061521410943464816/fate_upload_tmp/default_credit_hetero_guest.csv', 'head': 1, 'id_delimiter': ',', 'partition': 16, 'namespace': 'experiment', 'name': 'default_credit_hetero_guest', 'storage_engine': '', 'storage_address': None, 'destroy': True}, 'initiator': {'role': 'local', 'party_id': 0}, 'job_parameters': {'job_type': 'train', 'work_mode': 0, 'backend': 0, 'computing_engine': 'STANDALONE', 'federation_engine': 'STANDALONE', 'storage_engine': 'STANDALONE', 'engines_address': {'computing': {'nodes': 1, 'cores_per_node': 20}, 'federation': {'nodes': 1, 'cores_per_node': 20}, 'storage': {'nodes': 1, 'cores_per_node': 20}}, 'federated_mode': 'SINGLE', 'task_parallelism': 1, 'computing_partitions': 4, 'federated_status_collect_type': 'PULL', 'model_id': 'local-0#model', 'model_version': '2021061521410943464816', 'eggroll_run': {'eggroll.session.processors.per.node': 4}, 'spark_run': {}, 'rabbitmq_run': {}, 'pulsar_run': {}, 'adaptation_parameters': {'task_nodes': 1, 'task_cores_per_node': 4, 'task_memory_per_node': 0, 'request_task_cores': 4, 'if_initiator_baseline': False}}, 'role': {'local': [0]}, 'component_parameters': {'role': {'local': {'0': {'upload_0': {'partition': 16, 'file': '/fate/jobs/2021061521410943464816/fate_upload_tmp/default_credit_hetero_guest.csv', 'namespace': 'experiment', 'head': 1, 'name': 'default_credit_hetero_guest', 'destroy': True}}}}}, 'dsl_version': 2, 'local': {'role': 'local', 'party_id': 0}, 'CodePath': 'fate_flow/components/upload.py/Upload', 'module': 'Upload', 'output_data_name': None}
[INFO] [2021-06-15 21:41:13,786] [2864:140640813619008] - task_executor.py[line:152]: Task input dsl {}
[INFO] [2021-06-15 21:41:13,884] [2864:140640813619008] - upload.py[line:41]: {'file': '/fate/jobs/2021061521410943464816/fate_upload_tmp/default_credit_hetero_guest.csv', 'head': 1, 'id_delimiter': ',', 'partition': 16, 'namespace': 'experiment', 'name': 'default_credit_hetero_guest', 'storage_engine': '', 'storage_address': None, 'destroy': True}
[INFO] [2021-06-15 21:41:13,885] [2864:140640813619008] - upload.py[line:42]: {'job_parameters': <fate_flow.entity.types.RunParameters object at 0x7fe93931cb00>}
[INFO] [2021-06-15 21:41:13,917] [2864:140640813619008] - upload.py[line:79]: destroy table name: default_credit_hetero_guest namespace: experiment engine: STANDALONE
[INFO] [2021-06-15 21:41:14,032] [2864:140640813619008] - upload.py[line:97]: upload to STANDALONE storage, address: {'nodes': 1, 'cores_per_node': 20, 'name': 'default_credit_hetero_guest', 'namespace': 'experiment', 'storage_type': 'LMDB'}
[INFO] [2021-06-15 21:41:14,291] [2864:140640813619008] - control_client.py[line:26]: request update job 2021061521410943464816 on local 0
[INFO] [2021-06-15 21:41:14,999] [2864:140640813619008] - tracker_client.py[line:127]: Request save job 2021061521410943464816 task 2021061521410943464816_upload_0 0 on local 0 data upload info
[INFO] [2021-06-15 21:41:15,028] [2864:140640813619008] - tracker_client.py[line:70]: Request save job 2021061521410943464816 task 2021061521410943464816_upload_0 0 on local 0 metric upload data_access data
[INFO] [2021-06-15 21:41:15,056] [2864:140640813619008] - tracker_client.py[line:103]: Request save job 2021061521410943464816 task 2021061521410943464816_upload_0 0 on local 0 metric upload data_access meta
[INFO] [2021-06-15 21:41:15,101] [2864:140640813619008] - upload.py[line:108]: ------------load data finish!-----------------
[INFO] [2021-06-15 21:41:15,102] [2864:140640813619008] - upload.py[line:112]: remove tmp upload file
[INFO] [2021-06-15 21:41:15,102] [2864:140640813619008] - upload.py[line:113]: /fate/jobs/2021061521410943464816/fate_upload_tmp
[INFO] [2021-06-15 21:41:15,103] [2864:140640813619008] - upload.py[line:117]: file: /fate/jobs/2021061521410943464816/fate_upload_tmp/default_credit_hetero_guest.csv
[INFO] [2021-06-15 21:41:15,103] [2864:140640813619008] - upload.py[line:118]: total data_count: 30000
[INFO] [2021-06-15 21:41:15,104] [2864:140640813619008] - upload.py[line:119]: table name: default_credit_hetero_guest, table namespace: experiment
[INFO] [2021-06-15 21:41:15,116] [2864:140640813619008] - profile.py[line:249]: 
Computing:
+----------+------------------------------------------+
| function |                                          |
+----------+------------------------------------------+
|  total   | n=0, sum=0.0000, mean=0.0000, max=0.0000 |
+----------+------------------------------------------+

Federation:
+--------+------------------------------------------+
|  get   |                                          |
+--------+------------------------------------------+
| remote |                                          |
+--------+------------------------------------------+
| total  | n=0, sum=0.0000, mean=0.0000, max=0.0000 |
+--------+------------------------------------------+

[INFO] [2021-06-15 21:41:15,117] [2864:140640813619008] - task_executor.py[line:313]: report task 2021061521410943464816_upload_0 0 local 0 to driver
[INFO] [2021-06-15 21:41:15,117] [2864:140640813619008] - control_client.py[line:42]: request update job 2021061521410943464816 task 2021061521410943464816_upload_0 0 on local 0
[INFO] [2021-06-15 21:41:15,170] [2864:140640813619008] - task_executor.py[line:202]: task 2021061521410943464816_upload_0 local 0 start time: 2021-06-15 21:41:13
[INFO] [2021-06-15 21:41:15,170] [2864:140640813619008] - task_executor.py[line:204]: task 2021061521410943464816_upload_0 local 0 end time: 2021-06-15 21:41:15
[INFO] [2021-06-15 21:41:15,171] [2864:140640813619008] - task_executor.py[line:206]: task 2021061521410943464816_upload_0 local 0 takes 1.739s
[INFO] [2021-06-15 21:41:15,171] [2864:140640813619008] - task_executor.py[line:209]: Finish 2021061521410943464816 upload_0 2021061521410943464816_upload_0 0 local 0 task success
[INFO] [2021-06-15 21:41:15,171] [2864:140640813619008] - task_executor.py[line:313]: report task 2021061521410943464816_upload_0 0 local 0 to driver
[INFO] [2021-06-15 21:41:15,172] [2864:140640813619008] - control_client.py[line:42]: request update job 2021061521410943464816 task 2021061521410943464816_upload_0 0 on local 0
