[INFO] [2021-06-13 21:03:41,600] [553:140004712982336] - task_executor.py[line:313]: report task 202106132103219414043_dataio_1 0 host 9998 to driver
[INFO] [2021-06-13 21:03:41,601] [553:140004712982336] - control_client.py[line:42]: request update job 202106132103219414043 task 202106132103219414043_dataio_1 0 on host 9998
[INFO] [2021-06-13 21:03:42,047] [553:140004712982336] - task_executor.py[line:150]: Run 202106132103219414043 dataio_1 202106132103219414043_dataio_1 host 9998 task
[INFO] [2021-06-13 21:03:42,048] [553:140004712982336] - task_executor.py[line:151]: Component parameters on party {'DataIOParam': {'input_format': 'dense', 'delimitor': ',', 'data_type': 'float64', 'exclusive_data_type': None, 'tag_with_value': False, 'tag_value_delimitor': ':', 'missing_fill': False, 'default_value': 0, 'missing_fill_method': None, 'missing_impute': None, 'outlier_replace': False, 'outlier_replace_method': None, 'outlier_impute': None, 'outlier_replace_value': 0, 'with_label': False, 'label_name': 'y', 'label_type': 'int', 'output_format': 'dense', 'need_run': True}, 'dsl_version': 2, 'initiator': {'role': 'guest', 'party_id': 9999}, 'role': {'host': [9998], 'guest': [9999]}, 'job_parameters': {'job_type': 'train', 'work_mode': 0, 'backend': 0, 'computing_engine': 'STANDALONE', 'federation_engine': 'STANDALONE', 'storage_engine': 'STANDALONE', 'engines_address': {'computing': {'nodes': 1, 'cores_per_node': 20}, 'federation': {'nodes': 1, 'cores_per_node': 20}, 'storage': {'nodes': 1, 'cores_per_node': 20}}, 'federated_mode': 'SINGLE', 'task_parallelism': 1, 'computing_partitions': 4, 'federated_status_collect_type': 'PULL', 'model_id': 'guest-9999#host-9998#model', 'model_version': '202106132103219414043', 'eggroll_run': {'eggroll.session.processors.per.node': 4}, 'spark_run': {}, 'rabbitmq_run': {}, 'pulsar_run': {}, 'adaptation_parameters': {'task_nodes': 1, 'task_cores_per_node': 4, 'task_memory_per_node': 0, 'request_task_cores': 4, 'if_initiator_baseline': False}}, 'component_parameters': {'common': {'hetero_secure_boost_0': {'task_type': 'classification', 'objective_param': {'objective': 'cross_entropy'}, 'num_trees': 3, 'validation_freqs': 1, 'encrypt_param': {'method': 'iterativeAffine'}, 'tree_param': {'max_depth': 3}}, 'evaluation_0': {'eval_type': 'binary'}}, 'role': {'guest': {'0': {'reader_1': {'table': {'name': 'breast_hetero_guest', 'namespace': 'experiment'}}, 'reader_0': {'table': {'name': 'breast_hetero_guest', 'namespace': 'experiment'}}, 'dataio_0': {'with_label': True, 'output_format': 'dense'}, 'dataio_1': {'with_label': True, 'output_format': 'dense'}}}, 'host': {'0': {'reader_1': {'table': {'name': 'breast_hetero_host', 'namespace': 'experiment'}}, 'reader_0': {'table': {'name': 'breast_hetero_host', 'namespace': 'experiment'}}, 'dataio_0': {'with_label': False}, 'dataio_1': {'with_label': False}}}}}, 'conf_path': './examples/LDPDev/dsl/v2/hetero_secureboost/test_secureboost_train_binary_conf.json', 'dsl_path': './examples/LDPDev/dsl/v2/hetero_secureboost/test_secureboost_train_dsl.json', 'local': {'role': 'host', 'party_id': 9998}, 'CodePath': 'federatedml/util/data_io.py/DataIO', 'module': 'DataIO', 'output_data_name': ['data']}
[INFO] [2021-06-13 21:03:42,048] [553:140004712982336] - task_executor.py[line:152]: Task input dsl {'data': {'data': ['reader_1.data']}, 'model': ['dataio_0.model']}
[INFO] [2021-06-13 21:03:42,049] [553:140004712982336] - tracker_client.py[line:150]: Request read job 202106132103219414043 task None None on host 9998 data data info
[INFO] [2021-06-13 21:03:42,086] [553:140004712982336] - task_executor.py[line:269]: load computing table use 4
[INFO] [2021-06-13 21:03:42,134] [553:140004712982336] - pipelined_model.py[line:185]: parse DataIOMeta proto object normal
[INFO] [2021-06-13 21:03:42,153] [553:140004712982336] - pipelined_model.py[line:185]: parse DataIOParam proto object normal
[WARNING] [2021-06-13 21:03:42,157] [553:140004712982336] - data_io.py[line:855]: DataIO is deprecated, and will be removed in 1.7, use DataTransform module instead
[INFO] [2021-06-13 21:03:42,170] [553:140004712982336] - data_io.py[line:118]: start to read dense data and change data to instance
[INFO] [2021-06-13 21:03:42,340] [553:140004712982336] - tracker_client.py[line:173]: Request save job 202106132103219414043 task 202106132103219414043_dataio_1 0 on host 9998 component summary
[INFO] [2021-06-13 21:03:42,632] [553:140004712982336] - profile.py[line:249]: 
Computing:
+----------+---------------------------------------------+
| function |  function    n   sum(s)   mean(s)   max(s)  |
|          | ----------- --- -------- --------- -------- |
|          |  mapValues   2   0.131     0.065    0.072   |
|          |    count     4   0.012     0.003    0.003   |
+----------+---------------------------------------------+
|  total   |  n=6, sum=0.1427, mean=0.0238, max=0.0721   |
+----------+---------------------------------------------+

Federation:
+--------+------------------------------------------+
|  get   |                                          |
+--------+------------------------------------------+
| remote |                                          |
+--------+------------------------------------------+
| total  | n=0, sum=0.0000, mean=0.0000, max=0.0000 |
+--------+------------------------------------------+

[INFO] [2021-06-13 21:03:42,754] [553:140004712982336] - pipelined_model.py[line:73]: Save dataio_1 model DataIOMeta buffer
[INFO] [2021-06-13 21:03:42,754] [553:140004712982336] - pipelined_model.py[line:73]: Save dataio_1 model DataIOParam buffer
[INFO] [2021-06-13 21:03:42,766] [553:140004712982336] - pipelined_model.py[line:78]: Save dataio_1 model successfully
[INFO] [2021-06-13 21:03:42,766] [553:140004712982336] - task_executor.py[line:313]: report task 202106132103219414043_dataio_1 0 host 9998 to driver
[INFO] [2021-06-13 21:03:42,767] [553:140004712982336] - control_client.py[line:42]: request update job 202106132103219414043 task 202106132103219414043_dataio_1 0 on host 9998
[INFO] [2021-06-13 21:03:42,815] [553:140004712982336] - task_executor.py[line:202]: task 202106132103219414043_dataio_1 host 9998 start time: 2021-06-13 21:03:41
[INFO] [2021-06-13 21:03:42,815] [553:140004712982336] - task_executor.py[line:204]: task 202106132103219414043_dataio_1 host 9998 end time: 2021-06-13 21:03:42
[INFO] [2021-06-13 21:03:42,815] [553:140004712982336] - task_executor.py[line:206]: task 202106132103219414043_dataio_1 host 9998 takes 1.372s
[INFO] [2021-06-13 21:03:42,816] [553:140004712982336] - task_executor.py[line:209]: Finish 202106132103219414043 dataio_1 202106132103219414043_dataio_1 0 host 9998 task success
[INFO] [2021-06-13 21:03:42,863] [553:140004712982336] - task_executor.py[line:313]: report task 202106132103219414043_dataio_1 0 host 9998 to driver
[INFO] [2021-06-13 21:03:42,864] [553:140004712982336] - control_client.py[line:42]: request update job 202106132103219414043 task 202106132103219414043_dataio_1 0 on host 9998
