[DEBUG] [2021-06-13 21:03:42,165] [553:140004712982336] - profile.py[line:84]: [computing#41d092c3c4]function_stack: [component_properties.py:225]extract_input_data <-[component_properties.py:238]extract_running_rules <-[model_base.py:87]run
[DEBUG] [2021-06-13 21:03:42,166] [553:140004712982336] - profile.py[line:87]: [computing#41d092c3c4]start
[DEBUG] [2021-06-13 21:03:42,169] [553:140004712982336] - profile.py[line:93]: [computing#41d092c3c4]done, elapse: 0.00333404541015625, function: count(self: Table(partition=4)) -> int
[DEBUG] [2021-06-13 21:03:42,172] [553:140004712982336] - profile.py[line:84]: [computing#7a5e4c5159]function_stack: [abnormal_detection.py:27]empty_table_detection <-[data_io.py:120]read_data <-[data_io.py:895]transform <-[model_base.py:98]run
[DEBUG] [2021-06-13 21:03:42,172] [553:140004712982336] - profile.py[line:87]: [computing#7a5e4c5159]start
[DEBUG] [2021-06-13 21:03:42,174] [553:140004712982336] - profile.py[line:93]: [computing#7a5e4c5159]done, elapse: 0.0023937225341796875, function: count(self: Table(partition=4)) -> int
[DEBUG] [2021-06-13 21:03:42,175] [553:140004712982336] - profile.py[line:84]: [computing#5d186c544e]function_stack: [data_io.py:143]read_data <-[data_io.py:895]transform <-[model_base.py:98]run
[DEBUG] [2021-06-13 21:03:42,176] [553:140004712982336] - profile.py[line:87]: [computing#5d186c544e]start
[DEBUG] [2021-06-13 21:03:42,248] [553:140004712982336] - profile.py[line:93]: [computing#5d186c544e]done, elapse: 0.0720529556274414, function: mapValues(self: Table(partition=4), func: function) -> Table(partition=4)
[DEBUG] [2021-06-13 21:03:42,250] [553:140004712982336] - profile.py[line:84]: [computing#0aeead51ce]function_stack: [io_check.py:28]_func <-[data_io.py:148]read_data <-[data_io.py:895]transform <-[model_base.py:98]run
[DEBUG] [2021-06-13 21:03:42,251] [553:140004712982336] - profile.py[line:87]: [computing#0aeead51ce]start
[DEBUG] [2021-06-13 21:03:42,254] [553:140004712982336] - profile.py[line:93]: [computing#0aeead51ce]done, elapse: 0.0031876564025878906, function: count(self: Table(partition=4)) -> int
[DEBUG] [2021-06-13 21:03:42,255] [553:140004712982336] - profile.py[line:84]: [computing#f5cbdb5719]function_stack: [data_io.py:227]gen_data_instance <-[data_io.py:175]transform <-[io_check.py:31]_func <-[data_io.py:148]read_data <-[data_io.py:895]transform <-[model_base.py:98]run
[DEBUG] [2021-06-13 21:03:42,255] [553:140004712982336] - profile.py[line:87]: [computing#f5cbdb5719]start
[DEBUG] [2021-06-13 21:03:42,314] [553:140004712982336] - profile.py[line:93]: [computing#f5cbdb5719]done, elapse: 0.05894041061401367, function: mapValues(self: Table(partition=4), func: function) -> Table(partition=4)
[DEBUG] [2021-06-13 21:03:42,316] [553:140004712982336] - profile.py[line:84]: [computing#fba26d134a]function_stack: [io_check.py:34]_func <-[data_io.py:148]read_data <-[data_io.py:895]transform <-[model_base.py:98]run
[DEBUG] [2021-06-13 21:03:42,316] [553:140004712982336] - profile.py[line:87]: [computing#fba26d134a]start
[DEBUG] [2021-06-13 21:03:42,318] [553:140004712982336] - profile.py[line:93]: [computing#fba26d134a]done, elapse: 0.002758502960205078, function: count(self: Table(partition=4)) -> int
[INFO] [2021-06-13 21:03:42,632] [553:140004712982336] - profile.py[line:249]: 
Computing:
+----------+---------------------------------------------+
| function |  function    n   sum(s)   mean(s)   max(s)  |
|          | ----------- --- -------- --------- -------- |
|          |  mapValues   2   0.131     0.065    0.072   |
|          |    count     4   0.012     0.003    0.003   |
+----------+---------------------------------------------+
|  total   |  n=6, sum=0.1427, mean=0.0238, max=0.0721   |
+----------+---------------------------------------------+

Federation:
+--------+------------------------------------------+
|  get   |                                          |
+--------+------------------------------------------+
| remote |                                          |
+--------+------------------------------------------+
| total  | n=0, sum=0.0000, mean=0.0000, max=0.0000 |
+--------+------------------------------------------+

[DEBUG] [2021-06-13 21:03:42,632] [553:140004712982336] - profile.py[line:250]: 
Detailed Computing:
+-------+--------------------------------------------------------------------------------------------------------------+
| stack |  function  │ n │ sum(s) │ mean(s) │ max(s) │ stack_hash │                       stack                        |
|       | ───────────┼───┼────────┼─────────┼────────┼────────────┼─────────────────────────────────────────────────── |
|       |  mapValues │ 1 │ 0.0721 │ 0.0721  │ 0.0721 │ 5d186c544e │ [data_io.py:143]read_data                          |
|       |            │   │        │         │        │            │ [data_io.py:895]transform                          |
|       |            │   │        │         │        │            │ [model_base.py:98]run                              |
|       | ───────────┼───┼────────┼─────────┼────────┼────────────┼─────────────────────────────────────────────────── |
|       |  mapValues │ 1 │ 0.0589 │ 0.0589  │ 0.0589 │ f5cbdb5719 │ [data_io.py:227]gen_data_instance                  |
|       |            │   │        │         │        │            │ [data_io.py:175]transform                          |
|       |            │   │        │         │        │            │ [io_check.py:31]_func                              |
|       |            │   │        │         │        │            │ [data_io.py:148]read_data                          |
|       |            │   │        │         │        │            │ [data_io.py:895]transform                          |
|       |            │   │        │         │        │            │ [model_base.py:98]run                              |
|       | ───────────┼───┼────────┼─────────┼────────┼────────────┼─────────────────────────────────────────────────── |
|       |    count   │ 1 │ 0.0033 │ 0.0033  │ 0.0033 │ 41d092c3c4 │ [component_properties.py:225]extract_input_data    |
|       |            │   │        │         │        │            │ [component_properties.py:238]extract_running_rule  |
|       |            │   │        │         │        │            │ s                                                  |
|       |            │   │        │         │        │            │ [model_base.py:87]run                              |
|       | ───────────┼───┼────────┼─────────┼────────┼────────────┼─────────────────────────────────────────────────── |
|       |    count   │ 1 │ 0.0032 │ 0.0032  │ 0.0032 │ 0aeead51ce │ [io_check.py:28]_func                              |
|       |            │   │        │         │        │            │ [data_io.py:148]read_data                          |
|       |            │   │        │         │        │            │ [data_io.py:895]transform                          |
|       |            │   │        │         │        │            │ [model_base.py:98]run                              |
|       | ───────────┼───┼────────┼─────────┼────────┼────────────┼─────────────────────────────────────────────────── |
|       |    count   │ 1 │ 0.0028 │ 0.0028  │ 0.0028 │ fba26d134a │ [io_check.py:34]_func                              |
|       |            │   │        │         │        │            │ [data_io.py:148]read_data                          |
|       |            │   │        │         │        │            │ [data_io.py:895]transform                          |
|       |            │   │        │         │        │            │ [model_base.py:98]run                              |
|       | ───────────┼───┼────────┼─────────┼────────┼────────────┼─────────────────────────────────────────────────── |
|       |    count   │ 1 │ 0.0024 │ 0.0024  │ 0.0024 │ 7a5e4c5159 │ [abnormal_detection.py:27]empty_table_detection    |
|       |            │   │        │         │        │            │ [data_io.py:120]read_data                          |
|       |            │   │        │         │        │            │ [data_io.py:895]transform                          |
|       |            │   │        │         │        │            │ [model_base.py:98]run                              |
+-------+--------------------------------------------------------------------------------------------------------------+
| total |                                   n=6, sum=0.1427, mean=0.0238, max=0.0721                                   |
+-------+--------------------------------------------------------------------------------------------------------------+

