[DEBUG] [2021-06-15 21:57:11,804] [3319:139692560086848] - profile.py[line:84]: [computing#41d092c3c4]function_stack: [component_properties.py:225]extract_input_data <-[component_properties.py:238]extract_running_rules <-[model_base.py:87]run
[DEBUG] [2021-06-15 21:57:11,804] [3319:139692560086848] - profile.py[line:87]: [computing#41d092c3c4]start
[DEBUG] [2021-06-15 21:57:11,808] [3319:139692560086848] - profile.py[line:93]: [computing#41d092c3c4]done, elapse: 0.0048177242279052734, function: count(self: Table(partition=4)) -> int
[DEBUG] [2021-06-15 21:57:11,814] [3319:139692560086848] - profile.py[line:84]: [computing#88170bdc05]function_stack: [intersect.py:361]intersect_join_id <-[intersect_guest.py:244]run_intersect <-[intersect_model.py:115]fit <-[model_base.py:98]run
[DEBUG] [2021-06-15 21:57:11,814] [3319:139692560086848] - profile.py[line:87]: [computing#88170bdc05]start
[DEBUG] [2021-06-15 21:57:12,458] [3319:139692560086848] - profile.py[line:93]: [computing#88170bdc05]done, elapse: 0.6440274715423584, function: mapValues(self: Table(partition=4), func: function) -> Table(partition=4)
[DEBUG] [2021-06-15 21:57:12,460] [3319:139692560086848] - profile.py[line:237]: [federation.get.federatedml.transfer_variable.transfer_class.raw_intersect_transfer_variable.RawIntersectTransferVariable.send_ids_host.fit]guest<-[Party(role=host, party_id=9998)] start
[DEBUG] [2021-06-15 21:57:12,570] [3319:139692560086848] - profile.py[line:216]: [federation.get.federatedml.transfer_variable.transfer_class.raw_intersect_transfer_variable.RawIntersectTransferVariable.send_ids_host.fit]guest<-[Party(role=host, party_id=9998)] done
[DEBUG] [2021-06-15 21:57:12,572] [3319:139692560086848] - profile.py[line:84]: [computing#e4ab06a603]function_stack: [intersect.py:376]intersect_join_id <-[intersect_guest.py:244]run_intersect <-[intersect_model.py:115]fit <-[model_base.py:98]run
[DEBUG] [2021-06-15 21:57:12,572] [3319:139692560086848] - profile.py[line:87]: [computing#e4ab06a603]start
[DEBUG] [2021-06-15 21:57:12,613] [3319:139692560086848] - profile.py[line:93]: [computing#e4ab06a603]done, elapse: 0.04113316535949707, function: join(self: Table(partition=4), other: Table(partition=4), func: function) -> Table(partition=4)
[DEBUG] [2021-06-15 21:57:12,614] [3319:139692560086848] - profile.py[line:232]: [federation.remote.federatedml.transfer_variable.transfer_class.raw_intersect_transfer_variable.RawIntersectTransferVariable.intersect_ids_guest.fit]guest->[Party(role=host, party_id=9998)] start
[DEBUG] [2021-06-15 21:57:12,651] [3319:139692560086848] - profile.py[line:185]: [federation.remote.federatedml.transfer_variable.transfer_class.raw_intersect_transfer_variable.RawIntersectTransferVariable.intersect_ids_guest.fit]guest->[Party(role=host, party_id=9998)] done
[DEBUG] [2021-06-15 21:57:12,652] [3319:139692560086848] - profile.py[line:84]: [computing#1e6e794ec8]function_stack: [intersect.py:82]_get_value_from_data <-[intersect.py:414]intersect_join_id <-[intersect_guest.py:244]run_intersect <-[intersect_model.py:115]fit <-[model_base.py:98]run
[DEBUG] [2021-06-15 21:57:12,653] [3319:139692560086848] - profile.py[line:87]: [computing#1e6e794ec8]start
[DEBUG] [2021-06-15 21:57:12,706] [3319:139692560086848] - profile.py[line:93]: [computing#1e6e794ec8]done, elapse: 0.05349469184875488, function: join(self: Table(partition=4), other: Table(partition=4), func: function) -> Table(partition=4)
[DEBUG] [2021-06-15 21:57:12,709] [3319:139692560086848] - profile.py[line:84]: [computing#c784b16772]function_stack: [job_tracker.py:139]save_output_data <-[job_tracker.py:332]save_as_table <-[intersect.py:420]intersect_join_id <-[intersect_guest.py:244]run_intersect <-[intersect_model.py:115]fit <-[model_base.py:98]run
[DEBUG] [2021-06-15 21:57:12,709] [3319:139692560086848] - profile.py[line:87]: [computing#c784b16772]start
[DEBUG] [2021-06-15 21:57:12,737] [3319:139692560086848] - profile.py[line:93]: [computing#c784b16772]done, elapse: 0.028199434280395508, function: save(self: Table(partition=4), address: StandaloneAddress, partitions: int, schema: dict) -> NoneType
[DEBUG] [2021-06-15 21:57:12,738] [3319:139692560086848] - profile.py[line:84]: [computing#a351b01960]function_stack: [job_tracker.py:142]save_output_data <-[job_tracker.py:332]save_as_table <-[intersect.py:420]intersect_join_id <-[intersect_guest.py:244]run_intersect <-[intersect_model.py:115]fit <-[model_base.py:98]run
[DEBUG] [2021-06-15 21:57:12,738] [3319:139692560086848] - profile.py[line:87]: [computing#a351b01960]start
[DEBUG] [2021-06-15 21:57:12,738] [3319:139692560086848] - profile.py[line:93]: [computing#a351b01960]done, elapse: 0.00047278404235839844, function: collect(self: Table(partition=4)) -> generator
[DEBUG] [2021-06-15 21:57:12,746] [3319:139692560086848] - profile.py[line:84]: [computing#ac0fa8963f]function_stack: [job_tracker.py:147]save_output_data <-[job_tracker.py:332]save_as_table <-[intersect.py:420]intersect_join_id <-[intersect_guest.py:244]run_intersect <-[intersect_model.py:115]fit <-[model_base.py:98]run
[DEBUG] [2021-06-15 21:57:12,746] [3319:139692560086848] - profile.py[line:87]: [computing#ac0fa8963f]start
[DEBUG] [2021-06-15 21:57:12,751] [3319:139692560086848] - profile.py[line:93]: [computing#ac0fa8963f]done, elapse: 0.0054967403411865234, function: count(self: Table(partition=4)) -> int
[DEBUG] [2021-06-15 21:57:12,932] [3319:139692560086848] - profile.py[line:84]: [computing#d211fdd088]function_stack: [intersect_model.py:139]fit <-[model_base.py:98]run
[DEBUG] [2021-06-15 21:57:12,932] [3319:139692560086848] - profile.py[line:87]: [computing#d211fdd088]start
[DEBUG] [2021-06-15 21:57:12,937] [3319:139692560086848] - profile.py[line:93]: [computing#d211fdd088]done, elapse: 0.005283832550048828, function: count(self: Table(partition=4)) -> int
[DEBUG] [2021-06-15 21:57:12,939] [3319:139692560086848] - profile.py[line:84]: [computing#1f115043d3]function_stack: [intersect_model.py:140]fit <-[model_base.py:98]run
[DEBUG] [2021-06-15 21:57:12,939] [3319:139692560086848] - profile.py[line:87]: [computing#1f115043d3]start
[DEBUG] [2021-06-15 21:57:12,947] [3319:139692560086848] - profile.py[line:93]: [computing#1f115043d3]done, elapse: 0.00797891616821289, function: count(self: Table(partition=4)) -> int
[INFO] [2021-06-15 21:57:13,396] [3319:139692560086848] - profile.py[line:249]: 
Computing:
+----------+---------------------------------------------+
| function |  function    n   sum(s)   mean(s)   max(s)  |
|          | ----------- --- -------- --------- -------- |
|          |  mapValues   1   0.644     0.644    0.644   |
|          |    join      2   0.095     0.047    0.053   |
|          |    save      1   0.028     0.028    0.028   |
|          |    count     4   0.024     0.006    0.008   |
|          |   collect    1    0.0       0.0      0.0    |
+----------+---------------------------------------------+
|  total   |  n=9, sum=0.7909, mean=0.0879, max=0.6440   |
+----------+---------------------------------------------+

Federation:
+--------+-------------------------------------------------------------------------------------------------------------+
|  get   |                                    name                                    | n | sum(s) | mean(s) | max(s)  |
|        | ---------------------------------------------------------------------------+---+--------+---------+-------- |
|        |  federatedml.transfer_variable.transfer_class.raw_intersect_transfer_varia | 1 | 0.109  |  0.109  | 0.109   |
|        |               ble.RawIntersectTransferVariable.send_ids_host               |   |        |         |         |
+--------+-------------------------------------------------------------------------------------------------------------+
| remote |                                    name                                    | n | sum(s) | mean(s) | max(s)  |
|        | ---------------------------------------------------------------------------+---+--------+---------+-------- |
|        |  federatedml.transfer_variable.transfer_class.raw_intersect_transfer_varia | 1 | 0.037  |  0.037  | 0.037   |
|        |            ble.RawIntersectTransferVariable.intersect_ids_guest            |   |        |         |         |
+--------+-------------------------------------------------------------------------------------------------------------+
| total  |                                  n=2, sum=0.1464, mean=0.0732, max=0.1095                                   |
+--------+-------------------------------------------------------------------------------------------------------------+

[DEBUG] [2021-06-15 21:57:13,397] [3319:139692560086848] - profile.py[line:250]: 
Detailed Computing:
+-------+--------------------------------------------------------------------------------------------------------------+
| stack |  function  │ n │ sum(s) │ mean(s) │ max(s) │ stack_hash │                       stack                        |
|       | ───────────┼───┼────────┼─────────┼────────┼────────────┼─────────────────────────────────────────────────── |
|       |  mapValues │ 1 │ 0.644  │  0.644  │ 0.644  │ 88170bdc05 │ [intersect.py:361]intersect_join_id                |
|       |            │   │        │         │        │            │ [intersect_guest.py:244]run_intersect              |
|       |            │   │        │         │        │            │ [intersect_model.py:115]fit                        |
|       |            │   │        │         │        │            │ [model_base.py:98]run                              |
|       | ───────────┼───┼────────┼─────────┼────────┼────────────┼─────────────────────────────────────────────────── |
|       |    join    │ 1 │ 0.0535 │ 0.0535  │ 0.0535 │ 1e6e794ec8 │ [intersect.py:82]_get_value_from_data              |
|       |            │   │        │         │        │            │ [intersect.py:414]intersect_join_id                |
|       |            │   │        │         │        │            │ [intersect_guest.py:244]run_intersect              |
|       |            │   │        │         │        │            │ [intersect_model.py:115]fit                        |
|       |            │   │        │         │        │            │ [model_base.py:98]run                              |
|       | ───────────┼───┼────────┼─────────┼────────┼────────────┼─────────────────────────────────────────────────── |
|       |    join    │ 1 │ 0.0411 │ 0.0411  │ 0.0411 │ e4ab06a603 │ [intersect.py:376]intersect_join_id                |
|       |            │   │        │         │        │            │ [intersect_guest.py:244]run_intersect              |
|       |            │   │        │         │        │            │ [intersect_model.py:115]fit                        |
|       |            │   │        │         │        │            │ [model_base.py:98]run                              |
|       | ───────────┼───┼────────┼─────────┼────────┼────────────┼─────────────────────────────────────────────────── |
|       |    save    │ 1 │ 0.0282 │ 0.0282  │ 0.0282 │ c784b16772 │ [job_tracker.py:139]save_output_data               |
|       |            │   │        │         │        │            │ [job_tracker.py:332]save_as_table                  |
|       |            │   │        │         │        │            │ [intersect.py:420]intersect_join_id                |
|       |            │   │        │         │        │            │ [intersect_guest.py:244]run_intersect              |
|       |            │   │        │         │        │            │ [intersect_model.py:115]fit                        |
|       |            │   │        │         │        │            │ [model_base.py:98]run                              |
|       | ───────────┼───┼────────┼─────────┼────────┼────────────┼─────────────────────────────────────────────────── |
|       |    count   │ 1 │ 0.008  │  0.008  │ 0.008  │ 1f115043d3 │ [intersect_model.py:140]fit                        |
|       |            │   │        │         │        │            │ [model_base.py:98]run                              |
|       | ───────────┼───┼────────┼─────────┼────────┼────────────┼─────────────────────────────────────────────────── |
|       |    count   │ 1 │ 0.0055 │ 0.0055  │ 0.0055 │ ac0fa8963f │ [job_tracker.py:147]save_output_data               |
|       |            │   │        │         │        │            │ [job_tracker.py:332]save_as_table                  |
|       |            │   │        │         │        │            │ [intersect.py:420]intersect_join_id                |
|       |            │   │        │         │        │            │ [intersect_guest.py:244]run_intersect              |
|       |            │   │        │         │        │            │ [intersect_model.py:115]fit                        |
|       |            │   │        │         │        │            │ [model_base.py:98]run                              |
|       | ───────────┼───┼────────┼─────────┼────────┼────────────┼─────────────────────────────────────────────────── |
|       |    count   │ 1 │ 0.0053 │ 0.0053  │ 0.0053 │ d211fdd088 │ [intersect_model.py:139]fit                        |
|       |            │   │        │         │        │            │ [model_base.py:98]run                              |
|       | ───────────┼───┼────────┼─────────┼────────┼────────────┼─────────────────────────────────────────────────── |
|       |    count   │ 1 │ 0.0048 │ 0.0048  │ 0.0048 │ 41d092c3c4 │ [component_properties.py:225]extract_input_data    |
|       |            │   │        │         │        │            │ [component_properties.py:238]extract_running_rule  |
|       |            │   │        │         │        │            │ s                                                  |
|       |            │   │        │         │        │            │ [model_base.py:87]run                              |
|       | ───────────┼───┼────────┼─────────┼────────┼────────────┼─────────────────────────────────────────────────── |
|       |   collect  │ 1 │ 0.0005 │ 0.0005  │ 0.0005 │ a351b01960 │ [job_tracker.py:142]save_output_data               |
|       |            │   │        │         │        │            │ [job_tracker.py:332]save_as_table                  |
|       |            │   │        │         │        │            │ [intersect.py:420]intersect_join_id                |
|       |            │   │        │         │        │            │ [intersect_guest.py:244]run_intersect              |
|       |            │   │        │         │        │            │ [intersect_model.py:115]fit                        |
|       |            │   │        │         │        │            │ [model_base.py:98]run                              |
+-------+--------------------------------------------------------------------------------------------------------------+
| total |                                   n=9, sum=0.7909, mean=0.0879, max=0.6440                                   |
+-------+--------------------------------------------------------------------------------------------------------------+

