[INFO] [2021-06-13 16:40:36,695] [3506:140620115568448] - task_executor.py[line:313]: report task 202106131640336474715_reader_0 0 host 10000 to driver
[INFO] [2021-06-13 16:40:36,696] [3506:140620115568448] - control_client.py[line:42]: request update job 202106131640336474715 task 202106131640336474715_reader_0 0 on host 10000
[INFO] [2021-06-13 16:40:36,947] [3506:140620115568448] - task_executor.py[line:150]: Run 202106131640336474715 reader_0 202106131640336474715_reader_0 host 10000 task
[INFO] [2021-06-13 16:40:36,947] [3506:140620115568448] - task_executor.py[line:151]: Component parameters on party {'ReaderParam': {'table': {'name': 'breast_hetero_host', 'namespace': 'experiment'}}, 'dsl_version': 2, 'initiator': {'role': 'guest', 'party_id': 9999}, 'role': {'host': [10000], 'guest': [9999]}, 'job_parameters': {'job_type': 'train', 'work_mode': 0, 'backend': 0, 'computing_engine': 'STANDALONE', 'federation_engine': 'STANDALONE', 'storage_engine': 'STANDALONE', 'engines_address': {'computing': {'nodes': 1, 'cores_per_node': 20}, 'federation': {'nodes': 1, 'cores_per_node': 20}, 'storage': {'nodes': 1, 'cores_per_node': 20}}, 'federated_mode': 'SINGLE', 'task_parallelism': 1, 'computing_partitions': 4, 'federated_status_collect_type': 'PULL', 'model_id': 'guest-9999#host-10000#model', 'model_version': '202106131640336474715', 'eggroll_run': {'eggroll.session.processors.per.node': 4}, 'spark_run': {}, 'rabbitmq_run': {}, 'pulsar_run': {}, 'adaptation_parameters': {'task_nodes': 1, 'task_cores_per_node': 4, 'task_memory_per_node': 0, 'request_task_cores': 4, 'if_initiator_baseline': False}}, 'component_parameters': {'role': {'host': {'0': {'dataio_0': {'with_label': False}, 'reader_0': {'table': {'name': 'breast_hetero_host', 'namespace': 'experiment'}}}}, 'guest': {'0': {'reader_0': {'table': {'name': 'breast_hetero_guest', 'namespace': 'experiment'}}}}}, 'common': {'dataio_0': {'with_label': True}, 'hetero_secureboost_0': {'task_type': 'classification', 'objective_param': {'objective': 'cross_entropy'}, 'num_trees': 5, 'bin_num': 16, 'encrypt_param': {'method': 'iterativeAffine'}, 'tree_param': {'max_depth': 3}}, 'evaluation_0': {'eval_type': 'binary'}}}, 'dsl_path': '/tmp/tmp_1gss6w2/job_dsl.json', 'conf_path': '/tmp/tmp_1gss6w2/job_runtime_conf.json', 'local': {'role': 'host', 'party_id': 10000}, 'CodePath': 'fate_flow/components/reader.py/Reader', 'module': 'Reader', 'output_data_name': ['data']}
[INFO] [2021-06-13 16:40:36,947] [3506:140620115568448] - task_executor.py[line:152]: Task input dsl {}
[ERROR] [2021-06-13 16:40:37,002] [3506:140620115568448] - task_executor.py[line:191]: can not found table name: breast_hetero_host namespace: experiment
Traceback (most recent call last):
  File "/fate/python/fate_flow/operation/task_executor.py", line 168, in run_task
    run_object.run(component_parameters_on_party, task_run_args)
  File "/fate/python/fate_flow/components/reader.py", line 51, in run
    output_storage_address=output_storage_address)
  File "/fate/python/fate_flow/components/reader.py", line 125, in convert_check
    raise RuntimeError(f"can not found table name: {input_name} namespace: {input_namespace}")
RuntimeError: can not found table name: breast_hetero_host namespace: experiment
[INFO] [2021-06-13 16:40:37,003] [3506:140620115568448] - task_executor.py[line:313]: report task 202106131640336474715_reader_0 0 host 10000 to driver
[INFO] [2021-06-13 16:40:37,003] [3506:140620115568448] - control_client.py[line:42]: request update job 202106131640336474715 task 202106131640336474715_reader_0 0 on host 10000
[INFO] [2021-06-13 16:40:37,062] [3506:140620115568448] - task_executor.py[line:202]: task 202106131640336474715_reader_0 host 10000 start time: 2021-06-13 16:40:36
[INFO] [2021-06-13 16:40:37,063] [3506:140620115568448] - task_executor.py[line:204]: task 202106131640336474715_reader_0 host 10000 end time: 2021-06-13 16:40:37
[INFO] [2021-06-13 16:40:37,063] [3506:140620115568448] - task_executor.py[line:206]: task 202106131640336474715_reader_0 host 10000 takes 0.439s
[INFO] [2021-06-13 16:40:37,063] [3506:140620115568448] - task_executor.py[line:209]: Finish 202106131640336474715 reader_0 202106131640336474715_reader_0 0 host 10000 task failed
[INFO] [2021-06-13 16:40:37,063] [3506:140620115568448] - task_executor.py[line:313]: report task 202106131640336474715_reader_0 0 host 10000 to driver
[INFO] [2021-06-13 16:40:37,063] [3506:140620115568448] - control_client.py[line:42]: request update job 202106131640336474715 task 202106131640336474715_reader_0 0 on host 10000
