[INFO] [2021-06-15 21:01:13,891] [325:140505822156608] - task_executor.py[line:313]: report task 202106152101093465361_reader_1 0 host 9998 to driver
[INFO] [2021-06-15 21:01:13,893] [325:140505822156608] - control_client.py[line:42]: request update job 202106152101093465361 task 202106152101093465361_reader_1 0 on host 9998
[INFO] [2021-06-15 21:01:14,228] [325:140505822156608] - task_executor.py[line:150]: Run 202106152101093465361 reader_1 202106152101093465361_reader_1 host 9998 task
[INFO] [2021-06-15 21:01:14,228] [325:140505822156608] - task_executor.py[line:151]: Component parameters on party {'ReaderParam': {'table': {'name': 'breast_hetero_host', 'namespace': 'experiment'}}, 'dsl_version': 2, 'initiator': {'role': 'guest', 'party_id': 9999}, 'role': {'host': [9998], 'guest': [9999]}, 'job_parameters': {'job_type': 'train', 'work_mode': 0, 'backend': 0, 'computing_engine': 'STANDALONE', 'federation_engine': 'STANDALONE', 'storage_engine': 'STANDALONE', 'engines_address': {'computing': {'nodes': 1, 'cores_per_node': 20}, 'federation': {'nodes': 1, 'cores_per_node': 20}, 'storage': {'nodes': 1, 'cores_per_node': 20}}, 'federated_mode': 'SINGLE', 'task_parallelism': 1, 'computing_partitions': 4, 'federated_status_collect_type': 'PULL', 'model_id': 'guest-9999#host-9998#model', 'model_version': '202106152101093465361', 'eggroll_run': {'eggroll.session.processors.per.node': 4}, 'spark_run': {}, 'rabbitmq_run': {}, 'pulsar_run': {}, 'adaptation_parameters': {'task_nodes': 1, 'task_cores_per_node': 4, 'task_memory_per_node': 0, 'request_task_cores': 4, 'if_initiator_baseline': False}}, 'component_parameters': {'common': {'hetero_secure_boost_0': {'task_type': 'classification', 'objective_param': {'objective': 'cross_entropy'}, 'num_trees': 3, 'validation_freqs': 1, 'encrypt_param': {'method': 'iterativeAffine'}, 'tree_param': {'max_depth': 3}}, 'evaluation_0': {'eval_type': 'binary'}}, 'role': {'guest': {'0': {'reader_1': {'table': {'name': 'breast_hetero_guest', 'namespace': 'experiment'}}, 'reader_0': {'table': {'name': 'breast_hetero_guest', 'namespace': 'experiment'}}, 'dataio_0': {'with_label': True, 'output_format': 'dense'}, 'dataio_1': {'with_label': True, 'output_format': 'dense'}}}, 'host': {'0': {'reader_1': {'table': {'name': 'breast_hetero_host', 'namespace': 'experiment'}}, 'reader_0': {'table': {'name': 'breast_hetero_host', 'namespace': 'experiment'}}, 'dataio_0': {'with_label': False}, 'dataio_1': {'with_label': False}}}}}, 'conf_path': './examples/LDPDev/dsl/v2/hetero_secureboost/test_secureboost_train_binary_conf.json', 'dsl_path': './examples/LDPDev/dsl/v2/hetero_secureboost/test_secureboost_train_dsl.json', 'local': {'role': 'host', 'party_id': 9998}, 'CodePath': 'fate_flow/components/reader.py/Reader', 'module': 'Reader', 'output_data_name': ['data']}
[INFO] [2021-06-15 21:01:14,229] [325:140505822156608] - task_executor.py[line:152]: Task input dsl {}
[INFO] [2021-06-15 21:01:14,438] [325:140505822156608] - reader.py[line:66]: the STANDALONE input table needs to be transform format
[INFO] [2021-06-15 21:01:14,477] [325:140505822156608] - reader.py[line:166]: start copying table
[INFO] [2021-06-15 21:01:14,477] [325:140505822156608] - reader.py[line:168]: source table name: breast_hetero_host namespace: experiment engine: STANDALONE
[INFO] [2021-06-15 21:01:14,477] [325:140505822156608] - reader.py[line:170]: destination table name: d20d927ece1c11eb990e0242ac110002 namespace: output_data_202106152101093465361_reader_1_0 engine: STANDALONE
[INFO] [2021-06-15 21:01:14,561] [325:140505822156608] - reader.py[line:194]: copy successfully
[INFO] [2021-06-15 21:01:14,638] [325:140505822156608] - tracker_client.py[line:127]: Request save job 202106152101093465361 task 202106152101093465361_reader_1 0 on host 9998 data data info
[INFO] [2021-06-15 21:01:14,696] [325:140505822156608] - tracker_client.py[line:103]: Request save job 202106152101093465361 task 202106152101093465361_reader_1 0 on host 9998 metric reader_namespace reader_name meta
[INFO] [2021-06-15 21:01:14,744] [325:140505822156608] - profile.py[line:249]: 
Computing:
+----------+------------------------------------------+
| function |                                          |
+----------+------------------------------------------+
|  total   | n=0, sum=0.0000, mean=0.0000, max=0.0000 |
+----------+------------------------------------------+

Federation:
+--------+------------------------------------------+
|  get   |                                          |
+--------+------------------------------------------+
| remote |                                          |
+--------+------------------------------------------+
| total  | n=0, sum=0.0000, mean=0.0000, max=0.0000 |
+--------+------------------------------------------+

[INFO] [2021-06-15 21:01:14,745] [325:140505822156608] - task_executor.py[line:313]: report task 202106152101093465361_reader_1 0 host 9998 to driver
[INFO] [2021-06-15 21:01:14,746] [325:140505822156608] - control_client.py[line:42]: request update job 202106152101093465361 task 202106152101093465361_reader_1 0 on host 9998
[INFO] [2021-06-15 21:01:14,819] [325:140505822156608] - task_executor.py[line:202]: task 202106152101093465361_reader_1 host 9998 start time: 2021-06-15 21:01:13
[INFO] [2021-06-15 21:01:14,820] [325:140505822156608] - task_executor.py[line:204]: task 202106152101093465361_reader_1 host 9998 end time: 2021-06-15 21:01:14
[INFO] [2021-06-15 21:01:14,820] [325:140505822156608] - task_executor.py[line:206]: task 202106152101093465361_reader_1 host 9998 takes 1.003s
[INFO] [2021-06-15 21:01:14,820] [325:140505822156608] - task_executor.py[line:209]: Finish 202106152101093465361 reader_1 202106152101093465361_reader_1 0 host 9998 task success
[INFO] [2021-06-15 21:01:14,821] [325:140505822156608] - task_executor.py[line:313]: report task 202106152101093465361_reader_1 0 host 9998 to driver
[INFO] [2021-06-15 21:01:14,821] [325:140505822156608] - control_client.py[line:42]: request update job 202106152101093465361 task 202106152101093465361_reader_1 0 on host 9998
[INFO] [2021-06-15 21:01:19,104] [369:140114657933120] - task_executor.py[line:313]: report task 202106152101093465361_reader_0 0 host 9998 to driver
[INFO] [2021-06-15 21:01:19,104] [369:140114657933120] - control_client.py[line:42]: request update job 202106152101093465361 task 202106152101093465361_reader_0 0 on host 9998
[INFO] [2021-06-15 21:01:19,444] [369:140114657933120] - task_executor.py[line:150]: Run 202106152101093465361 reader_0 202106152101093465361_reader_0 host 9998 task
[INFO] [2021-06-15 21:01:19,444] [369:140114657933120] - task_executor.py[line:151]: Component parameters on party {'ReaderParam': {'table': {'name': 'breast_hetero_host', 'namespace': 'experiment'}}, 'dsl_version': 2, 'initiator': {'role': 'guest', 'party_id': 9999}, 'role': {'host': [9998], 'guest': [9999]}, 'job_parameters': {'job_type': 'train', 'work_mode': 0, 'backend': 0, 'computing_engine': 'STANDALONE', 'federation_engine': 'STANDALONE', 'storage_engine': 'STANDALONE', 'engines_address': {'computing': {'nodes': 1, 'cores_per_node': 20}, 'federation': {'nodes': 1, 'cores_per_node': 20}, 'storage': {'nodes': 1, 'cores_per_node': 20}}, 'federated_mode': 'SINGLE', 'task_parallelism': 1, 'computing_partitions': 4, 'federated_status_collect_type': 'PULL', 'model_id': 'guest-9999#host-9998#model', 'model_version': '202106152101093465361', 'eggroll_run': {'eggroll.session.processors.per.node': 4}, 'spark_run': {}, 'rabbitmq_run': {}, 'pulsar_run': {}, 'adaptation_parameters': {'task_nodes': 1, 'task_cores_per_node': 4, 'task_memory_per_node': 0, 'request_task_cores': 4, 'if_initiator_baseline': False}}, 'component_parameters': {'common': {'hetero_secure_boost_0': {'task_type': 'classification', 'objective_param': {'objective': 'cross_entropy'}, 'num_trees': 3, 'validation_freqs': 1, 'encrypt_param': {'method': 'iterativeAffine'}, 'tree_param': {'max_depth': 3}}, 'evaluation_0': {'eval_type': 'binary'}}, 'role': {'guest': {'0': {'reader_1': {'table': {'name': 'breast_hetero_guest', 'namespace': 'experiment'}}, 'reader_0': {'table': {'name': 'breast_hetero_guest', 'namespace': 'experiment'}}, 'dataio_0': {'with_label': True, 'output_format': 'dense'}, 'dataio_1': {'with_label': True, 'output_format': 'dense'}}}, 'host': {'0': {'reader_1': {'table': {'name': 'breast_hetero_host', 'namespace': 'experiment'}}, 'reader_0': {'table': {'name': 'breast_hetero_host', 'namespace': 'experiment'}}, 'dataio_0': {'with_label': False}, 'dataio_1': {'with_label': False}}}}}, 'conf_path': './examples/LDPDev/dsl/v2/hetero_secureboost/test_secureboost_train_binary_conf.json', 'dsl_path': './examples/LDPDev/dsl/v2/hetero_secureboost/test_secureboost_train_dsl.json', 'local': {'role': 'host', 'party_id': 9998}, 'CodePath': 'fate_flow/components/reader.py/Reader', 'module': 'Reader', 'output_data_name': ['data']}
[INFO] [2021-06-15 21:01:19,444] [369:140114657933120] - task_executor.py[line:152]: Task input dsl {}
[INFO] [2021-06-15 21:01:19,608] [369:140114657933120] - reader.py[line:66]: the STANDALONE input table needs to be transform format
[INFO] [2021-06-15 21:01:19,638] [369:140114657933120] - reader.py[line:166]: start copying table
[INFO] [2021-06-15 21:01:19,639] [369:140114657933120] - reader.py[line:168]: source table name: breast_hetero_host namespace: experiment engine: STANDALONE
[INFO] [2021-06-15 21:01:19,639] [369:140114657933120] - reader.py[line:170]: destination table name: d5291c4ece1c11eba2b00242ac110002 namespace: output_data_202106152101093465361_reader_0_0 engine: STANDALONE
[INFO] [2021-06-15 21:01:19,721] [369:140114657933120] - reader.py[line:194]: copy successfully
[INFO] [2021-06-15 21:01:19,776] [369:140114657933120] - tracker_client.py[line:127]: Request save job 202106152101093465361 task 202106152101093465361_reader_0 0 on host 9998 data data info
[INFO] [2021-06-15 21:01:19,807] [369:140114657933120] - tracker_client.py[line:103]: Request save job 202106152101093465361 task 202106152101093465361_reader_0 0 on host 9998 metric reader_namespace reader_name meta
[INFO] [2021-06-15 21:01:19,849] [369:140114657933120] - profile.py[line:249]: 
Computing:
+----------+------------------------------------------+
| function |                                          |
+----------+------------------------------------------+
|  total   | n=0, sum=0.0000, mean=0.0000, max=0.0000 |
+----------+------------------------------------------+

Federation:
+--------+------------------------------------------+
|  get   |                                          |
+--------+------------------------------------------+
| remote |                                          |
+--------+------------------------------------------+
| total  | n=0, sum=0.0000, mean=0.0000, max=0.0000 |
+--------+------------------------------------------+

[INFO] [2021-06-15 21:01:19,850] [369:140114657933120] - task_executor.py[line:313]: report task 202106152101093465361_reader_0 0 host 9998 to driver
[INFO] [2021-06-15 21:01:19,850] [369:140114657933120] - control_client.py[line:42]: request update job 202106152101093465361 task 202106152101093465361_reader_0 0 on host 9998
[INFO] [2021-06-15 21:01:19,904] [369:140114657933120] - task_executor.py[line:202]: task 202106152101093465361_reader_0 host 9998 start time: 2021-06-15 21:01:18
[INFO] [2021-06-15 21:01:19,904] [369:140114657933120] - task_executor.py[line:204]: task 202106152101093465361_reader_0 host 9998 end time: 2021-06-15 21:01:19
[INFO] [2021-06-15 21:01:19,904] [369:140114657933120] - task_executor.py[line:206]: task 202106152101093465361_reader_0 host 9998 takes 0.88s
[INFO] [2021-06-15 21:01:19,905] [369:140114657933120] - task_executor.py[line:209]: Finish 202106152101093465361 reader_0 202106152101093465361_reader_0 0 host 9998 task success
[INFO] [2021-06-15 21:01:19,905] [369:140114657933120] - task_executor.py[line:313]: report task 202106152101093465361_reader_0 0 host 9998 to driver
[INFO] [2021-06-15 21:01:19,905] [369:140114657933120] - control_client.py[line:42]: request update job 202106152101093465361 task 202106152101093465361_reader_0 0 on host 9998
[INFO] [2021-06-15 21:01:24,999] [476:140407154415424] - task_executor.py[line:313]: report task 202106152101093465361_dataio_0 0 host 9998 to driver
[INFO] [2021-06-15 21:01:24,999] [476:140407154415424] - control_client.py[line:42]: request update job 202106152101093465361 task 202106152101093465361_dataio_0 0 on host 9998
[INFO] [2021-06-15 21:01:25,302] [476:140407154415424] - task_executor.py[line:150]: Run 202106152101093465361 dataio_0 202106152101093465361_dataio_0 host 9998 task
[INFO] [2021-06-15 21:01:25,303] [476:140407154415424] - task_executor.py[line:151]: Component parameters on party {'DataIOParam': {'input_format': 'dense', 'delimitor': ',', 'data_type': 'float64', 'exclusive_data_type': None, 'tag_with_value': False, 'tag_value_delimitor': ':', 'missing_fill': False, 'default_value': 0, 'missing_fill_method': None, 'missing_impute': None, 'outlier_replace': False, 'outlier_replace_method': None, 'outlier_impute': None, 'outlier_replace_value': 0, 'with_label': False, 'label_name': 'y', 'label_type': 'int', 'output_format': 'dense', 'need_run': True}, 'dsl_version': 2, 'initiator': {'role': 'guest', 'party_id': 9999}, 'role': {'host': [9998], 'guest': [9999]}, 'job_parameters': {'job_type': 'train', 'work_mode': 0, 'backend': 0, 'computing_engine': 'STANDALONE', 'federation_engine': 'STANDALONE', 'storage_engine': 'STANDALONE', 'engines_address': {'computing': {'nodes': 1, 'cores_per_node': 20}, 'federation': {'nodes': 1, 'cores_per_node': 20}, 'storage': {'nodes': 1, 'cores_per_node': 20}}, 'federated_mode': 'SINGLE', 'task_parallelism': 1, 'computing_partitions': 4, 'federated_status_collect_type': 'PULL', 'model_id': 'guest-9999#host-9998#model', 'model_version': '202106152101093465361', 'eggroll_run': {'eggroll.session.processors.per.node': 4}, 'spark_run': {}, 'rabbitmq_run': {}, 'pulsar_run': {}, 'adaptation_parameters': {'task_nodes': 1, 'task_cores_per_node': 4, 'task_memory_per_node': 0, 'request_task_cores': 4, 'if_initiator_baseline': False}}, 'component_parameters': {'common': {'hetero_secure_boost_0': {'task_type': 'classification', 'objective_param': {'objective': 'cross_entropy'}, 'num_trees': 3, 'validation_freqs': 1, 'encrypt_param': {'method': 'iterativeAffine'}, 'tree_param': {'max_depth': 3}}, 'evaluation_0': {'eval_type': 'binary'}}, 'role': {'guest': {'0': {'reader_1': {'table': {'name': 'breast_hetero_guest', 'namespace': 'experiment'}}, 'reader_0': {'table': {'name': 'breast_hetero_guest', 'namespace': 'experiment'}}, 'dataio_0': {'with_label': True, 'output_format': 'dense'}, 'dataio_1': {'with_label': True, 'output_format': 'dense'}}}, 'host': {'0': {'reader_1': {'table': {'name': 'breast_hetero_host', 'namespace': 'experiment'}}, 'reader_0': {'table': {'name': 'breast_hetero_host', 'namespace': 'experiment'}}, 'dataio_0': {'with_label': False}, 'dataio_1': {'with_label': False}}}}}, 'conf_path': './examples/LDPDev/dsl/v2/hetero_secureboost/test_secureboost_train_binary_conf.json', 'dsl_path': './examples/LDPDev/dsl/v2/hetero_secureboost/test_secureboost_train_dsl.json', 'local': {'role': 'host', 'party_id': 9998}, 'CodePath': 'federatedml/util/data_io.py/DataIO', 'module': 'DataIO', 'output_data_name': ['data']}
[INFO] [2021-06-15 21:01:25,303] [476:140407154415424] - task_executor.py[line:152]: Task input dsl {'data': {'data': ['reader_0.data']}}
[INFO] [2021-06-15 21:01:25,303] [476:140407154415424] - tracker_client.py[line:150]: Request read job 202106152101093465361 task None None on host 9998 data data info
[INFO] [2021-06-15 21:01:25,333] [476:140407154415424] - task_executor.py[line:269]: load computing table use 4
[WARNING] [2021-06-15 21:01:25,430] [476:140407154415424] - data_io.py[line:855]: DataIO is deprecated, and will be removed in 1.7, use DataTransform module instead
[INFO] [2021-06-15 21:01:25,442] [476:140407154415424] - data_io.py[line:118]: start to read dense data and change data to instance
[INFO] [2021-06-15 21:01:25,630] [476:140407154415424] - tracker_client.py[line:173]: Request save job 202106152101093465361 task 202106152101093465361_dataio_0 0 on host 9998 component summary
[INFO] [2021-06-15 21:01:25,831] [476:140407154415424] - profile.py[line:249]: 
Computing:
+----------+---------------------------------------------+
| function |  function    n   sum(s)   mean(s)   max(s)  |
|          | ----------- --- -------- --------- -------- |
|          |  mapValues   2   0.155     0.078    0.087   |
|          |    count     2   0.005     0.003    0.003   |
+----------+---------------------------------------------+
|  total   |  n=4, sum=0.1608, mean=0.0402, max=0.0872   |
+----------+---------------------------------------------+

Federation:
+--------+------------------------------------------+
|  get   |                                          |
+--------+------------------------------------------+
| remote |                                          |
+--------+------------------------------------------+
| total  | n=0, sum=0.0000, mean=0.0000, max=0.0000 |
+--------+------------------------------------------+

[INFO] [2021-06-15 21:01:25,930] [476:140407154415424] - pipelined_model.py[line:73]: Save dataio_0 model DataIOMeta buffer
[INFO] [2021-06-15 21:01:25,931] [476:140407154415424] - pipelined_model.py[line:73]: Save dataio_0 model DataIOParam buffer
[INFO] [2021-06-15 21:01:25,936] [476:140407154415424] - pipelined_model.py[line:78]: Save dataio_0 model successfully
[INFO] [2021-06-15 21:01:25,936] [476:140407154415424] - task_executor.py[line:313]: report task 202106152101093465361_dataio_0 0 host 9998 to driver
[INFO] [2021-06-15 21:01:25,936] [476:140407154415424] - control_client.py[line:42]: request update job 202106152101093465361 task 202106152101093465361_dataio_0 0 on host 9998
[INFO] [2021-06-15 21:01:25,981] [476:140407154415424] - task_executor.py[line:202]: task 202106152101093465361_dataio_0 host 9998 start time: 2021-06-15 21:01:24
[INFO] [2021-06-15 21:01:25,981] [476:140407154415424] - task_executor.py[line:204]: task 202106152101093465361_dataio_0 host 9998 end time: 2021-06-15 21:01:25
[INFO] [2021-06-15 21:01:25,981] [476:140407154415424] - task_executor.py[line:206]: task 202106152101093465361_dataio_0 host 9998 takes 1.133s
[INFO] [2021-06-15 21:01:25,982] [476:140407154415424] - task_executor.py[line:209]: Finish 202106152101093465361 dataio_0 202106152101093465361_dataio_0 0 host 9998 task success
[INFO] [2021-06-15 21:01:26,029] [476:140407154415424] - task_executor.py[line:313]: report task 202106152101093465361_dataio_0 0 host 9998 to driver
[INFO] [2021-06-15 21:01:26,030] [476:140407154415424] - control_client.py[line:42]: request update job 202106152101093465361 task 202106152101093465361_dataio_0 0 on host 9998
[INFO] [2021-06-15 21:01:30,415] [548:139797654320960] - task_executor.py[line:313]: report task 202106152101093465361_intersection_0 0 host 9998 to driver
[INFO] [2021-06-15 21:01:30,416] [548:139797654320960] - control_client.py[line:42]: request update job 202106152101093465361 task 202106152101093465361_intersection_0 0 on host 9998
[INFO] [2021-06-15 21:01:30,776] [548:139797654320960] - task_executor.py[line:150]: Run 202106152101093465361 intersection_0 202106152101093465361_intersection_0 host 9998 task
[INFO] [2021-06-15 21:01:30,777] [548:139797654320960] - task_executor.py[line:151]: Component parameters on party {'IntersectParam': {'intersect_method': 'raw', 'random_bit': 128, 'sync_intersect_ids': True, 'join_role': 'guest', 'with_encode': False, 'encode_params': {'salt': '', 'encode_method': 'none', 'base64': False}, 'rsa_params': {'salt': '', 'hash_method': 'sha256', 'final_hash_method': 'sha256', 'split_calculation': False, 'random_base_fraction': None, 'key_length': 1024}, 'only_output_key': False, 'intersect_cache_param': {'use_cache': False, 'id_type': 'phone', 'encrypt_type': 'sha256'}, 'repeated_id_process': False, 'repeated_id_owner': 'guest', 'allow_info_share': False, 'info_owner': 'guest', 'with_sample_id': False}, 'dsl_version': 2, 'initiator': {'role': 'guest', 'party_id': 9999}, 'role': {'host': [9998], 'guest': [9999]}, 'job_parameters': {'job_type': 'train', 'work_mode': 0, 'backend': 0, 'computing_engine': 'STANDALONE', 'federation_engine': 'STANDALONE', 'storage_engine': 'STANDALONE', 'engines_address': {'computing': {'nodes': 1, 'cores_per_node': 20}, 'federation': {'nodes': 1, 'cores_per_node': 20}, 'storage': {'nodes': 1, 'cores_per_node': 20}}, 'federated_mode': 'SINGLE', 'task_parallelism': 1, 'computing_partitions': 4, 'federated_status_collect_type': 'PULL', 'model_id': 'guest-9999#host-9998#model', 'model_version': '202106152101093465361', 'eggroll_run': {'eggroll.session.processors.per.node': 4}, 'spark_run': {}, 'rabbitmq_run': {}, 'pulsar_run': {}, 'adaptation_parameters': {'task_nodes': 1, 'task_cores_per_node': 4, 'task_memory_per_node': 0, 'request_task_cores': 4, 'if_initiator_baseline': False}}, 'component_parameters': {'common': {'hetero_secure_boost_0': {'task_type': 'classification', 'objective_param': {'objective': 'cross_entropy'}, 'num_trees': 3, 'validation_freqs': 1, 'encrypt_param': {'method': 'iterativeAffine'}, 'tree_param': {'max_depth': 3}}, 'evaluation_0': {'eval_type': 'binary'}}, 'role': {'guest': {'0': {'reader_1': {'table': {'name': 'breast_hetero_guest', 'namespace': 'experiment'}}, 'reader_0': {'table': {'name': 'breast_hetero_guest', 'namespace': 'experiment'}}, 'dataio_0': {'with_label': True, 'output_format': 'dense'}, 'dataio_1': {'with_label': True, 'output_format': 'dense'}}}, 'host': {'0': {'reader_1': {'table': {'name': 'breast_hetero_host', 'namespace': 'experiment'}}, 'reader_0': {'table': {'name': 'breast_hetero_host', 'namespace': 'experiment'}}, 'dataio_0': {'with_label': False}, 'dataio_1': {'with_label': False}}}}}, 'conf_path': './examples/LDPDev/dsl/v2/hetero_secureboost/test_secureboost_train_binary_conf.json', 'dsl_path': './examples/LDPDev/dsl/v2/hetero_secureboost/test_secureboost_train_dsl.json', 'local': {'role': 'host', 'party_id': 9998}, 'CodePath': 'federatedml/statistic/intersect/intersect_model.py/IntersectHost', 'module': 'Intersection', 'output_data_name': ['data']}
[INFO] [2021-06-15 21:01:30,777] [548:139797654320960] - task_executor.py[line:152]: Task input dsl {'data': {'data': ['dataio_0.data']}}
[INFO] [2021-06-15 21:01:30,777] [548:139797654320960] - tracker_client.py[line:150]: Request read job 202106152101093465361 task None None on host 9998 data data info
[INFO] [2021-06-15 21:01:30,814] [548:139797654320960] - task_executor.py[line:269]: load computing table use 4
[WARNING] [2021-06-15 21:01:32,796] [548:139797654320960] - intersect_param.py[line:63]: 'EncodeParam' will be renamed to 'RawParam' in future release.Please do not rely on current param naming in application.
[INFO] [2021-06-15 21:01:32,842] [548:139797654320960] - intersect_model.py[line:50]: Using raw intersection, role is host
[INFO] [2021-06-15 21:01:32,847] [548:139797654320960] - intersect_host.py[line:180]: Start raw intersection
[INFO] [2021-06-15 21:01:33,007] [548:139797654320960] - intersect.py[line:294]: Send id role is host
[INFO] [2021-06-15 21:01:33,078] [548:139797654320960] - intersect.py[line:309]: Remote data_sid to role-join
[INFO] [2021-06-15 21:01:33,185] [548:139797654320960] - intersect.py[line:320]: Get intersect ids from role-join!
[INFO] [2021-06-15 21:01:33,186] [548:139797654320960] - intersect.py[line:323]: recv_intersect_ids_list's size is 1
[INFO] [2021-06-15 21:01:33,247] [548:139797654320960] - intersect.py[line:84]: obtain intersect data_instances!
[INFO] [2021-06-15 21:01:33,297] [548:139797654320960] - intersect_model.py[line:136]: Finish intersection
[INFO] [2021-06-15 21:01:33,307] [548:139797654320960] - tracker_client.py[line:70]: Request save job 202106152101093465361 task 202106152101093465361_intersection_0 0 on host 9998 metric train intersection data
[INFO] [2021-06-15 21:01:33,336] [548:139797654320960] - tracker_client.py[line:103]: Request save job 202106152101093465361 task 202106152101093465361_intersection_0 0 on host 9998 metric train intersection meta
[INFO] [2021-06-15 21:01:33,368] [548:139797654320960] - tracker_client.py[line:173]: Request save job 202106152101093465361 task 202106152101093465361_intersection_0 0 on host 9998 component summary
[INFO] [2021-06-15 21:01:33,564] [548:139797654320960] - profile.py[line:249]: 
Computing:
+----------+---------------------------------------------+
| function |  function    n   sum(s)   mean(s)   max(s)  |
|          | ----------- --- -------- --------- -------- |
|          |  mapValues   1   0.155     0.155    0.155   |
|          |    join      1   0.058     0.058    0.058   |
|          |    count     3    0.03     0.01     0.023   |
+----------+---------------------------------------------+
|  total   |  n=5, sum=0.2434, mean=0.0487, max=0.1552   |
+----------+---------------------------------------------+

Federation:
+--------+-------------------------------------------------------------------------------------------------------------+
|  get   |                                    name                                    | n | sum(s) | mean(s) | max(s)  |
|        | ---------------------------------------------------------------------------+---+--------+---------+-------- |
|        |  federatedml.transfer_variable.transfer_class.raw_intersect_transfer_varia | 1 | 0.106  |  0.106  | 0.106   |
|        |            ble.RawIntersectTransferVariable.intersect_ids_guest            |   |        |         |         |
+--------+-------------------------------------------------------------------------------------------------------------+
| remote |                                    name                                    | n | sum(s) | mean(s) | max(s)  |
|        | ---------------------------------------------------------------------------+---+--------+---------+-------- |
|        |  federatedml.transfer_variable.transfer_class.raw_intersect_transfer_varia | 1 | 0.069  |  0.069  | 0.069   |
|        |               ble.RawIntersectTransferVariable.send_ids_host               |   |        |         |         |
+--------+-------------------------------------------------------------------------------------------------------------+
| total  |                                  n=2, sum=0.1753, mean=0.0876, max=0.1058                                   |
+--------+-------------------------------------------------------------------------------------------------------------+

[INFO] [2021-06-15 21:01:33,567] [548:139797654320960] - intersect_model.py[line:154]: intersect_ids count:569
[INFO] [2021-06-15 21:01:33,567] [548:139797654320960] - intersect_model.py[line:155]: intersect_ids header schema:{'header': ['x0', 'x1', 'x2', 'x3', 'x4', 'x5', 'x6', 'x7', 'x8', 'x9', 'x10', 'x11', 'x12', 'x13', 'x14', 'x15', 'x16', 'x17', 'x18', 'x19'], 'sid_name': 'id', 'label_name': 'y'}
[INFO] [2021-06-15 21:01:33,675] [548:139797654320960] - task_executor.py[line:313]: report task 202106152101093465361_intersection_0 0 host 9998 to driver
[INFO] [2021-06-15 21:01:33,676] [548:139797654320960] - control_client.py[line:42]: request update job 202106152101093465361 task 202106152101093465361_intersection_0 0 on host 9998
[INFO] [2021-06-15 21:01:33,722] [548:139797654320960] - task_executor.py[line:202]: task 202106152101093465361_intersection_0 host 9998 start time: 2021-06-15 21:01:30
[INFO] [2021-06-15 21:01:33,723] [548:139797654320960] - task_executor.py[line:204]: task 202106152101093465361_intersection_0 host 9998 end time: 2021-06-15 21:01:33
[INFO] [2021-06-15 21:01:33,723] [548:139797654320960] - task_executor.py[line:206]: task 202106152101093465361_intersection_0 host 9998 takes 3.515s
[INFO] [2021-06-15 21:01:33,723] [548:139797654320960] - task_executor.py[line:209]: Finish 202106152101093465361 intersection_0 202106152101093465361_intersection_0 0 host 9998 task success
[INFO] [2021-06-15 21:01:33,779] [548:139797654320960] - task_executor.py[line:313]: report task 202106152101093465361_intersection_0 0 host 9998 to driver
[INFO] [2021-06-15 21:01:33,779] [548:139797654320960] - control_client.py[line:42]: request update job 202106152101093465361 task 202106152101093465361_intersection_0 0 on host 9998
[INFO] [2021-06-15 21:01:38,164] [640:140129451722560] - task_executor.py[line:313]: report task 202106152101093465361_dataio_1 0 host 9998 to driver
[INFO] [2021-06-15 21:01:38,165] [640:140129451722560] - control_client.py[line:42]: request update job 202106152101093465361 task 202106152101093465361_dataio_1 0 on host 9998
[INFO] [2021-06-15 21:01:38,448] [640:140129451722560] - task_executor.py[line:150]: Run 202106152101093465361 dataio_1 202106152101093465361_dataio_1 host 9998 task
[INFO] [2021-06-15 21:01:38,449] [640:140129451722560] - task_executor.py[line:151]: Component parameters on party {'DataIOParam': {'input_format': 'dense', 'delimitor': ',', 'data_type': 'float64', 'exclusive_data_type': None, 'tag_with_value': False, 'tag_value_delimitor': ':', 'missing_fill': False, 'default_value': 0, 'missing_fill_method': None, 'missing_impute': None, 'outlier_replace': False, 'outlier_replace_method': None, 'outlier_impute': None, 'outlier_replace_value': 0, 'with_label': False, 'label_name': 'y', 'label_type': 'int', 'output_format': 'dense', 'need_run': True}, 'dsl_version': 2, 'initiator': {'role': 'guest', 'party_id': 9999}, 'role': {'host': [9998], 'guest': [9999]}, 'job_parameters': {'job_type': 'train', 'work_mode': 0, 'backend': 0, 'computing_engine': 'STANDALONE', 'federation_engine': 'STANDALONE', 'storage_engine': 'STANDALONE', 'engines_address': {'computing': {'nodes': 1, 'cores_per_node': 20}, 'federation': {'nodes': 1, 'cores_per_node': 20}, 'storage': {'nodes': 1, 'cores_per_node': 20}}, 'federated_mode': 'SINGLE', 'task_parallelism': 1, 'computing_partitions': 4, 'federated_status_collect_type': 'PULL', 'model_id': 'guest-9999#host-9998#model', 'model_version': '202106152101093465361', 'eggroll_run': {'eggroll.session.processors.per.node': 4}, 'spark_run': {}, 'rabbitmq_run': {}, 'pulsar_run': {}, 'adaptation_parameters': {'task_nodes': 1, 'task_cores_per_node': 4, 'task_memory_per_node': 0, 'request_task_cores': 4, 'if_initiator_baseline': False}}, 'component_parameters': {'common': {'hetero_secure_boost_0': {'task_type': 'classification', 'objective_param': {'objective': 'cross_entropy'}, 'num_trees': 3, 'validation_freqs': 1, 'encrypt_param': {'method': 'iterativeAffine'}, 'tree_param': {'max_depth': 3}}, 'evaluation_0': {'eval_type': 'binary'}}, 'role': {'guest': {'0': {'reader_1': {'table': {'name': 'breast_hetero_guest', 'namespace': 'experiment'}}, 'reader_0': {'table': {'name': 'breast_hetero_guest', 'namespace': 'experiment'}}, 'dataio_0': {'with_label': True, 'output_format': 'dense'}, 'dataio_1': {'with_label': True, 'output_format': 'dense'}}}, 'host': {'0': {'reader_1': {'table': {'name': 'breast_hetero_host', 'namespace': 'experiment'}}, 'reader_0': {'table': {'name': 'breast_hetero_host', 'namespace': 'experiment'}}, 'dataio_0': {'with_label': False}, 'dataio_1': {'with_label': False}}}}}, 'conf_path': './examples/LDPDev/dsl/v2/hetero_secureboost/test_secureboost_train_binary_conf.json', 'dsl_path': './examples/LDPDev/dsl/v2/hetero_secureboost/test_secureboost_train_dsl.json', 'local': {'role': 'host', 'party_id': 9998}, 'CodePath': 'federatedml/util/data_io.py/DataIO', 'module': 'DataIO', 'output_data_name': ['data']}
[INFO] [2021-06-15 21:01:38,449] [640:140129451722560] - task_executor.py[line:152]: Task input dsl {'data': {'data': ['reader_1.data']}, 'model': ['dataio_0.model']}
[INFO] [2021-06-15 21:01:38,449] [640:140129451722560] - tracker_client.py[line:150]: Request read job 202106152101093465361 task None None on host 9998 data data info
[INFO] [2021-06-15 21:01:38,481] [640:140129451722560] - task_executor.py[line:269]: load computing table use 4
[INFO] [2021-06-15 21:01:38,539] [640:140129451722560] - pipelined_model.py[line:185]: parse DataIOMeta proto object normal
[INFO] [2021-06-15 21:01:38,555] [640:140129451722560] - pipelined_model.py[line:185]: parse DataIOParam proto object normal
[WARNING] [2021-06-15 21:01:38,564] [640:140129451722560] - data_io.py[line:855]: DataIO is deprecated, and will be removed in 1.7, use DataTransform module instead
[INFO] [2021-06-15 21:01:38,580] [640:140129451722560] - data_io.py[line:118]: start to read dense data and change data to instance
[INFO] [2021-06-15 21:01:38,793] [640:140129451722560] - tracker_client.py[line:173]: Request save job 202106152101093465361 task 202106152101093465361_dataio_1 0 on host 9998 component summary
[INFO] [2021-06-15 21:01:39,071] [640:140129451722560] - profile.py[line:249]: 
Computing:
+----------+---------------------------------------------+
| function |  function    n   sum(s)   mean(s)   max(s)  |
|          | ----------- --- -------- --------- -------- |
|          |  mapValues   2   0.166     0.083    0.088   |
|          |    count     4   0.015     0.004    0.005   |
+----------+---------------------------------------------+
|  total   |  n=6, sum=0.1805, mean=0.0301, max=0.0879   |
+----------+---------------------------------------------+

Federation:
+--------+------------------------------------------+
|  get   |                                          |
+--------+------------------------------------------+
| remote |                                          |
+--------+------------------------------------------+
| total  | n=0, sum=0.0000, mean=0.0000, max=0.0000 |
+--------+------------------------------------------+

[INFO] [2021-06-15 21:01:39,155] [640:140129451722560] - pipelined_model.py[line:73]: Save dataio_1 model DataIOMeta buffer
[INFO] [2021-06-15 21:01:39,156] [640:140129451722560] - pipelined_model.py[line:73]: Save dataio_1 model DataIOParam buffer
[INFO] [2021-06-15 21:01:39,162] [640:140129451722560] - pipelined_model.py[line:78]: Save dataio_1 model successfully
[INFO] [2021-06-15 21:01:39,162] [640:140129451722560] - task_executor.py[line:313]: report task 202106152101093465361_dataio_1 0 host 9998 to driver
[INFO] [2021-06-15 21:01:39,163] [640:140129451722560] - control_client.py[line:42]: request update job 202106152101093465361 task 202106152101093465361_dataio_1 0 on host 9998
[INFO] [2021-06-15 21:01:39,205] [640:140129451722560] - task_executor.py[line:202]: task 202106152101093465361_dataio_1 host 9998 start time: 2021-06-15 21:01:37
[INFO] [2021-06-15 21:01:39,205] [640:140129451722560] - task_executor.py[line:204]: task 202106152101093465361_dataio_1 host 9998 end time: 2021-06-15 21:01:39
[INFO] [2021-06-15 21:01:39,205] [640:140129451722560] - task_executor.py[line:206]: task 202106152101093465361_dataio_1 host 9998 takes 1.194s
[INFO] [2021-06-15 21:01:39,205] [640:140129451722560] - task_executor.py[line:209]: Finish 202106152101093465361 dataio_1 202106152101093465361_dataio_1 0 host 9998 task success
[INFO] [2021-06-15 21:01:39,253] [640:140129451722560] - task_executor.py[line:313]: report task 202106152101093465361_dataio_1 0 host 9998 to driver
[INFO] [2021-06-15 21:01:39,254] [640:140129451722560] - control_client.py[line:42]: request update job 202106152101093465361 task 202106152101093465361_dataio_1 0 on host 9998
[INFO] [2021-06-15 21:01:43,663] [720:140199518553920] - task_executor.py[line:313]: report task 202106152101093465361_intersection_1 0 host 9998 to driver
[INFO] [2021-06-15 21:01:43,669] [720:140199518553920] - control_client.py[line:42]: request update job 202106152101093465361 task 202106152101093465361_intersection_1 0 on host 9998
[INFO] [2021-06-15 21:01:44,068] [720:140199518553920] - task_executor.py[line:150]: Run 202106152101093465361 intersection_1 202106152101093465361_intersection_1 host 9998 task
[INFO] [2021-06-15 21:01:44,069] [720:140199518553920] - task_executor.py[line:151]: Component parameters on party {'IntersectParam': {'intersect_method': 'raw', 'random_bit': 128, 'sync_intersect_ids': True, 'join_role': 'guest', 'with_encode': False, 'encode_params': {'salt': '', 'encode_method': 'none', 'base64': False}, 'rsa_params': {'salt': '', 'hash_method': 'sha256', 'final_hash_method': 'sha256', 'split_calculation': False, 'random_base_fraction': None, 'key_length': 1024}, 'only_output_key': False, 'intersect_cache_param': {'use_cache': False, 'id_type': 'phone', 'encrypt_type': 'sha256'}, 'repeated_id_process': False, 'repeated_id_owner': 'guest', 'allow_info_share': False, 'info_owner': 'guest', 'with_sample_id': False}, 'dsl_version': 2, 'initiator': {'role': 'guest', 'party_id': 9999}, 'role': {'host': [9998], 'guest': [9999]}, 'job_parameters': {'job_type': 'train', 'work_mode': 0, 'backend': 0, 'computing_engine': 'STANDALONE', 'federation_engine': 'STANDALONE', 'storage_engine': 'STANDALONE', 'engines_address': {'computing': {'nodes': 1, 'cores_per_node': 20}, 'federation': {'nodes': 1, 'cores_per_node': 20}, 'storage': {'nodes': 1, 'cores_per_node': 20}}, 'federated_mode': 'SINGLE', 'task_parallelism': 1, 'computing_partitions': 4, 'federated_status_collect_type': 'PULL', 'model_id': 'guest-9999#host-9998#model', 'model_version': '202106152101093465361', 'eggroll_run': {'eggroll.session.processors.per.node': 4}, 'spark_run': {}, 'rabbitmq_run': {}, 'pulsar_run': {}, 'adaptation_parameters': {'task_nodes': 1, 'task_cores_per_node': 4, 'task_memory_per_node': 0, 'request_task_cores': 4, 'if_initiator_baseline': False}}, 'component_parameters': {'common': {'hetero_secure_boost_0': {'task_type': 'classification', 'objective_param': {'objective': 'cross_entropy'}, 'num_trees': 3, 'validation_freqs': 1, 'encrypt_param': {'method': 'iterativeAffine'}, 'tree_param': {'max_depth': 3}}, 'evaluation_0': {'eval_type': 'binary'}}, 'role': {'guest': {'0': {'reader_1': {'table': {'name': 'breast_hetero_guest', 'namespace': 'experiment'}}, 'reader_0': {'table': {'name': 'breast_hetero_guest', 'namespace': 'experiment'}}, 'dataio_0': {'with_label': True, 'output_format': 'dense'}, 'dataio_1': {'with_label': True, 'output_format': 'dense'}}}, 'host': {'0': {'reader_1': {'table': {'name': 'breast_hetero_host', 'namespace': 'experiment'}}, 'reader_0': {'table': {'name': 'breast_hetero_host', 'namespace': 'experiment'}}, 'dataio_0': {'with_label': False}, 'dataio_1': {'with_label': False}}}}}, 'conf_path': './examples/LDPDev/dsl/v2/hetero_secureboost/test_secureboost_train_binary_conf.json', 'dsl_path': './examples/LDPDev/dsl/v2/hetero_secureboost/test_secureboost_train_dsl.json', 'local': {'role': 'host', 'party_id': 9998}, 'CodePath': 'federatedml/statistic/intersect/intersect_model.py/IntersectHost', 'module': 'Intersection', 'output_data_name': ['data']}
[INFO] [2021-06-15 21:01:44,069] [720:140199518553920] - task_executor.py[line:152]: Task input dsl {'data': {'data': ['dataio_1.data']}}
[INFO] [2021-06-15 21:01:44,069] [720:140199518553920] - tracker_client.py[line:150]: Request read job 202106152101093465361 task None None on host 9998 data data info
[INFO] [2021-06-15 21:01:44,100] [720:140199518553920] - task_executor.py[line:269]: load computing table use 4
[WARNING] [2021-06-15 21:01:45,589] [720:140199518553920] - intersect_param.py[line:63]: 'EncodeParam' will be renamed to 'RawParam' in future release.Please do not rely on current param naming in application.
[INFO] [2021-06-15 21:01:45,601] [720:140199518553920] - intersect_model.py[line:50]: Using raw intersection, role is host
[INFO] [2021-06-15 21:01:45,601] [720:140199518553920] - intersect_host.py[line:180]: Start raw intersection
[INFO] [2021-06-15 21:01:45,662] [720:140199518553920] - intersect.py[line:294]: Send id role is host
[INFO] [2021-06-15 21:01:45,699] [720:140199518553920] - intersect.py[line:309]: Remote data_sid to role-join
[INFO] [2021-06-15 21:01:46,010] [720:140199518553920] - intersect.py[line:320]: Get intersect ids from role-join!
[INFO] [2021-06-15 21:01:46,011] [720:140199518553920] - intersect.py[line:323]: recv_intersect_ids_list's size is 1
[INFO] [2021-06-15 21:01:46,064] [720:140199518553920] - intersect.py[line:84]: obtain intersect data_instances!
[INFO] [2021-06-15 21:01:46,104] [720:140199518553920] - intersect_model.py[line:136]: Finish intersection
[INFO] [2021-06-15 21:01:46,114] [720:140199518553920] - tracker_client.py[line:70]: Request save job 202106152101093465361 task 202106152101093465361_intersection_1 0 on host 9998 metric train intersection data
[INFO] [2021-06-15 21:01:46,140] [720:140199518553920] - tracker_client.py[line:103]: Request save job 202106152101093465361 task 202106152101093465361_intersection_1 0 on host 9998 metric train intersection meta
[INFO] [2021-06-15 21:01:46,163] [720:140199518553920] - tracker_client.py[line:173]: Request save job 202106152101093465361 task 202106152101093465361_intersection_1 0 on host 9998 component summary
[INFO] [2021-06-15 21:01:46,333] [720:140199518553920] - profile.py[line:249]: 
Computing:
+----------+---------------------------------------------+
| function |  function    n   sum(s)   mean(s)   max(s)  |
|          | ----------- --- -------- --------- -------- |
|          |  mapValues   1   0.059     0.059    0.059   |
|          |    join      1   0.051     0.051    0.051   |
|          |    count     3    0.01     0.003    0.004   |
+----------+---------------------------------------------+
|  total   |  n=5, sum=0.1189, mean=0.0238, max=0.0587   |
+----------+---------------------------------------------+

Federation:
+--------+-------------------------------------------------------------------------------------------------------------+
|  get   |                                    name                                    | n | sum(s) | mean(s) | max(s)  |
|        | ---------------------------------------------------------------------------+---+--------+---------+-------- |
|        |  federatedml.transfer_variable.transfer_class.raw_intersect_transfer_varia | 1 |  0.31  |  0.31   |  0.31   |
|        |            ble.RawIntersectTransferVariable.intersect_ids_guest            |   |        |         |         |
+--------+-------------------------------------------------------------------------------------------------------------+
| remote |                                    name                                    | n | sum(s) | mean(s) | max(s)  |
|        | ---------------------------------------------------------------------------+---+--------+---------+-------- |
|        |  federatedml.transfer_variable.transfer_class.raw_intersect_transfer_varia | 1 | 0.036  |  0.036  | 0.036   |
|        |               ble.RawIntersectTransferVariable.send_ids_host               |   |        |         |         |
+--------+-------------------------------------------------------------------------------------------------------------+
| total  |                                  n=2, sum=0.3458, mean=0.1729, max=0.3099                                   |
+--------+-------------------------------------------------------------------------------------------------------------+

[INFO] [2021-06-15 21:01:46,338] [720:140199518553920] - intersect_model.py[line:154]: intersect_ids count:569
[INFO] [2021-06-15 21:01:46,339] [720:140199518553920] - intersect_model.py[line:155]: intersect_ids header schema:{'header': ['x0', 'x1', 'x2', 'x3', 'x4', 'x5', 'x6', 'x7', 'x8', 'x9', 'x10', 'x11', 'x12', 'x13', 'x14', 'x15', 'x16', 'x17', 'x18', 'x19'], 'sid_name': 'id', 'label_name': 'y'}
[INFO] [2021-06-15 21:01:46,540] [720:140199518553920] - task_executor.py[line:313]: report task 202106152101093465361_intersection_1 0 host 9998 to driver
[INFO] [2021-06-15 21:01:46,541] [720:140199518553920] - control_client.py[line:42]: request update job 202106152101093465361 task 202106152101093465361_intersection_1 0 on host 9998
[INFO] [2021-06-15 21:01:46,626] [720:140199518553920] - task_executor.py[line:202]: task 202106152101093465361_intersection_1 host 9998 start time: 2021-06-15 21:01:43
[INFO] [2021-06-15 21:01:46,627] [720:140199518553920] - task_executor.py[line:204]: task 202106152101093465361_intersection_1 host 9998 end time: 2021-06-15 21:01:46
[INFO] [2021-06-15 21:01:46,627] [720:140199518553920] - task_executor.py[line:206]: task 202106152101093465361_intersection_1 host 9998 takes 3.092s
[INFO] [2021-06-15 21:01:46,627] [720:140199518553920] - task_executor.py[line:209]: Finish 202106152101093465361 intersection_1 202106152101093465361_intersection_1 0 host 9998 task success
[INFO] [2021-06-15 21:01:46,667] [720:140199518553920] - task_executor.py[line:313]: report task 202106152101093465361_intersection_1 0 host 9998 to driver
[INFO] [2021-06-15 21:01:46,667] [720:140199518553920] - control_client.py[line:42]: request update job 202106152101093465361 task 202106152101093465361_intersection_1 0 on host 9998
[INFO] [2021-06-15 21:01:51,349] [811:140231370778432] - task_executor.py[line:313]: report task 202106152101093465361_hetero_secure_boost_0 0 host 9998 to driver
[INFO] [2021-06-15 21:01:51,349] [811:140231370778432] - control_client.py[line:42]: request update job 202106152101093465361 task 202106152101093465361_hetero_secure_boost_0 0 on host 9998
[INFO] [2021-06-15 21:01:51,708] [811:140231370778432] - task_executor.py[line:150]: Run 202106152101093465361 hetero_secure_boost_0 202106152101093465361_hetero_secure_boost_0 host 9998 task
[INFO] [2021-06-15 21:01:51,708] [811:140231370778432] - task_executor.py[line:151]: Component parameters on party {'HeteroSecureBoostParam': {'task_type': 'classification', 'objective_param': {'objective': 'cross_entropy', 'params': None}, 'learning_rate': 0.3, 'num_trees': 3, 'subsample_feature_rate': 1.0, 'n_iter_no_change': True, 'tol': 0.0001, 'bin_num': 32, 'predict_param': {'threshold': 0.5}, 'cv_param': {'n_splits': 5, 'mode': 'hetero', 'role': 'guest', 'shuffle': True, 'random_seed': 1, 'need_cv': False, 'output_fold_history': True, 'history_value_type': 'score'}, 'validation_freqs': 1, 'metrics': None, 'random_seed': 100, 'binning_error': 0.0001, 'encrypt_param': {'method': 'iterativeAffine', 'key_length': 1024}, 'encrypted_mode_calculator_param': {'mode': 'strict', 're_encrypted_rate': 1}, 'early_stopping_rounds': None, 'use_first_metric_only': False, 'tree_param': {'criterion_method': 'xgboost', 'criterion_params': [0.1, 0], 'max_depth': 3, 'min_sample_split': 2, 'min_impurity_split': 0.001, 'min_leaf_node': 1, 'min_child_weight': 0, 'max_split_nodes': 65536, 'feature_importance_type': 'split', 'n_iter_no_change': True, 'tol': 0.001, 'use_missing': False, 'zero_as_missing': False, 'deterministic': False}, 'zero_as_missing': False, 'use_missing': False, 'complete_secure': False, 'sparse_optimization': False, 'run_goss': False, 'top_rate': 0.2, 'other_rate': 0.1, 'cipher_compress_error': None, 'new_ver': True}, 'dsl_version': 2, 'initiator': {'role': 'guest', 'party_id': 9999}, 'role': {'host': [9998], 'guest': [9999]}, 'job_parameters': {'job_type': 'train', 'work_mode': 0, 'backend': 0, 'computing_engine': 'STANDALONE', 'federation_engine': 'STANDALONE', 'storage_engine': 'STANDALONE', 'engines_address': {'computing': {'nodes': 1, 'cores_per_node': 20}, 'federation': {'nodes': 1, 'cores_per_node': 20}, 'storage': {'nodes': 1, 'cores_per_node': 20}}, 'federated_mode': 'SINGLE', 'task_parallelism': 1, 'computing_partitions': 4, 'federated_status_collect_type': 'PULL', 'model_id': 'guest-9999#host-9998#model', 'model_version': '202106152101093465361', 'eggroll_run': {'eggroll.session.processors.per.node': 4}, 'spark_run': {}, 'rabbitmq_run': {}, 'pulsar_run': {}, 'adaptation_parameters': {'task_nodes': 1, 'task_cores_per_node': 4, 'task_memory_per_node': 0, 'request_task_cores': 4, 'if_initiator_baseline': False}}, 'component_parameters': {'common': {'hetero_secure_boost_0': {'task_type': 'classification', 'objective_param': {'objective': 'cross_entropy'}, 'num_trees': 3, 'validation_freqs': 1, 'encrypt_param': {'method': 'iterativeAffine'}, 'tree_param': {'max_depth': 3}}, 'evaluation_0': {'eval_type': 'binary'}}, 'role': {'guest': {'0': {'reader_1': {'table': {'name': 'breast_hetero_guest', 'namespace': 'experiment'}}, 'reader_0': {'table': {'name': 'breast_hetero_guest', 'namespace': 'experiment'}}, 'dataio_0': {'with_label': True, 'output_format': 'dense'}, 'dataio_1': {'with_label': True, 'output_format': 'dense'}}}, 'host': {'0': {'reader_1': {'table': {'name': 'breast_hetero_host', 'namespace': 'experiment'}}, 'reader_0': {'table': {'name': 'breast_hetero_host', 'namespace': 'experiment'}}, 'dataio_0': {'with_label': False}, 'dataio_1': {'with_label': False}}}}}, 'conf_path': './examples/LDPDev/dsl/v2/hetero_secureboost/test_secureboost_train_binary_conf.json', 'dsl_path': './examples/LDPDev/dsl/v2/hetero_secureboost/test_secureboost_train_dsl.json', 'local': {'role': 'host', 'party_id': 9998}, 'CodePath': 'federatedml/ensemble/boosting/hetero/hetero_secureboost_host.py/HeteroSecureBoostingTreeHost', 'module': 'HeteroSecureBoost', 'output_data_name': ['data']}
[INFO] [2021-06-15 21:01:51,709] [811:140231370778432] - task_executor.py[line:152]: Task input dsl {'data': {'train_data': ['intersection_0.data'], 'validate_data': ['intersection_1.data']}}
[INFO] [2021-06-15 21:01:51,709] [811:140231370778432] - tracker_client.py[line:150]: Request read job 202106152101093465361 task None None on host 9998 data data info
[INFO] [2021-06-15 21:01:51,758] [811:140231370778432] - task_executor.py[line:269]: load computing table use 4
[INFO] [2021-06-15 21:01:51,822] [811:140231370778432] - tracker_client.py[line:150]: Request read job 202106152101093465361 task None None on host 9998 data data info
[INFO] [2021-06-15 21:01:51,863] [811:140231370778432] - task_executor.py[line:269]: load computing table use 4
[INFO] [2021-06-15 21:01:55,846] [811:140231370778432] - hetero_boosting.py[line:280]: begin to fit a hetero boosting model, model is HeteroSecureBoost
[INFO] [2021-06-15 21:01:56,091] [811:140231370778432] - boosting.py[line:176]: convert feature to bins
[INFO] [2021-06-15 21:01:58,576] [811:140231370778432] - boosting.py[line:186]: convert feature to bins over
[INFO] [2021-06-15 21:01:58,599] [811:140231370778432] - hetero_boosting.py[line:265]: sync booster dim from guest
[INFO] [2021-06-15 21:01:58,614] [811:140231370778432] - hetero_boosting.py[line:267]: booster dim is 1
[INFO] [2021-06-15 21:01:58,614] [811:140231370778432] - hetero_boosting.py[line:62]: generate encrypter
[INFO] [2021-06-15 21:01:58,642] [811:140231370778432] - hetero_boosting.py[line:290]: cur epoch idx is 0
[INFO] [2021-06-15 21:01:58,643] [811:140231370778432] - splitter.py[line:70]: splitter init!
[INFO] [2021-06-15 21:01:58,644] [811:140231370778432] - criterion.py[line:47]: splitter criterion setting done: l1 0.0, l2 0.1
[INFO] [2021-06-15 21:01:58,644] [811:140231370778432] - boosting.py[line:393]: generate flowid, flowid fit
[INFO] [2021-06-15 21:01:58,645] [811:140231370778432] - boosting.py[line:191]: sample valid features
[INFO] [2021-06-15 21:01:58,645] [811:140231370778432] - decision_tree.py[line:109]: set flowid, flowid is fit.0.0
[INFO] [2021-06-15 21:01:58,646] [811:140231370778432] - decision_tree.py[line:114]: set valid features
[INFO] [2021-06-15 21:01:58,646] [811:140231370778432] - hetero_decision_tree_host.py[line:63]: reporting initialization status
[INFO] [2021-06-15 21:01:58,646] [811:140231370778432] - hetero_decision_tree_host.py[line:64]: using new version code True
[INFO] [2021-06-15 21:01:58,647] [811:140231370778432] - hetero_decision_tree_host.py[line:509]: begin to fit host decision tree
[INFO] [2021-06-15 21:01:58,647] [811:140231370778432] - hetero_decision_tree_host.py[line:218]: get encrypted grad and hess
[INFO] [2021-06-15 21:01:58,652] [811:140231370778432] - hetero_decision_tree_host.py[line:228]: get tree node queue of depth 0
[INFO] [2021-06-15 21:01:58,768] [811:140231370778432] - hetero_decision_tree_host.py[line:222]: get tree node queue of depth 0
[INFO] [2021-06-15 21:01:58,859] [811:140231370778432] - hetero_decision_tree_host.py[line:429]: solving node batch 0, node num is 1
[INFO] [2021-06-15 21:01:58,944] [811:140231370778432] - decision_tree.py[line:153]: start to compute node histograms
[INFO] [2021-06-15 21:01:58,945] [811:140231370778432] - feature_histogram.py[line:192]: get histogram using histogram subtraction
[INFO] [2021-06-15 21:01:58,945] [811:140231370778432] - feature_histogram.py[line:231]: computing histogram table using normal mode
[INFO] [2021-06-15 21:01:59,494] [811:140231370778432] - feature_histogram.py[line:875]: hist subtraction dep is updated to 0
[INFO] [2021-06-15 21:01:59,494] [811:140231370778432] - splitter.py[line:452]: splitter find split of host
[INFO] [2021-06-15 21:01:59,907] [811:140231370778432] - hetero_decision_tree_host.py[line:272]: get node from host to dispath, depth is 0
[INFO] [2021-06-15 21:02:01,127] [811:140231370778432] - hetero_decision_tree_host.py[line:359]: start to find host dispath of depth 0
[INFO] [2021-06-15 21:02:01,145] [811:140231370778432] - hetero_decision_tree_host.py[line:278]: send host dispatch result, depth is 0
[INFO] [2021-06-15 21:02:01,183] [811:140231370778432] - hetero_decision_tree_host.py[line:228]: get tree node queue of depth 1
[INFO] [2021-06-15 21:02:01,401] [811:140231370778432] - hetero_decision_tree_host.py[line:222]: get tree node queue of depth 1
[INFO] [2021-06-15 21:02:01,520] [811:140231370778432] - hetero_decision_tree_host.py[line:429]: solving node batch 0, node num is 2
[INFO] [2021-06-15 21:02:01,603] [811:140231370778432] - decision_tree.py[line:153]: start to compute node histograms
[INFO] [2021-06-15 21:02:01,604] [811:140231370778432] - feature_histogram.py[line:192]: get histogram using histogram subtraction
[INFO] [2021-06-15 21:02:01,604] [811:140231370778432] - feature_histogram.py[line:231]: computing histogram table using normal mode
[INFO] [2021-06-15 21:02:01,900] [811:140231370778432] - feature_histogram.py[line:875]: hist subtraction dep is updated to 1
[INFO] [2021-06-15 21:02:02,065] [811:140231370778432] - splitter.py[line:452]: splitter find split of host
[INFO] [2021-06-15 21:02:02,739] [811:140231370778432] - hetero_decision_tree_host.py[line:272]: get node from host to dispath, depth is 1
[INFO] [2021-06-15 21:02:03,374] [811:140231370778432] - hetero_decision_tree_host.py[line:359]: start to find host dispath of depth 1
[INFO] [2021-06-15 21:02:03,389] [811:140231370778432] - hetero_decision_tree_host.py[line:278]: send host dispatch result, depth is 1
[INFO] [2021-06-15 21:02:03,430] [811:140231370778432] - hetero_decision_tree_host.py[line:228]: get tree node queue of depth 2
[INFO] [2021-06-15 21:02:03,875] [811:140231370778432] - hetero_decision_tree_host.py[line:222]: get tree node queue of depth 2
[INFO] [2021-06-15 21:02:03,965] [811:140231370778432] - hetero_decision_tree_host.py[line:429]: solving node batch 0, node num is 4
[INFO] [2021-06-15 21:02:04,026] [811:140231370778432] - decision_tree.py[line:153]: start to compute node histograms
[INFO] [2021-06-15 21:02:04,026] [811:140231370778432] - feature_histogram.py[line:192]: get histogram using histogram subtraction
[INFO] [2021-06-15 21:02:04,027] [811:140231370778432] - feature_histogram.py[line:231]: computing histogram table using normal mode
[INFO] [2021-06-15 21:02:04,991] [811:140231370778432] - feature_histogram.py[line:875]: hist subtraction dep is updated to 2
[INFO] [2021-06-15 21:02:05,189] [811:140231370778432] - splitter.py[line:452]: splitter find split of host
[INFO] [2021-06-15 21:02:05,893] [811:140231370778432] - hetero_decision_tree_host.py[line:272]: get node from host to dispath, depth is 2
[INFO] [2021-06-15 21:02:06,629] [811:140231370778432] - hetero_decision_tree_host.py[line:359]: start to find host dispath of depth 2
[INFO] [2021-06-15 21:02:06,644] [811:140231370778432] - hetero_decision_tree_host.py[line:278]: send host dispatch result, depth is 2
[INFO] [2021-06-15 21:02:06,679] [811:140231370778432] - hetero_decision_tree_host.py[line:286]: sync tree from guest
[INFO] [2021-06-15 21:02:07,199] [811:140231370778432] - hetero_decision_tree_host.py[line:398]: convert tree node bins to real value
[INFO] [2021-06-15 21:02:07,200] [811:140231370778432] - hetero_decision_tree_host.py[line:392]: remove duplicated nodes from split mask dict
[INFO] [2021-06-15 21:02:07,201] [811:140231370778432] - hetero_decision_tree_host.py[line:541]: fitting host decision tree done
[INFO] [2021-06-15 21:02:07,243] [811:140231370778432] - hetero_secureboost_host.py[line:195]: running prediction
[INFO] [2021-06-15 21:02:08,446] [811:140231370778432] - splitter.py[line:70]: splitter init!
[INFO] [2021-06-15 21:02:08,446] [811:140231370778432] - criterion.py[line:47]: splitter criterion setting done: l1 0.0, l2 0.1
[INFO] [2021-06-15 21:02:08,447] [811:140231370778432] - decision_tree.py[line:311]: load tree model
[INFO] [2021-06-15 21:02:08,447] [811:140231370778432] - boosting.py[line:393]: generate flowid, flowid fit_iteration_0_validate
[INFO] [2021-06-15 21:02:08,448] [811:140231370778432] - decision_tree.py[line:130]: set flowid, flowid is fit_iteration_0_validate.0.0
[INFO] [2021-06-15 21:02:09,067] [811:140231370778432] - hetero_boosting.py[line:270]: sync stop flag from guest, boosting_core round is 0
[INFO] [2021-06-15 21:02:10,255] [811:140231370778432] - hetero_boosting.py[line:290]: cur epoch idx is 1
[INFO] [2021-06-15 21:02:10,256] [811:140231370778432] - splitter.py[line:70]: splitter init!
[INFO] [2021-06-15 21:02:10,256] [811:140231370778432] - criterion.py[line:47]: splitter criterion setting done: l1 0.0, l2 0.1
[INFO] [2021-06-15 21:02:10,256] [811:140231370778432] - boosting.py[line:393]: generate flowid, flowid fit
[INFO] [2021-06-15 21:02:10,257] [811:140231370778432] - boosting.py[line:191]: sample valid features
[INFO] [2021-06-15 21:02:10,257] [811:140231370778432] - decision_tree.py[line:109]: set flowid, flowid is fit.1.0
[INFO] [2021-06-15 21:02:10,257] [811:140231370778432] - decision_tree.py[line:114]: set valid features
[INFO] [2021-06-15 21:02:10,257] [811:140231370778432] - hetero_decision_tree_host.py[line:63]: reporting initialization status
[INFO] [2021-06-15 21:02:10,258] [811:140231370778432] - hetero_decision_tree_host.py[line:64]: using new version code True
[INFO] [2021-06-15 21:02:10,258] [811:140231370778432] - hetero_decision_tree_host.py[line:509]: begin to fit host decision tree
[INFO] [2021-06-15 21:02:10,258] [811:140231370778432] - hetero_decision_tree_host.py[line:218]: get encrypted grad and hess
[INFO] [2021-06-15 21:02:10,364] [811:140231370778432] - hetero_decision_tree_host.py[line:228]: get tree node queue of depth 0
[INFO] [2021-06-15 21:02:10,480] [811:140231370778432] - hetero_decision_tree_host.py[line:222]: get tree node queue of depth 0
[INFO] [2021-06-15 21:02:10,538] [811:140231370778432] - hetero_decision_tree_host.py[line:429]: solving node batch 0, node num is 1
[INFO] [2021-06-15 21:02:10,597] [811:140231370778432] - decision_tree.py[line:153]: start to compute node histograms
[INFO] [2021-06-15 21:02:10,598] [811:140231370778432] - feature_histogram.py[line:192]: get histogram using histogram subtraction
[INFO] [2021-06-15 21:02:10,598] [811:140231370778432] - feature_histogram.py[line:231]: computing histogram table using normal mode
[INFO] [2021-06-15 21:02:10,941] [811:140231370778432] - feature_histogram.py[line:875]: hist subtraction dep is updated to 0
[INFO] [2021-06-15 21:02:10,941] [811:140231370778432] - splitter.py[line:452]: splitter find split of host
[INFO] [2021-06-15 21:02:11,342] [811:140231370778432] - hetero_decision_tree_host.py[line:272]: get node from host to dispath, depth is 0
[INFO] [2021-06-15 21:02:11,856] [811:140231370778432] - hetero_decision_tree_host.py[line:359]: start to find host dispath of depth 0
[INFO] [2021-06-15 21:02:11,873] [811:140231370778432] - hetero_decision_tree_host.py[line:278]: send host dispatch result, depth is 0
[INFO] [2021-06-15 21:02:11,910] [811:140231370778432] - hetero_decision_tree_host.py[line:228]: get tree node queue of depth 1
[INFO] [2021-06-15 21:02:12,125] [811:140231370778432] - hetero_decision_tree_host.py[line:222]: get tree node queue of depth 1
[INFO] [2021-06-15 21:02:12,235] [811:140231370778432] - hetero_decision_tree_host.py[line:429]: solving node batch 0, node num is 2
[INFO] [2021-06-15 21:02:12,285] [811:140231370778432] - decision_tree.py[line:153]: start to compute node histograms
[INFO] [2021-06-15 21:02:12,286] [811:140231370778432] - feature_histogram.py[line:192]: get histogram using histogram subtraction
[INFO] [2021-06-15 21:02:12,286] [811:140231370778432] - feature_histogram.py[line:231]: computing histogram table using normal mode
[INFO] [2021-06-15 21:02:12,558] [811:140231370778432] - feature_histogram.py[line:875]: hist subtraction dep is updated to 1
[INFO] [2021-06-15 21:02:12,714] [811:140231370778432] - splitter.py[line:452]: splitter find split of host
[INFO] [2021-06-15 21:02:13,223] [811:140231370778432] - hetero_decision_tree_host.py[line:272]: get node from host to dispath, depth is 1
[INFO] [2021-06-15 21:02:13,969] [811:140231370778432] - hetero_decision_tree_host.py[line:359]: start to find host dispath of depth 1
[INFO] [2021-06-15 21:02:14,017] [811:140231370778432] - hetero_decision_tree_host.py[line:278]: send host dispatch result, depth is 1
[INFO] [2021-06-15 21:02:14,088] [811:140231370778432] - hetero_decision_tree_host.py[line:228]: get tree node queue of depth 2
[INFO] [2021-06-15 21:02:14,318] [811:140231370778432] - hetero_decision_tree_host.py[line:222]: get tree node queue of depth 2
[INFO] [2021-06-15 21:02:14,983] [811:140231370778432] - hetero_decision_tree_host.py[line:429]: solving node batch 0, node num is 4
[INFO] [2021-06-15 21:02:15,044] [811:140231370778432] - decision_tree.py[line:153]: start to compute node histograms
[INFO] [2021-06-15 21:02:15,044] [811:140231370778432] - feature_histogram.py[line:192]: get histogram using histogram subtraction
[INFO] [2021-06-15 21:02:15,045] [811:140231370778432] - feature_histogram.py[line:231]: computing histogram table using normal mode
[INFO] [2021-06-15 21:02:15,393] [811:140231370778432] - feature_histogram.py[line:875]: hist subtraction dep is updated to 2
[INFO] [2021-06-15 21:02:16,285] [811:140231370778432] - splitter.py[line:452]: splitter find split of host
[INFO] [2021-06-15 21:02:17,231] [811:140231370778432] - hetero_decision_tree_host.py[line:272]: get node from host to dispath, depth is 2
[INFO] [2021-06-15 21:02:17,972] [811:140231370778432] - hetero_decision_tree_host.py[line:359]: start to find host dispath of depth 2
[INFO] [2021-06-15 21:02:18,018] [811:140231370778432] - hetero_decision_tree_host.py[line:278]: send host dispatch result, depth is 2
[INFO] [2021-06-15 21:02:18,082] [811:140231370778432] - hetero_decision_tree_host.py[line:286]: sync tree from guest
[INFO] [2021-06-15 21:02:18,701] [811:140231370778432] - hetero_decision_tree_host.py[line:398]: convert tree node bins to real value
[INFO] [2021-06-15 21:02:18,703] [811:140231370778432] - hetero_decision_tree_host.py[line:392]: remove duplicated nodes from split mask dict
[INFO] [2021-06-15 21:02:18,703] [811:140231370778432] - hetero_decision_tree_host.py[line:541]: fitting host decision tree done
[INFO] [2021-06-15 21:02:18,872] [811:140231370778432] - hetero_secureboost_host.py[line:195]: running prediction
[INFO] [2021-06-15 21:02:19,389] [811:140231370778432] - splitter.py[line:70]: splitter init!
[INFO] [2021-06-15 21:02:19,390] [811:140231370778432] - criterion.py[line:47]: splitter criterion setting done: l1 0.0, l2 0.1
[INFO] [2021-06-15 21:02:19,390] [811:140231370778432] - decision_tree.py[line:311]: load tree model
[INFO] [2021-06-15 21:02:19,390] [811:140231370778432] - boosting.py[line:393]: generate flowid, flowid fit_iteration_1_validate
[INFO] [2021-06-15 21:02:19,391] [811:140231370778432] - decision_tree.py[line:130]: set flowid, flowid is fit_iteration_1_validate.1.0
[INFO] [2021-06-15 21:02:21,005] [811:140231370778432] - hetero_boosting.py[line:270]: sync stop flag from guest, boosting_core round is 1
[INFO] [2021-06-15 21:02:22,374] [811:140231370778432] - hetero_boosting.py[line:290]: cur epoch idx is 2
[INFO] [2021-06-15 21:02:22,375] [811:140231370778432] - splitter.py[line:70]: splitter init!
[INFO] [2021-06-15 21:02:22,375] [811:140231370778432] - criterion.py[line:47]: splitter criterion setting done: l1 0.0, l2 0.1
[INFO] [2021-06-15 21:02:22,376] [811:140231370778432] - boosting.py[line:393]: generate flowid, flowid fit
[INFO] [2021-06-15 21:02:22,376] [811:140231370778432] - boosting.py[line:191]: sample valid features
[INFO] [2021-06-15 21:02:22,376] [811:140231370778432] - decision_tree.py[line:109]: set flowid, flowid is fit.2.0
[INFO] [2021-06-15 21:02:22,377] [811:140231370778432] - decision_tree.py[line:114]: set valid features
[INFO] [2021-06-15 21:02:22,377] [811:140231370778432] - hetero_decision_tree_host.py[line:63]: reporting initialization status
[INFO] [2021-06-15 21:02:22,377] [811:140231370778432] - hetero_decision_tree_host.py[line:64]: using new version code True
[INFO] [2021-06-15 21:02:22,378] [811:140231370778432] - hetero_decision_tree_host.py[line:509]: begin to fit host decision tree
[INFO] [2021-06-15 21:02:22,378] [811:140231370778432] - hetero_decision_tree_host.py[line:218]: get encrypted grad and hess
[INFO] [2021-06-15 21:02:22,586] [811:140231370778432] - hetero_decision_tree_host.py[line:228]: get tree node queue of depth 0
[INFO] [2021-06-15 21:02:22,702] [811:140231370778432] - hetero_decision_tree_host.py[line:222]: get tree node queue of depth 0
[INFO] [2021-06-15 21:02:22,778] [811:140231370778432] - hetero_decision_tree_host.py[line:429]: solving node batch 0, node num is 1
[INFO] [2021-06-15 21:02:22,888] [811:140231370778432] - decision_tree.py[line:153]: start to compute node histograms
[INFO] [2021-06-15 21:02:22,888] [811:140231370778432] - feature_histogram.py[line:192]: get histogram using histogram subtraction
[INFO] [2021-06-15 21:02:22,888] [811:140231370778432] - feature_histogram.py[line:231]: computing histogram table using normal mode
[INFO] [2021-06-15 21:02:23,253] [811:140231370778432] - feature_histogram.py[line:875]: hist subtraction dep is updated to 0
[INFO] [2021-06-15 21:02:23,254] [811:140231370778432] - splitter.py[line:452]: splitter find split of host
[INFO] [2021-06-15 21:02:23,765] [811:140231370778432] - hetero_decision_tree_host.py[line:272]: get node from host to dispath, depth is 0
[INFO] [2021-06-15 21:02:24,174] [811:140231370778432] - hetero_decision_tree_host.py[line:359]: start to find host dispath of depth 0
[INFO] [2021-06-15 21:02:24,189] [811:140231370778432] - hetero_decision_tree_host.py[line:278]: send host dispatch result, depth is 0
[INFO] [2021-06-15 21:02:24,229] [811:140231370778432] - hetero_decision_tree_host.py[line:228]: get tree node queue of depth 1
[INFO] [2021-06-15 21:02:24,447] [811:140231370778432] - hetero_decision_tree_host.py[line:222]: get tree node queue of depth 1
[INFO] [2021-06-15 21:02:24,850] [811:140231370778432] - hetero_decision_tree_host.py[line:429]: solving node batch 0, node num is 2
[INFO] [2021-06-15 21:02:24,912] [811:140231370778432] - decision_tree.py[line:153]: start to compute node histograms
[INFO] [2021-06-15 21:02:24,912] [811:140231370778432] - feature_histogram.py[line:192]: get histogram using histogram subtraction
[INFO] [2021-06-15 21:02:24,913] [811:140231370778432] - feature_histogram.py[line:231]: computing histogram table using normal mode
[INFO] [2021-06-15 21:02:25,280] [811:140231370778432] - feature_histogram.py[line:875]: hist subtraction dep is updated to 1
[INFO] [2021-06-15 21:02:25,441] [811:140231370778432] - splitter.py[line:452]: splitter find split of host
[INFO] [2021-06-15 21:02:26,271] [811:140231370778432] - hetero_decision_tree_host.py[line:272]: get node from host to dispath, depth is 1
[INFO] [2021-06-15 21:02:27,003] [811:140231370778432] - hetero_decision_tree_host.py[line:359]: start to find host dispath of depth 1
[INFO] [2021-06-15 21:02:27,019] [811:140231370778432] - hetero_decision_tree_host.py[line:278]: send host dispatch result, depth is 1
[INFO] [2021-06-15 21:02:27,054] [811:140231370778432] - hetero_decision_tree_host.py[line:228]: get tree node queue of depth 2
[INFO] [2021-06-15 21:02:27,373] [811:140231370778432] - hetero_decision_tree_host.py[line:222]: get tree node queue of depth 2
[INFO] [2021-06-15 21:02:27,488] [811:140231370778432] - hetero_decision_tree_host.py[line:429]: solving node batch 0, node num is 4
[INFO] [2021-06-15 21:02:27,551] [811:140231370778432] - decision_tree.py[line:153]: start to compute node histograms
[INFO] [2021-06-15 21:02:27,551] [811:140231370778432] - feature_histogram.py[line:192]: get histogram using histogram subtraction
[INFO] [2021-06-15 21:02:27,552] [811:140231370778432] - feature_histogram.py[line:231]: computing histogram table using normal mode
[INFO] [2021-06-15 21:02:27,877] [811:140231370778432] - feature_histogram.py[line:875]: hist subtraction dep is updated to 2
[INFO] [2021-06-15 21:02:28,068] [811:140231370778432] - splitter.py[line:452]: splitter find split of host
[INFO] [2021-06-15 21:02:28,967] [811:140231370778432] - hetero_decision_tree_host.py[line:272]: get node from host to dispath, depth is 2
[INFO] [2021-06-15 21:02:29,702] [811:140231370778432] - hetero_decision_tree_host.py[line:359]: start to find host dispath of depth 2
[INFO] [2021-06-15 21:02:29,745] [811:140231370778432] - hetero_decision_tree_host.py[line:278]: send host dispatch result, depth is 2
[INFO] [2021-06-15 21:02:29,805] [811:140231370778432] - hetero_decision_tree_host.py[line:286]: sync tree from guest
[INFO] [2021-06-15 21:02:31,035] [811:140231370778432] - hetero_decision_tree_host.py[line:398]: convert tree node bins to real value
[INFO] [2021-06-15 21:02:31,036] [811:140231370778432] - hetero_decision_tree_host.py[line:392]: remove duplicated nodes from split mask dict
[INFO] [2021-06-15 21:02:31,037] [811:140231370778432] - hetero_decision_tree_host.py[line:541]: fitting host decision tree done
[INFO] [2021-06-15 21:02:31,330] [811:140231370778432] - hetero_secureboost_host.py[line:195]: running prediction
[INFO] [2021-06-15 21:02:32,356] [811:140231370778432] - splitter.py[line:70]: splitter init!
[INFO] [2021-06-15 21:02:32,356] [811:140231370778432] - criterion.py[line:47]: splitter criterion setting done: l1 0.0, l2 0.1
[INFO] [2021-06-15 21:02:32,356] [811:140231370778432] - decision_tree.py[line:311]: load tree model
[INFO] [2021-06-15 21:02:32,357] [811:140231370778432] - boosting.py[line:393]: generate flowid, flowid fit_iteration_2_validate
[INFO] [2021-06-15 21:02:32,357] [811:140231370778432] - decision_tree.py[line:130]: set flowid, flowid is fit_iteration_2_validate.2.0
[INFO] [2021-06-15 21:02:34,020] [811:140231370778432] - hetero_boosting.py[line:270]: sync stop flag from guest, boosting_core round is 2
[INFO] [2021-06-15 21:02:35,712] [811:140231370778432] - hetero_secureboost_host.py[line:195]: running prediction
[INFO] [2021-06-15 21:02:35,983] [811:140231370778432] - splitter.py[line:70]: splitter init!
[INFO] [2021-06-15 21:02:35,984] [811:140231370778432] - criterion.py[line:47]: splitter criterion setting done: l1 0.0, l2 0.1
[INFO] [2021-06-15 21:02:35,984] [811:140231370778432] - decision_tree.py[line:311]: load tree model
[INFO] [2021-06-15 21:02:35,985] [811:140231370778432] - boosting.py[line:393]: generate flowid, flowid validate
[INFO] [2021-06-15 21:02:35,985] [811:140231370778432] - decision_tree.py[line:130]: set flowid, flowid is validate.0.0
[INFO] [2021-06-15 21:02:35,985] [811:140231370778432] - splitter.py[line:70]: splitter init!
[INFO] [2021-06-15 21:02:35,986] [811:140231370778432] - criterion.py[line:47]: splitter criterion setting done: l1 0.0, l2 0.1
[INFO] [2021-06-15 21:02:35,986] [811:140231370778432] - decision_tree.py[line:311]: load tree model
[INFO] [2021-06-15 21:02:35,987] [811:140231370778432] - boosting.py[line:393]: generate flowid, flowid validate
[INFO] [2021-06-15 21:02:35,987] [811:140231370778432] - decision_tree.py[line:130]: set flowid, flowid is validate.1.0
[INFO] [2021-06-15 21:02:35,988] [811:140231370778432] - splitter.py[line:70]: splitter init!
[INFO] [2021-06-15 21:02:35,988] [811:140231370778432] - criterion.py[line:47]: splitter criterion setting done: l1 0.0, l2 0.1
[INFO] [2021-06-15 21:02:35,989] [811:140231370778432] - decision_tree.py[line:311]: load tree model
[INFO] [2021-06-15 21:02:35,989] [811:140231370778432] - boosting.py[line:393]: generate flowid, flowid validate
[INFO] [2021-06-15 21:02:35,990] [811:140231370778432] - decision_tree.py[line:130]: set flowid, flowid is validate.2.0
[INFO] [2021-06-15 21:02:38,374] [811:140231370778432] - hetero_secureboost_host.py[line:195]: running prediction
[INFO] [2021-06-15 21:02:38,998] [811:140231370778432] - hetero_secureboost_host.py[line:211]: no tree for predicting, prediction done
[INFO] [2021-06-15 21:02:38,999] [811:140231370778432] - tracker_client.py[line:173]: Request save job 202106152101093465361 task 202106152101093465361_hetero_secure_boost_0 0 on host 9998 component summary
[INFO] [2021-06-15 21:02:40,423] [811:140231370778432] - profile.py[line:249]: 
Computing:
+----------+--------------------------------------------------------+
| function |       function         n    sum(s)   mean(s)   max(s)  |
|          | --------------------- ---- -------- --------- -------- |
|          |  mapReducePartitions   10   3.812     0.381    2.062   |
|          |     mapPartitions      15   2.858     0.191     0.52   |
|          |         join           36   2.802     0.078    0.672   |
|          |       mapValues        16   1.749     0.109    0.464   |
|          |    applyPartitions     18   0.298     0.017    0.029   |
|          |         count          26   0.089     0.003    0.007   |
|          |         first          6     0.03     0.005    0.007   |
+----------+--------------------------------------------------------+
|  total   |      n=127, sum=11.6371, mean=0.0916, max=2.0616       |
+----------+--------------------------------------------------------+

Federation:
+--------+-------------------------------------------------------------------------------------------------------------+
|  get   |                                    name                                    | n | sum(s) | mean(s) | max(s)  |
|        | ---------------------------------------------------------------------------+---+--------+---------+-------- |
|        |  federatedml.transfer_variable.transfer_class.hetero_decision_tree_transfe | 9 | 6.319  |  0.702  | 1.219   |
|        |      r_variable.HeteroDecisionTreeTransferVariable.dispatch_node_host      |   |        |         |         |
|        | ---------------------------------------------------------------------------+---+--------+---------+-------- |
|        |  federatedml.transfer_variable.transfer_class.hetero_secure_boosting_predi | 7 | 5.087  |  0.727  |  1.23   |
|        |  ct_transfer_variable.HeteroSecureBoostTransferVariable.predict_stop_flag  |   |        |         |         |
|        | ---------------------------------------------------------------------------+---+--------+---------+-------- |
|        |  federatedml.transfer_variable.transfer_class.hetero_boosting_transfer_var | 3 | 4.084  |  1.361  | 1.529   |
|        |               iable.HeteroBoostingTransferVariable.stop_flag               |   |        |         |         |
|        | ---------------------------------------------------------------------------+---+--------+---------+-------- |
|        |  federatedml.transfer_variable.transfer_class.hetero_boosting_transfer_var | 5 |  2.9   |  0.58   | 1.024   |
|        |          iable.HeteroBoostingTransferVariable.predict_start_round          |   |        |         |         |
|        | ---------------------------------------------------------------------------+---+--------+---------+-------- |
|        |  federatedml.transfer_variable.transfer_class.hetero_decision_tree_transfe | 9 | 2.833  |  0.315  | 0.623   |
|        |  r_variable.HeteroDecisionTreeTransferVariable.federated_best_splitinfo_ho |   |        |         |         |
|        |                                     st                                     |   |        |         |         |
|        | ---------------------------------------------------------------------------+---+--------+---------+-------- |
|        |  federatedml.transfer_variable.transfer_class.hetero_decision_tree_transfe | 3 | 2.365  |  0.788  | 1.229   |
|        |             r_variable.HeteroDecisionTreeTransferVariable.tree             |   |        |         |         |
|        | ---------------------------------------------------------------------------+---+--------+---------+-------- |
|        |  federatedml.transfer_variable.transfer_class.hetero_decision_tree_transfe | 9 | 1.968  |  0.219  | 0.443   |
|        |        r_variable.HeteroDecisionTreeTransferVariable.tree_node_queue       |   |        |         |         |
|        | ---------------------------------------------------------------------------+---+--------+---------+-------- |
|        |  federatedml.transfer_variable.transfer_class.hetero_decision_tree_transfe | 3 | 0.316  |  0.105  | 0.207   |
|        |    r_variable.HeteroDecisionTreeTransferVariable.encrypted_grad_and_hess   |   |        |         |         |
|        | ---------------------------------------------------------------------------+---+--------+---------+-------- |
|        |  federatedml.transfer_variable.transfer_class.hetero_decision_tree_transfe | 9 | 0.244  |  0.027  | 0.106   |
|        |        r_variable.HeteroDecisionTreeTransferVariable.node_positions        |   |        |         |         |
|        | ---------------------------------------------------------------------------+---+--------+---------+-------- |
|        |  federatedml.transfer_variable.transfer_class.hetero_secure_boosting_predi | 3 | 0.109  |  0.036  | 0.105   |
|        |  ct_transfer_variable.HeteroSecureBoostTransferVariable.guest_predict_data |   |        |         |         |
|        | ---------------------------------------------------------------------------+---+--------+---------+-------- |
|        |  federatedml.transfer_variable.transfer_class.hetero_boosting_transfer_var | 1 | 0.013  |  0.013  | 0.013   |
|        |              iable.HeteroBoostingTransferVariable.booster_dim              |   |        |         |         |
+--------+-------------------------------------------------------------------------------------------------------------+
| remote |                                    name                                    | n | sum(s) | mean(s) | max(s)  |
|        | ---------------------------------------------------------------------------+---+--------+---------+-------- |
|        |  federatedml.transfer_variable.transfer_class.hetero_decision_tree_transfe | 9 | 0.687  |  0.076  | 0.117   |
|        |   r_variable.HeteroDecisionTreeTransferVariable.encrypted_splitinfo_host   |   |        |         |         |
|        | ---------------------------------------------------------------------------+---+--------+---------+-------- |
|        |  federatedml.transfer_variable.transfer_class.hetero_decision_tree_transfe | 9 | 0.189  |  0.021  | 0.042   |
|        |   r_variable.HeteroDecisionTreeTransferVariable.dispatch_node_host_result  |   |        |         |         |
|        | ---------------------------------------------------------------------------+---+--------+---------+-------- |
|        |  federatedml.transfer_variable.transfer_class.hetero_secure_boosting_predi | 3 | 0.163  |  0.054  | 0.059   |
|        |  ct_transfer_variable.HeteroSecureBoostTransferVariable.host_predict_data  |   |        |         |         |
|        | ---------------------------------------------------------------------------+---+--------+---------+-------- |
|        |  federatedml.transfer_variable.transfer_class.hetero_decision_tree_transfe | 9 |  0.09  |  0.01   | 0.013   |
|        |     r_variable.HeteroDecisionTreeTransferVariable.final_splitinfo_host     |   |        |         |         |
+--------+-------------------------------------------------------------------------------------------------------------+
| total  |                                 n=91, sum=27.3657, mean=0.3007, max=1.5294                                  |
+--------+-------------------------------------------------------------------------------------------------------------+

[INFO] [2021-06-15 21:02:40,428] [811:140231370778432] - pipelined_model.py[line:73]: Save hetero_secure_boost_0 model HeteroSecureBoostingTreeHostMeta buffer
[INFO] [2021-06-15 21:02:40,430] [811:140231370778432] - pipelined_model.py[line:73]: Save hetero_secure_boost_0 model HeteroSecureBoostingTreeHostParam buffer
[INFO] [2021-06-15 21:02:40,457] [811:140231370778432] - pipelined_model.py[line:78]: Save hetero_secure_boost_0 model successfully
[INFO] [2021-06-15 21:02:40,457] [811:140231370778432] - task_executor.py[line:313]: report task 202106152101093465361_hetero_secure_boost_0 0 host 9998 to driver
[INFO] [2021-06-15 21:02:40,457] [811:140231370778432] - control_client.py[line:42]: request update job 202106152101093465361 task 202106152101093465361_hetero_secure_boost_0 0 on host 9998
[INFO] [2021-06-15 21:02:40,501] [811:140231370778432] - task_executor.py[line:202]: task 202106152101093465361_hetero_secure_boost_0 host 9998 start time: 2021-06-15 21:01:51
[INFO] [2021-06-15 21:02:40,501] [811:140231370778432] - task_executor.py[line:204]: task 202106152101093465361_hetero_secure_boost_0 host 9998 end time: 2021-06-15 21:02:40
[INFO] [2021-06-15 21:02:40,501] [811:140231370778432] - task_executor.py[line:206]: task 202106152101093465361_hetero_secure_boost_0 host 9998 takes 49.251s
[INFO] [2021-06-15 21:02:40,501] [811:140231370778432] - task_executor.py[line:209]: Finish 202106152101093465361 hetero_secure_boost_0 202106152101093465361_hetero_secure_boost_0 0 host 9998 task success
[INFO] [2021-06-15 21:02:40,641] [811:140231370778432] - task_executor.py[line:313]: report task 202106152101093465361_hetero_secure_boost_0 0 host 9998 to driver
[INFO] [2021-06-15 21:02:40,641] [811:140231370778432] - control_client.py[line:42]: request update job 202106152101093465361 task 202106152101093465361_hetero_secure_boost_0 0 on host 9998
[INFO] [2021-06-15 21:02:49,420] [1052:139728038655808] - task_executor.py[line:313]: report task 202106152101093465361_evaluation_0 0 host 9998 to driver
[INFO] [2021-06-15 21:02:49,420] [1052:139728038655808] - control_client.py[line:42]: request update job 202106152101093465361 task 202106152101093465361_evaluation_0 0 on host 9998
[INFO] [2021-06-15 21:02:49,913] [1052:139728038655808] - task_executor.py[line:150]: Run 202106152101093465361 evaluation_0 202106152101093465361_evaluation_0 host 9998 task
[INFO] [2021-06-15 21:02:49,913] [1052:139728038655808] - task_executor.py[line:151]: Component parameters on party {'EvaluateParam': {'eval_type': 'binary', 'pos_label': 1, 'need_run': True, 'metrics': None, 'unfold_multi_result': False, 'run_clustering_arbiter_metric': False, 'default_metrics': {'binary': ['auc', 'ks', 'lift', 'gain', 'accuracy', 'precision', 'recall', 'roc', 'confusion_mat', 'psi', 'f1_score', 'quantile_pr'], 'multi': ['accuracy', 'precision', 'recall'], 'regression': ['explained_variance', 'mean_absolute_error', 'mean_squared_error', 'median_absolute_error', 'r2_score', 'root_mean_squared_error'], 'clustering': ['jaccard_similarity_score', 'fowlkes_mallows_score', 'adjusted_rand_score', 'davies_bouldin_index', 'distance_measure', 'contingency_matrix']}, 'allowed_metrics': {'binary': ['auc', 'ks', 'lift', 'gain', 'accuracy', 'precision', 'recall', 'roc', 'confusion_mat', 'psi', 'f1_score', 'quantile_pr'], 'multi': ['accuracy', 'precision', 'recall'], 'regression': ['explained_variance', 'mean_absolute_error', 'mean_squared_error', 'median_absolute_error', 'r2_score', 'root_mean_squared_error'], 'clustering': ['jaccard_similarity_score', 'fowlkes_mallows_score', 'adjusted_rand_score', 'davies_bouldin_index', 'distance_measure', 'contingency_matrix']}}, 'dsl_version': 2, 'initiator': {'role': 'guest', 'party_id': 9999}, 'role': {'host': [9998], 'guest': [9999]}, 'job_parameters': {'job_type': 'train', 'work_mode': 0, 'backend': 0, 'computing_engine': 'STANDALONE', 'federation_engine': 'STANDALONE', 'storage_engine': 'STANDALONE', 'engines_address': {'computing': {'nodes': 1, 'cores_per_node': 20}, 'federation': {'nodes': 1, 'cores_per_node': 20}, 'storage': {'nodes': 1, 'cores_per_node': 20}}, 'federated_mode': 'SINGLE', 'task_parallelism': 1, 'computing_partitions': 4, 'federated_status_collect_type': 'PULL', 'model_id': 'guest-9999#host-9998#model', 'model_version': '202106152101093465361', 'eggroll_run': {'eggroll.session.processors.per.node': 4}, 'spark_run': {}, 'rabbitmq_run': {}, 'pulsar_run': {}, 'adaptation_parameters': {'task_nodes': 1, 'task_cores_per_node': 4, 'task_memory_per_node': 0, 'request_task_cores': 4, 'if_initiator_baseline': False}}, 'component_parameters': {'common': {'hetero_secure_boost_0': {'task_type': 'classification', 'objective_param': {'objective': 'cross_entropy'}, 'num_trees': 3, 'validation_freqs': 1, 'encrypt_param': {'method': 'iterativeAffine'}, 'tree_param': {'max_depth': 3}}, 'evaluation_0': {'eval_type': 'binary'}}, 'role': {'guest': {'0': {'reader_1': {'table': {'name': 'breast_hetero_guest', 'namespace': 'experiment'}}, 'reader_0': {'table': {'name': 'breast_hetero_guest', 'namespace': 'experiment'}}, 'dataio_0': {'with_label': True, 'output_format': 'dense'}, 'dataio_1': {'with_label': True, 'output_format': 'dense'}}}, 'host': {'0': {'reader_1': {'table': {'name': 'breast_hetero_host', 'namespace': 'experiment'}}, 'reader_0': {'table': {'name': 'breast_hetero_host', 'namespace': 'experiment'}}, 'dataio_0': {'with_label': False}, 'dataio_1': {'with_label': False}}}}}, 'conf_path': './examples/LDPDev/dsl/v2/hetero_secureboost/test_secureboost_train_binary_conf.json', 'dsl_path': './examples/LDPDev/dsl/v2/hetero_secureboost/test_secureboost_train_dsl.json', 'local': {'role': 'host', 'party_id': 9998}, 'CodePath': 'federatedml/evaluation/evaluation.py/Evaluation', 'module': 'Evaluation', 'output_data_name': ['data']}
[INFO] [2021-06-15 21:02:49,914] [1052:139728038655808] - task_executor.py[line:152]: Task input dsl {'data': {'data': ['hetero_secure_boost_0.data']}}
[INFO] [2021-06-15 21:02:49,914] [1052:139728038655808] - tracker_client.py[line:150]: Request read job 202106152101093465361 task None None on host 9998 data data info
[WARNING] [2021-06-15 21:02:50,886] [1052:139728038655808] - evaluation_param.py[line:133]: use default metric ['auc', 'ks', 'lift', 'gain', 'accuracy', 'precision', 'recall', 'roc', 'confusion_mat', 'psi', 'f1_score', 'quantile_pr'] for eval type binary
[INFO] [2021-06-15 21:02:50,888] [1052:139728038655808] - evaluation_param.py[line:139]: Finish evaluation parameter check!
[INFO] [2021-06-15 21:02:50,892] [1052:139728038655808] - evaluation.py[line:670]: eval summary is {}
[INFO] [2021-06-15 21:02:50,892] [1052:139728038655808] - tracker_client.py[line:173]: Request save job 202106152101093465361 task 202106152101093465361_evaluation_0 0 on host 9998 component summary
[INFO] [2021-06-15 21:02:50,932] [1052:139728038655808] - profile.py[line:249]: 
Computing:
+----------+------------------------------------------+
| function |                                          |
+----------+------------------------------------------+
|  total   | n=0, sum=0.0000, mean=0.0000, max=0.0000 |
+----------+------------------------------------------+

Federation:
+--------+------------------------------------------+
|  get   |                                          |
+--------+------------------------------------------+
| remote |                                          |
+--------+------------------------------------------+
| total  | n=0, sum=0.0000, mean=0.0000, max=0.0000 |
+--------+------------------------------------------+

[INFO] [2021-06-15 21:02:50,933] [1052:139728038655808] - task_executor.py[line:313]: report task 202106152101093465361_evaluation_0 0 host 9998 to driver
[INFO] [2021-06-15 21:02:50,933] [1052:139728038655808] - control_client.py[line:42]: request update job 202106152101093465361 task 202106152101093465361_evaluation_0 0 on host 9998
[INFO] [2021-06-15 21:02:51,020] [1052:139728038655808] - task_executor.py[line:202]: task 202106152101093465361_evaluation_0 host 9998 start time: 2021-06-15 21:02:49
[INFO] [2021-06-15 21:02:51,020] [1052:139728038655808] - task_executor.py[line:204]: task 202106152101093465361_evaluation_0 host 9998 end time: 2021-06-15 21:02:50
[INFO] [2021-06-15 21:02:51,021] [1052:139728038655808] - task_executor.py[line:206]: task 202106152101093465361_evaluation_0 host 9998 takes 1.698s
[INFO] [2021-06-15 21:02:51,021] [1052:139728038655808] - task_executor.py[line:209]: Finish 202106152101093465361 evaluation_0 202106152101093465361_evaluation_0 0 host 9998 task success
[INFO] [2021-06-15 21:02:51,022] [1052:139728038655808] - task_executor.py[line:313]: report task 202106152101093465361_evaluation_0 0 host 9998 to driver
[INFO] [2021-06-15 21:02:51,022] [1052:139728038655808] - control_client.py[line:42]: request update job 202106152101093465361 task 202106152101093465361_evaluation_0 0 on host 9998
