[INFO] [2021-06-13 21:03:32,221] [379:140053741217600] - profile.py[line:249]: 
Computing:
+----------+------------------------------------------+
| function |                                          |
+----------+------------------------------------------+
|  total   | n=0, sum=0.0000, mean=0.0000, max=0.0000 |
+----------+------------------------------------------+

Federation:
+--------+------------------------------------------+
|  get   |                                          |
+--------+------------------------------------------+
| remote |                                          |
+--------+------------------------------------------+
| total  | n=0, sum=0.0000, mean=0.0000, max=0.0000 |
+--------+------------------------------------------+

[DEBUG] [2021-06-13 21:03:32,221] [379:140053741217600] - profile.py[line:250]: 
Detailed Computing:
+-------+------------------------------------------+
| stack |                                          |
+-------+------------------------------------------+
| total | n=0, sum=0.0000, mean=0.0000, max=0.0000 |
+-------+------------------------------------------+

