[INFO] [2021-06-15 21:57:03,599] [3224:139687530084160] - task_executor.py[line:313]: report task 2021061521563264143218_dataio_1 0 guest 9999 to driver
[INFO] [2021-06-15 21:57:03,599] [3224:139687530084160] - control_client.py[line:42]: request update job 2021061521563264143218 task 2021061521563264143218_dataio_1 0 on guest 9999
[INFO] [2021-06-15 21:57:04,058] [3224:139687530084160] - task_executor.py[line:150]: Run 2021061521563264143218 dataio_1 2021061521563264143218_dataio_1 guest 9999 task
[INFO] [2021-06-15 21:57:04,058] [3224:139687530084160] - task_executor.py[line:151]: Component parameters on party {'DataIOParam': {'input_format': 'dense', 'delimitor': ',', 'data_type': 'float64', 'exclusive_data_type': None, 'tag_with_value': False, 'tag_value_delimitor': ':', 'missing_fill': False, 'default_value': 0, 'missing_fill_method': None, 'missing_impute': None, 'outlier_replace': False, 'outlier_replace_method': None, 'outlier_impute': None, 'outlier_replace_value': 0, 'with_label': True, 'label_name': 'y', 'label_type': 'int', 'output_format': 'dense', 'need_run': True}, 'job_parameters': {'job_type': 'predict', 'work_mode': 0, 'backend': 0, 'computing_engine': 'STANDALONE', 'federation_engine': 'STANDALONE', 'storage_engine': 'STANDALONE', 'engines_address': {'computing': {'nodes': 1, 'cores_per_node': 20}, 'federation': {'nodes': 1, 'cores_per_node': 20}, 'storage': {'nodes': 1, 'cores_per_node': 20}}, 'federated_mode': 'SINGLE', 'task_parallelism': 1, 'computing_partitions': 4, 'federated_status_collect_type': 'PULL', 'model_id': 'guest-9999#host-9998#model', 'model_version': '2021061521542761899517', 'eggroll_run': {'eggroll.session.processors.per.node': 4}, 'spark_run': {}, 'rabbitmq_run': {}, 'pulsar_run': {}, 'adaptation_parameters': {'task_memory_per_node': 0, 'if_initiator_baseline': False, 'task_cores_per_node': 4, 'request_task_cores': 4, 'task_nodes': 1}}, 'role': {'guest': [9999], 'host': [9998]}, 'dsl_path': './examples/LDPDev/dsl/v2/hetero_secureboost/test_secureboost_train_dsl.json', 'conf_path': './examples/LDPDev/test_predict_conf.json', 'component_parameters': {'role': {'guest': {'0': {'dataio_0': {'with_label': True, 'output_format': 'dense'}, 'dataio_1': {'with_label': True, 'output_format': 'dense'}, 'reader_1': {'table': {'name': 'breast_hetero_guest', 'namespace': 'experiment'}}, 'reader_0': {'table': {'name': 'default_credit_hetero_guest', 'namespace': 'experiment'}}}}, 'host': {'0': {'dataio_0': {'with_label': False}, 'dataio_1': {'with_label': False}, 'reader_1': {'table': {'name': 'breast_hetero_host', 'namespace': 'experiment'}}, 'reader_0': {'table': {'name': 'default_credit_hetero_host', 'namespace': 'experiment'}}}}}, 'common': {'hetero_secure_boost_0': {'task_type': 'classification', 'objective_param': {'objective': 'cross_entropy'}, 'num_trees': 3, 'validation_freqs': 1, 'encrypt_param': {'method': 'iterativeAffine'}, 'tree_param': {'max_depth': 3}}, 'evaluation_0': {'eval_type': 'binary'}}}, 'initiator': {'party_id': 9999, 'role': 'guest'}, 'dsl_version': 2, 'local': {'role': 'guest', 'party_id': 9999}, 'CodePath': 'federatedml/util/data_io.py/DataIO', 'module': 'DataIO', 'output_data_name': ['data']}
[INFO] [2021-06-15 21:57:04,059] [3224:139687530084160] - task_executor.py[line:152]: Task input dsl {'model': ['pipeline.dataio_1.model'], 'data': {'data': ['reader_1.data']}}
[INFO] [2021-06-15 21:57:04,077] [3224:139687530084160] - pipelined_model.py[line:185]: parse DataIOMeta proto object normal
[INFO] [2021-06-15 21:57:04,084] [3224:139687530084160] - pipelined_model.py[line:185]: parse DataIOParam proto object normal
[INFO] [2021-06-15 21:57:04,084] [3224:139687530084160] - tracker_client.py[line:150]: Request read job 2021061521563264143218 task None None on guest 9999 data data info
[INFO] [2021-06-15 21:57:04,117] [3224:139687530084160] - task_executor.py[line:269]: load computing table use 4
[WARNING] [2021-06-15 21:57:04,166] [3224:139687530084160] - data_io.py[line:855]: DataIO is deprecated, and will be removed in 1.7, use DataTransform module instead
[INFO] [2021-06-15 21:57:04,178] [3224:139687530084160] - data_io.py[line:118]: start to read dense data and change data to instance
[INFO] [2021-06-15 21:57:04,406] [3224:139687530084160] - tracker_client.py[line:173]: Request save job 2021061521563264143218 task 2021061521563264143218_dataio_1 0 on guest 9999 component summary
[INFO] [2021-06-15 21:57:04,618] [3224:139687530084160] - profile.py[line:249]: 
Computing:
+----------+---------------------------------------------+
| function |  function    n   sum(s)   mean(s)   max(s)  |
|          | ----------- --- -------- --------- -------- |
|          |  mapValues   2   0.094     0.047    0.061   |
|          |    join      1   0.054     0.054    0.054   |
|          |    count     4   0.014     0.004    0.004   |
|          |    first     1   0.002     0.002    0.002   |
+----------+---------------------------------------------+
|  total   |  n=8, sum=0.1650, mean=0.0206, max=0.0615   |
+----------+---------------------------------------------+

Federation:
+--------+------------------------------------------+
|  get   |                                          |
+--------+------------------------------------------+
| remote |                                          |
+--------+------------------------------------------+
| total  | n=0, sum=0.0000, mean=0.0000, max=0.0000 |
+--------+------------------------------------------+

[INFO] [2021-06-15 21:57:04,784] [3224:139687530084160] - pipelined_model.py[line:73]: Save dataio_1 default DataIOMeta buffer
[INFO] [2021-06-15 21:57:04,785] [3224:139687530084160] - pipelined_model.py[line:73]: Save dataio_1 default DataIOParam buffer
[INFO] [2021-06-15 21:57:04,800] [3224:139687530084160] - pipelined_model.py[line:78]: Save dataio_1 default successfully
[INFO] [2021-06-15 21:57:04,801] [3224:139687530084160] - task_executor.py[line:313]: report task 2021061521563264143218_dataio_1 0 guest 9999 to driver
[INFO] [2021-06-15 21:57:04,801] [3224:139687530084160] - control_client.py[line:42]: request update job 2021061521563264143218 task 2021061521563264143218_dataio_1 0 on guest 9999
[INFO] [2021-06-15 21:57:04,880] [3224:139687530084160] - task_executor.py[line:202]: task 2021061521563264143218_dataio_1 guest 9999 start time: 2021-06-15 21:57:03
[INFO] [2021-06-15 21:57:04,880] [3224:139687530084160] - task_executor.py[line:204]: task 2021061521563264143218_dataio_1 guest 9999 end time: 2021-06-15 21:57:04
[INFO] [2021-06-15 21:57:04,881] [3224:139687530084160] - task_executor.py[line:206]: task 2021061521563264143218_dataio_1 guest 9999 takes 1.416s
[INFO] [2021-06-15 21:57:04,881] [3224:139687530084160] - task_executor.py[line:209]: Finish 2021061521563264143218 dataio_1 2021061521563264143218_dataio_1 0 guest 9999 task success
[INFO] [2021-06-15 21:57:04,934] [3224:139687530084160] - task_executor.py[line:313]: report task 2021061521563264143218_dataio_1 0 guest 9999 to driver
[INFO] [2021-06-15 21:57:04,934] [3224:139687530084160] - control_client.py[line:42]: request update job 2021061521563264143218 task 2021061521563264143218_dataio_1 0 on guest 9999
