[INFO] [2021-06-13 21:02:41,529] [202:140440643139392] - control_client.py[line:42]: request update job 202106132102371506761 task 202106132102371506761_upload_0 0 on local 0
[DEBUG] [2021-06-13 21:02:41,959] [202:140440643139392] - _federation.py[line:15]: [federation.standalone]init federation: standalone_session=<fate_arch._standalone.Session object at 0x7fba9ee1db38>, federation_session_id=202106132102371506761_upload_0_0, party=Party(role=local, party_id=0)
[DEBUG] [2021-06-13 21:02:41,981] [202:140440643139392] - _federation.py[line:23]: [federation.standalone]init federation context done
[INFO] [2021-06-13 21:02:42,063] [202:140440643139392] - upload.py[line:41]: {'file': '/fate/jobs/202106132102371506761/fate_upload_tmp/breast_hetero_host.csv', 'head': 1, 'id_delimiter': ',', 'partition': 16, 'namespace': 'experiment', 'name': 'breast_hetero_host', 'storage_engine': '', 'storage_address': None, 'destroy': False}
[INFO] [2021-06-13 21:02:42,063] [202:140440643139392] - upload.py[line:42]: {'job_parameters': <fate_flow.entity.types.RunParameters object at 0x7fba9e1aab00>}
[DEBUG] [2021-06-13 21:02:42,080] [202:140440643139392] - _session.py[line:147]: save session 202106132102371506761_upload_0_0_local_0_storage_b1830c3ecc8a11eb88cb0242ac110002 record
[DEBUG] [2021-06-13 21:02:42,093] [202:140440643139392] - _session.py[line:156]: delete session 202106132102371506761_upload_0_0_local_0_storage_b1830c3ecc8a11eb88cb0242ac110002 record
[DEBUG] [2021-06-13 21:02:42,102] [202:140440643139392] - _session.py[line:147]: save session 202106132102371506761_upload_0_0_local_0_storage_b1879448cc8a11eb88cb0242ac110002 record
[INFO] [2021-06-13 21:02:42,103] [202:140440643139392] - upload.py[line:97]: upload to STANDALONE storage, address: {'nodes': 1, 'cores_per_node': 20, 'name': 'breast_hetero_host', 'namespace': 'experiment', 'storage_type': 'LMDB'}
[INFO] [2021-06-13 21:02:42,136] [202:140440643139392] - control_client.py[line:26]: request update job 202106132102371506761 on local 0
[INFO] [2021-06-13 21:02:42,325] [202:140440643139392] - tracker_client.py[line:127]: Request save job 202106132102371506761 task 202106132102371506761_upload_0 0 on local 0 data upload info
[INFO] [2021-06-13 21:02:42,401] [202:140440643139392] - tracker_client.py[line:70]: Request save job 202106132102371506761 task 202106132102371506761_upload_0 0 on local 0 metric upload data_access data
[INFO] [2021-06-13 21:02:42,432] [202:140440643139392] - tracker_client.py[line:103]: Request save job 202106132102371506761 task 202106132102371506761_upload_0 0 on local 0 metric upload data_access meta
[DEBUG] [2021-06-13 21:02:42,498] [202:140440643139392] - _session.py[line:156]: delete session 202106132102371506761_upload_0_0_local_0_storage_b1879448cc8a11eb88cb0242ac110002 record
[INFO] [2021-06-13 21:02:42,498] [202:140440643139392] - upload.py[line:108]: ------------load data finish!-----------------
[INFO] [2021-06-13 21:02:42,499] [202:140440643139392] - upload.py[line:112]: remove tmp upload file
[INFO] [2021-06-13 21:02:42,499] [202:140440643139392] - upload.py[line:113]: /fate/jobs/202106132102371506761/fate_upload_tmp
[INFO] [2021-06-13 21:02:42,500] [202:140440643139392] - upload.py[line:117]: file: /fate/jobs/202106132102371506761/fate_upload_tmp/breast_hetero_host.csv
[INFO] [2021-06-13 21:02:42,500] [202:140440643139392] - upload.py[line:118]: total data_count: 569
[INFO] [2021-06-13 21:02:42,501] [202:140440643139392] - upload.py[line:119]: table name: breast_hetero_host, table namespace: experiment
[INFO] [2021-06-13 21:02:42,516] [202:140440643139392] - control_client.py[line:42]: request update job 202106132102371506761 task 202106132102371506761_upload_0 0 on local 0
[INFO] [2021-06-13 21:02:42,581] [202:140440643139392] - control_client.py[line:42]: request update job 202106132102371506761 task 202106132102371506761_upload_0 0 on local 0
