[INFO] [2021-06-15 21:56:57,840] [3155:140175784003392] - task_executor.py[line:313]: report task 2021061521563264143218_reader_1 0 host 9998 to driver
[INFO] [2021-06-15 21:56:57,842] [3155:140175784003392] - control_client.py[line:42]: request update job 2021061521563264143218 task 2021061521563264143218_reader_1 0 on host 9998
[INFO] [2021-06-15 21:56:58,382] [3155:140175784003392] - task_executor.py[line:150]: Run 2021061521563264143218 reader_1 2021061521563264143218_reader_1 host 9998 task
[INFO] [2021-06-15 21:56:58,383] [3155:140175784003392] - task_executor.py[line:151]: Component parameters on party {'ReaderParam': {'table': {'name': 'breast_hetero_host', 'namespace': 'experiment'}}, 'role': {'guest': [9999], 'host': [9998]}, 'job_parameters': {'job_type': 'predict', 'work_mode': 0, 'backend': 0, 'computing_engine': 'STANDALONE', 'federation_engine': 'STANDALONE', 'storage_engine': 'STANDALONE', 'engines_address': {'computing': {'nodes': 1, 'cores_per_node': 20}, 'federation': {'nodes': 1, 'cores_per_node': 20}, 'storage': {'nodes': 1, 'cores_per_node': 20}}, 'federated_mode': 'SINGLE', 'task_parallelism': 1, 'computing_partitions': 4, 'federated_status_collect_type': 'PULL', 'model_id': 'guest-9999#host-9998#model', 'model_version': '2021061521542761899517', 'eggroll_run': {'eggroll.session.processors.per.node': 4}, 'spark_run': {}, 'rabbitmq_run': {}, 'pulsar_run': {}, 'adaptation_parameters': {'task_memory_per_node': 0, 'if_initiator_baseline': False, 'task_cores_per_node': 4, 'request_task_cores': 4, 'task_nodes': 1}}, 'component_parameters': {'common': {'hetero_secure_boost_0': {'task_type': 'classification', 'objective_param': {'objective': 'cross_entropy'}, 'num_trees': 3, 'validation_freqs': 1, 'encrypt_param': {'method': 'iterativeAffine'}, 'tree_param': {'max_depth': 3}}, 'evaluation_0': {'eval_type': 'binary'}}, 'role': {'guest': {'0': {'dataio_1': {'with_label': True, 'output_format': 'dense'}, 'dataio_0': {'with_label': True, 'output_format': 'dense'}, 'reader_0': {'table': {'name': 'default_credit_hetero_guest', 'namespace': 'experiment'}}, 'reader_1': {'table': {'name': 'breast_hetero_guest', 'namespace': 'experiment'}}}}, 'host': {'0': {'dataio_1': {'with_label': False}, 'dataio_0': {'with_label': False}, 'reader_0': {'table': {'name': 'default_credit_hetero_host', 'namespace': 'experiment'}}, 'reader_1': {'table': {'name': 'breast_hetero_host', 'namespace': 'experiment'}}}}}}, 'dsl_version': 2, 'dsl_path': './examples/LDPDev/dsl/v2/hetero_secureboost/test_secureboost_train_dsl.json', 'initiator': {'party_id': 9999, 'role': 'guest'}, 'conf_path': './examples/LDPDev/test_predict_conf.json', 'local': {'role': 'host', 'party_id': 9998}, 'CodePath': 'fate_flow/components/reader.py/Reader', 'module': 'Reader', 'output_data_name': ['data']}
[INFO] [2021-06-15 21:56:58,384] [3155:140175784003392] - task_executor.py[line:152]: Task input dsl {}
[INFO] [2021-06-15 21:56:58,671] [3155:140175784003392] - reader.py[line:66]: the STANDALONE input table needs to be transform format
[INFO] [2021-06-15 21:56:58,723] [3155:140175784003392] - reader.py[line:166]: start copying table
[INFO] [2021-06-15 21:56:58,723] [3155:140175784003392] - reader.py[line:168]: source table name: breast_hetero_host namespace: experiment engine: STANDALONE
[INFO] [2021-06-15 21:56:58,724] [3155:140175784003392] - reader.py[line:170]: destination table name: 9b611806ce2411ebb0120242ac110002 namespace: output_data_2021061521563264143218_reader_1_0 engine: STANDALONE
[INFO] [2021-06-15 21:56:58,827] [3155:140175784003392] - reader.py[line:194]: copy successfully
[INFO] [2021-06-15 21:56:58,896] [3155:140175784003392] - tracker_client.py[line:127]: Request save job 2021061521563264143218 task 2021061521563264143218_reader_1 0 on host 9998 data data info
[INFO] [2021-06-15 21:56:58,922] [3155:140175784003392] - tracker_client.py[line:103]: Request save job 2021061521563264143218 task 2021061521563264143218_reader_1 0 on host 9998 metric reader_namespace reader_name meta
[INFO] [2021-06-15 21:56:58,977] [3155:140175784003392] - profile.py[line:249]: 
Computing:
+----------+------------------------------------------+
| function |                                          |
+----------+------------------------------------------+
|  total   | n=0, sum=0.0000, mean=0.0000, max=0.0000 |
+----------+------------------------------------------+

Federation:
+--------+------------------------------------------+
|  get   |                                          |
+--------+------------------------------------------+
| remote |                                          |
+--------+------------------------------------------+
| total  | n=0, sum=0.0000, mean=0.0000, max=0.0000 |
+--------+------------------------------------------+

[INFO] [2021-06-15 21:56:58,978] [3155:140175784003392] - task_executor.py[line:313]: report task 2021061521563264143218_reader_1 0 host 9998 to driver
[INFO] [2021-06-15 21:56:58,978] [3155:140175784003392] - control_client.py[line:42]: request update job 2021061521563264143218 task 2021061521563264143218_reader_1 0 on host 9998
[INFO] [2021-06-15 21:56:59,035] [3155:140175784003392] - task_executor.py[line:202]: task 2021061521563264143218_reader_1 host 9998 start time: 2021-06-15 21:56:57
[INFO] [2021-06-15 21:56:59,035] [3155:140175784003392] - task_executor.py[line:204]: task 2021061521563264143218_reader_1 host 9998 end time: 2021-06-15 21:56:58
[INFO] [2021-06-15 21:56:59,036] [3155:140175784003392] - task_executor.py[line:206]: task 2021061521563264143218_reader_1 host 9998 takes 1.403s
[INFO] [2021-06-15 21:56:59,036] [3155:140175784003392] - task_executor.py[line:209]: Finish 2021061521563264143218 reader_1 2021061521563264143218_reader_1 0 host 9998 task success
[INFO] [2021-06-15 21:56:59,036] [3155:140175784003392] - task_executor.py[line:313]: report task 2021061521563264143218_reader_1 0 host 9998 to driver
[INFO] [2021-06-15 21:56:59,036] [3155:140175784003392] - control_client.py[line:42]: request update job 2021061521563264143218 task 2021061521563264143218_reader_1 0 on host 9998
