[INFO] [2021-06-13 22:32:50,657] [3006:139974226401088] - task_executor.py[line:313]: report task 2021061322324561791445_dataio_0 0 host 9998 to driver
[INFO] [2021-06-13 22:32:50,658] [3006:139974226401088] - control_client.py[line:42]: request update job 2021061322324561791445 task 2021061322324561791445_dataio_0 0 on host 9998
[INFO] [2021-06-13 22:32:51,051] [3006:139974226401088] - task_executor.py[line:150]: Run 2021061322324561791445 dataio_0 2021061322324561791445_dataio_0 host 9998 task
[INFO] [2021-06-13 22:32:51,052] [3006:139974226401088] - task_executor.py[line:151]: Component parameters on party {'DataIOParam': {'input_format': 'dense', 'delimitor': ',', 'data_type': 'float64', 'exclusive_data_type': None, 'tag_with_value': False, 'tag_value_delimitor': ':', 'missing_fill': False, 'default_value': 0, 'missing_fill_method': None, 'missing_impute': None, 'outlier_replace': False, 'outlier_replace_method': None, 'outlier_impute': None, 'outlier_replace_value': 0, 'with_label': False, 'label_name': 'y', 'label_type': 'int', 'output_format': 'dense', 'need_run': True}, 'dsl_version': 2, 'component_parameters': {'common': {'hetero_secure_boost_0': {'task_type': 'classification', 'objective_param': {'objective': 'cross_entropy'}, 'num_trees': 3, 'validation_freqs': 1, 'encrypt_param': {'method': 'iterativeAffine'}, 'tree_param': {'max_depth': 3}}, 'evaluation_0': {'eval_type': 'binary'}}, 'role': {'host': {'0': {'reader_0': {'table': {'name': 'breast_hetero_host', 'namespace': 'experiment'}}, 'dataio_0': {'with_label': False}, 'dataio_1': {'with_label': False}, 'reader_1': {'table': {'name': 'breast_hetero_host', 'namespace': 'experiment'}}}}, 'guest': {'0': {'reader_0': {'table': {'name': 'breast_hetero_guest', 'namespace': 'experiment'}}, 'dataio_0': {'with_label': True, 'output_format': 'dense'}, 'dataio_1': {'with_label': True, 'output_format': 'dense'}, 'reader_1': {'table': {'name': 'breast_hetero_guest', 'namespace': 'experiment'}}}}}}, 'conf_path': './examples/LDPDev/test_predict_conf.json', 'role': {'host': [9998], 'guest': [9999]}, 'initiator': {'party_id': 9999, 'role': 'guest'}, 'job_parameters': {'job_type': 'predict', 'work_mode': 0, 'backend': 0, 'computing_engine': 'STANDALONE', 'federation_engine': 'STANDALONE', 'storage_engine': 'STANDALONE', 'engines_address': {'computing': {'nodes': 1, 'cores_per_node': 20}, 'federation': {'nodes': 1, 'cores_per_node': 20}, 'storage': {'nodes': 1, 'cores_per_node': 20}}, 'federated_mode': 'SINGLE', 'task_parallelism': 1, 'computing_partitions': 4, 'federated_status_collect_type': 'PULL', 'model_id': 'guest-9999#host-9998#model', 'model_version': '2021061322283590321442', 'eggroll_run': {'eggroll.session.processors.per.node': 4}, 'spark_run': {}, 'rabbitmq_run': {}, 'pulsar_run': {}, 'adaptation_parameters': {'task_memory_per_node': 0, 'task_cores_per_node': 4, 'request_task_cores': 4, 'if_initiator_baseline': False, 'task_nodes': 1}}, 'dsl_path': './examples/LDPDev/dsl/v2/hetero_secureboost/test_secureboost_train_dsl.json', 'local': {'role': 'host', 'party_id': 9998}, 'CodePath': 'federatedml/util/data_io.py/DataIO', 'module': 'DataIO', 'output_data_name': ['data']}
[INFO] [2021-06-13 22:32:51,052] [3006:139974226401088] - task_executor.py[line:152]: Task input dsl {'model': ['pipeline.dataio_0.model']}
[INFO] [2021-06-13 22:32:51,069] [3006:139974226401088] - pipelined_model.py[line:185]: parse DataIOMeta proto object normal
[INFO] [2021-06-13 22:32:51,091] [3006:139974226401088] - pipelined_model.py[line:185]: parse DataIOParam proto object normal
[WARNING] [2021-06-13 22:32:51,105] [3006:139974226401088] - data_io.py[line:855]: DataIO is deprecated, and will be removed in 1.7, use DataTransform module instead
[ERROR] [2021-06-13 22:32:51,108] [3006:139974226401088] - task_executor.py[line:191]: not enough values to unpack (expected 4, got 2)
Traceback (most recent call last):
  File "/fate/python/fate_flow/operation/task_executor.py", line 168, in run_task
    run_object.run(component_parameters_on_party, task_run_args)
  File "/fate/python/federatedml/model_base.py", line 87, in run
    running_funcs = self.component_properties.extract_running_rules(args, self)
  File "/fate/python/federatedml/util/component_properties.py", line 238, in extract_running_rules
    train_data, validate_data, test_data, data = self.extract_input_data(args, model)
ValueError: not enough values to unpack (expected 4, got 2)
[INFO] [2021-06-13 22:32:51,109] [3006:139974226401088] - task_executor.py[line:313]: report task 2021061322324561791445_dataio_0 0 host 9998 to driver
[INFO] [2021-06-13 22:32:51,110] [3006:139974226401088] - control_client.py[line:42]: request update job 2021061322324561791445 task 2021061322324561791445_dataio_0 0 on host 9998
[INFO] [2021-06-13 22:32:51,195] [3006:139974226401088] - task_executor.py[line:202]: task 2021061322324561791445_dataio_0 host 9998 start time: 2021-06-13 22:32:50
[INFO] [2021-06-13 22:32:51,195] [3006:139974226401088] - task_executor.py[line:204]: task 2021061322324561791445_dataio_0 host 9998 end time: 2021-06-13 22:32:51
[INFO] [2021-06-13 22:32:51,195] [3006:139974226401088] - task_executor.py[line:206]: task 2021061322324561791445_dataio_0 host 9998 takes 0.643s
[INFO] [2021-06-13 22:32:51,195] [3006:139974226401088] - task_executor.py[line:209]: Finish 2021061322324561791445 dataio_0 2021061322324561791445_dataio_0 0 host 9998 task failed
[INFO] [2021-06-13 22:32:51,196] [3006:139974226401088] - task_executor.py[line:313]: report task 2021061322324561791445_dataio_0 0 host 9998 to driver
[INFO] [2021-06-13 22:32:51,196] [3006:139974226401088] - control_client.py[line:42]: request update job 2021061322324561791445 task 2021061322324561791445_dataio_0 0 on host 9998
