[DEBUG] [2021-06-13 21:04:04,030] [746:140054763747136] - profile.py[line:84]: [computing#41d092c3c4]function_stack: [component_properties.py:225]extract_input_data <-[component_properties.py:238]extract_running_rules <-[model_base.py:87]run
[DEBUG] [2021-06-13 21:04:04,030] [746:140054763747136] - profile.py[line:87]: [computing#41d092c3c4]start
[DEBUG] [2021-06-13 21:04:04,034] [746:140054763747136] - profile.py[line:93]: [computing#41d092c3c4]done, elapse: 0.004408359527587891, function: count(self: Table(partition=4)) -> int
[DEBUG] [2021-06-13 21:04:04,039] [746:140054763747136] - profile.py[line:84]: [computing#88170bdc05]function_stack: [intersect.py:361]intersect_join_id <-[intersect_guest.py:244]run_intersect <-[intersect_model.py:115]fit <-[model_base.py:98]run
[DEBUG] [2021-06-13 21:04:04,039] [746:140054763747136] - profile.py[line:87]: [computing#88170bdc05]start
[DEBUG] [2021-06-13 21:04:04,172] [746:140054763747136] - profile.py[line:93]: [computing#88170bdc05]done, elapse: 0.13251638412475586, function: mapValues(self: Table(partition=4), func: function) -> Table(partition=4)
[DEBUG] [2021-06-13 21:04:04,173] [746:140054763747136] - profile.py[line:237]: [federation.get.federatedml.transfer_variable.transfer_class.raw_intersect_transfer_variable.RawIntersectTransferVariable.send_ids_host.fit]guest<-[Party(role=host, party_id=9998)] start
[DEBUG] [2021-06-13 21:04:04,282] [746:140054763747136] - profile.py[line:216]: [federation.get.federatedml.transfer_variable.transfer_class.raw_intersect_transfer_variable.RawIntersectTransferVariable.send_ids_host.fit]guest<-[Party(role=host, party_id=9998)] done
[DEBUG] [2021-06-13 21:04:04,284] [746:140054763747136] - profile.py[line:84]: [computing#e4ab06a603]function_stack: [intersect.py:376]intersect_join_id <-[intersect_guest.py:244]run_intersect <-[intersect_model.py:115]fit <-[model_base.py:98]run
[DEBUG] [2021-06-13 21:04:04,284] [746:140054763747136] - profile.py[line:87]: [computing#e4ab06a603]start
[DEBUG] [2021-06-13 21:04:04,313] [746:140054763747136] - profile.py[line:93]: [computing#e4ab06a603]done, elapse: 0.029264211654663086, function: join(self: Table(partition=4), other: Table(partition=4), func: function) -> Table(partition=4)
[DEBUG] [2021-06-13 21:04:04,314] [746:140054763747136] - profile.py[line:232]: [federation.remote.federatedml.transfer_variable.transfer_class.raw_intersect_transfer_variable.RawIntersectTransferVariable.intersect_ids_guest.fit]guest->[Party(role=host, party_id=9998)] start
[DEBUG] [2021-06-13 21:04:04,349] [746:140054763747136] - profile.py[line:185]: [federation.remote.federatedml.transfer_variable.transfer_class.raw_intersect_transfer_variable.RawIntersectTransferVariable.intersect_ids_guest.fit]guest->[Party(role=host, party_id=9998)] done
[DEBUG] [2021-06-13 21:04:04,351] [746:140054763747136] - profile.py[line:84]: [computing#1e6e794ec8]function_stack: [intersect.py:82]_get_value_from_data <-[intersect.py:414]intersect_join_id <-[intersect_guest.py:244]run_intersect <-[intersect_model.py:115]fit <-[model_base.py:98]run
[DEBUG] [2021-06-13 21:04:04,351] [746:140054763747136] - profile.py[line:87]: [computing#1e6e794ec8]start
[DEBUG] [2021-06-13 21:04:04,389] [746:140054763747136] - profile.py[line:93]: [computing#1e6e794ec8]done, elapse: 0.03861427307128906, function: join(self: Table(partition=4), other: Table(partition=4), func: function) -> Table(partition=4)
[DEBUG] [2021-06-13 21:04:04,391] [746:140054763747136] - profile.py[line:84]: [computing#c784b16772]function_stack: [job_tracker.py:139]save_output_data <-[job_tracker.py:332]save_as_table <-[intersect.py:420]intersect_join_id <-[intersect_guest.py:244]run_intersect <-[intersect_model.py:115]fit <-[model_base.py:98]run
[DEBUG] [2021-06-13 21:04:04,391] [746:140054763747136] - profile.py[line:87]: [computing#c784b16772]start
[DEBUG] [2021-06-13 21:04:04,419] [746:140054763747136] - profile.py[line:93]: [computing#c784b16772]done, elapse: 0.02807450294494629, function: save(self: Table(partition=4), address: StandaloneAddress, partitions: int, schema: dict) -> NoneType
[DEBUG] [2021-06-13 21:04:04,421] [746:140054763747136] - profile.py[line:84]: [computing#a351b01960]function_stack: [job_tracker.py:142]save_output_data <-[job_tracker.py:332]save_as_table <-[intersect.py:420]intersect_join_id <-[intersect_guest.py:244]run_intersect <-[intersect_model.py:115]fit <-[model_base.py:98]run
[DEBUG] [2021-06-13 21:04:04,421] [746:140054763747136] - profile.py[line:87]: [computing#a351b01960]start
[DEBUG] [2021-06-13 21:04:04,422] [746:140054763747136] - profile.py[line:93]: [computing#a351b01960]done, elapse: 0.00070953369140625, function: collect(self: Table(partition=4)) -> generator
[DEBUG] [2021-06-13 21:04:04,427] [746:140054763747136] - profile.py[line:84]: [computing#ac0fa8963f]function_stack: [job_tracker.py:147]save_output_data <-[job_tracker.py:332]save_as_table <-[intersect.py:420]intersect_join_id <-[intersect_guest.py:244]run_intersect <-[intersect_model.py:115]fit <-[model_base.py:98]run
[DEBUG] [2021-06-13 21:04:04,428] [746:140054763747136] - profile.py[line:87]: [computing#ac0fa8963f]start
[DEBUG] [2021-06-13 21:04:04,430] [746:140054763747136] - profile.py[line:93]: [computing#ac0fa8963f]done, elapse: 0.002310514450073242, function: count(self: Table(partition=4)) -> int
[DEBUG] [2021-06-13 21:04:04,981] [746:140054763747136] - profile.py[line:84]: [computing#d211fdd088]function_stack: [intersect_model.py:139]fit <-[model_base.py:98]run
[DEBUG] [2021-06-13 21:04:04,982] [746:140054763747136] - profile.py[line:87]: [computing#d211fdd088]start
[DEBUG] [2021-06-13 21:04:04,986] [746:140054763747136] - profile.py[line:93]: [computing#d211fdd088]done, elapse: 0.005024433135986328, function: count(self: Table(partition=4)) -> int
[DEBUG] [2021-06-13 21:04:04,987] [746:140054763747136] - profile.py[line:84]: [computing#1f115043d3]function_stack: [intersect_model.py:140]fit <-[model_base.py:98]run
[DEBUG] [2021-06-13 21:04:04,987] [746:140054763747136] - profile.py[line:87]: [computing#1f115043d3]start
[DEBUG] [2021-06-13 21:04:04,990] [746:140054763747136] - profile.py[line:93]: [computing#1f115043d3]done, elapse: 0.003026247024536133, function: count(self: Table(partition=4)) -> int
[INFO] [2021-06-13 21:04:05,348] [746:140054763747136] - profile.py[line:249]: 
Computing:
+----------+---------------------------------------------+
| function |  function    n   sum(s)   mean(s)   max(s)  |
|          | ----------- --- -------- --------- -------- |
|          |  mapValues   1   0.133     0.133    0.133   |
|          |    join      2   0.068     0.034    0.039   |
|          |    save      1   0.028     0.028    0.028   |
|          |    count     4   0.015     0.004    0.005   |
|          |   collect    1   0.001     0.001    0.001   |
+----------+---------------------------------------------+
|  total   |  n=9, sum=0.2439, mean=0.0271, max=0.1325   |
+----------+---------------------------------------------+

Federation:
+--------+-------------------------------------------------------------------------------------------------------------+
|  get   |                                    name                                    | n | sum(s) | mean(s) | max(s)  |
|        | ---------------------------------------------------------------------------+---+--------+---------+-------- |
|        |  federatedml.transfer_variable.transfer_class.raw_intersect_transfer_varia | 1 | 0.108  |  0.108  | 0.108   |
|        |               ble.RawIntersectTransferVariable.send_ids_host               |   |        |         |         |
+--------+-------------------------------------------------------------------------------------------------------------+
| remote |                                    name                                    | n | sum(s) | mean(s) | max(s)  |
|        | ---------------------------------------------------------------------------+---+--------+---------+-------- |
|        |  federatedml.transfer_variable.transfer_class.raw_intersect_transfer_varia | 1 | 0.035  |  0.035  | 0.035   |
|        |            ble.RawIntersectTransferVariable.intersect_ids_guest            |   |        |         |         |
+--------+-------------------------------------------------------------------------------------------------------------+
| total  |                                  n=2, sum=0.1433, mean=0.0717, max=0.1082                                   |
+--------+-------------------------------------------------------------------------------------------------------------+

[DEBUG] [2021-06-13 21:04:05,348] [746:140054763747136] - profile.py[line:250]: 
Detailed Computing:
+-------+--------------------------------------------------------------------------------------------------------------+
| stack |  function  │ n │ sum(s) │ mean(s) │ max(s) │ stack_hash │                       stack                        |
|       | ───────────┼───┼────────┼─────────┼────────┼────────────┼─────────────────────────────────────────────────── |
|       |  mapValues │ 1 │ 0.1325 │ 0.1325  │ 0.1325 │ 88170bdc05 │ [intersect.py:361]intersect_join_id                |
|       |            │   │        │         │        │            │ [intersect_guest.py:244]run_intersect              |
|       |            │   │        │         │        │            │ [intersect_model.py:115]fit                        |
|       |            │   │        │         │        │            │ [model_base.py:98]run                              |
|       | ───────────┼───┼────────┼─────────┼────────┼────────────┼─────────────────────────────────────────────────── |
|       |    join    │ 1 │ 0.0386 │ 0.0386  │ 0.0386 │ 1e6e794ec8 │ [intersect.py:82]_get_value_from_data              |
|       |            │   │        │         │        │            │ [intersect.py:414]intersect_join_id                |
|       |            │   │        │         │        │            │ [intersect_guest.py:244]run_intersect              |
|       |            │   │        │         │        │            │ [intersect_model.py:115]fit                        |
|       |            │   │        │         │        │            │ [model_base.py:98]run                              |
|       | ───────────┼───┼────────┼─────────┼────────┼────────────┼─────────────────────────────────────────────────── |
|       |    join    │ 1 │ 0.0293 │ 0.0293  │ 0.0293 │ e4ab06a603 │ [intersect.py:376]intersect_join_id                |
|       |            │   │        │         │        │            │ [intersect_guest.py:244]run_intersect              |
|       |            │   │        │         │        │            │ [intersect_model.py:115]fit                        |
|       |            │   │        │         │        │            │ [model_base.py:98]run                              |
|       | ───────────┼───┼────────┼─────────┼────────┼────────────┼─────────────────────────────────────────────────── |
|       |    save    │ 1 │ 0.0281 │ 0.0281  │ 0.0281 │ c784b16772 │ [job_tracker.py:139]save_output_data               |
|       |            │   │        │         │        │            │ [job_tracker.py:332]save_as_table                  |
|       |            │   │        │         │        │            │ [intersect.py:420]intersect_join_id                |
|       |            │   │        │         │        │            │ [intersect_guest.py:244]run_intersect              |
|       |            │   │        │         │        │            │ [intersect_model.py:115]fit                        |
|       |            │   │        │         │        │            │ [model_base.py:98]run                              |
|       | ───────────┼───┼────────┼─────────┼────────┼────────────┼─────────────────────────────────────────────────── |
|       |    count   │ 1 │ 0.005  │  0.005  │ 0.005  │ d211fdd088 │ [intersect_model.py:139]fit                        |
|       |            │   │        │         │        │            │ [model_base.py:98]run                              |
|       | ───────────┼───┼────────┼─────────┼────────┼────────────┼─────────────────────────────────────────────────── |
|       |    count   │ 1 │ 0.0044 │ 0.0044  │ 0.0044 │ 41d092c3c4 │ [component_properties.py:225]extract_input_data    |
|       |            │   │        │         │        │            │ [component_properties.py:238]extract_running_rule  |
|       |            │   │        │         │        │            │ s                                                  |
|       |            │   │        │         │        │            │ [model_base.py:87]run                              |
|       | ───────────┼───┼────────┼─────────┼────────┼────────────┼─────────────────────────────────────────────────── |
|       |    count   │ 1 │ 0.003  │  0.003  │ 0.003  │ 1f115043d3 │ [intersect_model.py:140]fit                        |
|       |            │   │        │         │        │            │ [model_base.py:98]run                              |
|       | ───────────┼───┼────────┼─────────┼────────┼────────────┼─────────────────────────────────────────────────── |
|       |    count   │ 1 │ 0.0023 │ 0.0023  │ 0.0023 │ ac0fa8963f │ [job_tracker.py:147]save_output_data               |
|       |            │   │        │         │        │            │ [job_tracker.py:332]save_as_table                  |
|       |            │   │        │         │        │            │ [intersect.py:420]intersect_join_id                |
|       |            │   │        │         │        │            │ [intersect_guest.py:244]run_intersect              |
|       |            │   │        │         │        │            │ [intersect_model.py:115]fit                        |
|       |            │   │        │         │        │            │ [model_base.py:98]run                              |
|       | ───────────┼───┼────────┼─────────┼────────┼────────────┼─────────────────────────────────────────────────── |
|       |   collect  │ 1 │ 0.0007 │ 0.0007  │ 0.0007 │ a351b01960 │ [job_tracker.py:142]save_output_data               |
|       |            │   │        │         │        │            │ [job_tracker.py:332]save_as_table                  |
|       |            │   │        │         │        │            │ [intersect.py:420]intersect_join_id                |
|       |            │   │        │         │        │            │ [intersect_guest.py:244]run_intersect              |
|       |            │   │        │         │        │            │ [intersect_model.py:115]fit                        |
|       |            │   │        │         │        │            │ [model_base.py:98]run                              |
+-------+--------------------------------------------------------------------------------------------------------------+
| total |                                   n=9, sum=0.2439, mean=0.0271, max=0.1325                                   |
+-------+--------------------------------------------------------------------------------------------------------------+

