[INFO] [2021-06-13 21:40:36,623] [7:140265872402176] - dag_scheduler.py[line:40]: submit job, job_id 2021061321403633484920, body {'job_dsl': {'components': {'upload_0': {'module': 'Upload'}}}, 'job_runtime_conf': {'initiator': {'role': 'local', 'party_id': 0}, 'job_parameters': {'common': {'work_mode': 0, 'backend': 0}}, 'role': {'local': [0]}, 'component_parameters': {'role': {'local': {'0': {'upload_0': {'head': 1, 'name': 'default_credit_hetero_host', 'partition': 16, 'namespace': 'experiment', 'file': '/fate/jobs/2021061321403633484920/fate_upload_tmp/default_credit_hetero_host.csv', 'destroy': True}}}}}, 'dsl_version': 2}}
[INFO] [2021-06-13 21:40:36,636] [7:140266400880384] - job_controller.py[line:52]: job parameters:{'job_type': 'train', 'work_mode': 0, 'backend': 0, 'computing_engine': 'STANDALONE', 'federation_engine': 'STANDALONE', 'storage_engine': 'STANDALONE', 'engines_address': {}, 'federated_mode': 'SINGLE', 'task_parallelism': 1, 'computing_partitions': 4, 'federated_status_collect_type': 'PULL', 'model_id': 'local-0#model', 'model_version': '2021061321403633484920', 'eggroll_run': {}, 'spark_run': {}, 'rabbitmq_run': {}, 'pulsar_run': {}, 'adaptation_parameters': {'task_nodes': 1, 'task_cores_per_node': 4, 'task_memory_per_node': 0, 'request_task_cores': 4, 'if_initiator_baseline': True}}
[INFO] [2021-06-13 21:40:36,715] [7:140265872402176] - dag_scheduler.py[line:122]: submit job successfully, job id is 2021061321403633484920, model id is local-0#model
[INFO] [2021-06-13 21:40:38,135] [7:140266826163968] - federated_scheduler.py[line:39]: try to apply job 2021061321403633484920 resource
[INFO] [2021-06-13 21:40:38,166] [7:140265872402176] - resource_manager.py[line:176]: apply job 2021061321403633484920 resource(cores 4 memory 0) on local 0 successfully, remaining cores: 16 remaining memory: 0
[INFO] [2021-06-13 21:40:38,172] [7:140266826163968] - federated_scheduler.py[line:42]: apply job 2021061321403633484920 resource successfully
[INFO] [2021-06-13 21:40:38,174] [7:140266826163968] - dag_scheduler.py[line:279]: try to start job 2021061321403633484920 on initiator local 0
[INFO] [2021-06-13 21:40:38,199] [7:140265872402176] - job_controller.py[line:261]: try to start job 2021061321403633484920 on local 0
[INFO] [2021-06-13 21:40:38,200] [7:140265872402176] - job_saver.py[line:45]: try to update job 2021061321403633484920 status to running
[INFO] [2021-06-13 21:40:38,220] [7:140265872402176] - job_saver.py[line:48]: update job 2021061321403633484920 status successfully
[INFO] [2021-06-13 21:40:38,221] [7:140265872402176] - job_saver.py[line:61]: try to update job 2021061321403633484920
[INFO] [2021-06-13 21:40:38,240] [7:140265872402176] - job_saver.py[line:64]: job 2021061321403633484920 update successfully: {'job_id': '2021061321403633484920', 'role': 'local', 'party_id': 0, 'status': 'running', 'start_time': 1623620438200}
[INFO] [2021-06-13 21:40:38,241] [7:140265872402176] - job_controller.py[line:275]: start job 2021061321403633484920 on local 0 successfully
[INFO] [2021-06-13 21:40:38,245] [7:140266826163968] - dag_scheduler.py[line:292]: start job 2021061321403633484920 on initiator local 0
[INFO] [2021-06-13 21:40:38,254] [7:140266826163968] - dag_scheduler.py[line:247]: reset job 2021061321403633484920 ready signal True
[INFO] [2021-06-13 21:40:38,262] [7:140266826163968] - dag_scheduler.py[line:298]: scheduling job 2021061321403633484920
[INFO] [2021-06-13 21:40:38,264] [7:140266826163968] - task_scheduler.py[line:28]: scheduling job 2021061321403633484920 tasks
[INFO] [2021-06-13 21:40:38,279] [7:140266826163968] - task_scheduler.py[line:143]: job 2021061321403633484920 task 2021061321403633484920_upload_0 0 status is waiting, calculate by task party status list: ['waiting']
[INFO] [2021-06-13 21:40:38,279] [7:140266826163968] - task_scheduler.py[line:80]: try to start job 2021061321403633484920 task 2021061321403633484920_upload_0 0 on local 0
[INFO] [2021-06-13 21:40:38,290] [7:140266826163968] - resource_manager.py[line:286]: task 2021061321403633484920_upload_0 0 apply resource successfully
[INFO] [2021-06-13 21:40:38,291] [7:140266826163968] - job_saver.py[line:71]: try to update job 2021061321403633484920 task 2021061321403633484920_upload_0 0 status
[INFO] [2021-06-13 21:40:38,303] [7:140266826163968] - job_saver.py[line:74]: update job 2021061321403633484920 task 2021061321403633484920_upload_0 0 status successfully: {'job_id': '2021061321403633484920', 'task_id': '2021061321403633484920_upload_0', 'task_version': 0, 'role': 'local', 'party_id': '0', 'status': 'running'}
[INFO] [2021-06-13 21:40:38,303] [7:140266826163968] - task_scheduler.py[line:93]: start job 2021061321403633484920 task 2021061321403633484920_upload_0 0 on local 0
[INFO] [2021-06-13 21:40:38,303] [7:140266826163968] - federated_scheduler.py[line:192]: job 2021061321403633484920 task 2021061321403633484920_upload_0 0 is running, sync to all party
[INFO] [2021-06-13 21:40:38,309] [7:140265872402176] - job_saver.py[line:71]: try to update job 2021061321403633484920 task 2021061321403633484920_upload_0 0 status
[INFO] [2021-06-13 21:40:38,317] [7:140265872402176] - job_saver.py[line:76]: update job 2021061321403633484920 task 2021061321403633484920_upload_0 0 status update does not take effect: {'job_id': '2021061321403633484920', 'task_id': '2021061321403633484920_upload_0', 'task_version': '0', 'role': 'local', 'party_id': '0', 'status': 'running'}
[WARNING] [2021-06-13 21:40:38,329] [7:140266826163968] - federated_scheduler.py[line:260]: an error occurred while status/running the task to role local party 0: 
update task status failed
[INFO] [2021-06-13 21:40:38,329] [7:140266826163968] - federated_scheduler.py[line:197]: sync job 2021061321403633484920 task 2021061321403633484920_upload_0 0 status running to all party failed: 
{'local': {0: {'retcode': 103, 'retmsg': 'update task status failed'}}}
[INFO] [2021-06-13 21:40:38,344] [7:140265872402176] - task_controller.py[line:71]: try to start job 2021061321403633484920 task 2021061321403633484920_upload_0 0 on local 0 executor subprocess
[INFO] [2021-06-13 21:40:38,349] [7:140265872402176] - task_controller.py[line:90]: use computing engine STANDALONE
[INFO] [2021-06-13 21:40:38,350] [7:140265872402176] - task_controller.py[line:145]: job 2021061321403633484920 task 2021061321403633484920_upload_0 0 on local 0 executor subprocess is ready
[INFO] [2021-06-13 21:40:38,350] [7:140265872402176] - job_utils.py[line:310]: start process command: /usr/local/bin/python /fate/python/fate_flow/operation/task_executor.py -j 2021061321403633484920 -n upload_0 -t 2021061321403633484920_upload_0 -v 0 -r local -p 0 -c /fate/jobs/2021061321403633484920/local/0/upload_0/2021061321403633484920_upload_0/0/task_parameters.json --run_ip 127.0.0.1 --job_server 127.0.0.1:9380
[INFO] [2021-06-13 21:40:38,357] [7:140265872402176] - job_utils.py[line:334]: start process command: /usr/local/bin/python /fate/python/fate_flow/operation/task_executor.py -j 2021061321403633484920 -n upload_0 -t 2021061321403633484920_upload_0 -v 0 -r local -p 0 -c /fate/jobs/2021061321403633484920/local/0/upload_0/2021061321403633484920_upload_0/0/task_parameters.json --run_ip 127.0.0.1 --job_server 127.0.0.1:9380 successfully, pid is 1917
[INFO] [2021-06-13 21:40:38,358] [7:140265872402176] - job_saver.py[line:81]: try to update job 2021061321403633484920 task 2021061321403633484920_upload_0 0
[INFO] [2021-06-13 21:40:38,379] [7:140265872402176] - job_saver.py[line:84]: job 2021061321403633484920 task 2021061321403633484920_upload_0 0 update successfully
[INFO] [2021-06-13 21:40:38,386] [7:140265872402176] - job_saver.py[line:71]: try to update job 2021061321403633484920 task 2021061321403633484920_upload_0 0 status
[INFO] [2021-06-13 21:40:38,408] [7:140265872402176] - job_saver.py[line:74]: update job 2021061321403633484920 task 2021061321403633484920_upload_0 0 status successfully: {'job_id': '2021061321403633484920', 'task_id': '2021061321403633484920_upload_0', 'task_version': '0', 'role': 'local', 'party_id': '0', 'party_status': 'running', 'start_time': 1623620438358}
[INFO] [2021-06-13 21:40:38,415] [7:140265872402176] - task_controller.py[line:164]: job 2021061321403633484920 task 2021061321403633484920_upload_0 0 on local 0 executor subprocess start success
[INFO] [2021-06-13 21:40:38,422] [7:140266826163968] - task_scheduler.py[line:75]: finish scheduling job 2021061321403633484920 tasks
[INFO] [2021-06-13 21:40:38,423] [7:140266826163968] - dag_scheduler.py[line:310]: Job 2021061321403633484920 status is running, calculate by task status list: ['running']
[INFO] [2021-06-13 21:40:38,424] [7:140266826163968] - dag_scheduler.py[line:325]: finish scheduling job 2021061321403633484920
[INFO] [2021-06-13 21:40:40,410] [1917:139636386248512] - task_executor.py[line:56]: enter task process
[INFO] [2021-06-13 21:40:40,410] [1917:139636386248512] - task_executor.py[line:57]: Namespace(component_name='upload_0', config='/fate/jobs/2021061321403633484920/local/0/upload_0/2021061321403633484920_upload_0/0/task_parameters.json', job_id='2021061321403633484920', job_server='127.0.0.1:9380', party_id=0, role='local', run_ip='127.0.0.1', task_id='2021061321403633484920_upload_0', task_version=0)
[INFO] [2021-06-13 21:40:40,422] [7:140265872402176] - job_saver.py[line:81]: try to update job 2021061321403633484920 task 2021061321403633484920_upload_0 0
[INFO] [2021-06-13 21:40:40,444] [7:140265872402176] - job_saver.py[line:84]: job 2021061321403633484920 task 2021061321403633484920_upload_0 0 update successfully
[INFO] [2021-06-13 21:40:40,447] [7:140265872402176] - job_saver.py[line:71]: try to update job 2021061321403633484920 task 2021061321403633484920_upload_0 0 status
[INFO] [2021-06-13 21:40:40,451] [7:140265872402176] - job_saver.py[line:76]: update job 2021061321403633484920 task 2021061321403633484920_upload_0 0 status update does not take effect: {'job_id': '2021061321403633484920', 'component_name': 'upload_0', 'task_id': '2021061321403633484920_upload_0', 'task_version': '0', 'role': 'local', 'party_id': '0', 'run_ip': '127.0.0.1', 'run_pid': 1917, 'party_status': 'running'}
[INFO] [2021-06-13 21:40:40,477] [7:140266826163968] - dag_scheduler.py[line:298]: scheduling job 2021061321403633484920
[INFO] [2021-06-13 21:40:40,480] [7:140266826163968] - task_scheduler.py[line:28]: scheduling job 2021061321403633484920 tasks
[INFO] [2021-06-13 21:40:40,516] [7:140266826163968] - job_saver.py[line:71]: try to update job 2021061321403633484920 task 2021061321403633484920_upload_0 0 status
[INFO] [2021-06-13 21:40:40,522] [7:140266826163968] - job_saver.py[line:76]: update job 2021061321403633484920 task 2021061321403633484920_upload_0 0 status update does not take effect: {'elapsed': None, 'end_time': None, 'job_id': '2021061321403633484920', 'party_id': '0', 'party_status': 'running', 'role': 'local', 'start_time': 1623620438358, 'status': 'running', 'task_id': '2021061321403633484920_upload_0', 'task_version': 0, 'update_time': 1623620436656}
[INFO] [2021-06-13 21:40:40,522] [7:140266826163968] - job_saver.py[line:81]: try to update job 2021061321403633484920 task 2021061321403633484920_upload_0 0
[INFO] [2021-06-13 21:40:40,539] [7:140266826163968] - job_saver.py[line:84]: job 2021061321403633484920 task 2021061321403633484920_upload_0 0 update successfully
[INFO] [2021-06-13 21:40:40,546] [7:140266826163968] - task_scheduler.py[line:143]: job 2021061321403633484920 task 2021061321403633484920_upload_0 0 status is running, calculate by task party status list: ['running']
[INFO] [2021-06-13 21:40:40,547] [7:140266826163968] - task_scheduler.py[line:75]: finish scheduling job 2021061321403633484920 tasks
[INFO] [2021-06-13 21:40:40,547] [7:140266826163968] - dag_scheduler.py[line:310]: Job 2021061321403633484920 status is running, calculate by task status list: ['running']
[INFO] [2021-06-13 21:40:40,547] [7:140266826163968] - dag_scheduler.py[line:325]: finish scheduling job 2021061321403633484920
[INFO] [2021-06-13 21:40:41,351] [7:140265872402176] - job_saver.py[line:61]: try to update job 2021061321403633484920
[INFO] [2021-06-13 21:40:41,381] [7:140265872402176] - job_saver.py[line:64]: job 2021061321403633484920 update successfully: {'progress': 100.0, 'job_id': '2021061321403633484920', 'role': 'local', 'party_id': '0'}
[INFO] [2021-06-13 21:40:42,220] [7:140265872402176] - job_tracker.py[line:74]: save job 2021061321403633484920 component upload_0 on local 0 upload data_access metric data
[INFO] [2021-06-13 21:40:42,251] [7:140265872402176] - job_tracker.py[line:97]: save job 2021061321403633484920 component upload_0 on local 0 upload data_access metric meta
[INFO] [2021-06-13 21:40:42,316] [1917:139636386248512] - job_tracker.py[line:159]: task id 2021061321403633484920_upload_0 output data table is none
[INFO] [2021-06-13 21:40:42,324] [7:140265872402176] - job_saver.py[line:81]: try to update job 2021061321403633484920 task 2021061321403633484920_upload_0 0
[INFO] [2021-06-13 21:40:42,344] [7:140265872402176] - job_saver.py[line:84]: job 2021061321403633484920 task 2021061321403633484920_upload_0 0 update successfully
[INFO] [2021-06-13 21:40:42,351] [7:140265872402176] - job_saver.py[line:71]: try to update job 2021061321403633484920 task 2021061321403633484920_upload_0 0 status
[INFO] [2021-06-13 21:40:42,371] [7:140265872402176] - job_saver.py[line:74]: update job 2021061321403633484920 task 2021061321403633484920_upload_0 0 status successfully: {'job_id': '2021061321403633484920', 'component_name': 'upload_0', 'task_id': '2021061321403633484920_upload_0', 'task_version': '0', 'role': 'local', 'party_id': '0', 'run_ip': '127.0.0.1', 'run_pid': 1917, 'party_status': 'success', 'end_time': 1623620442317, 'elapsed': 1907}
[INFO] [2021-06-13 21:40:42,391] [7:140265872402176] - job_saver.py[line:81]: try to update job 2021061321403633484920 task 2021061321403633484920_upload_0 0
[INFO] [2021-06-13 21:40:42,411] [7:140265872402176] - job_saver.py[line:84]: job 2021061321403633484920 task 2021061321403633484920_upload_0 0 update successfully
[INFO] [2021-06-13 21:40:42,419] [7:140265872402176] - job_saver.py[line:71]: try to update job 2021061321403633484920 task 2021061321403633484920_upload_0 0 status
[INFO] [2021-06-13 21:40:42,440] [7:140265872402176] - job_saver.py[line:76]: update job 2021061321403633484920 task 2021061321403633484920_upload_0 0 status update does not take effect: {'job_id': '2021061321403633484920', 'component_name': 'upload_0', 'task_id': '2021061321403633484920_upload_0', 'task_version': '0', 'role': 'local', 'party_id': '0', 'run_ip': '127.0.0.1', 'run_pid': 1917, 'party_status': 'success', 'end_time': 1623620442317, 'elapsed': 1907}
[INFO] [2021-06-13 21:40:42,590] [7:140266826163968] - dag_scheduler.py[line:298]: scheduling job 2021061321403633484920
[INFO] [2021-06-13 21:40:42,591] [7:140266826163968] - task_scheduler.py[line:28]: scheduling job 2021061321403633484920 tasks
[INFO] [2021-06-13 21:40:42,626] [7:140266826163968] - job_saver.py[line:71]: try to update job 2021061321403633484920 task 2021061321403633484920_upload_0 0 status
[INFO] [2021-06-13 21:40:42,632] [7:140266826163968] - job_saver.py[line:76]: update job 2021061321403633484920 task 2021061321403633484920_upload_0 0 status update does not take effect: {'elapsed': 1907, 'end_time': 1623620442317, 'job_id': '2021061321403633484920', 'party_id': '0', 'party_status': 'success', 'role': 'local', 'start_time': 1623620438358, 'status': 'running', 'task_id': '2021061321403633484920_upload_0', 'task_version': 0, 'update_time': 1623620436656}
[INFO] [2021-06-13 21:40:42,632] [7:140266826163968] - job_saver.py[line:81]: try to update job 2021061321403633484920 task 2021061321403633484920_upload_0 0
[INFO] [2021-06-13 21:40:42,656] [7:140266826163968] - job_saver.py[line:84]: job 2021061321403633484920 task 2021061321403633484920_upload_0 0 update successfully
[INFO] [2021-06-13 21:40:42,663] [7:140266826163968] - task_scheduler.py[line:143]: job 2021061321403633484920 task 2021061321403633484920_upload_0 0 status is success, calculate by task party status list: ['success']
[INFO] [2021-06-13 21:40:42,663] [7:140266826163968] - federated_scheduler.py[line:192]: job 2021061321403633484920 task 2021061321403633484920_upload_0 0 is success, sync to all party
[INFO] [2021-06-13 21:40:42,671] [7:140265872402176] - job_saver.py[line:71]: try to update job 2021061321403633484920 task 2021061321403633484920_upload_0 0 status
[INFO] [2021-06-13 21:40:42,689] [7:140265872402176] - job_saver.py[line:74]: update job 2021061321403633484920 task 2021061321403633484920_upload_0 0 status successfully: {'job_id': '2021061321403633484920', 'task_id': '2021061321403633484920_upload_0', 'task_version': '0', 'role': 'local', 'party_id': '0', 'status': 'success'}
[INFO] [2021-06-13 21:40:42,704] [7:140265872402176] - resource_manager.py[line:286]: task 2021061321403633484920_upload_0 0 return resource successfully
[INFO] [2021-06-13 21:40:42,708] [7:140265872402176] - job_tracker.py[line:424]: clean task 2021061321403633484920_upload_0 0 on local 0
[ERROR] [2021-06-13 21:40:42,710] [7:140265872402176] - job_tracker.py[line:475]: namespace dir /fate/data/2021061321403633484920_upload_0_0_local_0 does not exist
Traceback (most recent call last):
  File "/fate/python/fate_flow/operation/job_tracker.py", line 437, in clean_task
    sess.computing.cleanup(namespace=computing_temp_namespace, name="*")
  File "/fate/python/fate_arch/computing/standalone/_csession.py", line 73, in cleanup
    return self._session.cleanup(name=name, namespace=namespace)
  File "/fate/python/fate_arch/_standalone.py", line 383, in cleanup
    raise EnvironmentError(f"namespace dir {namespace_dir} does not exist")
OSError: namespace dir /fate/data/2021061321403633484920_upload_0_0_local_0 does not exist
[INFO] [2021-06-13 21:40:42,718] [7:140266826163968] - federated_scheduler.py[line:195]: sync job 2021061321403633484920 task 2021061321403633484920_upload_0 0 status success to all party success
[INFO] [2021-06-13 21:40:42,719] [7:140266826163968] - federated_scheduler.py[line:202]: try to stop job 2021061321403633484920 task 2021061321403633484920_upload_0 0
[INFO] [2021-06-13 21:40:42,729] [7:140265872402176] - job_utils.py[line:397]: try to stop job 2021061321403633484920 task 2021061321403633484920_upload_0 local 0 with success party status process pid:1917
[INFO] [2021-06-13 21:40:42,730] [7:140265872402176] - job_utils.py[line:400]: can not found job 2021061321403633484920 task 2021061321403633484920_upload_0 local 0 with success party status process pid:1917
[INFO] [2021-06-13 21:40:42,732] [7:140265872402176] - job_utils.py[line:424]: start run subprocess to stop task session 2021061321403633484920_upload_0_0_local_0
[INFO] [2021-06-13 21:40:42,732] [7:140265872402176] - job_utils.py[line:310]: start process command: python3 /fate/python/fate_flow/utils/session_utils.py -j 2021061321403633484920_upload_0_0_local_0 --computing STANDALONE --federation STANDALONE --storage STANDALONE -c stop
[INFO] [2021-06-13 21:40:42,739] [7:140265872402176] - job_utils.py[line:334]: start process command: python3 /fate/python/fate_flow/utils/session_utils.py -j 2021061321403633484920_upload_0_0_local_0 --computing STANDALONE --federation STANDALONE --storage STANDALONE -c stop successfully, pid is 1937
[INFO] [2021-06-13 21:40:42,740] [7:140265872402176] - task_controller.py[line:255]: job 2021061321403633484920 task 2021061321403633484920_upload_0 0 on local 0 process 1917 kill success
[INFO] [2021-06-13 21:40:42,741] [7:140265872402176] - job_saver.py[line:71]: try to update job 2021061321403633484920 task 2021061321403633484920_upload_0 0 status
[INFO] [2021-06-13 21:40:42,748] [7:140265872402176] - job_saver.py[line:76]: update job 2021061321403633484920 task 2021061321403633484920_upload_0 0 status update does not take effect: {'job_id': '2021061321403633484920', 'task_id': '2021061321403633484920_upload_0', 'task_version': 0, 'role': 'local', 'party_id': '0', 'party_status': 'success'}
[INFO] [2021-06-13 21:40:42,755] [7:140265872402176] - job_saver.py[line:81]: try to update job 2021061321403633484920 task 2021061321403633484920_upload_0 0
[WARNING] [2021-06-13 21:40:42,761] [7:140265872402176] - job_saver.py[line:86]: job 2021061321403633484920 task 2021061321403633484920_upload_0 0 update does not take effect
[INFO] [2021-06-13 21:40:42,772] [7:140266826163968] - federated_scheduler.py[line:206]: stop job 2021061321403633484920 task 2021061321403633484920_upload_0 0 success
[INFO] [2021-06-13 21:40:42,772] [7:140266826163968] - task_scheduler.py[line:75]: finish scheduling job 2021061321403633484920 tasks
[INFO] [2021-06-13 21:40:42,772] [7:140266826163968] - dag_scheduler.py[line:310]: Job 2021061321403633484920 status is success, calculate by task status list: ['success']
[INFO] [2021-06-13 21:40:42,772] [7:140266826163968] - federated_scheduler.py[line:78]: try to save job 2021061321403633484920 pipelined model
[INFO] [2021-06-13 21:40:42,778] [7:140265872402176] - job_controller.py[line:331]: job 2021061321403633484920 on local 0 start to save pipeline
[INFO] [2021-06-13 21:40:42,795] [7:140265872402176] - job_controller.py[line:374]: job 2021061321403633484920 on local 0 save pipeline successfully
[INFO] [2021-06-13 21:40:42,799] [7:140266826163968] - federated_scheduler.py[line:81]: save job 2021061321403633484920 pipelined model success
[INFO] [2021-06-13 21:40:42,800] [7:140266826163968] - federated_scheduler.py[line:68]: job 2021061321403633484920 is success, sync to all party
[INFO] [2021-06-13 21:40:42,806] [7:140265872402176] - job_saver.py[line:45]: try to update job 2021061321403633484920 status to success
[INFO] [2021-06-13 21:40:42,832] [7:140265872402176] - job_saver.py[line:48]: update job 2021061321403633484920 status successfully
[INFO] [2021-06-13 21:40:42,885] [7:140265872402176] - resource_manager.py[line:176]: return job 2021061321403633484920 resource(cores 4 memory 0) on local 0 successfully, remaining cores: 20 remaining memory: 0
[INFO] [2021-06-13 21:40:42,890] [7:140266826163968] - federated_scheduler.py[line:71]: sync job 2021061321403633484920 status success to all party success
[INFO] [2021-06-13 21:40:42,903] [7:140266826163968] - job_saver.py[line:45]: try to update job 2021061321403633484920 status to success
[INFO] [2021-06-13 21:40:42,910] [7:140266826163968] - job_saver.py[line:56]: update job 2021061321403633484920 status does not take effect
[INFO] [2021-06-13 21:40:42,910] [7:140266826163968] - job_saver.py[line:61]: try to update job 2021061321403633484920
[WARNING] [2021-06-13 21:40:42,918] [7:140266826163968] - job_saver.py[line:66]: job 2021061321403633484920 update does not take effect: {'job_id': '2021061321403633484920', 'role': 'local', 'party_id': '0', 'status': 'success'}
[INFO] [2021-06-13 21:40:42,919] [7:140266826163968] - dag_scheduler.py[line:502]: Job 2021061321403633484920 finished with success, do something...
[INFO] [2021-06-13 21:40:42,919] [7:140266826163968] - dag_scheduler.py[line:436]: request stop job 2021061321403633484920 with success
[INFO] [2021-06-13 21:40:42,927] [7:140266826163968] - dag_scheduler.py[line:445]: request stop job 2021061321403633484920 with success to all party
[INFO] [2021-06-13 21:40:42,928] [7:140266826163968] - federated_scheduler.py[line:88]: try to stop job 2021061321403633484920
[INFO] [2021-06-13 21:40:42,961] [7:140265872402176] - job_utils.py[line:397]: try to stop job 2021061321403633484920 task 2021061321403633484920_upload_0 local 0 with success party status process pid:1917
[INFO] [2021-06-13 21:40:42,961] [7:140265872402176] - job_utils.py[line:400]: can not found job 2021061321403633484920 task 2021061321403633484920_upload_0 local 0 with success party status process pid:1917
[INFO] [2021-06-13 21:40:42,965] [7:140265872402176] - job_utils.py[line:424]: start run subprocess to stop task session 2021061321403633484920_upload_0_0_local_0
[INFO] [2021-06-13 21:40:42,965] [7:140265872402176] - job_utils.py[line:310]: start process command: python3 /fate/python/fate_flow/utils/session_utils.py -j 2021061321403633484920_upload_0_0_local_0 --computing STANDALONE --federation STANDALONE --storage STANDALONE -c stop
[INFO] [2021-06-13 21:40:42,972] [7:140265872402176] - job_utils.py[line:334]: start process command: python3 /fate/python/fate_flow/utils/session_utils.py -j 2021061321403633484920_upload_0_0_local_0 --computing STANDALONE --federation STANDALONE --storage STANDALONE -c stop successfully, pid is 1941
[INFO] [2021-06-13 21:40:42,973] [7:140265872402176] - task_controller.py[line:255]: job 2021061321403633484920 task 2021061321403633484920_upload_0 0 on local 0 process 1917 kill success
[INFO] [2021-06-13 21:40:42,973] [7:140265872402176] - job_saver.py[line:71]: try to update job 2021061321403633484920 task 2021061321403633484920_upload_0 0 status
[INFO] [2021-06-13 21:40:42,981] [7:140265872402176] - job_saver.py[line:76]: update job 2021061321403633484920 task 2021061321403633484920_upload_0 0 status update does not take effect: {'job_id': '2021061321403633484920', 'task_id': '2021061321403633484920_upload_0', 'task_version': 0, 'role': 'local', 'party_id': '0', 'party_status': 'success'}
[INFO] [2021-06-13 21:40:42,989] [7:140265872402176] - job_saver.py[line:81]: try to update job 2021061321403633484920 task 2021061321403633484920_upload_0 0
[WARNING] [2021-06-13 21:40:42,994] [7:140265872402176] - job_saver.py[line:86]: job 2021061321403633484920 task 2021061321403633484920_upload_0 0 update does not take effect
[INFO] [2021-06-13 21:40:43,000] [7:140265872402176] - job_saver.py[line:45]: try to update job 2021061321403633484920 status to success
[INFO] [2021-06-13 21:40:43,009] [7:140265872402176] - job_saver.py[line:56]: update job 2021061321403633484920 status does not take effect
[INFO] [2021-06-13 21:40:43,014] [7:140266826163968] - federated_scheduler.py[line:92]: stop job 2021061321403633484920 success
[INFO] [2021-06-13 21:40:43,014] [7:140266826163968] - dag_scheduler.py[line:448]: stop job 2021061321403633484920 with success successfully
[INFO] [2021-06-13 21:40:43,014] [7:140266826163968] - federated_scheduler.py[line:107]: try to clean job 2021061321403633484920
[INFO] [2021-06-13 21:40:43,022] [7:140265872402176] - job_controller.py[line:379]: Job 2021061321403633484920 on local 0 start to clean
[INFO] [2021-06-13 21:40:43,022] [7:140265872402176] - job_controller.py[line:382]: job 2021061321403633484920 on local 0 clean done
[INFO] [2021-06-13 21:40:43,027] [7:140266826163968] - federated_scheduler.py[line:110]: clean job 2021061321403633484920 success
[INFO] [2021-06-13 21:40:43,028] [7:140266826163968] - dag_scheduler.py[line:505]: Job 2021061321403633484920 finished with success, done
[INFO] [2021-06-13 21:40:43,028] [7:140266826163968] - dag_scheduler.py[line:325]: finish scheduling job 2021061321403633484920
[INFO] [2021-06-13 21:40:43,062] [7:140266826163968] - dag_scheduler.py[line:298]: scheduling job 2021061321403633484920
[INFO] [2021-06-13 21:40:43,064] [7:140266826163968] - task_scheduler.py[line:28]: scheduling job 2021061321403633484920 tasks
[INFO] [2021-06-13 21:40:43,080] [7:140266826163968] - task_scheduler.py[line:143]: job 2021061321403633484920 task 2021061321403633484920_upload_0 0 status is success, calculate by task party status list: ['success']
[INFO] [2021-06-13 21:40:43,080] [7:140266826163968] - task_scheduler.py[line:75]: finish scheduling job 2021061321403633484920 tasks
[INFO] [2021-06-13 21:40:43,080] [7:140266826163968] - dag_scheduler.py[line:310]: Job 2021061321403633484920 status is success, calculate by task status list: ['success']
[INFO] [2021-06-13 21:40:43,080] [7:140266826163968] - dag_scheduler.py[line:502]: Job 2021061321403633484920 finished with success, do something...
[INFO] [2021-06-13 21:40:43,080] [7:140266826163968] - dag_scheduler.py[line:436]: request stop job 2021061321403633484920 with success
[INFO] [2021-06-13 21:40:43,088] [7:140266826163968] - dag_scheduler.py[line:445]: request stop job 2021061321403633484920 with success to all party
[INFO] [2021-06-13 21:40:43,088] [7:140266826163968] - federated_scheduler.py[line:88]: try to stop job 2021061321403633484920
[INFO] [2021-06-13 21:40:43,113] [7:140265872402176] - job_utils.py[line:397]: try to stop job 2021061321403633484920 task 2021061321403633484920_upload_0 local 0 with success party status process pid:1917
[INFO] [2021-06-13 21:40:43,113] [7:140265872402176] - job_utils.py[line:400]: can not found job 2021061321403633484920 task 2021061321403633484920_upload_0 local 0 with success party status process pid:1917
[INFO] [2021-06-13 21:40:43,116] [7:140265872402176] - job_utils.py[line:424]: start run subprocess to stop task session 2021061321403633484920_upload_0_0_local_0
[INFO] [2021-06-13 21:40:43,116] [7:140265872402176] - job_utils.py[line:310]: start process command: python3 /fate/python/fate_flow/utils/session_utils.py -j 2021061321403633484920_upload_0_0_local_0 --computing STANDALONE --federation STANDALONE --storage STANDALONE -c stop
[INFO] [2021-06-13 21:40:43,139] [7:140265872402176] - job_utils.py[line:334]: start process command: python3 /fate/python/fate_flow/utils/session_utils.py -j 2021061321403633484920_upload_0_0_local_0 --computing STANDALONE --federation STANDALONE --storage STANDALONE -c stop successfully, pid is 1952
[INFO] [2021-06-13 21:40:43,141] [7:140265872402176] - task_controller.py[line:255]: job 2021061321403633484920 task 2021061321403633484920_upload_0 0 on local 0 process 1917 kill success
[INFO] [2021-06-13 21:40:43,142] [7:140265872402176] - job_saver.py[line:71]: try to update job 2021061321403633484920 task 2021061321403633484920_upload_0 0 status
[INFO] [2021-06-13 21:40:43,155] [7:140265872402176] - job_saver.py[line:76]: update job 2021061321403633484920 task 2021061321403633484920_upload_0 0 status update does not take effect: {'job_id': '2021061321403633484920', 'task_id': '2021061321403633484920_upload_0', 'task_version': 0, 'role': 'local', 'party_id': '0', 'party_status': 'success'}
[INFO] [2021-06-13 21:40:43,211] [7:140265872402176] - job_saver.py[line:81]: try to update job 2021061321403633484920 task 2021061321403633484920_upload_0 0
[WARNING] [2021-06-13 21:40:43,240] [7:140265872402176] - job_saver.py[line:86]: job 2021061321403633484920 task 2021061321403633484920_upload_0 0 update does not take effect
[INFO] [2021-06-13 21:40:43,250] [7:140265872402176] - job_saver.py[line:45]: try to update job 2021061321403633484920 status to success
[INFO] [2021-06-13 21:40:43,264] [7:140265872402176] - job_saver.py[line:56]: update job 2021061321403633484920 status does not take effect
[INFO] [2021-06-13 21:40:43,273] [7:140266826163968] - federated_scheduler.py[line:92]: stop job 2021061321403633484920 success
[INFO] [2021-06-13 21:40:43,273] [7:140266826163968] - dag_scheduler.py[line:448]: stop job 2021061321403633484920 with success successfully
[INFO] [2021-06-13 21:40:43,273] [7:140266826163968] - federated_scheduler.py[line:107]: try to clean job 2021061321403633484920
[INFO] [2021-06-13 21:40:43,280] [7:140265872402176] - job_controller.py[line:379]: Job 2021061321403633484920 on local 0 start to clean
[INFO] [2021-06-13 21:40:43,281] [7:140265872402176] - job_controller.py[line:382]: job 2021061321403633484920 on local 0 clean done
[INFO] [2021-06-13 21:40:43,284] [7:140266826163968] - federated_scheduler.py[line:110]: clean job 2021061321403633484920 success
[INFO] [2021-06-13 21:40:43,284] [7:140266826163968] - dag_scheduler.py[line:505]: Job 2021061321403633484920 finished with success, done
[INFO] [2021-06-13 21:40:43,285] [7:140266826163968] - dag_scheduler.py[line:325]: finish scheduling job 2021061321403633484920
[INFO] [2021-06-13 21:40:43,618] [1937:139878613006144] - session_utils.py[line:38]: start stop session 2021061321403633484920_upload_0_0_local_0
[INFO] [2021-06-13 21:40:43,618] [1937:139878613006144] - session_utils.py[line:47]: stop session 2021061321403633484920_upload_0_0_local_0 success
[INFO] [2021-06-13 21:40:43,872] [1941:140015989475136] - session_utils.py[line:38]: start stop session 2021061321403633484920_upload_0_0_local_0
[INFO] [2021-06-13 21:40:43,873] [1941:140015989475136] - session_utils.py[line:47]: stop session 2021061321403633484920_upload_0_0_local_0 success
[INFO] [2021-06-13 21:40:44,030] [1952:139647173424960] - session_utils.py[line:38]: start stop session 2021061321403633484920_upload_0_0_local_0
[INFO] [2021-06-13 21:40:44,031] [1952:139647173424960] - session_utils.py[line:47]: stop session 2021061321403633484920_upload_0_0_local_0 success
[INFO] [2021-06-13 21:40:45,344] [7:140266826163968] - dag_scheduler.py[line:193]: the number of updates has been exceeded
[INFO] [2021-06-13 21:40:47,736] [7:140266826163968] - dag_scheduler.py[line:193]: the number of updates has been exceeded
[INFO] [2021-06-13 21:40:49,862] [7:140266826163968] - dag_scheduler.py[line:193]: the number of updates has been exceeded
[INFO] [2021-06-13 21:40:52,020] [7:140266826163968] - dag_scheduler.py[line:193]: the number of updates has been exceeded
[INFO] [2021-06-13 21:40:54,484] [7:140266826163968] - dag_scheduler.py[line:193]: the number of updates has been exceeded
[INFO] [2021-06-13 21:40:56,678] [7:140266826163968] - dag_scheduler.py[line:193]: the number of updates has been exceeded
[INFO] [2021-06-13 21:40:58,722] [7:140266826163968] - dag_scheduler.py[line:193]: the number of updates has been exceeded
[INFO] [2021-06-13 21:41:00,768] [7:140266826163968] - dag_scheduler.py[line:193]: the number of updates has been exceeded
[INFO] [2021-06-13 21:41:02,814] [7:140266826163968] - dag_scheduler.py[line:193]: the number of updates has been exceeded
[INFO] [2021-06-13 21:41:04,878] [7:140266826163968] - dag_scheduler.py[line:193]: the number of updates has been exceeded
[INFO] [2021-06-13 21:41:06,930] [7:140266826163968] - dag_scheduler.py[line:193]: the number of updates has been exceeded
[INFO] [2021-06-13 21:41:08,979] [7:140266826163968] - dag_scheduler.py[line:193]: the number of updates has been exceeded
[INFO] [2021-06-13 21:41:11,043] [7:140266826163968] - dag_scheduler.py[line:193]: the number of updates has been exceeded
[INFO] [2021-06-13 21:41:13,094] [7:140266826163968] - dag_scheduler.py[line:193]: the number of updates has been exceeded
[INFO] [2021-06-13 21:41:15,144] [7:140266826163968] - dag_scheduler.py[line:193]: the number of updates has been exceeded
[INFO] [2021-06-13 21:41:17,242] [7:140266826163968] - dag_scheduler.py[line:193]: the number of updates has been exceeded
[INFO] [2021-06-13 21:41:19,295] [7:140266826163968] - dag_scheduler.py[line:193]: the number of updates has been exceeded
[INFO] [2021-06-13 21:41:21,385] [7:140266826163968] - dag_scheduler.py[line:193]: the number of updates has been exceeded
[INFO] [2021-06-13 21:41:23,437] [7:140266826163968] - dag_scheduler.py[line:193]: the number of updates has been exceeded
[INFO] [2021-06-13 21:41:25,501] [7:140266826163968] - dag_scheduler.py[line:193]: the number of updates has been exceeded
[INFO] [2021-06-13 21:41:27,556] [7:140266826163968] - dag_scheduler.py[line:193]: the number of updates has been exceeded
[INFO] [2021-06-13 21:41:29,624] [7:140266826163968] - dag_scheduler.py[line:193]: the number of updates has been exceeded
[INFO] [2021-06-13 21:41:31,677] [7:140266826163968] - dag_scheduler.py[line:193]: the number of updates has been exceeded
[INFO] [2021-06-13 21:41:33,725] [7:140266826163968] - dag_scheduler.py[line:193]: the number of updates has been exceeded
[INFO] [2021-06-13 21:41:35,784] [7:140266826163968] - dag_scheduler.py[line:193]: the number of updates has been exceeded
[INFO] [2021-06-13 21:41:37,857] [7:140266826163968] - dag_scheduler.py[line:193]: the number of updates has been exceeded
[INFO] [2021-06-13 21:41:39,931] [7:140266826163968] - dag_scheduler.py[line:193]: the number of updates has been exceeded
[INFO] [2021-06-13 21:41:41,985] [7:140266826163968] - dag_scheduler.py[line:193]: the number of updates has been exceeded
[INFO] [2021-06-13 21:41:44,042] [7:140266826163968] - dag_scheduler.py[line:193]: the number of updates has been exceeded
[INFO] [2021-06-13 21:41:46,117] [7:140266826163968] - dag_scheduler.py[line:193]: the number of updates has been exceeded
[INFO] [2021-06-13 21:41:48,192] [7:140266826163968] - dag_scheduler.py[line:193]: the number of updates has been exceeded
[INFO] [2021-06-13 21:41:50,247] [7:140266826163968] - dag_scheduler.py[line:193]: the number of updates has been exceeded
[INFO] [2021-06-13 21:41:52,301] [7:140266826163968] - dag_scheduler.py[line:193]: the number of updates has been exceeded
[INFO] [2021-06-13 21:41:54,353] [7:140266826163968] - dag_scheduler.py[line:193]: the number of updates has been exceeded
[INFO] [2021-06-13 21:41:56,402] [7:140266826163968] - dag_scheduler.py[line:193]: the number of updates has been exceeded
[INFO] [2021-06-13 21:41:58,464] [7:140266826163968] - dag_scheduler.py[line:193]: the number of updates has been exceeded
[INFO] [2021-06-13 21:42:00,516] [7:140266826163968] - dag_scheduler.py[line:193]: the number of updates has been exceeded
[INFO] [2021-06-13 21:42:02,562] [7:140266826163968] - dag_scheduler.py[line:193]: the number of updates has been exceeded
[INFO] [2021-06-13 21:42:04,607] [7:140266826163968] - dag_scheduler.py[line:193]: the number of updates has been exceeded
[INFO] [2021-06-13 21:42:06,645] [7:140266826163968] - dag_scheduler.py[line:193]: the number of updates has been exceeded
[INFO] [2021-06-13 21:42:08,704] [7:140266826163968] - dag_scheduler.py[line:193]: the number of updates has been exceeded
[INFO] [2021-06-13 21:42:10,757] [7:140266826163968] - dag_scheduler.py[line:193]: the number of updates has been exceeded
[INFO] [2021-06-13 21:42:12,819] [7:140266826163968] - dag_scheduler.py[line:193]: the number of updates has been exceeded
[INFO] [2021-06-13 21:42:14,889] [7:140266826163968] - dag_scheduler.py[line:193]: the number of updates has been exceeded
[INFO] [2021-06-13 21:42:16,943] [7:140266826163968] - dag_scheduler.py[line:193]: the number of updates has been exceeded
[INFO] [2021-06-13 21:42:19,002] [7:140266826163968] - dag_scheduler.py[line:193]: the number of updates has been exceeded
[INFO] [2021-06-13 21:42:21,055] [7:140266826163968] - dag_scheduler.py[line:193]: the number of updates has been exceeded
[INFO] [2021-06-13 21:42:23,119] [7:140266826163968] - dag_scheduler.py[line:193]: the number of updates has been exceeded
[INFO] [2021-06-13 21:42:25,172] [7:140266826163968] - dag_scheduler.py[line:193]: the number of updates has been exceeded
[INFO] [2021-06-13 21:42:27,223] [7:140266826163968] - dag_scheduler.py[line:193]: the number of updates has been exceeded
[INFO] [2021-06-13 21:42:29,291] [7:140266826163968] - dag_scheduler.py[line:193]: the number of updates has been exceeded
[INFO] [2021-06-13 21:42:31,339] [7:140266826163968] - dag_scheduler.py[line:193]: the number of updates has been exceeded
[INFO] [2021-06-13 21:42:33,383] [7:140266826163968] - dag_scheduler.py[line:193]: the number of updates has been exceeded
[INFO] [2021-06-13 21:42:35,431] [7:140266826163968] - dag_scheduler.py[line:193]: the number of updates has been exceeded
[INFO] [2021-06-13 21:42:37,483] [7:140266826163968] - dag_scheduler.py[line:193]: the number of updates has been exceeded
[INFO] [2021-06-13 21:42:39,533] [7:140266826163968] - dag_scheduler.py[line:193]: the number of updates has been exceeded
[INFO] [2021-06-13 21:42:41,588] [7:140266826163968] - dag_scheduler.py[line:193]: the number of updates has been exceeded
[INFO] [2021-06-13 21:42:43,639] [7:140266826163968] - dag_scheduler.py[line:193]: the number of updates has been exceeded
[INFO] [2021-06-13 21:42:45,687] [7:140266826163968] - dag_scheduler.py[line:193]: the number of updates has been exceeded
[INFO] [2021-06-13 21:42:47,728] [7:140266826163968] - dag_scheduler.py[line:193]: the number of updates has been exceeded
[INFO] [2021-06-13 21:42:49,779] [7:140266826163968] - dag_scheduler.py[line:193]: the number of updates has been exceeded
[INFO] [2021-06-13 21:42:51,839] [7:140266826163968] - dag_scheduler.py[line:193]: the number of updates has been exceeded
[INFO] [2021-06-13 21:42:53,888] [7:140266826163968] - dag_scheduler.py[line:193]: the number of updates has been exceeded
[INFO] [2021-06-13 21:42:55,930] [7:140266826163968] - dag_scheduler.py[line:193]: the number of updates has been exceeded
[INFO] [2021-06-13 21:42:57,981] [7:140266826163968] - dag_scheduler.py[line:193]: the number of updates has been exceeded
[INFO] [2021-06-13 21:43:00,024] [7:140266826163968] - dag_scheduler.py[line:193]: the number of updates has been exceeded
[INFO] [2021-06-13 21:43:02,079] [7:140266826163968] - dag_scheduler.py[line:193]: the number of updates has been exceeded
[INFO] [2021-06-13 21:43:04,141] [7:140266826163968] - dag_scheduler.py[line:193]: the number of updates has been exceeded
[INFO] [2021-06-13 21:43:06,199] [7:140266826163968] - dag_scheduler.py[line:193]: the number of updates has been exceeded
[INFO] [2021-06-13 21:43:08,238] [7:140266826163968] - dag_scheduler.py[line:193]: the number of updates has been exceeded
[INFO] [2021-06-13 21:43:10,295] [7:140266826163968] - dag_scheduler.py[line:193]: the number of updates has been exceeded
[INFO] [2021-06-13 21:43:12,345] [7:140266826163968] - dag_scheduler.py[line:193]: the number of updates has been exceeded
[INFO] [2021-06-13 21:43:14,424] [7:140266826163968] - dag_scheduler.py[line:193]: the number of updates has been exceeded
[INFO] [2021-06-13 21:43:16,478] [7:140266826163968] - dag_scheduler.py[line:193]: the number of updates has been exceeded
[INFO] [2021-06-13 21:43:18,516] [7:140266826163968] - dag_scheduler.py[line:193]: the number of updates has been exceeded
[INFO] [2021-06-13 21:43:20,567] [7:140266826163968] - dag_scheduler.py[line:193]: the number of updates has been exceeded
[INFO] [2021-06-13 21:43:22,617] [7:140266826163968] - dag_scheduler.py[line:193]: the number of updates has been exceeded
[INFO] [2021-06-13 21:43:24,678] [7:140266826163968] - dag_scheduler.py[line:193]: the number of updates has been exceeded
[INFO] [2021-06-13 21:43:26,728] [7:140266826163968] - dag_scheduler.py[line:193]: the number of updates has been exceeded
[INFO] [2021-06-13 21:43:28,776] [7:140266826163968] - dag_scheduler.py[line:193]: the number of updates has been exceeded
[INFO] [2021-06-13 21:43:30,828] [7:140266826163968] - dag_scheduler.py[line:193]: the number of updates has been exceeded
[INFO] [2021-06-13 21:43:32,883] [7:140266826163968] - dag_scheduler.py[line:193]: the number of updates has been exceeded
[INFO] [2021-06-13 21:43:34,934] [7:140266826163968] - dag_scheduler.py[line:193]: the number of updates has been exceeded
[INFO] [2021-06-13 21:43:36,997] [7:140266826163968] - dag_scheduler.py[line:193]: the number of updates has been exceeded
[INFO] [2021-06-13 21:43:39,045] [7:140266826163968] - dag_scheduler.py[line:193]: the number of updates has been exceeded
[INFO] [2021-06-13 21:43:41,093] [7:140266826163968] - dag_scheduler.py[line:193]: the number of updates has been exceeded
[INFO] [2021-06-13 21:43:43,148] [7:140266826163968] - dag_scheduler.py[line:193]: the number of updates has been exceeded
[INFO] [2021-06-13 21:43:45,202] [7:140266826163968] - dag_scheduler.py[line:193]: the number of updates has been exceeded
[INFO] [2021-06-13 21:43:47,263] [7:140266826163968] - dag_scheduler.py[line:193]: the number of updates has been exceeded
[INFO] [2021-06-13 21:43:49,314] [7:140266826163968] - dag_scheduler.py[line:193]: the number of updates has been exceeded
[INFO] [2021-06-13 21:43:51,379] [7:140266826163968] - dag_scheduler.py[line:193]: the number of updates has been exceeded
[INFO] [2021-06-13 21:43:53,435] [7:140266826163968] - dag_scheduler.py[line:193]: the number of updates has been exceeded
[INFO] [2021-06-13 21:43:55,488] [7:140266826163968] - dag_scheduler.py[line:193]: the number of updates has been exceeded
[INFO] [2021-06-13 21:43:57,558] [7:140266826163968] - dag_scheduler.py[line:193]: the number of updates has been exceeded
[INFO] [2021-06-13 21:43:59,596] [7:140266826163968] - dag_scheduler.py[line:193]: the number of updates has been exceeded
[INFO] [2021-06-13 21:44:01,633] [7:140266826163968] - dag_scheduler.py[line:193]: the number of updates has been exceeded
[INFO] [2021-06-13 21:44:03,722] [7:140266826163968] - dag_scheduler.py[line:193]: the number of updates has been exceeded
[INFO] [2021-06-13 21:44:05,781] [7:140266826163968] - dag_scheduler.py[line:193]: the number of updates has been exceeded
[INFO] [2021-06-13 21:44:07,838] [7:140266826163968] - dag_scheduler.py[line:193]: the number of updates has been exceeded
[INFO] [2021-06-13 21:44:09,888] [7:140266826163968] - dag_scheduler.py[line:193]: the number of updates has been exceeded
[INFO] [2021-06-13 21:44:11,939] [7:140266826163968] - dag_scheduler.py[line:193]: the number of updates has been exceeded
[INFO] [2021-06-13 21:44:13,998] [7:140266826163968] - dag_scheduler.py[line:193]: the number of updates has been exceeded
[INFO] [2021-06-13 21:44:16,059] [7:140266826163968] - dag_scheduler.py[line:193]: the number of updates has been exceeded
[INFO] [2021-06-13 21:44:18,123] [7:140266826163968] - dag_scheduler.py[line:193]: the number of updates has been exceeded
[INFO] [2021-06-13 21:44:20,177] [7:140266826163968] - dag_scheduler.py[line:193]: the number of updates has been exceeded
[INFO] [2021-06-13 21:44:22,226] [7:140266826163968] - dag_scheduler.py[line:193]: the number of updates has been exceeded
[INFO] [2021-06-13 21:44:24,281] [7:140266826163968] - dag_scheduler.py[line:193]: the number of updates has been exceeded
[INFO] [2021-06-13 21:44:26,314] [7:140266826163968] - dag_scheduler.py[line:193]: the number of updates has been exceeded
[INFO] [2021-06-13 21:44:28,363] [7:140266826163968] - dag_scheduler.py[line:193]: the number of updates has been exceeded
[INFO] [2021-06-13 21:44:30,428] [7:140266826163968] - dag_scheduler.py[line:193]: the number of updates has been exceeded
[INFO] [2021-06-13 21:44:32,488] [7:140266826163968] - dag_scheduler.py[line:193]: the number of updates has been exceeded
[INFO] [2021-06-13 21:44:34,539] [7:140266826163968] - dag_scheduler.py[line:193]: the number of updates has been exceeded
[INFO] [2021-06-13 21:44:36,590] [7:140266826163968] - dag_scheduler.py[line:193]: the number of updates has been exceeded
[INFO] [2021-06-13 21:44:38,648] [7:140266826163968] - dag_scheduler.py[line:193]: the number of updates has been exceeded
[INFO] [2021-06-13 21:44:40,685] [7:140266826163968] - dag_scheduler.py[line:193]: the number of updates has been exceeded
[INFO] [2021-06-13 21:44:42,744] [7:140266826163968] - dag_scheduler.py[line:193]: the number of updates has been exceeded
[INFO] [2021-06-13 21:44:44,795] [7:140266826163968] - dag_scheduler.py[line:193]: the number of updates has been exceeded
[INFO] [2021-06-13 21:44:46,862] [7:140266826163968] - dag_scheduler.py[line:193]: the number of updates has been exceeded
[INFO] [2021-06-13 21:44:48,904] [7:140266826163968] - dag_scheduler.py[line:193]: the number of updates has been exceeded
[INFO] [2021-06-13 21:44:50,948] [7:140266826163968] - dag_scheduler.py[line:193]: the number of updates has been exceeded
[INFO] [2021-06-13 21:44:53,008] [7:140266826163968] - dag_scheduler.py[line:193]: the number of updates has been exceeded
[INFO] [2021-06-13 21:44:55,063] [7:140266826163968] - dag_scheduler.py[line:193]: the number of updates has been exceeded
[INFO] [2021-06-13 21:44:57,140] [7:140266826163968] - dag_scheduler.py[line:193]: the number of updates has been exceeded
[INFO] [2021-06-13 21:44:59,190] [7:140266826163968] - dag_scheduler.py[line:193]: the number of updates has been exceeded
[INFO] [2021-06-13 21:45:01,289] [7:140266826163968] - dag_scheduler.py[line:193]: the number of updates has been exceeded
[INFO] [2021-06-13 21:45:03,338] [7:140266826163968] - dag_scheduler.py[line:193]: the number of updates has been exceeded
[INFO] [2021-06-13 21:45:05,388] [7:140266826163968] - dag_scheduler.py[line:193]: the number of updates has been exceeded
[INFO] [2021-06-13 21:45:07,468] [7:140266826163968] - dag_scheduler.py[line:193]: the number of updates has been exceeded
[INFO] [2021-06-13 21:45:09,520] [7:140266826163968] - dag_scheduler.py[line:193]: the number of updates has been exceeded
[INFO] [2021-06-13 21:45:11,578] [7:140266826163968] - dag_scheduler.py[line:193]: the number of updates has been exceeded
[INFO] [2021-06-13 21:45:13,655] [7:140266826163968] - dag_scheduler.py[line:193]: the number of updates has been exceeded
[INFO] [2021-06-13 21:45:15,698] [7:140266826163968] - dag_scheduler.py[line:193]: the number of updates has been exceeded
[INFO] [2021-06-13 21:45:17,748] [7:140266826163968] - dag_scheduler.py[line:193]: the number of updates has been exceeded
[INFO] [2021-06-13 21:45:19,790] [7:140266826163968] - dag_scheduler.py[line:193]: the number of updates has been exceeded
[INFO] [2021-06-13 21:45:21,850] [7:140266826163968] - dag_scheduler.py[line:193]: the number of updates has been exceeded
[INFO] [2021-06-13 21:45:23,890] [7:140266826163968] - dag_scheduler.py[line:193]: the number of updates has been exceeded
[INFO] [2021-06-13 21:45:25,951] [7:140266826163968] - dag_scheduler.py[line:193]: the number of updates has been exceeded
[INFO] [2021-06-13 21:45:28,000] [7:140266826163968] - dag_scheduler.py[line:193]: the number of updates has been exceeded
[INFO] [2021-06-13 21:45:30,050] [7:140266826163968] - dag_scheduler.py[line:193]: the number of updates has been exceeded
[INFO] [2021-06-13 21:45:32,108] [7:140266826163968] - dag_scheduler.py[line:193]: the number of updates has been exceeded
[INFO] [2021-06-13 21:45:34,160] [7:140266826163968] - dag_scheduler.py[line:193]: the number of updates has been exceeded
[INFO] [2021-06-13 21:45:36,207] [7:140266826163968] - dag_scheduler.py[line:193]: the number of updates has been exceeded
[INFO] [2021-06-13 21:45:38,261] [7:140266826163968] - dag_scheduler.py[line:193]: the number of updates has been exceeded
[INFO] [2021-06-13 21:45:40,290] [7:140266826163968] - dag_scheduler.py[line:193]: the number of updates has been exceeded
[INFO] [2021-06-13 21:45:42,342] [7:140266826163968] - dag_scheduler.py[line:193]: the number of updates has been exceeded
