[INFO] [2021-06-13 22:44:49,147] [3262:140214883493696] - control_client.py[line:42]: request update job 2021061322444580673248 task 2021061322444580673248_upload_0 0 on local 0
[DEBUG] [2021-06-13 22:44:49,478] [3262:140214883493696] - _federation.py[line:15]: [federation.standalone]init federation: standalone_session=<fate_arch._standalone.Session object at 0x7f860e8f0ba8>, federation_session_id=2021061322444580673248_upload_0_0, party=Party(role=local, party_id=0)
[DEBUG] [2021-06-13 22:44:49,503] [3262:140214883493696] - _federation.py[line:23]: [federation.standalone]init federation context done
[INFO] [2021-06-13 22:44:49,647] [3262:140214883493696] - upload.py[line:41]: {'file': '/fate/jobs/2021061322444580673248/fate_upload_tmp/breast_hetero_guest.csv', 'head': 1, 'id_delimiter': ',', 'partition': 16, 'namespace': 'experiment', 'name': 'breast_hetero_guest', 'storage_engine': '', 'storage_address': None, 'destroy': True}
[INFO] [2021-06-13 22:44:49,647] [3262:140214883493696] - upload.py[line:42]: {'job_parameters': <fate_flow.entity.types.RunParameters object at 0x7f860dc7db70>}
[DEBUG] [2021-06-13 22:44:49,669] [3262:140214883493696] - _session.py[line:147]: save session 2021061322444580673248_upload_0_0_local_0_storage_f5d63060cc9811ebbfba0242ac110002 record
[INFO] [2021-06-13 22:44:49,680] [3262:140214883493696] - upload.py[line:79]: destroy table name: breast_hetero_guest namespace: experiment engine: STANDALONE
[DEBUG] [2021-06-13 22:44:49,802] [3262:140214883493696] - _session.py[line:156]: delete session 2021061322444580673248_upload_0_0_local_0_storage_f5d63060cc9811ebbfba0242ac110002 record
[DEBUG] [2021-06-13 22:44:49,813] [3262:140214883493696] - _session.py[line:147]: save session 2021061322444580673248_upload_0_0_local_0_storage_f5eddb16cc9811ebbfba0242ac110002 record
[INFO] [2021-06-13 22:44:49,814] [3262:140214883493696] - upload.py[line:97]: upload to STANDALONE storage, address: {'nodes': 1, 'cores_per_node': 20, 'name': 'breast_hetero_guest', 'namespace': 'experiment', 'storage_type': 'LMDB'}
[INFO] [2021-06-13 22:44:49,844] [3262:140214883493696] - control_client.py[line:26]: request update job 2021061322444580673248 on local 0
[INFO] [2021-06-13 22:44:50,045] [3262:140214883493696] - tracker_client.py[line:127]: Request save job 2021061322444580673248 task 2021061322444580673248_upload_0 0 on local 0 data upload info
[INFO] [2021-06-13 22:44:50,071] [3262:140214883493696] - tracker_client.py[line:70]: Request save job 2021061322444580673248 task 2021061322444580673248_upload_0 0 on local 0 metric upload data_access data
[INFO] [2021-06-13 22:44:50,099] [3262:140214883493696] - tracker_client.py[line:103]: Request save job 2021061322444580673248 task 2021061322444580673248_upload_0 0 on local 0 metric upload data_access meta
[DEBUG] [2021-06-13 22:44:50,154] [3262:140214883493696] - _session.py[line:156]: delete session 2021061322444580673248_upload_0_0_local_0_storage_f5eddb16cc9811ebbfba0242ac110002 record
[INFO] [2021-06-13 22:44:50,155] [3262:140214883493696] - upload.py[line:108]: ------------load data finish!-----------------
[INFO] [2021-06-13 22:44:50,155] [3262:140214883493696] - upload.py[line:112]: remove tmp upload file
[INFO] [2021-06-13 22:44:50,155] [3262:140214883493696] - upload.py[line:113]: /fate/jobs/2021061322444580673248/fate_upload_tmp
[INFO] [2021-06-13 22:44:50,156] [3262:140214883493696] - upload.py[line:117]: file: /fate/jobs/2021061322444580673248/fate_upload_tmp/breast_hetero_guest.csv
[INFO] [2021-06-13 22:44:50,156] [3262:140214883493696] - upload.py[line:118]: total data_count: 569
[INFO] [2021-06-13 22:44:50,157] [3262:140214883493696] - upload.py[line:119]: table name: breast_hetero_guest, table namespace: experiment
[INFO] [2021-06-13 22:44:50,176] [3262:140214883493696] - control_client.py[line:42]: request update job 2021061322444580673248 task 2021061322444580673248_upload_0 0 on local 0
[INFO] [2021-06-13 22:44:50,274] [3262:140214883493696] - control_client.py[line:42]: request update job 2021061322444580673248 task 2021061322444580673248_upload_0 0 on local 0
