[INFO] [2021-06-13 22:44:45,817] [7:140266442843904] - dag_scheduler.py[line:40]: submit job, job_id 2021061322444580673248, body {'job_dsl': {'components': {'upload_0': {'module': 'Upload'}}}, 'job_runtime_conf': {'initiator': {'role': 'local', 'party_id': 0}, 'job_parameters': {'common': {'work_mode': 0, 'backend': 0}}, 'role': {'local': [0]}, 'component_parameters': {'role': {'local': {'0': {'upload_0': {'head': 1, 'name': 'breast_hetero_guest', 'partition': 16, 'namespace': 'experiment', 'file': '/fate/jobs/2021061322444580673248/fate_upload_tmp/breast_hetero_guest.csv', 'destroy': True}}}}}, 'dsl_version': 2}}
[INFO] [2021-06-13 22:44:45,833] [7:140267719124736] - job_controller.py[line:52]: job parameters:{'job_type': 'train', 'work_mode': 0, 'backend': 0, 'computing_engine': 'STANDALONE', 'federation_engine': 'STANDALONE', 'storage_engine': 'STANDALONE', 'engines_address': {}, 'federated_mode': 'SINGLE', 'task_parallelism': 1, 'computing_partitions': 4, 'federated_status_collect_type': 'PULL', 'model_id': 'local-0#model', 'model_version': '2021061322444580673248', 'eggroll_run': {}, 'spark_run': {}, 'rabbitmq_run': {}, 'pulsar_run': {}, 'adaptation_parameters': {'task_nodes': 1, 'task_cores_per_node': 4, 'task_memory_per_node': 0, 'request_task_cores': 4, 'if_initiator_baseline': True}}
[INFO] [2021-06-13 22:44:45,891] [7:140266442843904] - dag_scheduler.py[line:122]: submit job successfully, job id is 2021061322444580673248, model id is local-0#model
[INFO] [2021-06-13 22:44:47,164] [7:140266826163968] - federated_scheduler.py[line:39]: try to apply job 2021061322444580673248 resource
[INFO] [2021-06-13 22:44:47,198] [7:140266442843904] - resource_manager.py[line:176]: apply job 2021061322444580673248 resource(cores 4 memory 0) on local 0 successfully, remaining cores: 16 remaining memory: 0
[INFO] [2021-06-13 22:44:47,202] [7:140266826163968] - federated_scheduler.py[line:42]: apply job 2021061322444580673248 resource successfully
[INFO] [2021-06-13 22:44:47,202] [7:140266826163968] - dag_scheduler.py[line:279]: try to start job 2021061322444580673248 on initiator local 0
[INFO] [2021-06-13 22:44:47,223] [7:140266442843904] - job_controller.py[line:261]: try to start job 2021061322444580673248 on local 0
[INFO] [2021-06-13 22:44:47,223] [7:140266442843904] - job_saver.py[line:45]: try to update job 2021061322444580673248 status to running
[INFO] [2021-06-13 22:44:47,260] [7:140266442843904] - job_saver.py[line:48]: update job 2021061322444580673248 status successfully
[INFO] [2021-06-13 22:44:47,260] [7:140266442843904] - job_saver.py[line:61]: try to update job 2021061322444580673248
[INFO] [2021-06-13 22:44:47,282] [7:140266442843904] - job_saver.py[line:64]: job 2021061322444580673248 update successfully: {'job_id': '2021061322444580673248', 'role': 'local', 'party_id': 0, 'status': 'running', 'start_time': 1623624287223}
[INFO] [2021-06-13 22:44:47,282] [7:140266442843904] - job_controller.py[line:275]: start job 2021061322444580673248 on local 0 successfully
[INFO] [2021-06-13 22:44:47,285] [7:140266826163968] - dag_scheduler.py[line:292]: start job 2021061322444580673248 on initiator local 0
[INFO] [2021-06-13 22:44:47,302] [7:140266826163968] - dag_scheduler.py[line:247]: reset job 2021061322444580673248 ready signal True
[INFO] [2021-06-13 22:44:47,310] [7:140266826163968] - dag_scheduler.py[line:298]: scheduling job 2021061322444580673248
[INFO] [2021-06-13 22:44:47,311] [7:140266826163968] - task_scheduler.py[line:28]: scheduling job 2021061322444580673248 tasks
[INFO] [2021-06-13 22:44:47,325] [7:140266826163968] - task_scheduler.py[line:143]: job 2021061322444580673248 task 2021061322444580673248_upload_0 0 status is waiting, calculate by task party status list: ['waiting']
[INFO] [2021-06-13 22:44:47,325] [7:140266826163968] - task_scheduler.py[line:80]: try to start job 2021061322444580673248 task 2021061322444580673248_upload_0 0 on local 0
[INFO] [2021-06-13 22:44:47,334] [7:140266826163968] - resource_manager.py[line:286]: task 2021061322444580673248_upload_0 0 apply resource successfully
[INFO] [2021-06-13 22:44:47,334] [7:140266826163968] - job_saver.py[line:71]: try to update job 2021061322444580673248 task 2021061322444580673248_upload_0 0 status
[INFO] [2021-06-13 22:44:47,343] [7:140266826163968] - job_saver.py[line:74]: update job 2021061322444580673248 task 2021061322444580673248_upload_0 0 status successfully: {'job_id': '2021061322444580673248', 'task_id': '2021061322444580673248_upload_0', 'task_version': 0, 'role': 'local', 'party_id': '0', 'status': 'running'}
[INFO] [2021-06-13 22:44:47,343] [7:140266826163968] - task_scheduler.py[line:93]: start job 2021061322444580673248 task 2021061322444580673248_upload_0 0 on local 0
[INFO] [2021-06-13 22:44:47,343] [7:140266826163968] - federated_scheduler.py[line:192]: job 2021061322444580673248 task 2021061322444580673248_upload_0 0 is running, sync to all party
[INFO] [2021-06-13 22:44:47,347] [7:140266442843904] - job_saver.py[line:71]: try to update job 2021061322444580673248 task 2021061322444580673248_upload_0 0 status
[INFO] [2021-06-13 22:44:47,352] [7:140266442843904] - job_saver.py[line:76]: update job 2021061322444580673248 task 2021061322444580673248_upload_0 0 status update does not take effect: {'job_id': '2021061322444580673248', 'task_id': '2021061322444580673248_upload_0', 'task_version': '0', 'role': 'local', 'party_id': '0', 'status': 'running'}
[WARNING] [2021-06-13 22:44:47,360] [7:140266826163968] - federated_scheduler.py[line:260]: an error occurred while status/running the task to role local party 0: 
update task status failed
[INFO] [2021-06-13 22:44:47,360] [7:140266826163968] - federated_scheduler.py[line:197]: sync job 2021061322444580673248 task 2021061322444580673248_upload_0 0 status running to all party failed: 
{'local': {0: {'retcode': 103, 'retmsg': 'update task status failed'}}}
[INFO] [2021-06-13 22:44:47,368] [7:140266442843904] - task_controller.py[line:71]: try to start job 2021061322444580673248 task 2021061322444580673248_upload_0 0 on local 0 executor subprocess
[INFO] [2021-06-13 22:44:47,371] [7:140266442843904] - task_controller.py[line:90]: use computing engine STANDALONE
[INFO] [2021-06-13 22:44:47,371] [7:140266442843904] - task_controller.py[line:145]: job 2021061322444580673248 task 2021061322444580673248_upload_0 0 on local 0 executor subprocess is ready
[INFO] [2021-06-13 22:44:47,371] [7:140266442843904] - job_utils.py[line:310]: start process command: /usr/local/bin/python /fate/python/fate_flow/operation/task_executor.py -j 2021061322444580673248 -n upload_0 -t 2021061322444580673248_upload_0 -v 0 -r local -p 0 -c /fate/jobs/2021061322444580673248/local/0/upload_0/2021061322444580673248_upload_0/0/task_parameters.json --run_ip 127.0.0.1 --job_server 127.0.0.1:9380
[INFO] [2021-06-13 22:44:47,379] [7:140266442843904] - job_utils.py[line:334]: start process command: /usr/local/bin/python /fate/python/fate_flow/operation/task_executor.py -j 2021061322444580673248 -n upload_0 -t 2021061322444580673248_upload_0 -v 0 -r local -p 0 -c /fate/jobs/2021061322444580673248/local/0/upload_0/2021061322444580673248_upload_0/0/task_parameters.json --run_ip 127.0.0.1 --job_server 127.0.0.1:9380 successfully, pid is 3262
[INFO] [2021-06-13 22:44:47,380] [7:140266442843904] - job_saver.py[line:81]: try to update job 2021061322444580673248 task 2021061322444580673248_upload_0 0
[INFO] [2021-06-13 22:44:47,395] [7:140266442843904] - job_saver.py[line:84]: job 2021061322444580673248 task 2021061322444580673248_upload_0 0 update successfully
[INFO] [2021-06-13 22:44:47,401] [7:140266442843904] - job_saver.py[line:71]: try to update job 2021061322444580673248 task 2021061322444580673248_upload_0 0 status
[INFO] [2021-06-13 22:44:47,413] [7:140266442843904] - job_saver.py[line:74]: update job 2021061322444580673248 task 2021061322444580673248_upload_0 0 status successfully: {'job_id': '2021061322444580673248', 'task_id': '2021061322444580673248_upload_0', 'task_version': '0', 'role': 'local', 'party_id': '0', 'party_status': 'running', 'start_time': 1623624287379}
[INFO] [2021-06-13 22:44:47,420] [7:140266442843904] - task_controller.py[line:164]: job 2021061322444580673248 task 2021061322444580673248_upload_0 0 on local 0 executor subprocess start success
[INFO] [2021-06-13 22:44:47,426] [7:140266826163968] - task_scheduler.py[line:75]: finish scheduling job 2021061322444580673248 tasks
[INFO] [2021-06-13 22:44:47,426] [7:140266826163968] - dag_scheduler.py[line:310]: Job 2021061322444580673248 status is running, calculate by task status list: ['running']
[INFO] [2021-06-13 22:44:47,426] [7:140266826163968] - dag_scheduler.py[line:325]: finish scheduling job 2021061322444580673248
[INFO] [2021-06-13 22:44:49,143] [3262:140214883493696] - task_executor.py[line:56]: enter task process
[INFO] [2021-06-13 22:44:49,143] [3262:140214883493696] - task_executor.py[line:57]: Namespace(component_name='upload_0', config='/fate/jobs/2021061322444580673248/local/0/upload_0/2021061322444580673248_upload_0/0/task_parameters.json', job_id='2021061322444580673248', job_server='127.0.0.1:9380', party_id=0, role='local', run_ip='127.0.0.1', task_id='2021061322444580673248_upload_0', task_version=0)
[INFO] [2021-06-13 22:44:49,156] [7:140266442843904] - job_saver.py[line:81]: try to update job 2021061322444580673248 task 2021061322444580673248_upload_0 0
[INFO] [2021-06-13 22:44:49,177] [7:140266442843904] - job_saver.py[line:84]: job 2021061322444580673248 task 2021061322444580673248_upload_0 0 update successfully
[INFO] [2021-06-13 22:44:49,182] [7:140266442843904] - job_saver.py[line:71]: try to update job 2021061322444580673248 task 2021061322444580673248_upload_0 0 status
[INFO] [2021-06-13 22:44:49,187] [7:140266442843904] - job_saver.py[line:76]: update job 2021061322444580673248 task 2021061322444580673248_upload_0 0 status update does not take effect: {'job_id': '2021061322444580673248', 'component_name': 'upload_0', 'task_id': '2021061322444580673248_upload_0', 'task_version': '0', 'role': 'local', 'party_id': '0', 'run_ip': '127.0.0.1', 'run_pid': 3262, 'party_status': 'running'}
[INFO] [2021-06-13 22:44:49,468] [7:140266826163968] - dag_scheduler.py[line:298]: scheduling job 2021061322444580673248
[INFO] [2021-06-13 22:44:49,476] [7:140266826163968] - task_scheduler.py[line:28]: scheduling job 2021061322444580673248 tasks
[INFO] [2021-06-13 22:44:49,521] [7:140266826163968] - job_saver.py[line:71]: try to update job 2021061322444580673248 task 2021061322444580673248_upload_0 0 status
[INFO] [2021-06-13 22:44:49,528] [7:140266826163968] - job_saver.py[line:76]: update job 2021061322444580673248 task 2021061322444580673248_upload_0 0 status update does not take effect: {'elapsed': None, 'end_time': None, 'job_id': '2021061322444580673248', 'party_id': '0', 'party_status': 'running', 'role': 'local', 'start_time': 1623624287379, 'status': 'running', 'task_id': '2021061322444580673248_upload_0', 'task_version': 0, 'update_time': 1623624285850}
[INFO] [2021-06-13 22:44:49,528] [7:140266826163968] - job_saver.py[line:81]: try to update job 2021061322444580673248 task 2021061322444580673248_upload_0 0
[INFO] [2021-06-13 22:44:49,543] [7:140266826163968] - job_saver.py[line:84]: job 2021061322444580673248 task 2021061322444580673248_upload_0 0 update successfully
[INFO] [2021-06-13 22:44:49,547] [7:140266826163968] - task_scheduler.py[line:143]: job 2021061322444580673248 task 2021061322444580673248_upload_0 0 status is running, calculate by task party status list: ['running']
[INFO] [2021-06-13 22:44:49,547] [7:140266826163968] - task_scheduler.py[line:75]: finish scheduling job 2021061322444580673248 tasks
[INFO] [2021-06-13 22:44:49,547] [7:140266826163968] - dag_scheduler.py[line:310]: Job 2021061322444580673248 status is running, calculate by task status list: ['running']
[INFO] [2021-06-13 22:44:49,547] [7:140266826163968] - dag_scheduler.py[line:325]: finish scheduling job 2021061322444580673248
[INFO] [2021-06-13 22:44:49,850] [7:140266442843904] - job_saver.py[line:61]: try to update job 2021061322444580673248
[INFO] [2021-06-13 22:44:49,871] [7:140266442843904] - job_saver.py[line:64]: job 2021061322444580673248 update successfully: {'progress': 100.0, 'job_id': '2021061322444580673248', 'role': 'local', 'party_id': '0'}
[INFO] [2021-06-13 22:44:50,077] [7:140266442843904] - job_tracker.py[line:74]: save job 2021061322444580673248 component upload_0 on local 0 upload data_access metric data
[INFO] [2021-06-13 22:44:50,105] [7:140266442843904] - job_tracker.py[line:97]: save job 2021061322444580673248 component upload_0 on local 0 upload data_access metric meta
[INFO] [2021-06-13 22:44:50,175] [3262:140214883493696] - job_tracker.py[line:159]: task id 2021061322444580673248_upload_0 output data table is none
[INFO] [2021-06-13 22:44:50,183] [7:140266442843904] - job_saver.py[line:81]: try to update job 2021061322444580673248 task 2021061322444580673248_upload_0 0
[INFO] [2021-06-13 22:44:50,205] [7:140266442843904] - job_saver.py[line:84]: job 2021061322444580673248 task 2021061322444580673248_upload_0 0 update successfully
[INFO] [2021-06-13 22:44:50,214] [7:140266442843904] - job_saver.py[line:71]: try to update job 2021061322444580673248 task 2021061322444580673248_upload_0 0 status
[INFO] [2021-06-13 22:44:50,262] [7:140266442843904] - job_saver.py[line:74]: update job 2021061322444580673248 task 2021061322444580673248_upload_0 0 status successfully: {'job_id': '2021061322444580673248', 'component_name': 'upload_0', 'task_id': '2021061322444580673248_upload_0', 'task_version': '0', 'role': 'local', 'party_id': '0', 'run_ip': '127.0.0.1', 'run_pid': 3262, 'party_status': 'success', 'end_time': 1623624290175, 'elapsed': 1032}
[INFO] [2021-06-13 22:44:50,280] [7:140266442843904] - job_saver.py[line:81]: try to update job 2021061322444580673248 task 2021061322444580673248_upload_0 0
[INFO] [2021-06-13 22:44:50,298] [7:140266442843904] - job_saver.py[line:84]: job 2021061322444580673248 task 2021061322444580673248_upload_0 0 update successfully
[INFO] [2021-06-13 22:44:50,306] [7:140266442843904] - job_saver.py[line:71]: try to update job 2021061322444580673248 task 2021061322444580673248_upload_0 0 status
[INFO] [2021-06-13 22:44:50,314] [7:140266442843904] - job_saver.py[line:76]: update job 2021061322444580673248 task 2021061322444580673248_upload_0 0 status update does not take effect: {'job_id': '2021061322444580673248', 'component_name': 'upload_0', 'task_id': '2021061322444580673248_upload_0', 'task_version': '0', 'role': 'local', 'party_id': '0', 'run_ip': '127.0.0.1', 'run_pid': 3262, 'party_status': 'success', 'end_time': 1623624290175, 'elapsed': 1032}
[INFO] [2021-06-13 22:44:51,580] [7:140266826163968] - dag_scheduler.py[line:298]: scheduling job 2021061322444580673248
[INFO] [2021-06-13 22:44:51,582] [7:140266826163968] - task_scheduler.py[line:28]: scheduling job 2021061322444580673248 tasks
[INFO] [2021-06-13 22:44:51,612] [7:140266826163968] - job_saver.py[line:71]: try to update job 2021061322444580673248 task 2021061322444580673248_upload_0 0 status
[INFO] [2021-06-13 22:44:51,620] [7:140266826163968] - job_saver.py[line:76]: update job 2021061322444580673248 task 2021061322444580673248_upload_0 0 status update does not take effect: {'elapsed': 1032, 'end_time': 1623624290175, 'job_id': '2021061322444580673248', 'party_id': '0', 'party_status': 'success', 'role': 'local', 'start_time': 1623624287379, 'status': 'running', 'task_id': '2021061322444580673248_upload_0', 'task_version': 0, 'update_time': 1623624285850}
[INFO] [2021-06-13 22:44:51,620] [7:140266826163968] - job_saver.py[line:81]: try to update job 2021061322444580673248 task 2021061322444580673248_upload_0 0
[INFO] [2021-06-13 22:44:51,648] [7:140266826163968] - job_saver.py[line:84]: job 2021061322444580673248 task 2021061322444580673248_upload_0 0 update successfully
[INFO] [2021-06-13 22:44:51,656] [7:140266826163968] - task_scheduler.py[line:143]: job 2021061322444580673248 task 2021061322444580673248_upload_0 0 status is success, calculate by task party status list: ['success']
[INFO] [2021-06-13 22:44:51,656] [7:140266826163968] - federated_scheduler.py[line:192]: job 2021061322444580673248 task 2021061322444580673248_upload_0 0 is success, sync to all party
[INFO] [2021-06-13 22:44:51,665] [7:140266442843904] - job_saver.py[line:71]: try to update job 2021061322444580673248 task 2021061322444580673248_upload_0 0 status
[INFO] [2021-06-13 22:44:51,685] [7:140266442843904] - job_saver.py[line:74]: update job 2021061322444580673248 task 2021061322444580673248_upload_0 0 status successfully: {'job_id': '2021061322444580673248', 'task_id': '2021061322444580673248_upload_0', 'task_version': '0', 'role': 'local', 'party_id': '0', 'status': 'success'}
[INFO] [2021-06-13 22:44:51,702] [7:140266442843904] - resource_manager.py[line:286]: task 2021061322444580673248_upload_0 0 return resource successfully
[INFO] [2021-06-13 22:44:51,709] [7:140266442843904] - job_tracker.py[line:424]: clean task 2021061322444580673248_upload_0 0 on local 0
[ERROR] [2021-06-13 22:44:51,712] [7:140266442843904] - job_tracker.py[line:475]: namespace dir /fate/data/2021061322444580673248_upload_0_0_local_0 does not exist
Traceback (most recent call last):
  File "/fate/python/fate_flow/operation/job_tracker.py", line 437, in clean_task
    sess.computing.cleanup(namespace=computing_temp_namespace, name="*")
  File "/fate/python/fate_arch/computing/standalone/_csession.py", line 73, in cleanup
    return self._session.cleanup(name=name, namespace=namespace)
  File "/fate/python/fate_arch/_standalone.py", line 383, in cleanup
    raise EnvironmentError(f"namespace dir {namespace_dir} does not exist")
OSError: namespace dir /fate/data/2021061322444580673248_upload_0_0_local_0 does not exist
[INFO] [2021-06-13 22:44:51,723] [7:140266826163968] - federated_scheduler.py[line:195]: sync job 2021061322444580673248 task 2021061322444580673248_upload_0 0 status success to all party success
[INFO] [2021-06-13 22:44:51,724] [7:140266826163968] - federated_scheduler.py[line:202]: try to stop job 2021061322444580673248 task 2021061322444580673248_upload_0 0
[INFO] [2021-06-13 22:44:51,752] [7:140266442843904] - job_utils.py[line:397]: try to stop job 2021061322444580673248 task 2021061322444580673248_upload_0 local 0 with success party status process pid:3262
[INFO] [2021-06-13 22:44:51,752] [7:140266442843904] - job_utils.py[line:400]: can not found job 2021061322444580673248 task 2021061322444580673248_upload_0 local 0 with success party status process pid:3262
[INFO] [2021-06-13 22:44:51,757] [7:140266442843904] - job_utils.py[line:424]: start run subprocess to stop task session 2021061322444580673248_upload_0_0_local_0
[INFO] [2021-06-13 22:44:51,758] [7:140266442843904] - job_utils.py[line:310]: start process command: python3 /fate/python/fate_flow/utils/session_utils.py -j 2021061322444580673248_upload_0_0_local_0 --computing STANDALONE --federation STANDALONE --storage STANDALONE -c stop
[INFO] [2021-06-13 22:44:51,771] [7:140266442843904] - job_utils.py[line:334]: start process command: python3 /fate/python/fate_flow/utils/session_utils.py -j 2021061322444580673248_upload_0_0_local_0 --computing STANDALONE --federation STANDALONE --storage STANDALONE -c stop successfully, pid is 3282
[INFO] [2021-06-13 22:44:51,772] [7:140266442843904] - task_controller.py[line:255]: job 2021061322444580673248 task 2021061322444580673248_upload_0 0 on local 0 process 3262 kill success
[INFO] [2021-06-13 22:44:51,772] [7:140266442843904] - job_saver.py[line:71]: try to update job 2021061322444580673248 task 2021061322444580673248_upload_0 0 status
[INFO] [2021-06-13 22:44:51,786] [7:140266442843904] - job_saver.py[line:76]: update job 2021061322444580673248 task 2021061322444580673248_upload_0 0 status update does not take effect: {'job_id': '2021061322444580673248', 'task_id': '2021061322444580673248_upload_0', 'task_version': 0, 'role': 'local', 'party_id': '0', 'party_status': 'success'}
[INFO] [2021-06-13 22:44:51,803] [7:140266442843904] - job_saver.py[line:81]: try to update job 2021061322444580673248 task 2021061322444580673248_upload_0 0
[WARNING] [2021-06-13 22:44:51,811] [7:140266442843904] - job_saver.py[line:86]: job 2021061322444580673248 task 2021061322444580673248_upload_0 0 update does not take effect
[INFO] [2021-06-13 22:44:51,826] [7:140266826163968] - federated_scheduler.py[line:206]: stop job 2021061322444580673248 task 2021061322444580673248_upload_0 0 success
[INFO] [2021-06-13 22:44:51,826] [7:140266826163968] - task_scheduler.py[line:75]: finish scheduling job 2021061322444580673248 tasks
[INFO] [2021-06-13 22:44:51,827] [7:140266826163968] - dag_scheduler.py[line:310]: Job 2021061322444580673248 status is success, calculate by task status list: ['success']
[INFO] [2021-06-13 22:44:51,827] [7:140266826163968] - federated_scheduler.py[line:78]: try to save job 2021061322444580673248 pipelined model
[INFO] [2021-06-13 22:44:51,834] [7:140266442843904] - job_controller.py[line:331]: job 2021061322444580673248 on local 0 start to save pipeline
[INFO] [2021-06-13 22:44:51,848] [7:140266442843904] - job_controller.py[line:374]: job 2021061322444580673248 on local 0 save pipeline successfully
[INFO] [2021-06-13 22:44:51,851] [7:140266826163968] - federated_scheduler.py[line:81]: save job 2021061322444580673248 pipelined model success
[INFO] [2021-06-13 22:44:51,851] [7:140266826163968] - federated_scheduler.py[line:68]: job 2021061322444580673248 is success, sync to all party
[INFO] [2021-06-13 22:44:51,856] [7:140266442843904] - job_saver.py[line:45]: try to update job 2021061322444580673248 status to success
[INFO] [2021-06-13 22:44:51,871] [7:140266442843904] - job_saver.py[line:48]: update job 2021061322444580673248 status successfully
[INFO] [2021-06-13 22:44:51,899] [7:140266442843904] - resource_manager.py[line:176]: return job 2021061322444580673248 resource(cores 4 memory 0) on local 0 successfully, remaining cores: 20 remaining memory: 0
[INFO] [2021-06-13 22:44:51,902] [7:140266826163968] - federated_scheduler.py[line:71]: sync job 2021061322444580673248 status success to all party success
[INFO] [2021-06-13 22:44:51,909] [7:140266826163968] - job_saver.py[line:45]: try to update job 2021061322444580673248 status to success
[INFO] [2021-06-13 22:44:51,916] [7:140266826163968] - job_saver.py[line:56]: update job 2021061322444580673248 status does not take effect
[INFO] [2021-06-13 22:44:51,916] [7:140266826163968] - job_saver.py[line:61]: try to update job 2021061322444580673248
[WARNING] [2021-06-13 22:44:51,923] [7:140266826163968] - job_saver.py[line:66]: job 2021061322444580673248 update does not take effect: {'job_id': '2021061322444580673248', 'role': 'local', 'party_id': '0', 'status': 'success'}
[INFO] [2021-06-13 22:44:51,923] [7:140266826163968] - dag_scheduler.py[line:502]: Job 2021061322444580673248 finished with success, do something...
[INFO] [2021-06-13 22:44:51,924] [7:140266826163968] - dag_scheduler.py[line:436]: request stop job 2021061322444580673248 with success
[INFO] [2021-06-13 22:44:51,931] [7:140266826163968] - dag_scheduler.py[line:445]: request stop job 2021061322444580673248 with success to all party
[INFO] [2021-06-13 22:44:51,931] [7:140266826163968] - federated_scheduler.py[line:88]: try to stop job 2021061322444580673248
[INFO] [2021-06-13 22:44:51,946] [7:140266442843904] - job_utils.py[line:397]: try to stop job 2021061322444580673248 task 2021061322444580673248_upload_0 local 0 with success party status process pid:3262
[INFO] [2021-06-13 22:44:51,947] [7:140266442843904] - job_utils.py[line:400]: can not found job 2021061322444580673248 task 2021061322444580673248_upload_0 local 0 with success party status process pid:3262
[INFO] [2021-06-13 22:44:51,950] [7:140266442843904] - job_utils.py[line:424]: start run subprocess to stop task session 2021061322444580673248_upload_0_0_local_0
[INFO] [2021-06-13 22:44:51,950] [7:140266442843904] - job_utils.py[line:310]: start process command: python3 /fate/python/fate_flow/utils/session_utils.py -j 2021061322444580673248_upload_0_0_local_0 --computing STANDALONE --federation STANDALONE --storage STANDALONE -c stop
[INFO] [2021-06-13 22:44:51,959] [7:140266442843904] - job_utils.py[line:334]: start process command: python3 /fate/python/fate_flow/utils/session_utils.py -j 2021061322444580673248_upload_0_0_local_0 --computing STANDALONE --federation STANDALONE --storage STANDALONE -c stop successfully, pid is 3286
[INFO] [2021-06-13 22:44:51,959] [7:140266442843904] - task_controller.py[line:255]: job 2021061322444580673248 task 2021061322444580673248_upload_0 0 on local 0 process 3262 kill success
[INFO] [2021-06-13 22:44:51,960] [7:140266442843904] - job_saver.py[line:71]: try to update job 2021061322444580673248 task 2021061322444580673248_upload_0 0 status
[INFO] [2021-06-13 22:44:51,966] [7:140266442843904] - job_saver.py[line:76]: update job 2021061322444580673248 task 2021061322444580673248_upload_0 0 status update does not take effect: {'job_id': '2021061322444580673248', 'task_id': '2021061322444580673248_upload_0', 'task_version': 0, 'role': 'local', 'party_id': '0', 'party_status': 'success'}
[INFO] [2021-06-13 22:44:51,971] [7:140266442843904] - job_saver.py[line:81]: try to update job 2021061322444580673248 task 2021061322444580673248_upload_0 0
[WARNING] [2021-06-13 22:44:51,977] [7:140266442843904] - job_saver.py[line:86]: job 2021061322444580673248 task 2021061322444580673248_upload_0 0 update does not take effect
[INFO] [2021-06-13 22:44:51,989] [7:140266442843904] - job_saver.py[line:45]: try to update job 2021061322444580673248 status to success
[INFO] [2021-06-13 22:44:52,004] [7:140266442843904] - job_saver.py[line:56]: update job 2021061322444580673248 status does not take effect
[INFO] [2021-06-13 22:44:52,015] [7:140266826163968] - federated_scheduler.py[line:92]: stop job 2021061322444580673248 success
[INFO] [2021-06-13 22:44:52,015] [7:140266826163968] - dag_scheduler.py[line:448]: stop job 2021061322444580673248 with success successfully
[INFO] [2021-06-13 22:44:52,015] [7:140266826163968] - federated_scheduler.py[line:107]: try to clean job 2021061322444580673248
[INFO] [2021-06-13 22:44:52,030] [7:140266442843904] - job_controller.py[line:379]: Job 2021061322444580673248 on local 0 start to clean
[INFO] [2021-06-13 22:44:52,030] [7:140266442843904] - job_controller.py[line:382]: job 2021061322444580673248 on local 0 clean done
[INFO] [2021-06-13 22:44:52,036] [7:140266826163968] - federated_scheduler.py[line:110]: clean job 2021061322444580673248 success
[INFO] [2021-06-13 22:44:52,036] [7:140266826163968] - dag_scheduler.py[line:505]: Job 2021061322444580673248 finished with success, done
[INFO] [2021-06-13 22:44:52,036] [7:140266826163968] - dag_scheduler.py[line:325]: finish scheduling job 2021061322444580673248
[INFO] [2021-06-13 22:44:52,078] [7:140266826163968] - dag_scheduler.py[line:298]: scheduling job 2021061322444580673248
[INFO] [2021-06-13 22:44:52,082] [7:140266826163968] - task_scheduler.py[line:28]: scheduling job 2021061322444580673248 tasks
[INFO] [2021-06-13 22:44:52,119] [7:140266826163968] - task_scheduler.py[line:143]: job 2021061322444580673248 task 2021061322444580673248_upload_0 0 status is success, calculate by task party status list: ['success']
[INFO] [2021-06-13 22:44:52,120] [7:140266826163968] - task_scheduler.py[line:75]: finish scheduling job 2021061322444580673248 tasks
[INFO] [2021-06-13 22:44:52,120] [7:140266826163968] - dag_scheduler.py[line:310]: Job 2021061322444580673248 status is success, calculate by task status list: ['success']
[INFO] [2021-06-13 22:44:52,120] [7:140266826163968] - dag_scheduler.py[line:502]: Job 2021061322444580673248 finished with success, do something...
[INFO] [2021-06-13 22:44:52,120] [7:140266826163968] - dag_scheduler.py[line:436]: request stop job 2021061322444580673248 with success
[INFO] [2021-06-13 22:44:52,127] [7:140266826163968] - dag_scheduler.py[line:445]: request stop job 2021061322444580673248 with success to all party
[INFO] [2021-06-13 22:44:52,127] [7:140266826163968] - federated_scheduler.py[line:88]: try to stop job 2021061322444580673248
[INFO] [2021-06-13 22:44:52,143] [7:140266442843904] - job_utils.py[line:397]: try to stop job 2021061322444580673248 task 2021061322444580673248_upload_0 local 0 with success party status process pid:3262
[INFO] [2021-06-13 22:44:52,144] [7:140266442843904] - job_utils.py[line:400]: can not found job 2021061322444580673248 task 2021061322444580673248_upload_0 local 0 with success party status process pid:3262
[INFO] [2021-06-13 22:44:52,149] [7:140266442843904] - job_utils.py[line:424]: start run subprocess to stop task session 2021061322444580673248_upload_0_0_local_0
[INFO] [2021-06-13 22:44:52,150] [7:140266442843904] - job_utils.py[line:310]: start process command: python3 /fate/python/fate_flow/utils/session_utils.py -j 2021061322444580673248_upload_0_0_local_0 --computing STANDALONE --federation STANDALONE --storage STANDALONE -c stop
[INFO] [2021-06-13 22:44:52,171] [7:140266442843904] - job_utils.py[line:334]: start process command: python3 /fate/python/fate_flow/utils/session_utils.py -j 2021061322444580673248_upload_0_0_local_0 --computing STANDALONE --federation STANDALONE --storage STANDALONE -c stop successfully, pid is 3297
[INFO] [2021-06-13 22:44:52,173] [7:140266442843904] - task_controller.py[line:255]: job 2021061322444580673248 task 2021061322444580673248_upload_0 0 on local 0 process 3262 kill success
[INFO] [2021-06-13 22:44:52,173] [7:140266442843904] - job_saver.py[line:71]: try to update job 2021061322444580673248 task 2021061322444580673248_upload_0 0 status
[INFO] [2021-06-13 22:44:52,200] [7:140266442843904] - job_saver.py[line:76]: update job 2021061322444580673248 task 2021061322444580673248_upload_0 0 status update does not take effect: {'job_id': '2021061322444580673248', 'task_id': '2021061322444580673248_upload_0', 'task_version': 0, 'role': 'local', 'party_id': '0', 'party_status': 'success'}
[INFO] [2021-06-13 22:44:52,206] [7:140266442843904] - job_saver.py[line:81]: try to update job 2021061322444580673248 task 2021061322444580673248_upload_0 0
[WARNING] [2021-06-13 22:44:52,214] [7:140266442843904] - job_saver.py[line:86]: job 2021061322444580673248 task 2021061322444580673248_upload_0 0 update does not take effect
[INFO] [2021-06-13 22:44:52,220] [7:140266442843904] - job_saver.py[line:45]: try to update job 2021061322444580673248 status to success
[INFO] [2021-06-13 22:44:52,229] [7:140266442843904] - job_saver.py[line:56]: update job 2021061322444580673248 status does not take effect
[INFO] [2021-06-13 22:44:52,236] [7:140266826163968] - federated_scheduler.py[line:92]: stop job 2021061322444580673248 success
[INFO] [2021-06-13 22:44:52,236] [7:140266826163968] - dag_scheduler.py[line:448]: stop job 2021061322444580673248 with success successfully
[INFO] [2021-06-13 22:44:52,237] [7:140266826163968] - federated_scheduler.py[line:107]: try to clean job 2021061322444580673248
[INFO] [2021-06-13 22:44:52,253] [7:140266442843904] - job_controller.py[line:379]: Job 2021061322444580673248 on local 0 start to clean
[INFO] [2021-06-13 22:44:52,254] [7:140266442843904] - job_controller.py[line:382]: job 2021061322444580673248 on local 0 clean done
[INFO] [2021-06-13 22:44:52,260] [7:140266826163968] - federated_scheduler.py[line:110]: clean job 2021061322444580673248 success
[INFO] [2021-06-13 22:44:52,261] [7:140266826163968] - dag_scheduler.py[line:505]: Job 2021061322444580673248 finished with success, done
[INFO] [2021-06-13 22:44:52,261] [7:140266826163968] - dag_scheduler.py[line:325]: finish scheduling job 2021061322444580673248
[INFO] [2021-06-13 22:44:52,566] [3282:140674293675840] - session_utils.py[line:38]: start stop session 2021061322444580673248_upload_0_0_local_0
[INFO] [2021-06-13 22:44:52,567] [3282:140674293675840] - session_utils.py[line:47]: stop session 2021061322444580673248_upload_0_0_local_0 success
[INFO] [2021-06-13 22:44:52,828] [3286:139882749732672] - session_utils.py[line:38]: start stop session 2021061322444580673248_upload_0_0_local_0
[INFO] [2021-06-13 22:44:52,828] [3286:139882749732672] - session_utils.py[line:47]: stop session 2021061322444580673248_upload_0_0_local_0 success
[INFO] [2021-06-13 22:44:52,926] [3297:139711252694848] - session_utils.py[line:38]: start stop session 2021061322444580673248_upload_0_0_local_0
[INFO] [2021-06-13 22:44:52,926] [3297:139711252694848] - session_utils.py[line:47]: stop session 2021061322444580673248_upload_0_0_local_0 success
[INFO] [2021-06-13 22:44:54,888] [7:140266826163968] - dag_scheduler.py[line:193]: the number of updates has been exceeded
[INFO] [2021-06-13 22:44:57,146] [7:140266826163968] - dag_scheduler.py[line:193]: the number of updates has been exceeded
[INFO] [2021-06-13 22:45:00,703] [7:140266826163968] - dag_scheduler.py[line:193]: the number of updates has been exceeded
[INFO] [2021-06-13 22:45:03,348] [7:140266826163968] - dag_scheduler.py[line:193]: the number of updates has been exceeded
[INFO] [2021-06-13 22:45:05,403] [7:140266826163968] - dag_scheduler.py[line:193]: the number of updates has been exceeded
[INFO] [2021-06-13 22:45:07,459] [7:140266826163968] - dag_scheduler.py[line:193]: the number of updates has been exceeded
[INFO] [2021-06-13 22:45:09,506] [7:140266826163968] - dag_scheduler.py[line:193]: the number of updates has been exceeded
[INFO] [2021-06-13 22:45:11,568] [7:140266826163968] - dag_scheduler.py[line:193]: the number of updates has been exceeded
[INFO] [2021-06-13 22:45:13,634] [7:140266826163968] - dag_scheduler.py[line:193]: the number of updates has been exceeded
[INFO] [2021-06-13 22:45:15,741] [7:140266826163968] - dag_scheduler.py[line:193]: the number of updates has been exceeded
[INFO] [2021-06-13 22:45:17,805] [7:140266826163968] - dag_scheduler.py[line:193]: the number of updates has been exceeded
[INFO] [2021-06-13 22:45:19,876] [7:140266826163968] - dag_scheduler.py[line:193]: the number of updates has been exceeded
[INFO] [2021-06-13 22:45:21,920] [7:140266826163968] - dag_scheduler.py[line:193]: the number of updates has been exceeded
[INFO] [2021-06-13 22:45:23,976] [7:140266826163968] - dag_scheduler.py[line:193]: the number of updates has been exceeded
[INFO] [2021-06-13 22:45:26,036] [7:140266826163968] - dag_scheduler.py[line:193]: the number of updates has been exceeded
[INFO] [2021-06-13 22:45:28,083] [7:140266826163968] - dag_scheduler.py[line:193]: the number of updates has been exceeded
[INFO] [2021-06-13 22:45:30,171] [7:140266826163968] - dag_scheduler.py[line:193]: the number of updates has been exceeded
[INFO] [2021-06-13 22:45:32,250] [7:140266826163968] - dag_scheduler.py[line:193]: the number of updates has been exceeded
[INFO] [2021-06-13 22:45:34,289] [7:140266826163968] - dag_scheduler.py[line:193]: the number of updates has been exceeded
[INFO] [2021-06-13 22:45:36,336] [7:140266826163968] - dag_scheduler.py[line:193]: the number of updates has been exceeded
[INFO] [2021-06-13 22:45:38,389] [7:140266826163968] - dag_scheduler.py[line:193]: the number of updates has been exceeded
[INFO] [2021-06-13 22:45:40,473] [7:140266826163968] - dag_scheduler.py[line:193]: the number of updates has been exceeded
[INFO] [2021-06-13 22:45:42,515] [7:140266826163968] - dag_scheduler.py[line:193]: the number of updates has been exceeded
[INFO] [2021-06-13 22:45:44,549] [7:140266826163968] - dag_scheduler.py[line:193]: the number of updates has been exceeded
[INFO] [2021-06-13 22:45:46,593] [7:140266826163968] - dag_scheduler.py[line:193]: the number of updates has been exceeded
[INFO] [2021-06-13 22:45:48,636] [7:140266826163968] - dag_scheduler.py[line:193]: the number of updates has been exceeded
[INFO] [2021-06-13 22:45:50,723] [7:140266826163968] - dag_scheduler.py[line:193]: the number of updates has been exceeded
[INFO] [2021-06-13 22:45:52,780] [7:140266826163968] - dag_scheduler.py[line:193]: the number of updates has been exceeded
[INFO] [2021-06-13 22:45:54,825] [7:140266826163968] - dag_scheduler.py[line:193]: the number of updates has been exceeded
[INFO] [2021-06-13 22:45:56,867] [7:140266826163968] - dag_scheduler.py[line:193]: the number of updates has been exceeded
[INFO] [2021-06-13 22:45:58,961] [7:140266826163968] - dag_scheduler.py[line:193]: the number of updates has been exceeded
[INFO] [2021-06-13 22:46:01,038] [7:140266826163968] - dag_scheduler.py[line:193]: the number of updates has been exceeded
[INFO] [2021-06-13 22:46:03,098] [7:140266826163968] - dag_scheduler.py[line:193]: the number of updates has been exceeded
[INFO] [2021-06-13 22:46:05,162] [7:140266826163968] - dag_scheduler.py[line:193]: the number of updates has been exceeded
[INFO] [2021-06-13 22:46:07,221] [7:140266826163968] - dag_scheduler.py[line:193]: the number of updates has been exceeded
[INFO] [2021-06-13 22:46:09,286] [7:140266826163968] - dag_scheduler.py[line:193]: the number of updates has been exceeded
[INFO] [2021-06-13 22:46:11,335] [7:140266826163968] - dag_scheduler.py[line:193]: the number of updates has been exceeded
[INFO] [2021-06-13 22:46:13,383] [7:140266826163968] - dag_scheduler.py[line:193]: the number of updates has been exceeded
[INFO] [2021-06-13 22:46:15,497] [7:140266826163968] - dag_scheduler.py[line:193]: the number of updates has been exceeded
[INFO] [2021-06-13 22:46:17,574] [7:140266826163968] - dag_scheduler.py[line:193]: the number of updates has been exceeded
[INFO] [2021-06-13 22:46:19,621] [7:140266826163968] - dag_scheduler.py[line:193]: the number of updates has been exceeded
[INFO] [2021-06-13 22:46:21,703] [7:140266826163968] - dag_scheduler.py[line:193]: the number of updates has been exceeded
[INFO] [2021-06-13 22:46:23,748] [7:140266826163968] - dag_scheduler.py[line:193]: the number of updates has been exceeded
[INFO] [2021-06-13 22:46:25,827] [7:140266826163968] - dag_scheduler.py[line:193]: the number of updates has been exceeded
[INFO] [2021-06-13 22:46:27,875] [7:140266826163968] - dag_scheduler.py[line:193]: the number of updates has been exceeded
[INFO] [2021-06-13 22:46:29,937] [7:140266826163968] - dag_scheduler.py[line:193]: the number of updates has been exceeded
[INFO] [2021-06-13 22:46:32,023] [7:140266826163968] - dag_scheduler.py[line:193]: the number of updates has been exceeded
[INFO] [2021-06-13 22:46:34,120] [7:140266826163968] - dag_scheduler.py[line:193]: the number of updates has been exceeded
[INFO] [2021-06-13 22:46:36,187] [7:140266826163968] - dag_scheduler.py[line:193]: the number of updates has been exceeded
[INFO] [2021-06-13 22:46:38,229] [7:140266826163968] - dag_scheduler.py[line:193]: the number of updates has been exceeded
[INFO] [2021-06-13 22:46:40,279] [7:140266826163968] - dag_scheduler.py[line:193]: the number of updates has been exceeded
[INFO] [2021-06-13 22:46:42,365] [7:140266826163968] - dag_scheduler.py[line:193]: the number of updates has been exceeded
[INFO] [2021-06-13 22:46:44,421] [7:140266826163968] - dag_scheduler.py[line:193]: the number of updates has been exceeded
[INFO] [2021-06-13 22:46:46,482] [7:140266826163968] - dag_scheduler.py[line:193]: the number of updates has been exceeded
[INFO] [2021-06-13 22:46:48,540] [7:140266826163968] - dag_scheduler.py[line:193]: the number of updates has been exceeded
[INFO] [2021-06-13 22:46:50,625] [7:140266826163968] - dag_scheduler.py[line:193]: the number of updates has been exceeded
[INFO] [2021-06-13 22:46:52,690] [7:140266826163968] - dag_scheduler.py[line:193]: the number of updates has been exceeded
[INFO] [2021-06-13 22:46:54,744] [7:140266826163968] - dag_scheduler.py[line:193]: the number of updates has been exceeded
[INFO] [2021-06-13 22:46:56,777] [7:140266826163968] - dag_scheduler.py[line:193]: the number of updates has been exceeded
[INFO] [2021-06-13 22:46:58,808] [7:140266826163968] - dag_scheduler.py[line:193]: the number of updates has been exceeded
[INFO] [2021-06-13 22:47:00,862] [7:140266826163968] - dag_scheduler.py[line:193]: the number of updates has been exceeded
[INFO] [2021-06-13 22:47:02,947] [7:140266826163968] - dag_scheduler.py[line:193]: the number of updates has been exceeded
[INFO] [2021-06-13 22:47:05,008] [7:140266826163968] - dag_scheduler.py[line:193]: the number of updates has been exceeded
[INFO] [2021-06-13 22:47:07,084] [7:140266826163968] - dag_scheduler.py[line:193]: the number of updates has been exceeded
[INFO] [2021-06-13 22:47:09,133] [7:140266826163968] - dag_scheduler.py[line:193]: the number of updates has been exceeded
[INFO] [2021-06-13 22:47:11,201] [7:140266826163968] - dag_scheduler.py[line:193]: the number of updates has been exceeded
[INFO] [2021-06-13 22:47:13,260] [7:140266826163968] - dag_scheduler.py[line:193]: the number of updates has been exceeded
[INFO] [2021-06-13 22:47:15,298] [7:140266826163968] - dag_scheduler.py[line:193]: the number of updates has been exceeded
[INFO] [2021-06-13 22:47:17,364] [7:140266826163968] - dag_scheduler.py[line:193]: the number of updates has been exceeded
[INFO] [2021-06-13 22:47:19,464] [7:140266826163968] - dag_scheduler.py[line:193]: the number of updates has been exceeded
[INFO] [2021-06-13 22:47:21,528] [7:140266826163968] - dag_scheduler.py[line:193]: the number of updates has been exceeded
[INFO] [2021-06-13 22:47:23,606] [7:140266826163968] - dag_scheduler.py[line:193]: the number of updates has been exceeded
[INFO] [2021-06-13 22:47:25,668] [7:140266826163968] - dag_scheduler.py[line:193]: the number of updates has been exceeded
[INFO] [2021-06-13 22:47:27,743] [7:140266826163968] - dag_scheduler.py[line:193]: the number of updates has been exceeded
[INFO] [2021-06-13 22:47:29,798] [7:140266826163968] - dag_scheduler.py[line:193]: the number of updates has been exceeded
[INFO] [2021-06-13 22:47:31,846] [7:140266826163968] - dag_scheduler.py[line:193]: the number of updates has been exceeded
[INFO] [2021-06-13 22:47:33,898] [7:140266826163968] - dag_scheduler.py[line:193]: the number of updates has been exceeded
[INFO] [2021-06-13 22:47:35,969] [7:140266826163968] - dag_scheduler.py[line:193]: the number of updates has been exceeded
[INFO] [2021-06-13 22:47:38,022] [7:140266826163968] - dag_scheduler.py[line:193]: the number of updates has been exceeded
[INFO] [2021-06-13 22:47:40,084] [7:140266826163968] - dag_scheduler.py[line:193]: the number of updates has been exceeded
[INFO] [2021-06-13 22:47:42,144] [7:140266826163968] - dag_scheduler.py[line:193]: the number of updates has been exceeded
[INFO] [2021-06-13 22:47:44,202] [7:140266826163968] - dag_scheduler.py[line:193]: the number of updates has been exceeded
[INFO] [2021-06-13 22:47:46,294] [7:140266826163968] - dag_scheduler.py[line:193]: the number of updates has been exceeded
[INFO] [2021-06-13 22:47:48,335] [7:140266826163968] - dag_scheduler.py[line:193]: the number of updates has been exceeded
[INFO] [2021-06-13 22:47:50,385] [7:140266826163968] - dag_scheduler.py[line:193]: the number of updates has been exceeded
[INFO] [2021-06-13 22:47:52,459] [7:140266826163968] - dag_scheduler.py[line:193]: the number of updates has been exceeded
[INFO] [2021-06-13 22:47:54,538] [7:140266826163968] - dag_scheduler.py[line:193]: the number of updates has been exceeded
[INFO] [2021-06-13 22:47:56,579] [7:140266826163968] - dag_scheduler.py[line:193]: the number of updates has been exceeded
[INFO] [2021-06-13 22:47:58,630] [7:140266826163968] - dag_scheduler.py[line:193]: the number of updates has been exceeded
[INFO] [2021-06-13 22:48:00,698] [7:140266826163968] - dag_scheduler.py[line:193]: the number of updates has been exceeded
[INFO] [2021-06-13 22:48:02,751] [7:140266826163968] - dag_scheduler.py[line:193]: the number of updates has been exceeded
[INFO] [2021-06-13 22:48:04,821] [7:140266826163968] - dag_scheduler.py[line:193]: the number of updates has been exceeded
[INFO] [2021-06-13 22:48:06,871] [7:140266826163968] - dag_scheduler.py[line:193]: the number of updates has been exceeded
[INFO] [2021-06-13 22:48:08,927] [7:140266826163968] - dag_scheduler.py[line:193]: the number of updates has been exceeded
[INFO] [2021-06-13 22:48:10,969] [7:140266826163968] - dag_scheduler.py[line:193]: the number of updates has been exceeded
[INFO] [2021-06-13 22:48:13,030] [7:140266826163968] - dag_scheduler.py[line:193]: the number of updates has been exceeded
[INFO] [2021-06-13 22:48:15,115] [7:140266826163968] - dag_scheduler.py[line:193]: the number of updates has been exceeded
[INFO] [2021-06-13 22:48:17,170] [7:140266826163968] - dag_scheduler.py[line:193]: the number of updates has been exceeded
[INFO] [2021-06-13 22:48:19,214] [7:140266826163968] - dag_scheduler.py[line:193]: the number of updates has been exceeded
[INFO] [2021-06-13 22:48:21,257] [7:140266826163968] - dag_scheduler.py[line:193]: the number of updates has been exceeded
[INFO] [2021-06-13 22:48:23,316] [7:140266826163968] - dag_scheduler.py[line:193]: the number of updates has been exceeded
[INFO] [2021-06-13 22:48:25,381] [7:140266826163968] - dag_scheduler.py[line:193]: the number of updates has been exceeded
[INFO] [2021-06-13 22:48:27,425] [7:140266826163968] - dag_scheduler.py[line:193]: the number of updates has been exceeded
[INFO] [2021-06-13 22:48:29,485] [7:140266826163968] - dag_scheduler.py[line:193]: the number of updates has been exceeded
[INFO] [2021-06-13 22:48:31,548] [7:140266826163968] - dag_scheduler.py[line:193]: the number of updates has been exceeded
[INFO] [2021-06-13 22:48:33,605] [7:140266826163968] - dag_scheduler.py[line:193]: the number of updates has been exceeded
[INFO] [2021-06-13 22:48:35,660] [7:140266826163968] - dag_scheduler.py[line:193]: the number of updates has been exceeded
[INFO] [2021-06-13 22:48:37,716] [7:140266826163968] - dag_scheduler.py[line:193]: the number of updates has been exceeded
[INFO] [2021-06-13 22:48:39,773] [7:140266826163968] - dag_scheduler.py[line:193]: the number of updates has been exceeded
[INFO] [2021-06-13 22:48:41,823] [7:140266826163968] - dag_scheduler.py[line:193]: the number of updates has been exceeded
[INFO] [2021-06-13 22:48:43,889] [7:140266826163968] - dag_scheduler.py[line:193]: the number of updates has been exceeded
[INFO] [2021-06-13 22:48:45,947] [7:140266826163968] - dag_scheduler.py[line:193]: the number of updates has been exceeded
[INFO] [2021-06-13 22:48:48,006] [7:140266826163968] - dag_scheduler.py[line:193]: the number of updates has been exceeded
[INFO] [2021-06-13 22:48:50,078] [7:140266826163968] - dag_scheduler.py[line:193]: the number of updates has been exceeded
[INFO] [2021-06-13 22:48:52,121] [7:140266826163968] - dag_scheduler.py[line:193]: the number of updates has been exceeded
[INFO] [2021-06-13 22:48:54,209] [7:140266826163968] - dag_scheduler.py[line:193]: the number of updates has been exceeded
[INFO] [2021-06-13 22:48:56,268] [7:140266826163968] - dag_scheduler.py[line:193]: the number of updates has been exceeded
[INFO] [2021-06-13 22:48:58,325] [7:140266826163968] - dag_scheduler.py[line:193]: the number of updates has been exceeded
[INFO] [2021-06-13 22:49:00,380] [7:140266826163968] - dag_scheduler.py[line:193]: the number of updates has been exceeded
[INFO] [2021-06-13 22:49:02,433] [7:140266826163968] - dag_scheduler.py[line:193]: the number of updates has been exceeded
[INFO] [2021-06-13 22:49:04,463] [7:140266826163968] - dag_scheduler.py[line:193]: the number of updates has been exceeded
[INFO] [2021-06-13 22:49:06,529] [7:140266826163968] - dag_scheduler.py[line:193]: the number of updates has been exceeded
[INFO] [2021-06-13 22:49:08,588] [7:140266826163968] - dag_scheduler.py[line:193]: the number of updates has been exceeded
[INFO] [2021-06-13 22:49:10,647] [7:140266826163968] - dag_scheduler.py[line:193]: the number of updates has been exceeded
[INFO] [2021-06-13 22:49:12,745] [7:140266826163968] - dag_scheduler.py[line:193]: the number of updates has been exceeded
[INFO] [2021-06-13 22:49:14,853] [7:140266826163968] - dag_scheduler.py[line:193]: the number of updates has been exceeded
[INFO] [2021-06-13 22:49:16,909] [7:140266826163968] - dag_scheduler.py[line:193]: the number of updates has been exceeded
[INFO] [2021-06-13 22:49:18,965] [7:140266826163968] - dag_scheduler.py[line:193]: the number of updates has been exceeded
[INFO] [2021-06-13 22:49:21,024] [7:140266826163968] - dag_scheduler.py[line:193]: the number of updates has been exceeded
[INFO] [2021-06-13 22:49:23,081] [7:140266826163968] - dag_scheduler.py[line:193]: the number of updates has been exceeded
[INFO] [2021-06-13 22:49:25,130] [7:140266826163968] - dag_scheduler.py[line:193]: the number of updates has been exceeded
[INFO] [2021-06-13 22:49:27,181] [7:140266826163968] - dag_scheduler.py[line:193]: the number of updates has been exceeded
[INFO] [2021-06-13 22:49:29,230] [7:140266826163968] - dag_scheduler.py[line:193]: the number of updates has been exceeded
[INFO] [2021-06-13 22:49:31,278] [7:140266826163968] - dag_scheduler.py[line:193]: the number of updates has been exceeded
[INFO] [2021-06-13 22:49:33,359] [7:140266826163968] - dag_scheduler.py[line:193]: the number of updates has been exceeded
[INFO] [2021-06-13 22:49:35,412] [7:140266826163968] - dag_scheduler.py[line:193]: the number of updates has been exceeded
[INFO] [2021-06-13 22:49:37,460] [7:140266826163968] - dag_scheduler.py[line:193]: the number of updates has been exceeded
[INFO] [2021-06-13 22:49:39,532] [7:140266826163968] - dag_scheduler.py[line:193]: the number of updates has been exceeded
[INFO] [2021-06-13 22:49:41,587] [7:140266826163968] - dag_scheduler.py[line:193]: the number of updates has been exceeded
[INFO] [2021-06-13 22:49:43,656] [7:140266826163968] - dag_scheduler.py[line:193]: the number of updates has been exceeded
[INFO] [2021-06-13 22:49:45,696] [7:140266826163968] - dag_scheduler.py[line:193]: the number of updates has been exceeded
[INFO] [2021-06-13 22:49:47,734] [7:140266826163968] - dag_scheduler.py[line:193]: the number of updates has been exceeded
[INFO] [2021-06-13 22:49:49,763] [7:140266826163968] - dag_scheduler.py[line:193]: the number of updates has been exceeded
[INFO] [2021-06-13 22:49:51,795] [7:140266826163968] - dag_scheduler.py[line:193]: the number of updates has been exceeded
