[DEBUG] [2021-06-13 12:07:15,660] [3135:140487242139456] - profile.py[line:84]: [computing#22f4a65d94]function_stack: [secure_add_host.py:64]secure <-[secure_add_host.py:94]run
[DEBUG] [2021-06-13 12:07:15,661] [3135:140487242139456] - profile.py[line:87]: [computing#22f4a65d94]start
[DEBUG] [2021-06-13 12:07:20,003] [3135:140487242139456] - profile.py[line:93]: [computing#22f4a65d94]done, elapse: 4.342498779296875, function: mapValues(self: Table(partition=48), func: method) -> Table(partition=48)
[DEBUG] [2021-06-13 12:07:20,007] [3135:140487242139456] - profile.py[line:84]: [computing#6c384ecb9e]function_stack: [secure_add_host.py:65]secure <-[secure_add_host.py:94]run
[DEBUG] [2021-06-13 12:07:20,007] [3135:140487242139456] - profile.py[line:87]: [computing#6c384ecb9e]start
[DEBUG] [2021-06-13 12:07:23,826] [3135:140487242139456] - profile.py[line:93]: [computing#6c384ecb9e]done, elapse: 3.819821357727051, function: mapValues(self: Table(partition=48), func: function) -> Table(partition=48)
[DEBUG] [2021-06-13 12:07:23,827] [3135:140487242139456] - profile.py[line:84]: [computing#9a6a1b9345]function_stack: [secure_add_host.py:66]secure <-[secure_add_host.py:94]run
[DEBUG] [2021-06-13 12:07:23,828] [3135:140487242139456] - profile.py[line:87]: [computing#9a6a1b9345]start
[DEBUG] [2021-06-13 12:07:25,386] [3135:140487242139456] - profile.py[line:93]: [computing#9a6a1b9345]done, elapse: 1.5582854747772217, function: mapValues(self: Table(partition=48), func: function) -> Table(partition=48)
[DEBUG] [2021-06-13 12:07:25,628] [3135:140487242139456] - profile.py[line:237]: [federation.get.federatedml.transfer_variable.transfer_class.secure_add_example_transfer_variable.SecureAddExampleTransferVariable.guest_share.default]host<-[Party(role=guest, party_id=10000)] start
[DEBUG] [2021-06-13 12:07:25,735] [3135:140487242139456] - profile.py[line:216]: [federation.get.federatedml.transfer_variable.transfer_class.secure_add_example_transfer_variable.SecureAddExampleTransferVariable.guest_share.default]host<-[Party(role=guest, party_id=10000)] done
[DEBUG] [2021-06-13 12:07:25,736] [3135:140487242139456] - profile.py[line:232]: [federation.remote.federatedml.transfer_variable.transfer_class.secure_add_example_transfer_variable.SecureAddExampleTransferVariable.host_share.default]host->[Party(role=guest, party_id=10000)] start
[DEBUG] [2021-06-13 12:07:30,200] [3135:140487242139456] - profile.py[line:185]: [federation.remote.federatedml.transfer_variable.transfer_class.secure_add_example_transfer_variable.SecureAddExampleTransferVariable.host_share.default]host->[Party(role=guest, party_id=10000)] done
[DEBUG] [2021-06-13 12:07:30,202] [3135:140487242139456] - profile.py[line:84]: [computing#ddff236459]function_stack: [secure_add_host.py:69]add <-[secure_add_host.py:103]run
[DEBUG] [2021-06-13 12:07:30,202] [3135:140487242139456] - profile.py[line:87]: [computing#ddff236459]start
[DEBUG] [2021-06-13 12:07:30,840] [3135:140487242139456] - profile.py[line:93]: [computing#ddff236459]done, elapse: 0.6387026309967041, function: join(self: Table(partition=48), other: Table(partition=48), func: function) -> Table(partition=48)
[DEBUG] [2021-06-13 12:07:30,841] [3135:140487242139456] - profile.py[line:84]: [computing#dd97fc8f89]function_stack: [secure_add_host.py:70]add <-[secure_add_host.py:103]run
[DEBUG] [2021-06-13 12:07:30,842] [3135:140487242139456] - profile.py[line:87]: [computing#dd97fc8f89]start
[DEBUG] [2021-06-13 12:07:30,901] [3135:140487242139456] - profile.py[line:93]: [computing#dd97fc8f89]done, elapse: 0.05979037284851074, function: reduce(self: Table(partition=48), func: function) -> float
[DEBUG] [2021-06-13 12:07:30,902] [3135:140487242139456] - profile.py[line:232]: [federation.remote.federatedml.transfer_variable.transfer_class.secure_add_example_transfer_variable.SecureAddExampleTransferVariable.host_sum.default]host->[Party(role=guest, party_id=10000)] start
[DEBUG] [2021-06-13 12:07:30,916] [3135:140487242139456] - profile.py[line:185]: [federation.remote.federatedml.transfer_variable.transfer_class.secure_add_example_transfer_variable.SecureAddExampleTransferVariable.host_sum.default]host->[Party(role=guest, party_id=10000)] done
[INFO] [2021-06-13 12:07:31,041] [3135:140487242139456] - profile.py[line:249]: 
Computing:
+----------+---------------------------------------------+
| function |  function    n   sum(s)   mean(s)   max(s)  |
|          | ----------- --- -------- --------- -------- |
|          |  mapValues   3   9.721     3.24     4.342   |
|          |    join      1   0.639     0.639    0.639   |
|          |   reduce     1    0.06     0.06      0.06   |
+----------+---------------------------------------------+
|  total   |  n=5, sum=10.4191, mean=2.0838, max=4.3425  |
+----------+---------------------------------------------+

Federation:
+--------+-------------------------------------------------------------------------------------------------------------+
|  get   |                                    name                                    | n | sum(s) | mean(s) | max(s)  |
|        | ---------------------------------------------------------------------------+---+--------+---------+-------- |
|        |  federatedml.transfer_variable.transfer_class.secure_add_example_transfer_ | 1 | 0.106  |  0.106  | 0.106   |
|        |            variable.SecureAddExampleTransferVariable.guest_share           |   |        |         |         |
+--------+-------------------------------------------------------------------------------------------------------------+
| remote |                                    name                                    | n | sum(s) | mean(s) | max(s)  |
|        | ---------------------------------------------------------------------------+---+--------+---------+-------- |
|        |  federatedml.transfer_variable.transfer_class.secure_add_example_transfer_ | 1 | 4.464  |  4.464  | 4.464   |
|        |            variable.SecureAddExampleTransferVariable.host_share            |   |        |         |         |
|        | ---------------------------------------------------------------------------+---+--------+---------+-------- |
|        |  federatedml.transfer_variable.transfer_class.secure_add_example_transfer_ | 1 | 0.014  |  0.014  | 0.014   |
|        |             variable.SecureAddExampleTransferVariable.host_sum             |   |        |         |         |
+--------+-------------------------------------------------------------------------------------------------------------+
| total  |                                  n=3, sum=4.5838, mean=1.5279, max=4.4641                                   |
+--------+-------------------------------------------------------------------------------------------------------------+

[DEBUG] [2021-06-13 12:07:31,041] [3135:140487242139456] - profile.py[line:250]: 
Detailed Computing:
+-------+------------------------------------------------------------------------------------------+
| stack |  function  │ n │ sum(s) │ mean(s) │ max(s) │ stack_hash │             stack              |
|       | ───────────┼───┼────────┼─────────┼────────┼────────────┼─────────────────────────────── |
|       |  mapValues │ 1 │ 4.3425 │ 4.3425  │ 4.3425 │ 22f4a65d94 │ [secure_add_host.py:64]secure  |
|       |            │   │        │         │        │            │ [secure_add_host.py:94]run     |
|       | ───────────┼───┼────────┼─────────┼────────┼────────────┼─────────────────────────────── |
|       |  mapValues │ 1 │ 3.8198 │ 3.8198  │ 3.8198 │ 6c384ecb9e │ [secure_add_host.py:65]secure  |
|       |            │   │        │         │        │            │ [secure_add_host.py:94]run     |
|       | ───────────┼───┼────────┼─────────┼────────┼────────────┼─────────────────────────────── |
|       |  mapValues │ 1 │ 1.5583 │ 1.5583  │ 1.5583 │ 9a6a1b9345 │ [secure_add_host.py:66]secure  |
|       |            │   │        │         │        │            │ [secure_add_host.py:94]run     |
|       | ───────────┼───┼────────┼─────────┼────────┼────────────┼─────────────────────────────── |
|       |    join    │ 1 │ 0.6387 │ 0.6387  │ 0.6387 │ ddff236459 │ [secure_add_host.py:69]add     |
|       |            │   │        │         │        │            │ [secure_add_host.py:103]run    |
|       | ───────────┼───┼────────┼─────────┼────────┼────────────┼─────────────────────────────── |
|       |   reduce   │ 1 │ 0.0598 │ 0.0598  │ 0.0598 │ dd97fc8f89 │ [secure_add_host.py:70]add     |
|       |            │   │        │         │        │            │ [secure_add_host.py:103]run    |
+-------+------------------------------------------------------------------------------------------+
| total |                        n=5, sum=10.4191, mean=2.0838, max=4.3425                         |
+-------+------------------------------------------------------------------------------------------+

