[INFO] [2021-06-13 21:03:47,127] [633:140352336947008] - control_client.py[line:42]: request update job 202106132103219414043 task 202106132103219414043_intersection_1 0 on host 9998
[DEBUG] [2021-06-13 21:03:47,507] [633:140352336947008] - _federation.py[line:15]: [federation.standalone]init federation: standalone_session=<fate_arch._standalone.Session object at 0x7fa6511d0a20>, federation_session_id=202106132103219414043_intersection_1_0, party=Party(role=host, party_id=9998)
[DEBUG] [2021-06-13 21:03:47,516] [633:140352336947008] - _federation.py[line:23]: [federation.standalone]init federation context done
[INFO] [2021-06-13 21:03:47,517] [633:140352336947008] - tracker_client.py[line:150]: Request read job 202106132103219414043 task None None on host 9998 data data info
[INFO] [2021-06-13 21:03:47,543] [633:140352336947008] - task_executor.py[line:269]: load computing table use 4
[DEBUG] [2021-06-13 21:03:54,087] [633:140352336947008] - intersect_param.py[line:62]: Finish EncodeParam check!
[WARNING] [2021-06-13 21:03:54,087] [633:140352336947008] - intersect_param.py[line:63]: 'EncodeParam' will be renamed to 'RawParam' in future release.Please do not rely on current param naming in application.
[DEBUG] [2021-06-13 21:03:54,087] [633:140352336947008] - intersect_param.py[line:128]: Finish RSAParam parameter check!
[DEBUG] [2021-06-13 21:03:54,088] [633:140352336947008] - intersect_param.py[line:263]: Finish intersect parameter check!
[DEBUG] [2021-06-13 21:03:54,088] [633:140352336947008] - component_properties.py[line:73]: {'IntersectParam': {'intersect_method': 'raw', 'random_bit': 128, 'sync_intersect_ids': True, 'join_role': 'guest', 'with_encode': False, 'encode_params': {'salt': '', 'encode_method': 'none', 'base64': False}, 'rsa_params': {'salt': '', 'hash_method': 'sha256', 'final_hash_method': 'sha256', 'split_calculation': False, 'random_base_fraction': None, 'key_length': 1024}, 'only_output_key': False, 'intersect_cache_param': {'use_cache': False, 'id_type': 'phone', 'encrypt_type': 'sha256'}, 'repeated_id_process': False, 'repeated_id_owner': 'guest', 'allow_info_share': False, 'info_owner': 'guest', 'with_sample_id': False}, 'dsl_version': 2, 'initiator': {'role': 'guest', 'party_id': 9999}, 'role': {'host': [9998], 'guest': [9999]}, 'job_parameters': {'job_type': 'train', 'work_mode': 0, 'backend': 0, 'computing_engine': 'STANDALONE', 'federation_engine': 'STANDALONE', 'storage_engine': 'STANDALONE', 'engines_address': {'computing': {'nodes': 1, 'cores_per_node': 20}, 'federation': {'nodes': 1, 'cores_per_node': 20}, 'storage': {'nodes': 1, 'cores_per_node': 20}}, 'federated_mode': 'SINGLE', 'task_parallelism': 1, 'computing_partitions': 4, 'federated_status_collect_type': 'PULL', 'model_id': 'guest-9999#host-9998#model', 'model_version': '202106132103219414043', 'eggroll_run': {'eggroll.session.processors.per.node': 4}, 'spark_run': {}, 'rabbitmq_run': {}, 'pulsar_run': {}, 'adaptation_parameters': {'task_nodes': 1, 'task_cores_per_node': 4, 'task_memory_per_node': 0, 'request_task_cores': 4, 'if_initiator_baseline': False}}, 'component_parameters': {'common': {'hetero_secure_boost_0': {'task_type': 'classification', 'objective_param': {'objective': 'cross_entropy'}, 'num_trees': 3, 'validation_freqs': 1, 'encrypt_param': {'method': 'iterativeAffine'}, 'tree_param': {'max_depth': 3}}, 'evaluation_0': {'eval_type': 'binary'}}, 'role': {'guest': {'0': {'reader_1': {'table': {'name': 'breast_hetero_guest', 'namespace': 'experiment'}}, 'reader_0': {'table': {'name': 'breast_hetero_guest', 'namespace': 'experiment'}}, 'dataio_0': {'with_label': True, 'output_format': 'dense'}, 'dataio_1': {'with_label': True, 'output_format': 'dense'}}}, 'host': {'0': {'reader_1': {'table': {'name': 'breast_hetero_host', 'namespace': 'experiment'}}, 'reader_0': {'table': {'name': 'breast_hetero_host', 'namespace': 'experiment'}}, 'dataio_0': {'with_label': False}, 'dataio_1': {'with_label': False}}}}}, 'conf_path': './examples/LDPDev/dsl/v2/hetero_secureboost/test_secureboost_train_binary_conf.json', 'dsl_path': './examples/LDPDev/dsl/v2/hetero_secureboost/test_secureboost_train_dsl.json', 'local': {'role': 'host', 'party_id': 9998}, 'CodePath': 'federatedml/statistic/intersect/intersect_model.py/IntersectHost', 'module': 'Intersection', 'output_data_name': ['data']}
[DEBUG] [2021-06-13 21:03:54,088] [633:140352336947008] - component_properties.py[line:80]: need_run: True, need_cv: False
[DEBUG] [2021-06-13 21:03:54,089] [633:140352336947008] - component_properties.py[line:102]: parse_dsl_args data_sets: {'dataio_1': {'data': [<fate_arch.computing.standalone._table.Table object at 0x7fa60e0fec50>]}}
[DEBUG] [2021-06-13 21:03:54,089] [633:140352336947008] - component_properties.py[line:112]: [Data Parser], has_train_data: False
[DEBUG] [2021-06-13 21:03:54,089] [633:140352336947008] - component_properties.py[line:112]: [Data Parser], has_eval_data: False
[DEBUG] [2021-06-13 21:03:54,089] [633:140352336947008] - component_properties.py[line:112]: [Data Parser], has_validate_data: False
[DEBUG] [2021-06-13 21:03:54,089] [633:140352336947008] - component_properties.py[line:112]: [Data Parser], has_test_data: False
[DEBUG] [2021-06-13 21:03:54,089] [633:140352336947008] - component_properties.py[line:118]: [Data Parser], has_normal_data: True
[DEBUG] [2021-06-13 21:03:54,089] [633:140352336947008] - component_properties.py[line:179]: Input data_sets: {'dataio_1': {'data': [<fate_arch.computing.standalone._table.Table object at 0x7fa60e0fec50>]}}
[DEBUG] [2021-06-13 21:03:54,089] [633:140352336947008] - component_properties.py[line:189]: data_dict: {'data': [<fate_arch.computing.standalone._table.Table object at 0x7fa60e0fec50>]}
[DEBUG] [2021-06-13 21:03:54,090] [633:140352336947008] - component_properties.py[line:192]: data_list: <fate_arch.computing.standalone._table.Table object at 0x7fa60e0fec50>
[DEBUG] [2021-06-13 21:03:54,152] [633:140352336947008] - component_properties.py[line:231]: train_data: None, validate_data: None, test_data: None, data: {'dataio_1.data': <fate_arch.computing.standalone._table.Table object at 0x7fa60e0fec50>}
[DEBUG] [2021-06-13 21:03:54,152] [633:140352336947008] - model_base.py[line:88]: running_funcs: [<function ModelBase.extract_data at 0x7fa5bf9dbe18>, <bound method ModelBase.set_flowid of <federatedml.statistic.intersect.intersect_model.IntersectHost object at 0x7fa6511d9b00>>, <bound method IntersectModelBase.fit of <federatedml.statistic.intersect.intersect_model.IntersectHost object at 0x7fa6511d9b00>>]
[DEBUG] [2021-06-13 21:03:54,152] [633:140352336947008] - model_base.py[line:340]: In extract_data, data input: {'dataio_1.data': <fate_arch.computing.standalone._table.Table object at 0x7fa60e0fec50>}
[DEBUG] [2021-06-13 21:03:54,153] [633:140352336947008] - model_base.py[line:162]: set flowid to transfer_variable, flowid: fit
[DEBUG] [2021-06-13 21:03:54,153] [633:140352336947008] - model_base.py[line:97]: func: <bound method IntersectModelBase.fit of <federatedml.statistic.intersect.intersect_model.IntersectHost object at 0x7fa6511d9b00>>
[INFO] [2021-06-13 21:03:54,153] [633:140352336947008] - intersect_model.py[line:50]: Using raw intersection, role is host
[INFO] [2021-06-13 21:03:54,153] [633:140352336947008] - intersect_host.py[line:180]: Start raw intersection
[INFO] [2021-06-13 21:03:54,387] [633:140352336947008] - intersect.py[line:294]: Send id role is host
[DEBUG] [2021-06-13 21:03:54,389] [633:140352336947008] - _standalone.py[line:535]: [federation.standalone.remote.hash.9c2acfde96e52e8ed947.send_ids_host.fit]remote data, type=<class 'fate_arch._standalone.Table'>
[DEBUG] [2021-06-13 21:03:54,389] [633:140352336947008] - _standalone.py[line:539]: [federation.standalone.remote.hash.9c2acfde96e52e8ed947.send_ids_host.fit]remote Table(namespace=202106132103219414043_intersection_1_0_host_9998, name=dc7b4b4a-cc8a-11eb-b5ad-0242ac110002, partitions=4)
[DEBUG] [2021-06-13 21:03:54,390] [633:140352336947008] - _standalone.py[line:550]: [federation.standalone.remote.hash.9c2acfde96e52e8ed947.send_ids_host.fit]save Table(namespace=202106132103219414043_intersection_1_0_host_9998, name=dc7b4b4a-cc8a-11eb-b5ad-0242ac110002, partitions=4) as Table(namespace=202106132103219414043_intersection_1_0_host_9998, name=dc9f16f6-cc8a-11eb-b5ad-0242ac110002, partitions=4)
[INFO] [2021-06-13 21:03:54,441] [633:140352336947008] - intersect.py[line:309]: Remote data_sid to role-join
[DEBUG] [2021-06-13 21:03:54,441] [633:140352336947008] - _standalone.py[line:564]: [federation.standalone.get.hash.fb553fba83149a742f66.intersect_ids_guest.fit]
[DEBUG] [2021-06-13 21:03:54,646] [633:140352336947008] - _standalone.py[line:643]: [GET] Got 202106132103219414043_intersection_1_0-hash.fb553fba83149a742f66.intersect_ids_guest-fit-guest-9999-host-9998 type Table
[DEBUG] [2021-06-13 21:03:54,647] [633:140352336947008] - _standalone.py[line:581]: [federation.standalone.get.hash.fb553fba83149a742f66.intersect_ids_guest.fit] got Table(namespace=202106132103219414043_intersection_1_0_guest_9999, name=dcb64786-cc8a-11eb-a498-0242ac110002, partitions=4)
[INFO] [2021-06-13 21:03:54,648] [633:140352336947008] - intersect.py[line:320]: Get intersect ids from role-join!
[INFO] [2021-06-13 21:03:54,648] [633:140352336947008] - intersect.py[line:323]: recv_intersect_ids_list's size is 1
[INFO] [2021-06-13 21:03:54,718] [633:140352336947008] - intersect.py[line:84]: obtain intersect data_instances!
[INFO] [2021-06-13 21:03:54,760] [633:140352336947008] - intersect_model.py[line:136]: Finish intersection
[INFO] [2021-06-13 21:03:54,767] [633:140352336947008] - tracker_client.py[line:70]: Request save job 202106132103219414043 task 202106132103219414043_intersection_1 0 on host 9998 metric train intersection data
[INFO] [2021-06-13 21:03:54,790] [633:140352336947008] - tracker_client.py[line:103]: Request save job 202106132103219414043 task 202106132103219414043_intersection_1 0 on host 9998 metric train intersection meta
[DEBUG] [2021-06-13 21:03:54,810] [633:140352336947008] - model_base.py[line:109]: saved_result is : [None], data_output: None
[INFO] [2021-06-13 21:03:54,810] [633:140352336947008] - tracker_client.py[line:173]: Request save job 202106132103219414043 task 202106132103219414043_intersection_1 0 on host 9998 component summary
[INFO] [2021-06-13 21:03:55,033] [633:140352336947008] - intersect_model.py[line:154]: intersect_ids count:569
[INFO] [2021-06-13 21:03:55,033] [633:140352336947008] - intersect_model.py[line:155]: intersect_ids header schema:{'header': ['x0', 'x1', 'x2', 'x3', 'x4', 'x5', 'x6', 'x7', 'x8', 'x9', 'x10', 'x11', 'x12', 'x13', 'x14', 'x15', 'x16', 'x17', 'x18', 'x19'], 'sid_name': 'id', 'label_name': 'y'}
[INFO] [2021-06-13 21:03:56,616] [633:140352336947008] - control_client.py[line:42]: request update job 202106132103219414043 task 202106132103219414043_intersection_1 0 on host 9998
[INFO] [2021-06-13 21:03:57,213] [633:140352336947008] - control_client.py[line:42]: request update job 202106132103219414043 task 202106132103219414043_intersection_1 0 on host 9998
