[INFO] [2021-06-13 21:26:18,861] [1738:140209896253248] - profile.py[line:249]: 
Computing:
+----------+------------------------------------------+
| function |                                          |
+----------+------------------------------------------+
|  total   | n=0, sum=0.0000, mean=0.0000, max=0.0000 |
+----------+------------------------------------------+

Federation:
+--------+------------------------------------------+
|  get   |                                          |
+--------+------------------------------------------+
| remote |                                          |
+--------+------------------------------------------+
| total  | n=0, sum=0.0000, mean=0.0000, max=0.0000 |
+--------+------------------------------------------+

[DEBUG] [2021-06-13 21:26:18,862] [1738:140209896253248] - profile.py[line:250]: 
Detailed Computing:
+-------+------------------------------------------+
| stack |                                          |
+-------+------------------------------------------+
| total | n=0, sum=0.0000, mean=0.0000, max=0.0000 |
+-------+------------------------------------------+

