[INFO] [2021-06-13 22:32:45,619] [7:140266409273088] - dag_scheduler.py[line:40]: submit job, job_id 2021061322324561791445, body {'job_dsl': {}, 'job_runtime_conf': {'dsl_version': 2, 'initiator': {'role': 'guest', 'party_id': 9999}, 'role': {'host': [9998], 'guest': [9999]}, 'job_parameters': {'common': {'work_mode': 0, 'backend': 0, 'job_type': 'predict', 'model_id': 'guest-9999#host-9998#model', 'model_version': '2021061322283590321442'}}, 'component_parameters': {'role': {'guest': {'0': {'reader_0': {'table': {'name': 'breast_hetero_guest', 'namespace': 'experiment'}}}}, 'host': {'0': {'reader_0': {'table': {'name': 'breast_hetero_host', 'namespace': 'experiment'}}}}}}, 'conf_path': './examples/LDPDev/test_predict_conf.json'}}
[INFO] [2021-06-13 22:32:45,743] [7:140266434451200] - job_controller.py[line:52]: job parameters:{'job_type': 'predict', 'adaptation_parameters': {'task_memory_per_node': 0, 'task_cores_per_node': 4, 'request_task_cores': 4, 'if_initiator_baseline': True, 'task_nodes': 1}, 'federation_engine': 'STANDALONE', 'storage_engine': 'STANDALONE', 'federated_status_collect_type': 'PULL', 'eggroll_run': {}, 'pulsar_run': {}, 'work_mode': 0, 'engines_address': {}, 'backend': 0, 'computing_partitions': 4, 'model_id': 'guest-9999#host-9998#model', 'model_version': '2021061322283590321442', 'rabbitmq_run': {}, 'task_parallelism': 1, 'federated_mode': 'SINGLE', 'spark_run': {}, 'computing_engine': 'STANDALONE'}
[INFO] [2021-06-13 22:32:45,874] [7:140266434451200] - job_controller.py[line:52]: job parameters:{'job_type': 'predict', 'adaptation_parameters': {'task_memory_per_node': 0, 'task_cores_per_node': 4, 'request_task_cores': 4, 'if_initiator_baseline': True, 'task_nodes': 1}, 'federation_engine': 'STANDALONE', 'storage_engine': 'STANDALONE', 'federated_status_collect_type': 'PULL', 'eggroll_run': {}, 'pulsar_run': {}, 'work_mode': 0, 'engines_address': {}, 'backend': 0, 'computing_partitions': 4, 'model_id': 'guest-9999#host-9998#model', 'model_version': '2021061322283590321442', 'rabbitmq_run': {}, 'task_parallelism': 1, 'federated_mode': 'SINGLE', 'spark_run': {}, 'computing_engine': 'STANDALONE'}
[INFO] [2021-06-13 22:32:45,979] [7:140266409273088] - dag_scheduler.py[line:122]: submit job successfully, job id is 2021061322324561791445, model id is guest-9999#host-9998#model
[INFO] [2021-06-13 22:32:47,780] [7:140266826163968] - federated_scheduler.py[line:39]: try to apply job 2021061322324561791445 resource
[INFO] [2021-06-13 22:32:47,812] [7:140266409273088] - resource_manager.py[line:176]: apply job 2021061322324561791445 resource(cores 4 memory 0) on host 9998 successfully, remaining cores: 16 remaining memory: 0
[INFO] [2021-06-13 22:32:47,849] [7:140266409273088] - resource_manager.py[line:176]: apply job 2021061322324561791445 resource(cores 4 memory 0) on guest 9999 successfully, remaining cores: 12 remaining memory: 0
[INFO] [2021-06-13 22:32:47,855] [7:140266826163968] - federated_scheduler.py[line:42]: apply job 2021061322324561791445 resource successfully
[INFO] [2021-06-13 22:32:47,855] [7:140266826163968] - dag_scheduler.py[line:279]: try to start job 2021061322324561791445 on initiator guest 9999
[INFO] [2021-06-13 22:32:47,872] [7:140266409273088] - job_controller.py[line:261]: try to start job 2021061322324561791445 on host 9998
[INFO] [2021-06-13 22:32:47,872] [7:140266409273088] - job_saver.py[line:45]: try to update job 2021061322324561791445 status to running
[INFO] [2021-06-13 22:32:47,897] [7:140266409273088] - job_saver.py[line:48]: update job 2021061322324561791445 status successfully
[INFO] [2021-06-13 22:32:47,898] [7:140266409273088] - job_saver.py[line:61]: try to update job 2021061322324561791445
[INFO] [2021-06-13 22:32:47,921] [7:140266409273088] - job_saver.py[line:64]: job 2021061322324561791445 update successfully: {'job_id': '2021061322324561791445', 'role': 'host', 'party_id': 9998, 'status': 'running', 'start_time': 1623623567872}
[INFO] [2021-06-13 22:32:47,921] [7:140266409273088] - job_controller.py[line:275]: start job 2021061322324561791445 on host 9998 successfully
[INFO] [2021-06-13 22:32:47,933] [7:140266409273088] - job_controller.py[line:261]: try to start job 2021061322324561791445 on guest 9999
[INFO] [2021-06-13 22:32:47,933] [7:140266409273088] - job_saver.py[line:45]: try to update job 2021061322324561791445 status to running
[INFO] [2021-06-13 22:32:47,954] [7:140266409273088] - job_saver.py[line:48]: update job 2021061322324561791445 status successfully
[INFO] [2021-06-13 22:32:47,955] [7:140266409273088] - job_saver.py[line:61]: try to update job 2021061322324561791445
[INFO] [2021-06-13 22:32:47,979] [7:140266409273088] - job_saver.py[line:64]: job 2021061322324561791445 update successfully: {'job_id': '2021061322324561791445', 'role': 'guest', 'party_id': 9999, 'status': 'running', 'start_time': 1623623567933}
[INFO] [2021-06-13 22:32:47,979] [7:140266409273088] - job_controller.py[line:275]: start job 2021061322324561791445 on guest 9999 successfully
[INFO] [2021-06-13 22:32:47,984] [7:140266826163968] - dag_scheduler.py[line:292]: start job 2021061322324561791445 on initiator guest 9999
[INFO] [2021-06-13 22:32:47,997] [7:140266826163968] - dag_scheduler.py[line:247]: reset job 2021061322324561791445 ready signal True
[INFO] [2021-06-13 22:32:48,009] [7:140266826163968] - dag_scheduler.py[line:298]: scheduling job 2021061322324561791445
[INFO] [2021-06-13 22:32:48,026] [7:140266826163968] - task_scheduler.py[line:28]: scheduling job 2021061322324561791445 tasks
[INFO] [2021-06-13 22:32:48,045] [7:140266826163968] - task_scheduler.py[line:143]: job 2021061322324561791445 task 2021061322324561791445_dataio_0 0 status is waiting, calculate by task party status list: ['waiting', 'waiting']
[INFO] [2021-06-13 22:32:48,059] [7:140266826163968] - task_scheduler.py[line:143]: job 2021061322324561791445 task 2021061322324561791445_intersection_0 0 status is waiting, calculate by task party status list: ['waiting', 'waiting']
[INFO] [2021-06-13 22:32:48,077] [7:140266826163968] - task_scheduler.py[line:143]: job 2021061322324561791445 task 2021061322324561791445_hetero_secure_boost_0 0 status is waiting, calculate by task party status list: ['waiting', 'waiting']
[INFO] [2021-06-13 22:32:48,077] [7:140266826163968] - task_scheduler.py[line:80]: try to start job 2021061322324561791445 task 2021061322324561791445_dataio_0 0 on guest 9999
[INFO] [2021-06-13 22:32:48,095] [7:140266826163968] - resource_manager.py[line:286]: task 2021061322324561791445_dataio_0 0 apply resource successfully
[INFO] [2021-06-13 22:32:48,095] [7:140266826163968] - job_saver.py[line:71]: try to update job 2021061322324561791445 task 2021061322324561791445_dataio_0 0 status
[INFO] [2021-06-13 22:32:48,111] [7:140266826163968] - job_saver.py[line:74]: update job 2021061322324561791445 task 2021061322324561791445_dataio_0 0 status successfully: {'job_id': '2021061322324561791445', 'task_id': '2021061322324561791445_dataio_0', 'task_version': 0, 'role': 'guest', 'party_id': '9999', 'status': 'running'}
[INFO] [2021-06-13 22:32:48,112] [7:140266826163968] - task_scheduler.py[line:93]: start job 2021061322324561791445 task 2021061322324561791445_dataio_0 0 on guest 9999
[INFO] [2021-06-13 22:32:48,112] [7:140266826163968] - federated_scheduler.py[line:192]: job 2021061322324561791445 task 2021061322324561791445_dataio_0 0 is running, sync to all party
[INFO] [2021-06-13 22:32:48,140] [7:140266409273088] - job_saver.py[line:71]: try to update job 2021061322324561791445 task 2021061322324561791445_dataio_0 0 status
[INFO] [2021-06-13 22:32:48,161] [7:140266409273088] - job_saver.py[line:74]: update job 2021061322324561791445 task 2021061322324561791445_dataio_0 0 status successfully: {'job_id': '2021061322324561791445', 'task_id': '2021061322324561791445_dataio_0', 'task_version': '0', 'role': 'host', 'party_id': '9998', 'status': 'running'}
[INFO] [2021-06-13 22:32:48,180] [7:140266409273088] - job_saver.py[line:71]: try to update job 2021061322324561791445 task 2021061322324561791445_dataio_0 0 status
[INFO] [2021-06-13 22:32:48,189] [7:140266409273088] - job_saver.py[line:76]: update job 2021061322324561791445 task 2021061322324561791445_dataio_0 0 status update does not take effect: {'job_id': '2021061322324561791445', 'task_id': '2021061322324561791445_dataio_0', 'task_version': '0', 'role': 'guest', 'party_id': '9999', 'status': 'running'}
[WARNING] [2021-06-13 22:32:48,204] [7:140266826163968] - federated_scheduler.py[line:260]: an error occurred while status/running the task to role guest party 9999: 
update task status failed
[INFO] [2021-06-13 22:32:48,205] [7:140266826163968] - federated_scheduler.py[line:197]: sync job 2021061322324561791445 task 2021061322324561791445_dataio_0 0 status running to all party failed: 
{'host': {9998: {'retcode': 0, 'retmsg': 'success'}}, 'guest': {9999: {'retcode': 103, 'retmsg': 'update task status failed'}}}
[INFO] [2021-06-13 22:32:48,246] [7:140266409273088] - task_controller.py[line:71]: try to start job 2021061322324561791445 task 2021061322324561791445_dataio_0 0 on host 9998 executor subprocess
[INFO] [2021-06-13 22:32:48,252] [7:140266409273088] - task_controller.py[line:90]: use computing engine STANDALONE
[INFO] [2021-06-13 22:32:48,253] [7:140266409273088] - task_controller.py[line:145]: job 2021061322324561791445 task 2021061322324561791445_dataio_0 0 on host 9998 executor subprocess is ready
[INFO] [2021-06-13 22:32:48,254] [7:140266409273088] - job_utils.py[line:310]: start process command: /usr/local/bin/python /fate/python/fate_flow/operation/task_executor.py -j 2021061322324561791445 -n dataio_0 -t 2021061322324561791445_dataio_0 -v 0 -r host -p 9998 -c /fate/jobs/2021061322324561791445/host/9998/dataio_0/2021061322324561791445_dataio_0/0/task_parameters.json --run_ip 127.0.0.1 --job_server 127.0.0.1:9380
[INFO] [2021-06-13 22:32:48,261] [7:140266409273088] - job_utils.py[line:334]: start process command: /usr/local/bin/python /fate/python/fate_flow/operation/task_executor.py -j 2021061322324561791445 -n dataio_0 -t 2021061322324561791445_dataio_0 -v 0 -r host -p 9998 -c /fate/jobs/2021061322324561791445/host/9998/dataio_0/2021061322324561791445_dataio_0/0/task_parameters.json --run_ip 127.0.0.1 --job_server 127.0.0.1:9380 successfully, pid is 3006
[INFO] [2021-06-13 22:32:48,262] [7:140266409273088] - job_saver.py[line:81]: try to update job 2021061322324561791445 task 2021061322324561791445_dataio_0 0
[INFO] [2021-06-13 22:32:48,278] [7:140266409273088] - job_saver.py[line:84]: job 2021061322324561791445 task 2021061322324561791445_dataio_0 0 update successfully
[INFO] [2021-06-13 22:32:48,286] [7:140266409273088] - job_saver.py[line:71]: try to update job 2021061322324561791445 task 2021061322324561791445_dataio_0 0 status
[INFO] [2021-06-13 22:32:48,308] [7:140266409273088] - job_saver.py[line:74]: update job 2021061322324561791445 task 2021061322324561791445_dataio_0 0 status successfully: {'job_id': '2021061322324561791445', 'task_id': '2021061322324561791445_dataio_0', 'task_version': '0', 'role': 'host', 'party_id': '9998', 'party_status': 'running', 'start_time': 1623623568262}
[INFO] [2021-06-13 22:32:48,314] [7:140266409273088] - task_controller.py[line:164]: job 2021061322324561791445 task 2021061322324561791445_dataio_0 0 on host 9998 executor subprocess start success
[INFO] [2021-06-13 22:32:48,332] [7:140266409273088] - task_controller.py[line:71]: try to start job 2021061322324561791445 task 2021061322324561791445_dataio_0 0 on guest 9999 executor subprocess
[INFO] [2021-06-13 22:32:48,338] [7:140266409273088] - task_controller.py[line:90]: use computing engine STANDALONE
[INFO] [2021-06-13 22:32:48,338] [7:140266409273088] - task_controller.py[line:145]: job 2021061322324561791445 task 2021061322324561791445_dataio_0 0 on guest 9999 executor subprocess is ready
[INFO] [2021-06-13 22:32:48,338] [7:140266409273088] - job_utils.py[line:310]: start process command: /usr/local/bin/python /fate/python/fate_flow/operation/task_executor.py -j 2021061322324561791445 -n dataio_0 -t 2021061322324561791445_dataio_0 -v 0 -r guest -p 9999 -c /fate/jobs/2021061322324561791445/guest/9999/dataio_0/2021061322324561791445_dataio_0/0/task_parameters.json --run_ip 127.0.0.1 --job_server 127.0.0.1:9380
[INFO] [2021-06-13 22:32:48,348] [7:140266409273088] - job_utils.py[line:334]: start process command: /usr/local/bin/python /fate/python/fate_flow/operation/task_executor.py -j 2021061322324561791445 -n dataio_0 -t 2021061322324561791445_dataio_0 -v 0 -r guest -p 9999 -c /fate/jobs/2021061322324561791445/guest/9999/dataio_0/2021061322324561791445_dataio_0/0/task_parameters.json --run_ip 127.0.0.1 --job_server 127.0.0.1:9380 successfully, pid is 3008
[INFO] [2021-06-13 22:32:48,348] [7:140266409273088] - job_saver.py[line:81]: try to update job 2021061322324561791445 task 2021061322324561791445_dataio_0 0
[INFO] [2021-06-13 22:32:48,369] [7:140266409273088] - job_saver.py[line:84]: job 2021061322324561791445 task 2021061322324561791445_dataio_0 0 update successfully
[INFO] [2021-06-13 22:32:48,377] [7:140266409273088] - job_saver.py[line:71]: try to update job 2021061322324561791445 task 2021061322324561791445_dataio_0 0 status
[INFO] [2021-06-13 22:32:48,405] [7:140266409273088] - job_saver.py[line:74]: update job 2021061322324561791445 task 2021061322324561791445_dataio_0 0 status successfully: {'job_id': '2021061322324561791445', 'task_id': '2021061322324561791445_dataio_0', 'task_version': '0', 'role': 'guest', 'party_id': '9999', 'party_status': 'running', 'start_time': 1623623568348}
[INFO] [2021-06-13 22:32:48,413] [7:140266409273088] - task_controller.py[line:164]: job 2021061322324561791445 task 2021061322324561791445_dataio_0 0 on guest 9999 executor subprocess start success
[INFO] [2021-06-13 22:32:48,426] [7:140266826163968] - task_scheduler.py[line:75]: finish scheduling job 2021061322324561791445 tasks
[INFO] [2021-06-13 22:32:48,426] [7:140266826163968] - dag_scheduler.py[line:310]: Job 2021061322324561791445 status is running, calculate by task status list: ['running', 'waiting', 'waiting']
[INFO] [2021-06-13 22:32:48,426] [7:140266826163968] - dag_scheduler.py[line:325]: finish scheduling job 2021061322324561791445
[INFO] [2021-06-13 22:32:50,466] [3006:139974226401088] - task_executor.py[line:56]: enter task process
[INFO] [2021-06-13 22:32:50,466] [3006:139974226401088] - task_executor.py[line:57]: Namespace(component_name='dataio_0', config='/fate/jobs/2021061322324561791445/host/9998/dataio_0/2021061322324561791445_dataio_0/0/task_parameters.json', job_id='2021061322324561791445', job_server='127.0.0.1:9380', party_id=9998, role='host', run_ip='127.0.0.1', task_id='2021061322324561791445_dataio_0', task_version=0)
[INFO] [2021-06-13 22:32:50,477] [7:140266826163968] - dag_scheduler.py[line:298]: scheduling job 2021061322324561791445
[INFO] [2021-06-13 22:32:50,492] [7:140266826163968] - task_scheduler.py[line:28]: scheduling job 2021061322324561791445 tasks
[INFO] [2021-06-13 22:32:50,517] [3008:140194346518336] - task_executor.py[line:56]: enter task process
[INFO] [2021-06-13 22:32:50,517] [3008:140194346518336] - task_executor.py[line:57]: Namespace(component_name='dataio_0', config='/fate/jobs/2021061322324561791445/guest/9999/dataio_0/2021061322324561791445_dataio_0/0/task_parameters.json', job_id='2021061322324561791445', job_server='127.0.0.1:9380', party_id=9999, role='guest', run_ip='127.0.0.1', task_id='2021061322324561791445_dataio_0', task_version=0)
[INFO] [2021-06-13 22:32:50,556] [7:140266826163968] - job_saver.py[line:71]: try to update job 2021061322324561791445 task 2021061322324561791445_dataio_0 0 status
[INFO] [2021-06-13 22:32:50,563] [7:140266826163968] - job_saver.py[line:76]: update job 2021061322324561791445 task 2021061322324561791445_dataio_0 0 status update does not take effect: {'elapsed': None, 'end_time': None, 'job_id': '2021061322324561791445', 'party_id': '9998', 'party_status': 'running', 'role': 'host', 'start_time': 1623623568262, 'status': 'running', 'task_id': '2021061322324561791445_dataio_0', 'task_version': 0, 'update_time': 1623623565767}
[INFO] [2021-06-13 22:32:50,564] [7:140266826163968] - job_saver.py[line:81]: try to update job 2021061322324561791445 task 2021061322324561791445_dataio_0 0
[INFO] [2021-06-13 22:32:50,578] [7:140266826163968] - job_saver.py[line:84]: job 2021061322324561791445 task 2021061322324561791445_dataio_0 0 update successfully
[INFO] [2021-06-13 22:32:50,579] [7:140266826163968] - job_saver.py[line:71]: try to update job 2021061322324561791445 task 2021061322324561791445_dataio_0 0 status
[INFO] [2021-06-13 22:32:50,587] [7:140266826163968] - job_saver.py[line:76]: update job 2021061322324561791445 task 2021061322324561791445_dataio_0 0 status update does not take effect: {'elapsed': None, 'end_time': None, 'job_id': '2021061322324561791445', 'party_id': '9999', 'party_status': 'running', 'role': 'guest', 'start_time': 1623623568348, 'status': 'running', 'task_id': '2021061322324561791445_dataio_0', 'task_version': 0, 'update_time': 1623623565893}
[INFO] [2021-06-13 22:32:50,587] [7:140266826163968] - job_saver.py[line:81]: try to update job 2021061322324561791445 task 2021061322324561791445_dataio_0 0
[INFO] [2021-06-13 22:32:50,606] [7:140266826163968] - job_saver.py[line:84]: job 2021061322324561791445 task 2021061322324561791445_dataio_0 0 update successfully
[INFO] [2021-06-13 22:32:50,613] [7:140266826163968] - task_scheduler.py[line:143]: job 2021061322324561791445 task 2021061322324561791445_dataio_0 0 status is running, calculate by task party status list: ['running', 'running']
[INFO] [2021-06-13 22:32:50,628] [7:140266826163968] - task_scheduler.py[line:143]: job 2021061322324561791445 task 2021061322324561791445_intersection_0 0 status is waiting, calculate by task party status list: ['waiting', 'waiting']
[INFO] [2021-06-13 22:32:50,646] [7:140266826163968] - task_scheduler.py[line:143]: job 2021061322324561791445 task 2021061322324561791445_hetero_secure_boost_0 0 status is waiting, calculate by task party status list: ['waiting', 'waiting']
[INFO] [2021-06-13 22:32:50,647] [7:140266826163968] - task_scheduler.py[line:75]: finish scheduling job 2021061322324561791445 tasks
[INFO] [2021-06-13 22:32:50,647] [7:140266826163968] - dag_scheduler.py[line:310]: Job 2021061322324561791445 status is running, calculate by task status list: ['running', 'waiting', 'waiting']
[INFO] [2021-06-13 22:32:50,647] [7:140266826163968] - dag_scheduler.py[line:325]: finish scheduling job 2021061322324561791445
[INFO] [2021-06-13 22:32:50,667] [7:140266409273088] - job_saver.py[line:81]: try to update job 2021061322324561791445 task 2021061322324561791445_dataio_0 0
[INFO] [2021-06-13 22:32:50,687] [7:140266409273088] - job_saver.py[line:84]: job 2021061322324561791445 task 2021061322324561791445_dataio_0 0 update successfully
[INFO] [2021-06-13 22:32:50,694] [7:140266409273088] - job_saver.py[line:71]: try to update job 2021061322324561791445 task 2021061322324561791445_dataio_0 0 status
[INFO] [2021-06-13 22:32:50,699] [7:140266409273088] - job_saver.py[line:76]: update job 2021061322324561791445 task 2021061322324561791445_dataio_0 0 status update does not take effect: {'job_id': '2021061322324561791445', 'component_name': 'dataio_0', 'task_id': '2021061322324561791445_dataio_0', 'task_version': '0', 'role': 'host', 'party_id': '9998', 'run_ip': '127.0.0.1', 'run_pid': 3006, 'party_status': 'running'}
[INFO] [2021-06-13 22:32:50,704] [7:140266442843904] - job_saver.py[line:81]: try to update job 2021061322324561791445 task 2021061322324561791445_dataio_0 0
[INFO] [2021-06-13 22:32:50,718] [7:140266442843904] - job_saver.py[line:84]: job 2021061322324561791445 task 2021061322324561791445_dataio_0 0 update successfully
[INFO] [2021-06-13 22:32:50,730] [7:140266442843904] - job_saver.py[line:71]: try to update job 2021061322324561791445 task 2021061322324561791445_dataio_0 0 status
[INFO] [2021-06-13 22:32:50,737] [7:140266442843904] - job_saver.py[line:76]: update job 2021061322324561791445 task 2021061322324561791445_dataio_0 0 status update does not take effect: {'job_id': '2021061322324561791445', 'component_name': 'dataio_0', 'task_id': '2021061322324561791445_dataio_0', 'task_version': '0', 'role': 'guest', 'party_id': '9999', 'run_ip': '127.0.0.1', 'run_pid': 3008, 'party_status': 'running'}
[INFO] [2021-06-13 22:32:51,115] [7:140266442843904] - job_saver.py[line:81]: try to update job 2021061322324561791445 task 2021061322324561791445_dataio_0 0
[INFO] [2021-06-13 22:32:51,154] [7:140266442843904] - job_saver.py[line:84]: job 2021061322324561791445 task 2021061322324561791445_dataio_0 0 update successfully
[INFO] [2021-06-13 22:32:51,161] [7:140266442843904] - job_saver.py[line:71]: try to update job 2021061322324561791445 task 2021061322324561791445_dataio_0 0 status
[INFO] [2021-06-13 22:32:51,171] [7:140266409273088] - job_saver.py[line:81]: try to update job 2021061322324561791445 task 2021061322324561791445_dataio_0 0
[INFO] [2021-06-13 22:32:51,182] [7:140266442843904] - job_saver.py[line:74]: update job 2021061322324561791445 task 2021061322324561791445_dataio_0 0 status successfully: {'job_id': '2021061322324561791445', 'component_name': 'dataio_0', 'task_id': '2021061322324561791445_dataio_0', 'task_version': '0', 'role': 'host', 'party_id': '9998', 'run_ip': '127.0.0.1', 'run_pid': 3006, 'party_status': 'failed', 'end_time': 1623623571109, 'elapsed': 643}
[INFO] [2021-06-13 22:32:51,200] [7:140266442843904] - job_saver.py[line:81]: try to update job 2021061322324561791445 task 2021061322324561791445_dataio_0 0
[INFO] [2021-06-13 22:32:51,204] [7:140266409273088] - job_saver.py[line:84]: job 2021061322324561791445 task 2021061322324561791445_dataio_0 0 update successfully
[INFO] [2021-06-13 22:32:51,218] [7:140266409273088] - job_saver.py[line:71]: try to update job 2021061322324561791445 task 2021061322324561791445_dataio_0 0 status
[INFO] [2021-06-13 22:32:51,227] [7:140266442843904] - job_saver.py[line:84]: job 2021061322324561791445 task 2021061322324561791445_dataio_0 0 update successfully
[INFO] [2021-06-13 22:32:51,235] [7:140266442843904] - job_saver.py[line:71]: try to update job 2021061322324561791445 task 2021061322324561791445_dataio_0 0 status
[INFO] [2021-06-13 22:32:51,248] [7:140266409273088] - job_saver.py[line:74]: update job 2021061322324561791445 task 2021061322324561791445_dataio_0 0 status successfully: {'job_id': '2021061322324561791445', 'component_name': 'dataio_0', 'task_id': '2021061322324561791445_dataio_0', 'task_version': '0', 'role': 'guest', 'party_id': '9999', 'run_ip': '127.0.0.1', 'run_pid': 3008, 'party_status': 'failed', 'end_time': 1623623571163, 'elapsed': 646}
[INFO] [2021-06-13 22:32:51,252] [7:140266442843904] - job_saver.py[line:76]: update job 2021061322324561791445 task 2021061322324561791445_dataio_0 0 status update does not take effect: {'job_id': '2021061322324561791445', 'component_name': 'dataio_0', 'task_id': '2021061322324561791445_dataio_0', 'task_version': '0', 'role': 'host', 'party_id': '9998', 'run_ip': '127.0.0.1', 'run_pid': 3006, 'party_status': 'failed', 'end_time': 1623623571109, 'elapsed': 643}
[INFO] [2021-06-13 22:32:51,271] [7:140266442843904] - job_saver.py[line:81]: try to update job 2021061322324561791445 task 2021061322324561791445_dataio_0 0
[INFO] [2021-06-13 22:32:51,294] [7:140266442843904] - job_saver.py[line:84]: job 2021061322324561791445 task 2021061322324561791445_dataio_0 0 update successfully
[INFO] [2021-06-13 22:32:51,301] [7:140266442843904] - job_saver.py[line:71]: try to update job 2021061322324561791445 task 2021061322324561791445_dataio_0 0 status
[INFO] [2021-06-13 22:32:51,313] [7:140266442843904] - job_saver.py[line:76]: update job 2021061322324561791445 task 2021061322324561791445_dataio_0 0 status update does not take effect: {'job_id': '2021061322324561791445', 'component_name': 'dataio_0', 'task_id': '2021061322324561791445_dataio_0', 'task_version': '0', 'role': 'guest', 'party_id': '9999', 'run_ip': '127.0.0.1', 'run_pid': 3008, 'party_status': 'failed', 'end_time': 1623623571163, 'elapsed': 646}
[INFO] [2021-06-13 22:32:52,715] [7:140266826163968] - dag_scheduler.py[line:298]: scheduling job 2021061322324561791445
[INFO] [2021-06-13 22:32:52,731] [7:140266826163968] - task_scheduler.py[line:28]: scheduling job 2021061322324561791445 tasks
[INFO] [2021-06-13 22:32:52,806] [7:140266826163968] - job_saver.py[line:71]: try to update job 2021061322324561791445 task 2021061322324561791445_dataio_0 0 status
[INFO] [2021-06-13 22:32:52,813] [7:140266826163968] - job_saver.py[line:76]: update job 2021061322324561791445 task 2021061322324561791445_dataio_0 0 status update does not take effect: {'elapsed': 643, 'end_time': 1623623571109, 'job_id': '2021061322324561791445', 'party_id': '9998', 'party_status': 'failed', 'role': 'host', 'start_time': 1623623568262, 'status': 'running', 'task_id': '2021061322324561791445_dataio_0', 'task_version': 0, 'update_time': 1623623565767}
[INFO] [2021-06-13 22:32:52,814] [7:140266826163968] - job_saver.py[line:81]: try to update job 2021061322324561791445 task 2021061322324561791445_dataio_0 0
[INFO] [2021-06-13 22:32:52,831] [7:140266826163968] - job_saver.py[line:84]: job 2021061322324561791445 task 2021061322324561791445_dataio_0 0 update successfully
[INFO] [2021-06-13 22:32:52,831] [7:140266826163968] - job_saver.py[line:71]: try to update job 2021061322324561791445 task 2021061322324561791445_dataio_0 0 status
[INFO] [2021-06-13 22:32:52,839] [7:140266826163968] - job_saver.py[line:76]: update job 2021061322324561791445 task 2021061322324561791445_dataio_0 0 status update does not take effect: {'elapsed': 646, 'end_time': 1623623571163, 'job_id': '2021061322324561791445', 'party_id': '9999', 'party_status': 'failed', 'role': 'guest', 'start_time': 1623623568348, 'status': 'running', 'task_id': '2021061322324561791445_dataio_0', 'task_version': 0, 'update_time': 1623623565893}
[INFO] [2021-06-13 22:32:52,840] [7:140266826163968] - job_saver.py[line:81]: try to update job 2021061322324561791445 task 2021061322324561791445_dataio_0 0
[INFO] [2021-06-13 22:32:52,853] [7:140266826163968] - job_saver.py[line:84]: job 2021061322324561791445 task 2021061322324561791445_dataio_0 0 update successfully
[INFO] [2021-06-13 22:32:52,858] [7:140266826163968] - task_scheduler.py[line:143]: job 2021061322324561791445 task 2021061322324561791445_dataio_0 0 status is failed, calculate by task party status list: ['failed', 'failed']
[INFO] [2021-06-13 22:32:52,858] [7:140266826163968] - federated_scheduler.py[line:192]: job 2021061322324561791445 task 2021061322324561791445_dataio_0 0 is failed, sync to all party
[INFO] [2021-06-13 22:32:52,871] [7:140266442843904] - job_saver.py[line:71]: try to update job 2021061322324561791445 task 2021061322324561791445_dataio_0 0 status
[INFO] [2021-06-13 22:32:52,895] [7:140266442843904] - job_saver.py[line:74]: update job 2021061322324561791445 task 2021061322324561791445_dataio_0 0 status successfully: {'job_id': '2021061322324561791445', 'task_id': '2021061322324561791445_dataio_0', 'task_version': '0', 'role': 'host', 'party_id': '9998', 'status': 'failed'}
[INFO] [2021-06-13 22:32:52,913] [7:140266442843904] - resource_manager.py[line:286]: task 2021061322324561791445_dataio_0 0 return resource successfully
[INFO] [2021-06-13 22:32:52,919] [7:140266442843904] - job_tracker.py[line:424]: clean task 2021061322324561791445_dataio_0 0 on host 9998
[ERROR] [2021-06-13 22:32:52,922] [7:140266442843904] - job_tracker.py[line:475]: namespace dir /fate/data/2021061322324561791445_dataio_0_0_host_9998 does not exist
Traceback (most recent call last):
  File "/fate/python/fate_flow/operation/job_tracker.py", line 437, in clean_task
    sess.computing.cleanup(namespace=computing_temp_namespace, name="*")
  File "/fate/python/fate_arch/computing/standalone/_csession.py", line 73, in cleanup
    return self._session.cleanup(name=name, namespace=namespace)
  File "/fate/python/fate_arch/_standalone.py", line 383, in cleanup
    raise EnvironmentError(f"namespace dir {namespace_dir} does not exist")
OSError: namespace dir /fate/data/2021061322324561791445_dataio_0_0_host_9998 does not exist
[INFO] [2021-06-13 22:32:52,940] [7:140266442843904] - job_saver.py[line:71]: try to update job 2021061322324561791445 task 2021061322324561791445_dataio_0 0 status
[INFO] [2021-06-13 22:32:52,962] [7:140266442843904] - job_saver.py[line:74]: update job 2021061322324561791445 task 2021061322324561791445_dataio_0 0 status successfully: {'job_id': '2021061322324561791445', 'task_id': '2021061322324561791445_dataio_0', 'task_version': '0', 'role': 'guest', 'party_id': '9999', 'status': 'failed'}
[INFO] [2021-06-13 22:32:52,984] [7:140266442843904] - resource_manager.py[line:286]: task 2021061322324561791445_dataio_0 0 return resource successfully
[INFO] [2021-06-13 22:32:52,989] [7:140266442843904] - job_tracker.py[line:424]: clean task 2021061322324561791445_dataio_0 0 on guest 9999
[ERROR] [2021-06-13 22:32:52,990] [7:140266442843904] - job_tracker.py[line:475]: namespace dir /fate/data/2021061322324561791445_dataio_0_0_guest_9999 does not exist
Traceback (most recent call last):
  File "/fate/python/fate_flow/operation/job_tracker.py", line 437, in clean_task
    sess.computing.cleanup(namespace=computing_temp_namespace, name="*")
  File "/fate/python/fate_arch/computing/standalone/_csession.py", line 73, in cleanup
    return self._session.cleanup(name=name, namespace=namespace)
  File "/fate/python/fate_arch/_standalone.py", line 383, in cleanup
    raise EnvironmentError(f"namespace dir {namespace_dir} does not exist")
OSError: namespace dir /fate/data/2021061322324561791445_dataio_0_0_guest_9999 does not exist
[INFO] [2021-06-13 22:32:53,000] [7:140266826163968] - federated_scheduler.py[line:195]: sync job 2021061322324561791445 task 2021061322324561791445_dataio_0 0 status failed to all party success
[INFO] [2021-06-13 22:32:53,001] [7:140266826163968] - federated_scheduler.py[line:202]: try to stop job 2021061322324561791445 task 2021061322324561791445_dataio_0 0
[INFO] [2021-06-13 22:32:53,033] [7:140266442843904] - job_utils.py[line:397]: try to stop job 2021061322324561791445 task 2021061322324561791445_dataio_0 host 9998 with failed party status process pid:3006
[INFO] [2021-06-13 22:32:53,033] [7:140266442843904] - job_utils.py[line:400]: can not found job 2021061322324561791445 task 2021061322324561791445_dataio_0 host 9998 with failed party status process pid:3006
[INFO] [2021-06-13 22:32:53,038] [7:140266442843904] - job_utils.py[line:424]: start run subprocess to stop task session 2021061322324561791445_dataio_0_0_host_9998
[INFO] [2021-06-13 22:32:53,038] [7:140266442843904] - job_utils.py[line:310]: start process command: python3 /fate/python/fate_flow/utils/session_utils.py -j 2021061322324561791445_dataio_0_0_host_9998 --computing STANDALONE --federation STANDALONE --storage STANDALONE -c kill
[INFO] [2021-06-13 22:32:53,051] [7:140266442843904] - job_utils.py[line:334]: start process command: python3 /fate/python/fate_flow/utils/session_utils.py -j 2021061322324561791445_dataio_0_0_host_9998 --computing STANDALONE --federation STANDALONE --storage STANDALONE -c kill successfully, pid is 3058
[INFO] [2021-06-13 22:32:53,052] [7:140266442843904] - task_controller.py[line:255]: job 2021061322324561791445 task 2021061322324561791445_dataio_0 0 on host 9998 process 3006 kill success
[INFO] [2021-06-13 22:32:53,052] [7:140266442843904] - job_saver.py[line:71]: try to update job 2021061322324561791445 task 2021061322324561791445_dataio_0 0 status
[INFO] [2021-06-13 22:32:53,061] [7:140266442843904] - job_saver.py[line:76]: update job 2021061322324561791445 task 2021061322324561791445_dataio_0 0 status update does not take effect: {'job_id': '2021061322324561791445', 'task_id': '2021061322324561791445_dataio_0', 'task_version': 0, 'role': 'host', 'party_id': '9998', 'party_status': 'failed'}
[INFO] [2021-06-13 22:32:53,068] [7:140266442843904] - job_saver.py[line:81]: try to update job 2021061322324561791445 task 2021061322324561791445_dataio_0 0
[WARNING] [2021-06-13 22:32:53,073] [7:140266442843904] - job_saver.py[line:86]: job 2021061322324561791445 task 2021061322324561791445_dataio_0 0 update does not take effect
[INFO] [2021-06-13 22:32:53,097] [7:140266442843904] - job_utils.py[line:397]: try to stop job 2021061322324561791445 task 2021061322324561791445_dataio_0 guest 9999 with failed party status process pid:3008
[INFO] [2021-06-13 22:32:53,097] [7:140266442843904] - job_utils.py[line:400]: can not found job 2021061322324561791445 task 2021061322324561791445_dataio_0 guest 9999 with failed party status process pid:3008
[INFO] [2021-06-13 22:32:53,100] [7:140266442843904] - job_utils.py[line:424]: start run subprocess to stop task session 2021061322324561791445_dataio_0_0_guest_9999
[INFO] [2021-06-13 22:32:53,100] [7:140266442843904] - job_utils.py[line:310]: start process command: python3 /fate/python/fate_flow/utils/session_utils.py -j 2021061322324561791445_dataio_0_0_guest_9999 --computing STANDALONE --federation STANDALONE --storage STANDALONE -c kill
[INFO] [2021-06-13 22:32:53,110] [7:140266442843904] - job_utils.py[line:334]: start process command: python3 /fate/python/fate_flow/utils/session_utils.py -j 2021061322324561791445_dataio_0_0_guest_9999 --computing STANDALONE --federation STANDALONE --storage STANDALONE -c kill successfully, pid is 3060
[INFO] [2021-06-13 22:32:53,111] [7:140266442843904] - task_controller.py[line:255]: job 2021061322324561791445 task 2021061322324561791445_dataio_0 0 on guest 9999 process 3008 kill success
[INFO] [2021-06-13 22:32:53,111] [7:140266442843904] - job_saver.py[line:71]: try to update job 2021061322324561791445 task 2021061322324561791445_dataio_0 0 status
[INFO] [2021-06-13 22:32:53,116] [7:140266442843904] - job_saver.py[line:76]: update job 2021061322324561791445 task 2021061322324561791445_dataio_0 0 status update does not take effect: {'job_id': '2021061322324561791445', 'task_id': '2021061322324561791445_dataio_0', 'task_version': 0, 'role': 'guest', 'party_id': '9999', 'party_status': 'failed'}
[INFO] [2021-06-13 22:32:53,123] [7:140266442843904] - job_saver.py[line:81]: try to update job 2021061322324561791445 task 2021061322324561791445_dataio_0 0
[WARNING] [2021-06-13 22:32:53,133] [7:140266442843904] - job_saver.py[line:86]: job 2021061322324561791445 task 2021061322324561791445_dataio_0 0 update does not take effect
[INFO] [2021-06-13 22:32:53,146] [7:140266826163968] - federated_scheduler.py[line:206]: stop job 2021061322324561791445 task 2021061322324561791445_dataio_0 0 success
[INFO] [2021-06-13 22:32:53,159] [7:140266826163968] - task_scheduler.py[line:143]: job 2021061322324561791445 task 2021061322324561791445_intersection_0 0 status is waiting, calculate by task party status list: ['waiting', 'waiting']
[INFO] [2021-06-13 22:32:53,171] [7:140266826163968] - task_scheduler.py[line:143]: job 2021061322324561791445 task 2021061322324561791445_hetero_secure_boost_0 0 status is waiting, calculate by task party status list: ['waiting', 'waiting']
[INFO] [2021-06-13 22:32:53,171] [7:140266826163968] - task_scheduler.py[line:75]: finish scheduling job 2021061322324561791445 tasks
[INFO] [2021-06-13 22:32:53,172] [7:140266826163968] - dag_scheduler.py[line:310]: Job 2021061322324561791445 status is failed, calculate by task status list: ['failed', 'waiting', 'waiting']
[INFO] [2021-06-13 22:32:53,172] [7:140266826163968] - federated_scheduler.py[line:58]: sync job 2021061322324561791445 info to all party
[INFO] [2021-06-13 22:32:53,179] [7:140266442843904] - job_saver.py[line:61]: try to update job 2021061322324561791445
[INFO] [2021-06-13 22:32:53,206] [7:140266442843904] - job_saver.py[line:64]: job 2021061322324561791445 update successfully: {'job_id': '2021061322324561791445', 'role': 'host', 'party_id': '9998', 'progress': 33.33333333333333}
[INFO] [2021-06-13 22:32:53,216] [7:140266442843904] - job_saver.py[line:61]: try to update job 2021061322324561791445
[INFO] [2021-06-13 22:32:53,236] [7:140266442843904] - job_saver.py[line:64]: job 2021061322324561791445 update successfully: {'job_id': '2021061322324561791445', 'role': 'guest', 'party_id': '9999', 'progress': 33.33333333333333}
[INFO] [2021-06-13 22:32:53,241] [7:140266826163968] - federated_scheduler.py[line:61]: sync job 2021061322324561791445 info to all party successfully
[INFO] [2021-06-13 22:32:53,249] [7:140266826163968] - job_saver.py[line:45]: try to update job 2021061322324561791445 status to None
[INFO] [2021-06-13 22:32:53,262] [7:140266826163968] - job_saver.py[line:56]: update job 2021061322324561791445 status does not take effect
[INFO] [2021-06-13 22:32:53,262] [7:140266826163968] - job_saver.py[line:61]: try to update job 2021061322324561791445
[INFO] [2021-06-13 22:32:53,290] [7:140266826163968] - job_saver.py[line:64]: job 2021061322324561791445 update successfully: {'job_id': '2021061322324561791445', 'role': 'host', 'party_id': '9998', 'progress': 33.33333333333333}
[INFO] [2021-06-13 22:32:53,291] [7:140266826163968] - job_saver.py[line:45]: try to update job 2021061322324561791445 status to None
[INFO] [2021-06-13 22:32:53,300] [7:140266826163968] - job_saver.py[line:56]: update job 2021061322324561791445 status does not take effect
[INFO] [2021-06-13 22:32:53,300] [7:140266826163968] - job_saver.py[line:61]: try to update job 2021061322324561791445
[INFO] [2021-06-13 22:32:53,325] [7:140266826163968] - job_saver.py[line:64]: job 2021061322324561791445 update successfully: {'job_id': '2021061322324561791445', 'role': 'guest', 'party_id': '9999', 'progress': 33.33333333333333}
[INFO] [2021-06-13 22:32:53,325] [7:140266826163968] - federated_scheduler.py[line:78]: try to save job 2021061322324561791445 pipelined model
[INFO] [2021-06-13 22:32:53,333] [7:140266442843904] - job_controller.py[line:331]: job 2021061322324561791445 on host 9998 start to save pipeline
[INFO] [2021-06-13 22:32:53,347] [7:140266442843904] - job_controller.py[line:331]: job 2021061322324561791445 on guest 9999 start to save pipeline
[INFO] [2021-06-13 22:32:53,358] [7:140266826163968] - federated_scheduler.py[line:81]: save job 2021061322324561791445 pipelined model success
[INFO] [2021-06-13 22:32:53,358] [7:140266826163968] - federated_scheduler.py[line:68]: job 2021061322324561791445 is failed, sync to all party
[INFO] [2021-06-13 22:32:53,362] [7:140266442843904] - job_saver.py[line:45]: try to update job 2021061322324561791445 status to failed
[INFO] [2021-06-13 22:32:53,434] [7:140266442843904] - job_saver.py[line:48]: update job 2021061322324561791445 status successfully
[INFO] [2021-06-13 22:32:53,498] [7:140266442843904] - resource_manager.py[line:176]: return job 2021061322324561791445 resource(cores 4 memory 0) on host 9998 successfully, remaining cores: 16 remaining memory: 0
[INFO] [2021-06-13 22:32:53,507] [7:140266442843904] - job_saver.py[line:45]: try to update job 2021061322324561791445 status to failed
[INFO] [2021-06-13 22:32:53,524] [7:140266442843904] - job_saver.py[line:48]: update job 2021061322324561791445 status successfully
[INFO] [2021-06-13 22:32:53,618] [7:140266442843904] - resource_manager.py[line:176]: return job 2021061322324561791445 resource(cores 4 memory 0) on guest 9999 successfully, remaining cores: 20 remaining memory: 0
[INFO] [2021-06-13 22:32:53,621] [7:140266826163968] - federated_scheduler.py[line:71]: sync job 2021061322324561791445 status failed to all party success
[INFO] [2021-06-13 22:32:53,628] [7:140266826163968] - job_saver.py[line:45]: try to update job 2021061322324561791445 status to failed
[INFO] [2021-06-13 22:32:53,634] [7:140266826163968] - job_saver.py[line:56]: update job 2021061322324561791445 status does not take effect
[INFO] [2021-06-13 22:32:53,634] [7:140266826163968] - job_saver.py[line:61]: try to update job 2021061322324561791445
[WARNING] [2021-06-13 22:32:53,640] [7:140266826163968] - job_saver.py[line:66]: job 2021061322324561791445 update does not take effect: {'job_id': '2021061322324561791445', 'role': 'host', 'party_id': '9998', 'status': 'failed'}
[INFO] [2021-06-13 22:32:53,640] [7:140266826163968] - job_saver.py[line:45]: try to update job 2021061322324561791445 status to failed
[INFO] [2021-06-13 22:32:53,649] [7:140266826163968] - job_saver.py[line:56]: update job 2021061322324561791445 status does not take effect
[INFO] [2021-06-13 22:32:53,649] [7:140266826163968] - job_saver.py[line:61]: try to update job 2021061322324561791445
[WARNING] [2021-06-13 22:32:53,655] [7:140266826163968] - job_saver.py[line:66]: job 2021061322324561791445 update does not take effect: {'job_id': '2021061322324561791445', 'role': 'guest', 'party_id': '9999', 'status': 'failed'}
[INFO] [2021-06-13 22:32:53,655] [7:140266826163968] - dag_scheduler.py[line:502]: Job 2021061322324561791445 finished with failed, do something...
[INFO] [2021-06-13 22:32:53,655] [7:140266826163968] - dag_scheduler.py[line:436]: request stop job 2021061322324561791445 with failed
[INFO] [2021-06-13 22:32:53,662] [7:140266826163968] - dag_scheduler.py[line:445]: request stop job 2021061322324561791445 with failed to all party
[INFO] [2021-06-13 22:32:53,663] [7:140266826163968] - federated_scheduler.py[line:88]: try to stop job 2021061322324561791445
[INFO] [2021-06-13 22:32:53,679] [7:140266442843904] - job_utils.py[line:393]: job 2021061322324561791445 task 2021061322324561791445_hetero_secure_boost_0 host 9998 with waiting party status no process pid
[INFO] [2021-06-13 22:32:53,679] [7:140266442843904] - task_controller.py[line:255]: job 2021061322324561791445 task 2021061322324561791445_hetero_secure_boost_0 0 on host 9998 process None kill success
[INFO] [2021-06-13 22:32:53,679] [7:140266442843904] - job_saver.py[line:71]: try to update job 2021061322324561791445 task 2021061322324561791445_hetero_secure_boost_0 0 status
[INFO] [2021-06-13 22:32:53,684] [7:140266442843904] - job_saver.py[line:76]: update job 2021061322324561791445 task 2021061322324561791445_hetero_secure_boost_0 0 status update does not take effect: {'job_id': '2021061322324561791445', 'task_id': '2021061322324561791445_hetero_secure_boost_0', 'task_version': 0, 'role': 'host', 'party_id': '9998', 'party_status': 'failed'}
[INFO] [2021-06-13 22:32:53,688] [7:140266442843904] - job_saver.py[line:81]: try to update job 2021061322324561791445 task 2021061322324561791445_hetero_secure_boost_0 0
[WARNING] [2021-06-13 22:32:53,694] [7:140266442843904] - job_saver.py[line:86]: job 2021061322324561791445 task 2021061322324561791445_hetero_secure_boost_0 0 update does not take effect
[INFO] [2021-06-13 22:32:53,702] [7:140266442843904] - job_utils.py[line:393]: job 2021061322324561791445 task 2021061322324561791445_intersection_0 host 9998 with waiting party status no process pid
[INFO] [2021-06-13 22:32:53,703] [7:140266442843904] - task_controller.py[line:255]: job 2021061322324561791445 task 2021061322324561791445_intersection_0 0 on host 9998 process None kill success
[INFO] [2021-06-13 22:32:53,703] [7:140266442843904] - job_saver.py[line:71]: try to update job 2021061322324561791445 task 2021061322324561791445_intersection_0 0 status
[INFO] [2021-06-13 22:32:53,709] [7:140266442843904] - job_saver.py[line:76]: update job 2021061322324561791445 task 2021061322324561791445_intersection_0 0 status update does not take effect: {'job_id': '2021061322324561791445', 'task_id': '2021061322324561791445_intersection_0', 'task_version': 0, 'role': 'host', 'party_id': '9998', 'party_status': 'failed'}
[INFO] [2021-06-13 22:32:53,711] [3058:139647006807872] - session_utils.py[line:38]: start kill session 2021061322324561791445_dataio_0_0_host_9998
[INFO] [2021-06-13 22:32:53,712] [3058:139647006807872] - session_utils.py[line:47]: kill session 2021061322324561791445_dataio_0_0_host_9998 success
[INFO] [2021-06-13 22:32:53,715] [7:140266442843904] - job_saver.py[line:81]: try to update job 2021061322324561791445 task 2021061322324561791445_intersection_0 0
[WARNING] [2021-06-13 22:32:53,720] [7:140266442843904] - job_saver.py[line:86]: job 2021061322324561791445 task 2021061322324561791445_intersection_0 0 update does not take effect
[INFO] [2021-06-13 22:32:53,726] [7:140266442843904] - job_utils.py[line:397]: try to stop job 2021061322324561791445 task 2021061322324561791445_dataio_0 host 9998 with failed party status process pid:3006
[INFO] [2021-06-13 22:32:53,727] [7:140266442843904] - job_utils.py[line:400]: can not found job 2021061322324561791445 task 2021061322324561791445_dataio_0 host 9998 with failed party status process pid:3006
[INFO] [2021-06-13 22:32:53,731] [7:140266442843904] - job_utils.py[line:424]: start run subprocess to stop task session 2021061322324561791445_dataio_0_0_host_9998
[INFO] [2021-06-13 22:32:53,731] [7:140266442843904] - job_utils.py[line:310]: start process command: python3 /fate/python/fate_flow/utils/session_utils.py -j 2021061322324561791445_dataio_0_0_host_9998 --computing STANDALONE --federation STANDALONE --storage STANDALONE -c kill
[INFO] [2021-06-13 22:32:53,741] [7:140266442843904] - job_utils.py[line:334]: start process command: python3 /fate/python/fate_flow/utils/session_utils.py -j 2021061322324561791445_dataio_0_0_host_9998 --computing STANDALONE --federation STANDALONE --storage STANDALONE -c kill successfully, pid is 3084
[INFO] [2021-06-13 22:32:53,742] [7:140266442843904] - task_controller.py[line:255]: job 2021061322324561791445 task 2021061322324561791445_dataio_0 0 on host 9998 process 3006 kill success
[INFO] [2021-06-13 22:32:53,743] [7:140266442843904] - job_saver.py[line:71]: try to update job 2021061322324561791445 task 2021061322324561791445_dataio_0 0 status
[INFO] [2021-06-13 22:32:53,750] [7:140266442843904] - job_saver.py[line:76]: update job 2021061322324561791445 task 2021061322324561791445_dataio_0 0 status update does not take effect: {'job_id': '2021061322324561791445', 'task_id': '2021061322324561791445_dataio_0', 'task_version': 0, 'role': 'host', 'party_id': '9998', 'party_status': 'failed'}
[INFO] [2021-06-13 22:32:53,756] [7:140266442843904] - job_saver.py[line:81]: try to update job 2021061322324561791445 task 2021061322324561791445_dataio_0 0
[WARNING] [2021-06-13 22:32:53,763] [7:140266442843904] - job_saver.py[line:86]: job 2021061322324561791445 task 2021061322324561791445_dataio_0 0 update does not take effect
[INFO] [2021-06-13 22:32:53,769] [7:140266442843904] - job_saver.py[line:45]: try to update job 2021061322324561791445 status to failed
[INFO] [2021-06-13 22:32:53,779] [7:140266442843904] - job_saver.py[line:56]: update job 2021061322324561791445 status does not take effect
[INFO] [2021-06-13 22:32:53,806] [7:140266442843904] - job_utils.py[line:393]: job 2021061322324561791445 task 2021061322324561791445_hetero_secure_boost_0 guest 9999 with waiting party status no process pid
[INFO] [2021-06-13 22:32:53,806] [7:140266442843904] - task_controller.py[line:255]: job 2021061322324561791445 task 2021061322324561791445_hetero_secure_boost_0 0 on guest 9999 process None kill success
[INFO] [2021-06-13 22:32:53,806] [7:140266442843904] - job_saver.py[line:71]: try to update job 2021061322324561791445 task 2021061322324561791445_hetero_secure_boost_0 0 status
[INFO] [2021-06-13 22:32:53,814] [7:140266442843904] - job_saver.py[line:76]: update job 2021061322324561791445 task 2021061322324561791445_hetero_secure_boost_0 0 status update does not take effect: {'job_id': '2021061322324561791445', 'task_id': '2021061322324561791445_hetero_secure_boost_0', 'task_version': 0, 'role': 'guest', 'party_id': '9999', 'party_status': 'failed'}
[INFO] [2021-06-13 22:32:53,819] [7:140266442843904] - job_saver.py[line:81]: try to update job 2021061322324561791445 task 2021061322324561791445_hetero_secure_boost_0 0
[WARNING] [2021-06-13 22:32:53,824] [7:140266442843904] - job_saver.py[line:86]: job 2021061322324561791445 task 2021061322324561791445_hetero_secure_boost_0 0 update does not take effect
[INFO] [2021-06-13 22:32:53,830] [7:140266442843904] - job_utils.py[line:393]: job 2021061322324561791445 task 2021061322324561791445_intersection_0 guest 9999 with waiting party status no process pid
[INFO] [2021-06-13 22:32:53,831] [7:140266442843904] - task_controller.py[line:255]: job 2021061322324561791445 task 2021061322324561791445_intersection_0 0 on guest 9999 process None kill success
[INFO] [2021-06-13 22:32:53,832] [7:140266442843904] - job_saver.py[line:71]: try to update job 2021061322324561791445 task 2021061322324561791445_intersection_0 0 status
[INFO] [2021-06-13 22:32:53,841] [7:140266442843904] - job_saver.py[line:76]: update job 2021061322324561791445 task 2021061322324561791445_intersection_0 0 status update does not take effect: {'job_id': '2021061322324561791445', 'task_id': '2021061322324561791445_intersection_0', 'task_version': 0, 'role': 'guest', 'party_id': '9999', 'party_status': 'failed'}
[INFO] [2021-06-13 22:32:53,847] [7:140266442843904] - job_saver.py[line:81]: try to update job 2021061322324561791445 task 2021061322324561791445_intersection_0 0
[WARNING] [2021-06-13 22:32:53,854] [7:140266442843904] - job_saver.py[line:86]: job 2021061322324561791445 task 2021061322324561791445_intersection_0 0 update does not take effect
[INFO] [2021-06-13 22:32:53,860] [7:140266442843904] - job_utils.py[line:397]: try to stop job 2021061322324561791445 task 2021061322324561791445_dataio_0 guest 9999 with failed party status process pid:3008
[INFO] [2021-06-13 22:32:53,861] [7:140266442843904] - job_utils.py[line:400]: can not found job 2021061322324561791445 task 2021061322324561791445_dataio_0 guest 9999 with failed party status process pid:3008
[INFO] [2021-06-13 22:32:53,865] [7:140266442843904] - job_utils.py[line:424]: start run subprocess to stop task session 2021061322324561791445_dataio_0_0_guest_9999
[INFO] [2021-06-13 22:32:53,865] [7:140266442843904] - job_utils.py[line:310]: start process command: python3 /fate/python/fate_flow/utils/session_utils.py -j 2021061322324561791445_dataio_0_0_guest_9999 --computing STANDALONE --federation STANDALONE --storage STANDALONE -c kill
[INFO] [2021-06-13 22:32:53,877] [7:140266442843904] - job_utils.py[line:334]: start process command: python3 /fate/python/fate_flow/utils/session_utils.py -j 2021061322324561791445_dataio_0_0_guest_9999 --computing STANDALONE --federation STANDALONE --storage STANDALONE -c kill successfully, pid is 3086
[INFO] [2021-06-13 22:32:53,877] [7:140266442843904] - task_controller.py[line:255]: job 2021061322324561791445 task 2021061322324561791445_dataio_0 0 on guest 9999 process 3008 kill success
[INFO] [2021-06-13 22:32:53,878] [7:140266442843904] - job_saver.py[line:71]: try to update job 2021061322324561791445 task 2021061322324561791445_dataio_0 0 status
[INFO] [2021-06-13 22:32:53,884] [7:140266442843904] - job_saver.py[line:76]: update job 2021061322324561791445 task 2021061322324561791445_dataio_0 0 status update does not take effect: {'job_id': '2021061322324561791445', 'task_id': '2021061322324561791445_dataio_0', 'task_version': 0, 'role': 'guest', 'party_id': '9999', 'party_status': 'failed'}
[INFO] [2021-06-13 22:32:53,890] [7:140266442843904] - job_saver.py[line:81]: try to update job 2021061322324561791445 task 2021061322324561791445_dataio_0 0
[WARNING] [2021-06-13 22:32:53,898] [7:140266442843904] - job_saver.py[line:86]: job 2021061322324561791445 task 2021061322324561791445_dataio_0 0 update does not take effect
[INFO] [2021-06-13 22:32:53,904] [7:140266442843904] - job_saver.py[line:45]: try to update job 2021061322324561791445 status to failed
[INFO] [2021-06-13 22:32:53,917] [7:140266442843904] - job_saver.py[line:56]: update job 2021061322324561791445 status does not take effect
[INFO] [2021-06-13 22:32:53,925] [7:140266826163968] - federated_scheduler.py[line:92]: stop job 2021061322324561791445 success
[INFO] [2021-06-13 22:32:53,925] [7:140266826163968] - dag_scheduler.py[line:448]: stop job 2021061322324561791445 with failed successfully
[INFO] [2021-06-13 22:32:53,926] [7:140266826163968] - federated_scheduler.py[line:107]: try to clean job 2021061322324561791445
[INFO] [2021-06-13 22:32:53,933] [7:140266442843904] - job_controller.py[line:379]: Job 2021061322324561791445 on host 9998 start to clean
[INFO] [2021-06-13 22:32:53,934] [7:140266442843904] - job_controller.py[line:382]: job 2021061322324561791445 on host 9998 clean done
[INFO] [2021-06-13 22:32:53,948] [7:140266442843904] - job_controller.py[line:379]: Job 2021061322324561791445 on guest 9999 start to clean
[INFO] [2021-06-13 22:32:53,948] [7:140266442843904] - job_controller.py[line:382]: job 2021061322324561791445 on guest 9999 clean done
[INFO] [2021-06-13 22:32:53,953] [7:140266826163968] - federated_scheduler.py[line:110]: clean job 2021061322324561791445 success
[INFO] [2021-06-13 22:32:53,953] [7:140266826163968] - dag_scheduler.py[line:505]: Job 2021061322324561791445 finished with failed, done
[INFO] [2021-06-13 22:32:53,953] [7:140266826163968] - dag_scheduler.py[line:325]: finish scheduling job 2021061322324561791445
[INFO] [2021-06-13 22:32:54,004] [7:140266826163968] - dag_scheduler.py[line:298]: scheduling job 2021061322324561791445
[INFO] [2021-06-13 22:32:54,018] [3060:140668894127936] - session_utils.py[line:38]: start kill session 2021061322324561791445_dataio_0_0_guest_9999
[INFO] [2021-06-13 22:32:54,018] [3060:140668894127936] - session_utils.py[line:47]: kill session 2021061322324561791445_dataio_0_0_guest_9999 success
[INFO] [2021-06-13 22:32:54,021] [7:140266826163968] - task_scheduler.py[line:28]: scheduling job 2021061322324561791445 tasks
[INFO] [2021-06-13 22:32:54,042] [7:140266826163968] - task_scheduler.py[line:143]: job 2021061322324561791445 task 2021061322324561791445_dataio_0 0 status is failed, calculate by task party status list: ['failed', 'failed']
[INFO] [2021-06-13 22:32:54,059] [7:140266826163968] - task_scheduler.py[line:143]: job 2021061322324561791445 task 2021061322324561791445_intersection_0 0 status is waiting, calculate by task party status list: ['waiting', 'waiting']
[INFO] [2021-06-13 22:32:54,071] [7:140266826163968] - task_scheduler.py[line:143]: job 2021061322324561791445 task 2021061322324561791445_hetero_secure_boost_0 0 status is waiting, calculate by task party status list: ['waiting', 'waiting']
[INFO] [2021-06-13 22:32:54,072] [7:140266826163968] - task_scheduler.py[line:75]: finish scheduling job 2021061322324561791445 tasks
[INFO] [2021-06-13 22:32:54,073] [7:140266826163968] - dag_scheduler.py[line:310]: Job 2021061322324561791445 status is failed, calculate by task status list: ['failed', 'waiting', 'waiting']
[INFO] [2021-06-13 22:32:54,073] [7:140266826163968] - dag_scheduler.py[line:502]: Job 2021061322324561791445 finished with failed, do something...
[INFO] [2021-06-13 22:32:54,073] [7:140266826163968] - dag_scheduler.py[line:436]: request stop job 2021061322324561791445 with failed
[INFO] [2021-06-13 22:32:54,081] [7:140266826163968] - dag_scheduler.py[line:445]: request stop job 2021061322324561791445 with failed to all party
[INFO] [2021-06-13 22:32:54,081] [7:140266826163968] - federated_scheduler.py[line:88]: try to stop job 2021061322324561791445
[INFO] [2021-06-13 22:32:54,102] [7:140266442843904] - job_utils.py[line:393]: job 2021061322324561791445 task 2021061322324561791445_hetero_secure_boost_0 host 9998 with waiting party status no process pid
[INFO] [2021-06-13 22:32:54,102] [7:140266442843904] - task_controller.py[line:255]: job 2021061322324561791445 task 2021061322324561791445_hetero_secure_boost_0 0 on host 9998 process None kill success
[INFO] [2021-06-13 22:32:54,103] [7:140266442843904] - job_saver.py[line:71]: try to update job 2021061322324561791445 task 2021061322324561791445_hetero_secure_boost_0 0 status
[INFO] [2021-06-13 22:32:54,109] [7:140266442843904] - job_saver.py[line:76]: update job 2021061322324561791445 task 2021061322324561791445_hetero_secure_boost_0 0 status update does not take effect: {'job_id': '2021061322324561791445', 'task_id': '2021061322324561791445_hetero_secure_boost_0', 'task_version': 0, 'role': 'host', 'party_id': '9998', 'party_status': 'failed'}
[INFO] [2021-06-13 22:32:54,113] [7:140266442843904] - job_saver.py[line:81]: try to update job 2021061322324561791445 task 2021061322324561791445_hetero_secure_boost_0 0
[WARNING] [2021-06-13 22:32:54,117] [7:140266442843904] - job_saver.py[line:86]: job 2021061322324561791445 task 2021061322324561791445_hetero_secure_boost_0 0 update does not take effect
[INFO] [2021-06-13 22:32:54,122] [7:140266442843904] - job_utils.py[line:393]: job 2021061322324561791445 task 2021061322324561791445_intersection_0 host 9998 with waiting party status no process pid
[INFO] [2021-06-13 22:32:54,122] [7:140266442843904] - task_controller.py[line:255]: job 2021061322324561791445 task 2021061322324561791445_intersection_0 0 on host 9998 process None kill success
[INFO] [2021-06-13 22:32:54,122] [7:140266442843904] - job_saver.py[line:71]: try to update job 2021061322324561791445 task 2021061322324561791445_intersection_0 0 status
[INFO] [2021-06-13 22:32:54,129] [7:140266442843904] - job_saver.py[line:76]: update job 2021061322324561791445 task 2021061322324561791445_intersection_0 0 status update does not take effect: {'job_id': '2021061322324561791445', 'task_id': '2021061322324561791445_intersection_0', 'task_version': 0, 'role': 'host', 'party_id': '9998', 'party_status': 'failed'}
[INFO] [2021-06-13 22:32:54,133] [7:140266442843904] - job_saver.py[line:81]: try to update job 2021061322324561791445 task 2021061322324561791445_intersection_0 0
[WARNING] [2021-06-13 22:32:54,138] [7:140266442843904] - job_saver.py[line:86]: job 2021061322324561791445 task 2021061322324561791445_intersection_0 0 update does not take effect
[INFO] [2021-06-13 22:32:54,151] [7:140266442843904] - job_utils.py[line:397]: try to stop job 2021061322324561791445 task 2021061322324561791445_dataio_0 host 9998 with failed party status process pid:3006
[INFO] [2021-06-13 22:32:54,151] [7:140266442843904] - job_utils.py[line:400]: can not found job 2021061322324561791445 task 2021061322324561791445_dataio_0 host 9998 with failed party status process pid:3006
[INFO] [2021-06-13 22:32:54,166] [7:140266442843904] - job_utils.py[line:424]: start run subprocess to stop task session 2021061322324561791445_dataio_0_0_host_9998
[INFO] [2021-06-13 22:32:54,166] [7:140266442843904] - job_utils.py[line:310]: start process command: python3 /fate/python/fate_flow/utils/session_utils.py -j 2021061322324561791445_dataio_0_0_host_9998 --computing STANDALONE --federation STANDALONE --storage STANDALONE -c kill
[INFO] [2021-06-13 22:32:54,199] [7:140266442843904] - job_utils.py[line:334]: start process command: python3 /fate/python/fate_flow/utils/session_utils.py -j 2021061322324561791445_dataio_0_0_host_9998 --computing STANDALONE --federation STANDALONE --storage STANDALONE -c kill successfully, pid is 3099
[INFO] [2021-06-13 22:32:54,199] [7:140266442843904] - task_controller.py[line:255]: job 2021061322324561791445 task 2021061322324561791445_dataio_0 0 on host 9998 process 3006 kill success
[INFO] [2021-06-13 22:32:54,200] [7:140266442843904] - job_saver.py[line:71]: try to update job 2021061322324561791445 task 2021061322324561791445_dataio_0 0 status
[INFO] [2021-06-13 22:32:54,224] [7:140266442843904] - job_saver.py[line:76]: update job 2021061322324561791445 task 2021061322324561791445_dataio_0 0 status update does not take effect: {'job_id': '2021061322324561791445', 'task_id': '2021061322324561791445_dataio_0', 'task_version': 0, 'role': 'host', 'party_id': '9998', 'party_status': 'failed'}
[INFO] [2021-06-13 22:32:54,264] [7:140266442843904] - job_saver.py[line:81]: try to update job 2021061322324561791445 task 2021061322324561791445_dataio_0 0
[WARNING] [2021-06-13 22:32:54,272] [7:140266442843904] - job_saver.py[line:86]: job 2021061322324561791445 task 2021061322324561791445_dataio_0 0 update does not take effect
[INFO] [2021-06-13 22:32:54,280] [7:140266442843904] - job_saver.py[line:45]: try to update job 2021061322324561791445 status to failed
[INFO] [2021-06-13 22:32:54,290] [7:140266442843904] - job_saver.py[line:56]: update job 2021061322324561791445 status does not take effect
[INFO] [2021-06-13 22:32:54,317] [7:140266442843904] - job_utils.py[line:393]: job 2021061322324561791445 task 2021061322324561791445_hetero_secure_boost_0 guest 9999 with waiting party status no process pid
[INFO] [2021-06-13 22:32:54,318] [7:140266442843904] - task_controller.py[line:255]: job 2021061322324561791445 task 2021061322324561791445_hetero_secure_boost_0 0 on guest 9999 process None kill success
[INFO] [2021-06-13 22:32:54,318] [7:140266442843904] - job_saver.py[line:71]: try to update job 2021061322324561791445 task 2021061322324561791445_hetero_secure_boost_0 0 status
[INFO] [2021-06-13 22:32:54,334] [7:140266442843904] - job_saver.py[line:76]: update job 2021061322324561791445 task 2021061322324561791445_hetero_secure_boost_0 0 status update does not take effect: {'job_id': '2021061322324561791445', 'task_id': '2021061322324561791445_hetero_secure_boost_0', 'task_version': 0, 'role': 'guest', 'party_id': '9999', 'party_status': 'failed'}
[INFO] [2021-06-13 22:32:54,365] [7:140266442843904] - job_saver.py[line:81]: try to update job 2021061322324561791445 task 2021061322324561791445_hetero_secure_boost_0 0
[WARNING] [2021-06-13 22:32:54,372] [7:140266442843904] - job_saver.py[line:86]: job 2021061322324561791445 task 2021061322324561791445_hetero_secure_boost_0 0 update does not take effect
[INFO] [2021-06-13 22:32:54,408] [7:140266442843904] - job_utils.py[line:393]: job 2021061322324561791445 task 2021061322324561791445_intersection_0 guest 9999 with waiting party status no process pid
[INFO] [2021-06-13 22:32:54,409] [7:140266442843904] - task_controller.py[line:255]: job 2021061322324561791445 task 2021061322324561791445_intersection_0 0 on guest 9999 process None kill success
[INFO] [2021-06-13 22:32:54,409] [7:140266442843904] - job_saver.py[line:71]: try to update job 2021061322324561791445 task 2021061322324561791445_intersection_0 0 status
[INFO] [2021-06-13 22:32:54,445] [7:140266442843904] - job_saver.py[line:76]: update job 2021061322324561791445 task 2021061322324561791445_intersection_0 0 status update does not take effect: {'job_id': '2021061322324561791445', 'task_id': '2021061322324561791445_intersection_0', 'task_version': 0, 'role': 'guest', 'party_id': '9999', 'party_status': 'failed'}
[INFO] [2021-06-13 22:32:54,457] [7:140266442843904] - job_saver.py[line:81]: try to update job 2021061322324561791445 task 2021061322324561791445_intersection_0 0
[WARNING] [2021-06-13 22:32:54,466] [7:140266442843904] - job_saver.py[line:86]: job 2021061322324561791445 task 2021061322324561791445_intersection_0 0 update does not take effect
[INFO] [2021-06-13 22:32:54,474] [7:140266442843904] - job_utils.py[line:397]: try to stop job 2021061322324561791445 task 2021061322324561791445_dataio_0 guest 9999 with failed party status process pid:3008
[INFO] [2021-06-13 22:32:54,474] [7:140266442843904] - job_utils.py[line:400]: can not found job 2021061322324561791445 task 2021061322324561791445_dataio_0 guest 9999 with failed party status process pid:3008
[INFO] [2021-06-13 22:32:54,479] [7:140266442843904] - job_utils.py[line:424]: start run subprocess to stop task session 2021061322324561791445_dataio_0_0_guest_9999
[INFO] [2021-06-13 22:32:54,480] [7:140266442843904] - job_utils.py[line:310]: start process command: python3 /fate/python/fate_flow/utils/session_utils.py -j 2021061322324561791445_dataio_0_0_guest_9999 --computing STANDALONE --federation STANDALONE --storage STANDALONE -c kill
[INFO] [2021-06-13 22:32:54,488] [7:140266442843904] - job_utils.py[line:334]: start process command: python3 /fate/python/fate_flow/utils/session_utils.py -j 2021061322324561791445_dataio_0_0_guest_9999 --computing STANDALONE --federation STANDALONE --storage STANDALONE -c kill successfully, pid is 3108
[INFO] [2021-06-13 22:32:54,488] [7:140266442843904] - task_controller.py[line:255]: job 2021061322324561791445 task 2021061322324561791445_dataio_0 0 on guest 9999 process 3008 kill success
[INFO] [2021-06-13 22:32:54,489] [7:140266442843904] - job_saver.py[line:71]: try to update job 2021061322324561791445 task 2021061322324561791445_dataio_0 0 status
[INFO] [2021-06-13 22:32:54,495] [7:140266442843904] - job_saver.py[line:76]: update job 2021061322324561791445 task 2021061322324561791445_dataio_0 0 status update does not take effect: {'job_id': '2021061322324561791445', 'task_id': '2021061322324561791445_dataio_0', 'task_version': 0, 'role': 'guest', 'party_id': '9999', 'party_status': 'failed'}
[INFO] [2021-06-13 22:32:54,502] [7:140266442843904] - job_saver.py[line:81]: try to update job 2021061322324561791445 task 2021061322324561791445_dataio_0 0
[WARNING] [2021-06-13 22:32:54,508] [7:140266442843904] - job_saver.py[line:86]: job 2021061322324561791445 task 2021061322324561791445_dataio_0 0 update does not take effect
[INFO] [2021-06-13 22:32:54,515] [7:140266442843904] - job_saver.py[line:45]: try to update job 2021061322324561791445 status to failed
[INFO] [2021-06-13 22:32:54,524] [7:140266442843904] - job_saver.py[line:56]: update job 2021061322324561791445 status does not take effect
[INFO] [2021-06-13 22:32:54,529] [7:140266826163968] - federated_scheduler.py[line:92]: stop job 2021061322324561791445 success
[INFO] [2021-06-13 22:32:54,529] [7:140266826163968] - dag_scheduler.py[line:448]: stop job 2021061322324561791445 with failed successfully
[INFO] [2021-06-13 22:32:54,530] [7:140266826163968] - federated_scheduler.py[line:107]: try to clean job 2021061322324561791445
[INFO] [2021-06-13 22:32:54,536] [7:140266442843904] - job_controller.py[line:379]: Job 2021061322324561791445 on host 9998 start to clean
[INFO] [2021-06-13 22:32:54,536] [7:140266442843904] - job_controller.py[line:382]: job 2021061322324561791445 on host 9998 clean done
[INFO] [2021-06-13 22:32:54,549] [7:140266442843904] - job_controller.py[line:379]: Job 2021061322324561791445 on guest 9999 start to clean
[INFO] [2021-06-13 22:32:54,550] [7:140266442843904] - job_controller.py[line:382]: job 2021061322324561791445 on guest 9999 clean done
[INFO] [2021-06-13 22:32:54,553] [7:140266826163968] - federated_scheduler.py[line:110]: clean job 2021061322324561791445 success
[INFO] [2021-06-13 22:32:54,554] [7:140266826163968] - dag_scheduler.py[line:505]: Job 2021061322324561791445 finished with failed, done
[INFO] [2021-06-13 22:32:54,554] [7:140266826163968] - dag_scheduler.py[line:325]: finish scheduling job 2021061322324561791445
[INFO] [2021-06-13 22:32:54,597] [3084:139875032266560] - session_utils.py[line:38]: start kill session 2021061322324561791445_dataio_0_0_host_9998
[INFO] [2021-06-13 22:32:54,598] [3084:139875032266560] - session_utils.py[line:47]: kill session 2021061322324561791445_dataio_0_0_host_9998 success
[INFO] [2021-06-13 22:32:54,845] [3086:139824821282624] - session_utils.py[line:38]: start kill session 2021061322324561791445_dataio_0_0_guest_9999
[INFO] [2021-06-13 22:32:54,846] [3086:139824821282624] - session_utils.py[line:47]: kill session 2021061322324561791445_dataio_0_0_guest_9999 success
[INFO] [2021-06-13 22:32:55,077] [3099:139876177299264] - session_utils.py[line:38]: start kill session 2021061322324561791445_dataio_0_0_host_9998
[INFO] [2021-06-13 22:32:55,078] [3099:139876177299264] - session_utils.py[line:47]: kill session 2021061322324561791445_dataio_0_0_host_9998 success
[INFO] [2021-06-13 22:32:55,202] [3108:140437835585344] - session_utils.py[line:38]: start kill session 2021061322324561791445_dataio_0_0_guest_9999
[INFO] [2021-06-13 22:32:55,203] [3108:140437835585344] - session_utils.py[line:47]: kill session 2021061322324561791445_dataio_0_0_guest_9999 success
[INFO] [2021-06-13 22:32:56,620] [7:140266826163968] - dag_scheduler.py[line:193]: the number of updates has been exceeded
[INFO] [2021-06-13 22:32:58,675] [7:140266826163968] - dag_scheduler.py[line:193]: the number of updates has been exceeded
[INFO] [2021-06-13 22:33:00,743] [7:140266826163968] - dag_scheduler.py[line:193]: the number of updates has been exceeded
[INFO] [2021-06-13 22:33:02,806] [7:140266826163968] - dag_scheduler.py[line:193]: the number of updates has been exceeded
[INFO] [2021-06-13 22:33:04,865] [7:140266826163968] - dag_scheduler.py[line:193]: the number of updates has been exceeded
[INFO] [2021-06-13 22:33:06,923] [7:140266826163968] - dag_scheduler.py[line:193]: the number of updates has been exceeded
[INFO] [2021-06-13 22:33:08,985] [7:140266826163968] - dag_scheduler.py[line:193]: the number of updates has been exceeded
[INFO] [2021-06-13 22:33:11,055] [7:140266826163968] - dag_scheduler.py[line:193]: the number of updates has been exceeded
[INFO] [2021-06-13 22:33:13,113] [7:140266826163968] - dag_scheduler.py[line:193]: the number of updates has been exceeded
[INFO] [2021-06-13 22:33:15,176] [7:140266826163968] - dag_scheduler.py[line:193]: the number of updates has been exceeded
[INFO] [2021-06-13 22:33:17,230] [7:140266826163968] - dag_scheduler.py[line:193]: the number of updates has been exceeded
[INFO] [2021-06-13 22:33:19,297] [7:140266826163968] - dag_scheduler.py[line:193]: the number of updates has been exceeded
[INFO] [2021-06-13 22:33:21,348] [7:140266826163968] - dag_scheduler.py[line:193]: the number of updates has been exceeded
[INFO] [2021-06-13 22:33:23,427] [7:140266826163968] - dag_scheduler.py[line:193]: the number of updates has been exceeded
[INFO] [2021-06-13 22:33:25,484] [7:140266826163968] - dag_scheduler.py[line:193]: the number of updates has been exceeded
[INFO] [2021-06-13 22:33:27,542] [7:140266826163968] - dag_scheduler.py[line:193]: the number of updates has been exceeded
[INFO] [2021-06-13 22:33:29,598] [7:140266826163968] - dag_scheduler.py[line:193]: the number of updates has been exceeded
[INFO] [2021-06-13 22:33:31,657] [7:140266826163968] - dag_scheduler.py[line:193]: the number of updates has been exceeded
[INFO] [2021-06-13 22:33:33,712] [7:140266826163968] - dag_scheduler.py[line:193]: the number of updates has been exceeded
[INFO] [2021-06-13 22:33:35,769] [7:140266826163968] - dag_scheduler.py[line:193]: the number of updates has been exceeded
[INFO] [2021-06-13 22:33:37,823] [7:140266826163968] - dag_scheduler.py[line:193]: the number of updates has been exceeded
[INFO] [2021-06-13 22:33:39,878] [7:140266826163968] - dag_scheduler.py[line:193]: the number of updates has been exceeded
[INFO] [2021-06-13 22:33:41,922] [7:140266826163968] - dag_scheduler.py[line:193]: the number of updates has been exceeded
[INFO] [2021-06-13 22:33:43,983] [7:140266826163968] - dag_scheduler.py[line:193]: the number of updates has been exceeded
[INFO] [2021-06-13 22:33:46,043] [7:140266826163968] - dag_scheduler.py[line:193]: the number of updates has been exceeded
[INFO] [2021-06-13 22:33:48,098] [7:140266826163968] - dag_scheduler.py[line:193]: the number of updates has been exceeded
[INFO] [2021-06-13 22:33:50,156] [7:140266826163968] - dag_scheduler.py[line:193]: the number of updates has been exceeded
[INFO] [2021-06-13 22:33:52,214] [7:140266826163968] - dag_scheduler.py[line:193]: the number of updates has been exceeded
[INFO] [2021-06-13 22:33:54,279] [7:140266826163968] - dag_scheduler.py[line:193]: the number of updates has been exceeded
[INFO] [2021-06-13 22:33:56,334] [7:140266826163968] - dag_scheduler.py[line:193]: the number of updates has been exceeded
[INFO] [2021-06-13 22:33:58,388] [7:140266826163968] - dag_scheduler.py[line:193]: the number of updates has been exceeded
[INFO] [2021-06-13 22:34:00,424] [7:140266826163968] - dag_scheduler.py[line:193]: the number of updates has been exceeded
[INFO] [2021-06-13 22:34:02,497] [7:140266826163968] - dag_scheduler.py[line:193]: the number of updates has been exceeded
[INFO] [2021-06-13 22:34:04,557] [7:140266826163968] - dag_scheduler.py[line:193]: the number of updates has been exceeded
[INFO] [2021-06-13 22:34:06,612] [7:140266826163968] - dag_scheduler.py[line:193]: the number of updates has been exceeded
[INFO] [2021-06-13 22:34:08,666] [7:140266826163968] - dag_scheduler.py[line:193]: the number of updates has been exceeded
[INFO] [2021-06-13 22:34:10,721] [7:140266826163968] - dag_scheduler.py[line:193]: the number of updates has been exceeded
[INFO] [2021-06-13 22:34:12,778] [7:140266826163968] - dag_scheduler.py[line:193]: the number of updates has been exceeded
[INFO] [2021-06-13 22:34:14,838] [7:140266826163968] - dag_scheduler.py[line:193]: the number of updates has been exceeded
[INFO] [2021-06-13 22:34:16,893] [7:140266826163968] - dag_scheduler.py[line:193]: the number of updates has been exceeded
[INFO] [2021-06-13 22:34:18,946] [7:140266826163968] - dag_scheduler.py[line:193]: the number of updates has been exceeded
[INFO] [2021-06-13 22:34:21,008] [7:140266826163968] - dag_scheduler.py[line:193]: the number of updates has been exceeded
[INFO] [2021-06-13 22:34:23,061] [7:140266826163968] - dag_scheduler.py[line:193]: the number of updates has been exceeded
[INFO] [2021-06-13 22:34:25,109] [7:140266826163968] - dag_scheduler.py[line:193]: the number of updates has been exceeded
[INFO] [2021-06-13 22:34:27,169] [7:140266826163968] - dag_scheduler.py[line:193]: the number of updates has been exceeded
[INFO] [2021-06-13 22:34:29,222] [7:140266826163968] - dag_scheduler.py[line:193]: the number of updates has been exceeded
[INFO] [2021-06-13 22:34:31,275] [7:140266826163968] - dag_scheduler.py[line:193]: the number of updates has been exceeded
[INFO] [2021-06-13 22:34:33,336] [7:140266826163968] - dag_scheduler.py[line:193]: the number of updates has been exceeded
[INFO] [2021-06-13 22:34:35,390] [7:140266826163968] - dag_scheduler.py[line:193]: the number of updates has been exceeded
[INFO] [2021-06-13 22:34:37,442] [7:140266826163968] - dag_scheduler.py[line:193]: the number of updates has been exceeded
[INFO] [2021-06-13 22:34:39,509] [7:140266826163968] - dag_scheduler.py[line:193]: the number of updates has been exceeded
[INFO] [2021-06-13 22:34:41,566] [7:140266826163968] - dag_scheduler.py[line:193]: the number of updates has been exceeded
[INFO] [2021-06-13 22:34:43,627] [7:140266826163968] - dag_scheduler.py[line:193]: the number of updates has been exceeded
[INFO] [2021-06-13 22:34:45,677] [7:140266826163968] - dag_scheduler.py[line:193]: the number of updates has been exceeded
[INFO] [2021-06-13 22:34:47,750] [7:140266826163968] - dag_scheduler.py[line:193]: the number of updates has been exceeded
[INFO] [2021-06-13 22:34:49,807] [7:140266826163968] - dag_scheduler.py[line:193]: the number of updates has been exceeded
[INFO] [2021-06-13 22:34:51,861] [7:140266826163968] - dag_scheduler.py[line:193]: the number of updates has been exceeded
[INFO] [2021-06-13 22:34:53,920] [7:140266826163968] - dag_scheduler.py[line:193]: the number of updates has been exceeded
[INFO] [2021-06-13 22:34:55,974] [7:140266826163968] - dag_scheduler.py[line:193]: the number of updates has been exceeded
[INFO] [2021-06-13 22:34:58,033] [7:140266826163968] - dag_scheduler.py[line:193]: the number of updates has been exceeded
[INFO] [2021-06-13 22:35:00,101] [7:140266826163968] - dag_scheduler.py[line:193]: the number of updates has been exceeded
[INFO] [2021-06-13 22:35:02,165] [7:140266826163968] - dag_scheduler.py[line:193]: the number of updates has been exceeded
[INFO] [2021-06-13 22:35:04,217] [7:140266826163968] - dag_scheduler.py[line:193]: the number of updates has been exceeded
[INFO] [2021-06-13 22:35:06,273] [7:140266826163968] - dag_scheduler.py[line:193]: the number of updates has been exceeded
[INFO] [2021-06-13 22:35:08,319] [7:140266826163968] - dag_scheduler.py[line:193]: the number of updates has been exceeded
[INFO] [2021-06-13 22:35:10,393] [7:140266826163968] - dag_scheduler.py[line:193]: the number of updates has been exceeded
[INFO] [2021-06-13 22:35:12,449] [7:140266826163968] - dag_scheduler.py[line:193]: the number of updates has been exceeded
[INFO] [2021-06-13 22:35:14,504] [7:140266826163968] - dag_scheduler.py[line:193]: the number of updates has been exceeded
[INFO] [2021-06-13 22:35:16,565] [7:140266826163968] - dag_scheduler.py[line:193]: the number of updates has been exceeded
[INFO] [2021-06-13 22:35:18,625] [7:140266826163968] - dag_scheduler.py[line:193]: the number of updates has been exceeded
[INFO] [2021-06-13 22:35:20,671] [7:140266826163968] - dag_scheduler.py[line:193]: the number of updates has been exceeded
[INFO] [2021-06-13 22:35:22,730] [7:140266826163968] - dag_scheduler.py[line:193]: the number of updates has been exceeded
[INFO] [2021-06-13 22:35:24,788] [7:140266826163968] - dag_scheduler.py[line:193]: the number of updates has been exceeded
[INFO] [2021-06-13 22:35:26,830] [7:140266826163968] - dag_scheduler.py[line:193]: the number of updates has been exceeded
[INFO] [2021-06-13 22:35:28,895] [7:140266826163968] - dag_scheduler.py[line:193]: the number of updates has been exceeded
[INFO] [2021-06-13 22:35:30,937] [7:140266826163968] - dag_scheduler.py[line:193]: the number of updates has been exceeded
[INFO] [2021-06-13 22:35:33,005] [7:140266826163968] - dag_scheduler.py[line:193]: the number of updates has been exceeded
[INFO] [2021-06-13 22:35:35,046] [7:140266826163968] - dag_scheduler.py[line:193]: the number of updates has been exceeded
[INFO] [2021-06-13 22:35:37,107] [7:140266826163968] - dag_scheduler.py[line:193]: the number of updates has been exceeded
[INFO] [2021-06-13 22:35:39,140] [7:140266826163968] - dag_scheduler.py[line:193]: the number of updates has been exceeded
[INFO] [2021-06-13 22:35:41,220] [7:140266826163968] - dag_scheduler.py[line:193]: the number of updates has been exceeded
[INFO] [2021-06-13 22:35:43,266] [7:140266826163968] - dag_scheduler.py[line:193]: the number of updates has been exceeded
[INFO] [2021-06-13 22:35:45,319] [7:140266826163968] - dag_scheduler.py[line:193]: the number of updates has been exceeded
[INFO] [2021-06-13 22:35:47,378] [7:140266826163968] - dag_scheduler.py[line:193]: the number of updates has been exceeded
[INFO] [2021-06-13 22:35:49,456] [7:140266826163968] - dag_scheduler.py[line:193]: the number of updates has been exceeded
[INFO] [2021-06-13 22:35:51,540] [7:140266826163968] - dag_scheduler.py[line:193]: the number of updates has been exceeded
[INFO] [2021-06-13 22:35:53,587] [7:140266826163968] - dag_scheduler.py[line:193]: the number of updates has been exceeded
[INFO] [2021-06-13 22:35:55,632] [7:140266826163968] - dag_scheduler.py[line:193]: the number of updates has been exceeded
[INFO] [2021-06-13 22:35:57,690] [7:140266826163968] - dag_scheduler.py[line:193]: the number of updates has been exceeded
[INFO] [2021-06-13 22:35:59,759] [7:140266826163968] - dag_scheduler.py[line:193]: the number of updates has been exceeded
[INFO] [2021-06-13 22:36:01,823] [7:140266826163968] - dag_scheduler.py[line:193]: the number of updates has been exceeded
[INFO] [2021-06-13 22:36:03,889] [7:140266826163968] - dag_scheduler.py[line:193]: the number of updates has been exceeded
[INFO] [2021-06-13 22:36:05,948] [7:140266826163968] - dag_scheduler.py[line:193]: the number of updates has been exceeded
[INFO] [2021-06-13 22:36:07,987] [7:140266826163968] - dag_scheduler.py[line:193]: the number of updates has been exceeded
[INFO] [2021-06-13 22:36:10,064] [7:140266826163968] - dag_scheduler.py[line:193]: the number of updates has been exceeded
[INFO] [2021-06-13 22:36:12,099] [7:140266826163968] - dag_scheduler.py[line:193]: the number of updates has been exceeded
[INFO] [2021-06-13 22:36:14,166] [7:140266826163968] - dag_scheduler.py[line:193]: the number of updates has been exceeded
[INFO] [2021-06-13 22:36:16,217] [7:140266826163968] - dag_scheduler.py[line:193]: the number of updates has been exceeded
[INFO] [2021-06-13 22:36:18,267] [7:140266826163968] - dag_scheduler.py[line:193]: the number of updates has been exceeded
[INFO] [2021-06-13 22:36:20,331] [7:140266826163968] - dag_scheduler.py[line:193]: the number of updates has been exceeded
[INFO] [2021-06-13 22:36:22,366] [7:140266826163968] - dag_scheduler.py[line:193]: the number of updates has been exceeded
[INFO] [2021-06-13 22:36:24,416] [7:140266826163968] - dag_scheduler.py[line:193]: the number of updates has been exceeded
[INFO] [2021-06-13 22:36:26,474] [7:140266826163968] - dag_scheduler.py[line:193]: the number of updates has been exceeded
[INFO] [2021-06-13 22:36:28,524] [7:140266826163968] - dag_scheduler.py[line:193]: the number of updates has been exceeded
[INFO] [2021-06-13 22:36:30,623] [7:140266826163968] - dag_scheduler.py[line:193]: the number of updates has been exceeded
[INFO] [2021-06-13 22:36:32,677] [7:140266826163968] - dag_scheduler.py[line:193]: the number of updates has been exceeded
[INFO] [2021-06-13 22:36:34,745] [7:140266826163968] - dag_scheduler.py[line:193]: the number of updates has been exceeded
[INFO] [2021-06-13 22:36:36,797] [7:140266826163968] - dag_scheduler.py[line:193]: the number of updates has been exceeded
[INFO] [2021-06-13 22:36:38,864] [7:140266826163968] - dag_scheduler.py[line:193]: the number of updates has been exceeded
[INFO] [2021-06-13 22:36:40,904] [7:140266826163968] - dag_scheduler.py[line:193]: the number of updates has been exceeded
[INFO] [2021-06-13 22:36:42,940] [7:140266826163968] - dag_scheduler.py[line:193]: the number of updates has been exceeded
[INFO] [2021-06-13 22:36:44,979] [7:140266826163968] - dag_scheduler.py[line:193]: the number of updates has been exceeded
[INFO] [2021-06-13 22:36:47,065] [7:140266826163968] - dag_scheduler.py[line:193]: the number of updates has been exceeded
[INFO] [2021-06-13 22:36:49,127] [7:140266826163968] - dag_scheduler.py[line:193]: the number of updates has been exceeded
[INFO] [2021-06-13 22:36:51,194] [7:140266826163968] - dag_scheduler.py[line:193]: the number of updates has been exceeded
[INFO] [2021-06-13 22:36:53,250] [7:140266826163968] - dag_scheduler.py[line:193]: the number of updates has been exceeded
[INFO] [2021-06-13 22:36:55,301] [7:140266826163968] - dag_scheduler.py[line:193]: the number of updates has been exceeded
[INFO] [2021-06-13 22:36:57,351] [7:140266826163968] - dag_scheduler.py[line:193]: the number of updates has been exceeded
[INFO] [2021-06-13 22:36:59,409] [7:140266826163968] - dag_scheduler.py[line:193]: the number of updates has been exceeded
[INFO] [2021-06-13 22:37:01,445] [7:140266826163968] - dag_scheduler.py[line:193]: the number of updates has been exceeded
[INFO] [2021-06-13 22:37:03,484] [7:140266826163968] - dag_scheduler.py[line:193]: the number of updates has been exceeded
[INFO] [2021-06-13 22:37:05,537] [7:140266826163968] - dag_scheduler.py[line:193]: the number of updates has been exceeded
[INFO] [2021-06-13 22:37:07,586] [7:140266826163968] - dag_scheduler.py[line:193]: the number of updates has been exceeded
[INFO] [2021-06-13 22:37:09,646] [7:140266826163968] - dag_scheduler.py[line:193]: the number of updates has been exceeded
[INFO] [2021-06-13 22:37:11,713] [7:140266826163968] - dag_scheduler.py[line:193]: the number of updates has been exceeded
[INFO] [2021-06-13 22:37:13,765] [7:140266826163968] - dag_scheduler.py[line:193]: the number of updates has been exceeded
[INFO] [2021-06-13 22:37:15,803] [7:140266826163968] - dag_scheduler.py[line:193]: the number of updates has been exceeded
[INFO] [2021-06-13 22:37:17,853] [7:140266826163968] - dag_scheduler.py[line:193]: the number of updates has been exceeded
[INFO] [2021-06-13 22:37:19,889] [7:140266826163968] - dag_scheduler.py[line:193]: the number of updates has been exceeded
[INFO] [2021-06-13 22:37:21,978] [7:140266826163968] - dag_scheduler.py[line:193]: the number of updates has been exceeded
[INFO] [2021-06-13 22:37:24,035] [7:140266826163968] - dag_scheduler.py[line:193]: the number of updates has been exceeded
[INFO] [2021-06-13 22:37:26,093] [7:140266826163968] - dag_scheduler.py[line:193]: the number of updates has been exceeded
[INFO] [2021-06-13 22:37:28,159] [7:140266826163968] - dag_scheduler.py[line:193]: the number of updates has been exceeded
[INFO] [2021-06-13 22:37:30,209] [7:140266826163968] - dag_scheduler.py[line:193]: the number of updates has been exceeded
[INFO] [2021-06-13 22:37:32,269] [7:140266826163968] - dag_scheduler.py[line:193]: the number of updates has been exceeded
[INFO] [2021-06-13 22:37:34,314] [7:140266826163968] - dag_scheduler.py[line:193]: the number of updates has been exceeded
[INFO] [2021-06-13 22:37:36,368] [7:140266826163968] - dag_scheduler.py[line:193]: the number of updates has been exceeded
[INFO] [2021-06-13 22:37:38,417] [7:140266826163968] - dag_scheduler.py[line:193]: the number of updates has been exceeded
[INFO] [2021-06-13 22:37:40,462] [7:140266826163968] - dag_scheduler.py[line:193]: the number of updates has been exceeded
[INFO] [2021-06-13 22:37:42,544] [7:140266826163968] - dag_scheduler.py[line:193]: the number of updates has been exceeded
[INFO] [2021-06-13 22:37:44,599] [7:140266826163968] - dag_scheduler.py[line:193]: the number of updates has been exceeded
[INFO] [2021-06-13 22:37:46,649] [7:140266826163968] - dag_scheduler.py[line:193]: the number of updates has been exceeded
[INFO] [2021-06-13 22:37:48,713] [7:140266826163968] - dag_scheduler.py[line:193]: the number of updates has been exceeded
[INFO] [2021-06-13 22:37:50,764] [7:140266826163968] - dag_scheduler.py[line:193]: the number of updates has been exceeded
[INFO] [2021-06-13 22:37:52,835] [7:140266826163968] - dag_scheduler.py[line:193]: the number of updates has been exceeded
