[INFO] [2021-06-15 21:32:08,916] [7:140197287143168] - dag_scheduler.py[line:40]: submit job, job_id 2021061521320891539715, body {'job_dsl': {'components': {'reader_0': {'module': 'Reader', 'output': {'data': ['data']}}, 'intersection_0': {'input': {'data': {'data': ['dataio_0.data']}}, 'module': 'Intersection', 'output': {'data': ['data']}}, 'dataio_0': {'input': {'data': {'data': ['reader_0.data']}, 'model': ['pipeline.dataio_0.model']}, 'module': 'DataIO', 'output': {'data': ['data']}}, 'hetero_secure_boost_0': {'input': {'data': {'test_data': ['intersection_0.data']}, 'model': ['pipeline.hetero_secure_boost_0.model']}, 'module': 'HeteroSecureBoost', 'output': {'data': ['data']}}}}, 'job_runtime_conf': {'dsl_version': 2, 'initiator': {'role': 'guest', 'party_id': 9999}, 'role': {'host': [9998], 'guest': [9999]}, 'job_parameters': {'common': {'work_mode': 0, 'backend': 0, 'job_type': 'predict', 'model_id': 'guest-9999#host-9998#model', 'model_version': '202106152108460902496'}}, 'component_parameters': {'role': {'guest': {'0': {'reader_0': {'table': {'name': 'default_credit_hetero_guest', 'namespace': 'experiment'}}}}, 'host': {'0': {'reader_0': {'table': {'name': 'default_credit_hetero_host', 'namespace': 'experiment'}}}}}}, 'conf_path': './examples/LDPDev/test_predict_conf.json', 'dsl_path': './examples/LDPDev/test_predict_dsl.json'}}
[INFO] [2021-06-15 21:32:08,990] [7:140196716734208] - job_controller.py[line:52]: job parameters:{'backend': 0, 'spark_run': {}, 'adaptation_parameters': {'task_memory_per_node': 0, 'if_initiator_baseline': True, 'task_cores_per_node': 4, 'request_task_cores': 4, 'task_nodes': 1}, 'federation_engine': 'STANDALONE', 'computing_engine': 'STANDALONE', 'storage_engine': 'STANDALONE', 'task_parallelism': 1, 'federated_status_collect_type': 'PULL', 'pulsar_run': {}, 'engines_address': {}, 'federated_mode': 'SINGLE', 'computing_partitions': 4, 'work_mode': 0, 'job_type': 'predict', 'eggroll_run': {}, 'model_version': '202106152108460902496', 'model_id': 'guest-9999#host-9998#model', 'rabbitmq_run': {}}
[INFO] [2021-06-15 21:32:09,110] [7:140196716734208] - job_controller.py[line:52]: job parameters:{'backend': 0, 'spark_run': {}, 'adaptation_parameters': {'task_memory_per_node': 0, 'if_initiator_baseline': True, 'task_cores_per_node': 4, 'request_task_cores': 4, 'task_nodes': 1}, 'federation_engine': 'STANDALONE', 'computing_engine': 'STANDALONE', 'storage_engine': 'STANDALONE', 'task_parallelism': 1, 'federated_status_collect_type': 'PULL', 'pulsar_run': {}, 'engines_address': {}, 'federated_mode': 'SINGLE', 'computing_partitions': 4, 'work_mode': 0, 'job_type': 'predict', 'eggroll_run': {}, 'model_version': '202106152108460902496', 'model_id': 'guest-9999#host-9998#model', 'rabbitmq_run': {}}
[INFO] [2021-06-15 21:32:09,288] [7:140197287143168] - dag_scheduler.py[line:122]: submit job successfully, job id is 2021061521320891539715, model id is guest-9999#host-9998#model
[INFO] [2021-06-15 21:32:10,165] [7:140197562341120] - federated_scheduler.py[line:39]: try to apply job 2021061521320891539715 resource
[INFO] [2021-06-15 21:32:10,196] [7:140197287143168] - resource_manager.py[line:176]: apply job 2021061521320891539715 resource(cores 4 memory 0) on host 9998 successfully, remaining cores: 16 remaining memory: 0
[INFO] [2021-06-15 21:32:10,233] [7:140197287143168] - resource_manager.py[line:176]: apply job 2021061521320891539715 resource(cores 4 memory 0) on guest 9999 successfully, remaining cores: 12 remaining memory: 0
[INFO] [2021-06-15 21:32:10,238] [7:140197562341120] - federated_scheduler.py[line:42]: apply job 2021061521320891539715 resource successfully
[INFO] [2021-06-15 21:32:10,238] [7:140197562341120] - dag_scheduler.py[line:279]: try to start job 2021061521320891539715 on initiator guest 9999
[INFO] [2021-06-15 21:32:10,253] [7:140197287143168] - job_controller.py[line:261]: try to start job 2021061521320891539715 on host 9998
[INFO] [2021-06-15 21:32:10,254] [7:140197287143168] - job_saver.py[line:45]: try to update job 2021061521320891539715 status to running
[INFO] [2021-06-15 21:32:10,275] [7:140197287143168] - job_saver.py[line:48]: update job 2021061521320891539715 status successfully
[INFO] [2021-06-15 21:32:10,275] [7:140197287143168] - job_saver.py[line:61]: try to update job 2021061521320891539715
[INFO] [2021-06-15 21:32:10,301] [7:140197287143168] - job_saver.py[line:64]: job 2021061521320891539715 update successfully: {'job_id': '2021061521320891539715', 'role': 'host', 'party_id': 9998, 'status': 'running', 'start_time': 1623792730254}
[INFO] [2021-06-15 21:32:10,301] [7:140197287143168] - job_controller.py[line:275]: start job 2021061521320891539715 on host 9998 successfully
[INFO] [2021-06-15 21:32:10,313] [7:140197287143168] - job_controller.py[line:261]: try to start job 2021061521320891539715 on guest 9999
[INFO] [2021-06-15 21:32:10,314] [7:140197287143168] - job_saver.py[line:45]: try to update job 2021061521320891539715 status to running
[INFO] [2021-06-15 21:32:10,343] [7:140197287143168] - job_saver.py[line:48]: update job 2021061521320891539715 status successfully
[INFO] [2021-06-15 21:32:10,344] [7:140197287143168] - job_saver.py[line:61]: try to update job 2021061521320891539715
[INFO] [2021-06-15 21:32:10,366] [7:140197287143168] - job_saver.py[line:64]: job 2021061521320891539715 update successfully: {'job_id': '2021061521320891539715', 'role': 'guest', 'party_id': 9999, 'status': 'running', 'start_time': 1623792730314}
[INFO] [2021-06-15 21:32:10,366] [7:140197287143168] - job_controller.py[line:275]: start job 2021061521320891539715 on guest 9999 successfully
[INFO] [2021-06-15 21:32:10,370] [7:140197562341120] - dag_scheduler.py[line:292]: start job 2021061521320891539715 on initiator guest 9999
[INFO] [2021-06-15 21:32:10,383] [7:140197562341120] - dag_scheduler.py[line:247]: reset job 2021061521320891539715 ready signal True
[INFO] [2021-06-15 21:32:10,397] [7:140197562341120] - dag_scheduler.py[line:298]: scheduling job 2021061521320891539715
[INFO] [2021-06-15 21:32:10,415] [7:140197562341120] - task_scheduler.py[line:28]: scheduling job 2021061521320891539715 tasks
[INFO] [2021-06-15 21:32:10,441] [7:140197562341120] - task_scheduler.py[line:143]: job 2021061521320891539715 task 2021061521320891539715_dataio_0 0 status is waiting, calculate by task party status list: ['waiting', 'waiting']
[INFO] [2021-06-15 21:32:10,451] [7:140197562341120] - task_scheduler.py[line:143]: job 2021061521320891539715 task 2021061521320891539715_intersection_0 0 status is waiting, calculate by task party status list: ['waiting', 'waiting']
[INFO] [2021-06-15 21:32:10,461] [7:140197562341120] - task_scheduler.py[line:143]: job 2021061521320891539715 task 2021061521320891539715_hetero_secure_boost_0 0 status is waiting, calculate by task party status list: ['waiting', 'waiting']
[INFO] [2021-06-15 21:32:10,461] [7:140197562341120] - task_scheduler.py[line:80]: try to start job 2021061521320891539715 task 2021061521320891539715_dataio_0 0 on guest 9999
[INFO] [2021-06-15 21:32:10,477] [7:140197562341120] - resource_manager.py[line:286]: task 2021061521320891539715_dataio_0 0 apply resource successfully
[INFO] [2021-06-15 21:32:10,478] [7:140197562341120] - job_saver.py[line:71]: try to update job 2021061521320891539715 task 2021061521320891539715_dataio_0 0 status
[INFO] [2021-06-15 21:32:10,491] [7:140197562341120] - job_saver.py[line:74]: update job 2021061521320891539715 task 2021061521320891539715_dataio_0 0 status successfully: {'job_id': '2021061521320891539715', 'task_id': '2021061521320891539715_dataio_0', 'task_version': 0, 'role': 'guest', 'party_id': '9999', 'status': 'running'}
[INFO] [2021-06-15 21:32:10,492] [7:140197562341120] - task_scheduler.py[line:93]: start job 2021061521320891539715 task 2021061521320891539715_dataio_0 0 on guest 9999
[INFO] [2021-06-15 21:32:10,492] [7:140197562341120] - federated_scheduler.py[line:192]: job 2021061521320891539715 task 2021061521320891539715_dataio_0 0 is running, sync to all party
[INFO] [2021-06-15 21:32:10,509] [7:140197287143168] - job_saver.py[line:71]: try to update job 2021061521320891539715 task 2021061521320891539715_dataio_0 0 status
[INFO] [2021-06-15 21:32:10,517] [7:140197287143168] - job_saver.py[line:76]: update job 2021061521320891539715 task 2021061521320891539715_dataio_0 0 status update does not take effect: {'job_id': '2021061521320891539715', 'task_id': '2021061521320891539715_dataio_0', 'task_version': '0', 'role': 'guest', 'party_id': '9999', 'status': 'running'}
[WARNING] [2021-06-15 21:32:10,529] [7:140197562341120] - federated_scheduler.py[line:260]: an error occurred while status/running the task to role guest party 9999: 
update task status failed
[INFO] [2021-06-15 21:32:10,534] [7:140197287143168] - job_saver.py[line:71]: try to update job 2021061521320891539715 task 2021061521320891539715_dataio_0 0 status
[INFO] [2021-06-15 21:32:10,550] [7:140197287143168] - job_saver.py[line:74]: update job 2021061521320891539715 task 2021061521320891539715_dataio_0 0 status successfully: {'job_id': '2021061521320891539715', 'task_id': '2021061521320891539715_dataio_0', 'task_version': '0', 'role': 'host', 'party_id': '9998', 'status': 'running'}
[INFO] [2021-06-15 21:32:10,619] [7:140197562341120] - federated_scheduler.py[line:197]: sync job 2021061521320891539715 task 2021061521320891539715_dataio_0 0 status running to all party failed: 
{'guest': {9999: {'retcode': 103, 'retmsg': 'update task status failed'}}, 'host': {9998: {'retcode': 0, 'retmsg': 'success'}}}
[INFO] [2021-06-15 21:32:10,760] [7:140197287143168] - task_controller.py[line:71]: try to start job 2021061521320891539715 task 2021061521320891539715_dataio_0 0 on guest 9999 executor subprocess
[INFO] [2021-06-15 21:32:10,826] [7:140197287143168] - task_controller.py[line:90]: use computing engine STANDALONE
[INFO] [2021-06-15 21:32:10,826] [7:140197287143168] - task_controller.py[line:145]: job 2021061521320891539715 task 2021061521320891539715_dataio_0 0 on guest 9999 executor subprocess is ready
[INFO] [2021-06-15 21:32:10,826] [7:140197287143168] - job_utils.py[line:310]: start process command: /usr/local/bin/python /fate/python/fate_flow/operation/task_executor.py -j 2021061521320891539715 -n dataio_0 -t 2021061521320891539715_dataio_0 -v 0 -r guest -p 9999 -c /fate/jobs/2021061521320891539715/guest/9999/dataio_0/2021061521320891539715_dataio_0/0/task_parameters.json --run_ip 127.0.0.1 --job_server 127.0.0.1:9380
[INFO] [2021-06-15 21:32:10,834] [7:140197287143168] - job_utils.py[line:334]: start process command: /usr/local/bin/python /fate/python/fate_flow/operation/task_executor.py -j 2021061521320891539715 -n dataio_0 -t 2021061521320891539715_dataio_0 -v 0 -r guest -p 9999 -c /fate/jobs/2021061521320891539715/guest/9999/dataio_0/2021061521320891539715_dataio_0/0/task_parameters.json --run_ip 127.0.0.1 --job_server 127.0.0.1:9380 successfully, pid is 2704
[INFO] [2021-06-15 21:32:10,834] [7:140197287143168] - job_saver.py[line:81]: try to update job 2021061521320891539715 task 2021061521320891539715_dataio_0 0
[INFO] [2021-06-15 21:32:10,976] [7:140197287143168] - job_saver.py[line:84]: job 2021061521320891539715 task 2021061521320891539715_dataio_0 0 update successfully
[INFO] [2021-06-15 21:32:11,042] [7:140197287143168] - job_saver.py[line:71]: try to update job 2021061521320891539715 task 2021061521320891539715_dataio_0 0 status
[INFO] [2021-06-15 21:32:11,117] [7:140197287143168] - job_saver.py[line:74]: update job 2021061521320891539715 task 2021061521320891539715_dataio_0 0 status successfully: {'job_id': '2021061521320891539715', 'task_id': '2021061521320891539715_dataio_0', 'task_version': '0', 'role': 'guest', 'party_id': '9999', 'party_status': 'running', 'start_time': 1623792730834}
[INFO] [2021-06-15 21:32:11,182] [7:140197287143168] - task_controller.py[line:164]: job 2021061521320891539715 task 2021061521320891539715_dataio_0 0 on guest 9999 executor subprocess start success
[INFO] [2021-06-15 21:32:11,255] [7:140197287143168] - task_controller.py[line:71]: try to start job 2021061521320891539715 task 2021061521320891539715_dataio_0 0 on host 9998 executor subprocess
[INFO] [2021-06-15 21:32:11,258] [7:140197287143168] - task_controller.py[line:90]: use computing engine STANDALONE
[INFO] [2021-06-15 21:32:11,318] [7:140197287143168] - task_controller.py[line:145]: job 2021061521320891539715 task 2021061521320891539715_dataio_0 0 on host 9998 executor subprocess is ready
[INFO] [2021-06-15 21:32:11,318] [7:140197287143168] - job_utils.py[line:310]: start process command: /usr/local/bin/python /fate/python/fate_flow/operation/task_executor.py -j 2021061521320891539715 -n dataio_0 -t 2021061521320891539715_dataio_0 -v 0 -r host -p 9998 -c /fate/jobs/2021061521320891539715/host/9998/dataio_0/2021061521320891539715_dataio_0/0/task_parameters.json --run_ip 127.0.0.1 --job_server 127.0.0.1:9380
[INFO] [2021-06-15 21:32:11,327] [7:140197287143168] - job_utils.py[line:334]: start process command: /usr/local/bin/python /fate/python/fate_flow/operation/task_executor.py -j 2021061521320891539715 -n dataio_0 -t 2021061521320891539715_dataio_0 -v 0 -r host -p 9998 -c /fate/jobs/2021061521320891539715/host/9998/dataio_0/2021061521320891539715_dataio_0/0/task_parameters.json --run_ip 127.0.0.1 --job_server 127.0.0.1:9380 successfully, pid is 2706
[INFO] [2021-06-15 21:32:11,389] [7:140197287143168] - job_saver.py[line:81]: try to update job 2021061521320891539715 task 2021061521320891539715_dataio_0 0
[INFO] [2021-06-15 21:32:11,467] [7:140197287143168] - job_saver.py[line:84]: job 2021061521320891539715 task 2021061521320891539715_dataio_0 0 update successfully
[INFO] [2021-06-15 21:32:11,533] [7:140197287143168] - job_saver.py[line:71]: try to update job 2021061521320891539715 task 2021061521320891539715_dataio_0 0 status
[INFO] [2021-06-15 21:32:11,666] [7:140197287143168] - job_saver.py[line:74]: update job 2021061521320891539715 task 2021061521320891539715_dataio_0 0 status successfully: {'job_id': '2021061521320891539715', 'task_id': '2021061521320891539715_dataio_0', 'task_version': '0', 'role': 'host', 'party_id': '9998', 'party_status': 'running', 'start_time': 1623792731389}
[INFO] [2021-06-15 21:32:11,673] [7:140197287143168] - task_controller.py[line:164]: job 2021061521320891539715 task 2021061521320891539715_dataio_0 0 on host 9998 executor subprocess start success
[INFO] [2021-06-15 21:32:11,826] [7:140197562341120] - task_scheduler.py[line:75]: finish scheduling job 2021061521320891539715 tasks
[INFO] [2021-06-15 21:32:11,834] [7:140197562341120] - dag_scheduler.py[line:310]: Job 2021061521320891539715 status is running, calculate by task status list: ['running', 'waiting', 'waiting']
[INFO] [2021-06-15 21:32:11,834] [7:140197562341120] - dag_scheduler.py[line:325]: finish scheduling job 2021061521320891539715
[INFO] [2021-06-15 21:32:13,311] [2704:140624301725504] - task_executor.py[line:56]: enter task process
[INFO] [2021-06-15 21:32:13,311] [2704:140624301725504] - task_executor.py[line:57]: Namespace(component_name='dataio_0', config='/fate/jobs/2021061521320891539715/guest/9999/dataio_0/2021061521320891539715_dataio_0/0/task_parameters.json', job_id='2021061521320891539715', job_server='127.0.0.1:9380', party_id=9999, role='guest', run_ip='127.0.0.1', task_id='2021061521320891539715_dataio_0', task_version=0)
[INFO] [2021-06-15 21:32:13,454] [2706:140029013866304] - task_executor.py[line:56]: enter task process
[INFO] [2021-06-15 21:32:13,454] [2706:140029013866304] - task_executor.py[line:57]: Namespace(component_name='dataio_0', config='/fate/jobs/2021061521320891539715/host/9998/dataio_0/2021061521320891539715_dataio_0/0/task_parameters.json', job_id='2021061521320891539715', job_server='127.0.0.1:9380', party_id=9998, role='host', run_ip='127.0.0.1', task_id='2021061521320891539715_dataio_0', task_version=0)
[INFO] [2021-06-15 21:32:13,466] [7:140197287143168] - job_saver.py[line:81]: try to update job 2021061521320891539715 task 2021061521320891539715_dataio_0 0
[INFO] [2021-06-15 21:32:13,477] [7:140197287143168] - job_saver.py[line:84]: job 2021061521320891539715 task 2021061521320891539715_dataio_0 0 update successfully
[INFO] [2021-06-15 21:32:13,485] [7:140197287143168] - job_saver.py[line:71]: try to update job 2021061521320891539715 task 2021061521320891539715_dataio_0 0 status
[INFO] [2021-06-15 21:32:13,494] [7:140197287143168] - job_saver.py[line:76]: update job 2021061521320891539715 task 2021061521320891539715_dataio_0 0 status update does not take effect: {'job_id': '2021061521320891539715', 'component_name': 'dataio_0', 'task_id': '2021061521320891539715_dataio_0', 'task_version': '0', 'role': 'guest', 'party_id': '9999', 'run_ip': '127.0.0.1', 'run_pid': 2704, 'party_status': 'running'}
[INFO] [2021-06-15 21:32:13,625] [7:140197287143168] - job_saver.py[line:81]: try to update job 2021061521320891539715 task 2021061521320891539715_dataio_0 0
[INFO] [2021-06-15 21:32:13,643] [7:140197287143168] - job_saver.py[line:84]: job 2021061521320891539715 task 2021061521320891539715_dataio_0 0 update successfully
[INFO] [2021-06-15 21:32:13,648] [7:140197287143168] - job_saver.py[line:71]: try to update job 2021061521320891539715 task 2021061521320891539715_dataio_0 0 status
[INFO] [2021-06-15 21:32:13,653] [7:140197287143168] - job_saver.py[line:76]: update job 2021061521320891539715 task 2021061521320891539715_dataio_0 0 status update does not take effect: {'job_id': '2021061521320891539715', 'component_name': 'dataio_0', 'task_id': '2021061521320891539715_dataio_0', 'task_version': '0', 'role': 'host', 'party_id': '9998', 'run_ip': '127.0.0.1', 'run_pid': 2706, 'party_status': 'running'}
[INFO] [2021-06-15 21:32:13,815] [7:140197287143168] - job_saver.py[line:81]: try to update job 2021061521320891539715 task 2021061521320891539715_dataio_0 0
[INFO] [2021-06-15 21:32:13,827] [7:140197287143168] - job_saver.py[line:84]: job 2021061521320891539715 task 2021061521320891539715_dataio_0 0 update successfully
[INFO] [2021-06-15 21:32:13,830] [7:140197287143168] - job_saver.py[line:71]: try to update job 2021061521320891539715 task 2021061521320891539715_dataio_0 0 status
[INFO] [2021-06-15 21:32:13,842] [7:140197287143168] - job_saver.py[line:74]: update job 2021061521320891539715 task 2021061521320891539715_dataio_0 0 status successfully: {'job_id': '2021061521320891539715', 'component_name': 'dataio_0', 'task_id': '2021061521320891539715_dataio_0', 'task_version': '0', 'role': 'guest', 'party_id': '9999', 'run_ip': '127.0.0.1', 'run_pid': 2704, 'party_status': 'failed', 'end_time': 1623792733811, 'elapsed': 499}
[INFO] [2021-06-15 21:32:13,869] [7:140197287143168] - job_saver.py[line:81]: try to update job 2021061521320891539715 task 2021061521320891539715_dataio_0 0
[INFO] [2021-06-15 21:32:13,887] [7:140197562341120] - dag_scheduler.py[line:298]: scheduling job 2021061521320891539715
[INFO] [2021-06-15 21:32:13,898] [7:140197287143168] - job_saver.py[line:84]: job 2021061521320891539715 task 2021061521320891539715_dataio_0 0 update successfully
[INFO] [2021-06-15 21:32:13,906] [7:140197562341120] - task_scheduler.py[line:28]: scheduling job 2021061521320891539715 tasks
[INFO] [2021-06-15 21:32:13,911] [7:140197287143168] - job_saver.py[line:71]: try to update job 2021061521320891539715 task 2021061521320891539715_dataio_0 0 status
[INFO] [2021-06-15 21:32:13,928] [7:140197287143168] - job_saver.py[line:76]: update job 2021061521320891539715 task 2021061521320891539715_dataio_0 0 status update does not take effect: {'job_id': '2021061521320891539715', 'component_name': 'dataio_0', 'task_id': '2021061521320891539715_dataio_0', 'task_version': '0', 'role': 'guest', 'party_id': '9999', 'run_ip': '127.0.0.1', 'run_pid': 2704, 'party_status': 'failed', 'end_time': 1623792733811, 'elapsed': 499}
[INFO] [2021-06-15 21:32:13,969] [7:140197562341120] - job_saver.py[line:71]: try to update job 2021061521320891539715 task 2021061521320891539715_dataio_0 0 status
[INFO] [2021-06-15 21:32:13,978] [7:140197562341120] - job_saver.py[line:76]: update job 2021061521320891539715 task 2021061521320891539715_dataio_0 0 status update does not take effect: {'elapsed': 499, 'end_time': 1623792733811, 'job_id': '2021061521320891539715', 'party_id': '9999', 'party_status': 'failed', 'role': 'guest', 'start_time': 1623792730834, 'status': 'running', 'task_id': '2021061521320891539715_dataio_0', 'task_version': 0, 'update_time': 1623792729169}
[INFO] [2021-06-15 21:32:13,978] [7:140197562341120] - job_saver.py[line:81]: try to update job 2021061521320891539715 task 2021061521320891539715_dataio_0 0
[INFO] [2021-06-15 21:32:13,997] [7:140197562341120] - job_saver.py[line:84]: job 2021061521320891539715 task 2021061521320891539715_dataio_0 0 update successfully
[INFO] [2021-06-15 21:32:13,997] [7:140197562341120] - job_saver.py[line:71]: try to update job 2021061521320891539715 task 2021061521320891539715_dataio_0 0 status
[INFO] [2021-06-15 21:32:14,004] [7:140197562341120] - job_saver.py[line:76]: update job 2021061521320891539715 task 2021061521320891539715_dataio_0 0 status update does not take effect: {'elapsed': None, 'end_time': None, 'job_id': '2021061521320891539715', 'party_id': '9998', 'party_status': 'running', 'role': 'host', 'start_time': 1623792731389, 'status': 'running', 'task_id': '2021061521320891539715_dataio_0', 'task_version': 0, 'update_time': 1623792729008}
[INFO] [2021-06-15 21:32:14,005] [7:140197562341120] - job_saver.py[line:81]: try to update job 2021061521320891539715 task 2021061521320891539715_dataio_0 0
[INFO] [2021-06-15 21:32:14,028] [7:140197562341120] - job_saver.py[line:84]: job 2021061521320891539715 task 2021061521320891539715_dataio_0 0 update successfully
[INFO] [2021-06-15 21:32:14,037] [7:140197562341120] - task_scheduler.py[line:143]: job 2021061521320891539715 task 2021061521320891539715_dataio_0 0 status is failed, calculate by task party status list: ['running', 'failed']
[INFO] [2021-06-15 21:32:14,038] [7:140197562341120] - federated_scheduler.py[line:192]: job 2021061521320891539715 task 2021061521320891539715_dataio_0 0 is failed, sync to all party
[INFO] [2021-06-15 21:32:14,060] [7:140196716734208] - job_saver.py[line:81]: try to update job 2021061521320891539715 task 2021061521320891539715_dataio_0 0
[INFO] [2021-06-15 21:32:14,062] [7:140197287143168] - job_saver.py[line:71]: try to update job 2021061521320891539715 task 2021061521320891539715_dataio_0 0 status
[INFO] [2021-06-15 21:32:14,090] [7:140196716734208] - job_saver.py[line:84]: job 2021061521320891539715 task 2021061521320891539715_dataio_0 0 update successfully
[INFO] [2021-06-15 21:32:14,101] [7:140197287143168] - job_saver.py[line:74]: update job 2021061521320891539715 task 2021061521320891539715_dataio_0 0 status successfully: {'job_id': '2021061521320891539715', 'task_id': '2021061521320891539715_dataio_0', 'task_version': '0', 'role': 'guest', 'party_id': '9999', 'status': 'failed'}
[INFO] [2021-06-15 21:32:14,108] [7:140196716734208] - job_saver.py[line:71]: try to update job 2021061521320891539715 task 2021061521320891539715_dataio_0 0 status
[INFO] [2021-06-15 21:32:14,124] [7:140197287143168] - resource_manager.py[line:286]: task 2021061521320891539715_dataio_0 0 return resource successfully
[INFO] [2021-06-15 21:32:14,132] [7:140196716734208] - job_saver.py[line:74]: update job 2021061521320891539715 task 2021061521320891539715_dataio_0 0 status successfully: {'job_id': '2021061521320891539715', 'component_name': 'dataio_0', 'task_id': '2021061521320891539715_dataio_0', 'task_version': '0', 'role': 'host', 'party_id': '9998', 'run_ip': '127.0.0.1', 'run_pid': 2706, 'party_status': 'failed', 'end_time': 1623792734054, 'elapsed': 600}
[INFO] [2021-06-15 21:32:14,139] [7:140197287143168] - job_tracker.py[line:424]: clean task 2021061521320891539715_dataio_0 0 on guest 9999
[ERROR] [2021-06-15 21:32:14,142] [7:140197287143168] - job_tracker.py[line:475]: namespace dir /fate/data/2021061521320891539715_dataio_0_0_guest_9999 does not exist
Traceback (most recent call last):
  File "/fate/python/fate_flow/operation/job_tracker.py", line 437, in clean_task
    sess.computing.cleanup(namespace=computing_temp_namespace, name="*")
  File "/fate/python/fate_arch/computing/standalone/_csession.py", line 73, in cleanup
    return self._session.cleanup(name=name, namespace=namespace)
  File "/fate/python/fate_arch/_standalone.py", line 383, in cleanup
    raise EnvironmentError(f"namespace dir {namespace_dir} does not exist")
OSError: namespace dir /fate/data/2021061521320891539715_dataio_0_0_guest_9999 does not exist
[INFO] [2021-06-15 21:32:14,148] [7:140196716734208] - job_saver.py[line:81]: try to update job 2021061521320891539715 task 2021061521320891539715_dataio_0 0
[INFO] [2021-06-15 21:32:14,164] [7:140197287143168] - job_saver.py[line:71]: try to update job 2021061521320891539715 task 2021061521320891539715_dataio_0 0 status
[INFO] [2021-06-15 21:32:14,168] [7:140196716734208] - job_saver.py[line:84]: job 2021061521320891539715 task 2021061521320891539715_dataio_0 0 update successfully
[INFO] [2021-06-15 21:32:14,176] [7:140196716734208] - job_saver.py[line:71]: try to update job 2021061521320891539715 task 2021061521320891539715_dataio_0 0 status
[INFO] [2021-06-15 21:32:14,184] [7:140197287143168] - job_saver.py[line:74]: update job 2021061521320891539715 task 2021061521320891539715_dataio_0 0 status successfully: {'job_id': '2021061521320891539715', 'task_id': '2021061521320891539715_dataio_0', 'task_version': '0', 'role': 'host', 'party_id': '9998', 'status': 'failed'}
[INFO] [2021-06-15 21:32:14,191] [7:140196716734208] - job_saver.py[line:76]: update job 2021061521320891539715 task 2021061521320891539715_dataio_0 0 status update does not take effect: {'job_id': '2021061521320891539715', 'component_name': 'dataio_0', 'task_id': '2021061521320891539715_dataio_0', 'task_version': '0', 'role': 'host', 'party_id': '9998', 'run_ip': '127.0.0.1', 'run_pid': 2706, 'party_status': 'failed', 'end_time': 1623792734054, 'elapsed': 600}
[INFO] [2021-06-15 21:32:14,199] [7:140197287143168] - resource_manager.py[line:286]: task 2021061521320891539715_dataio_0 0 return resource successfully
[INFO] [2021-06-15 21:32:14,207] [7:140197287143168] - job_tracker.py[line:424]: clean task 2021061521320891539715_dataio_0 0 on host 9998
[ERROR] [2021-06-15 21:32:14,209] [7:140197287143168] - job_tracker.py[line:475]: namespace dir /fate/data/2021061521320891539715_dataio_0_0_host_9998 does not exist
Traceback (most recent call last):
  File "/fate/python/fate_flow/operation/job_tracker.py", line 437, in clean_task
    sess.computing.cleanup(namespace=computing_temp_namespace, name="*")
  File "/fate/python/fate_arch/computing/standalone/_csession.py", line 73, in cleanup
    return self._session.cleanup(name=name, namespace=namespace)
  File "/fate/python/fate_arch/_standalone.py", line 383, in cleanup
    raise EnvironmentError(f"namespace dir {namespace_dir} does not exist")
OSError: namespace dir /fate/data/2021061521320891539715_dataio_0_0_host_9998 does not exist
[INFO] [2021-06-15 21:32:14,218] [7:140197562341120] - federated_scheduler.py[line:195]: sync job 2021061521320891539715 task 2021061521320891539715_dataio_0 0 status failed to all party success
[INFO] [2021-06-15 21:32:14,218] [7:140197562341120] - federated_scheduler.py[line:202]: try to stop job 2021061521320891539715 task 2021061521320891539715_dataio_0 0
[INFO] [2021-06-15 21:32:14,234] [7:140197287143168] - job_utils.py[line:397]: try to stop job 2021061521320891539715 task 2021061521320891539715_dataio_0 guest 9999 with failed party status process pid:2704
[INFO] [2021-06-15 21:32:14,234] [7:140197287143168] - job_utils.py[line:400]: can not found job 2021061521320891539715 task 2021061521320891539715_dataio_0 guest 9999 with failed party status process pid:2704
[INFO] [2021-06-15 21:32:14,238] [7:140197287143168] - job_utils.py[line:424]: start run subprocess to stop task session 2021061521320891539715_dataio_0_0_guest_9999
[INFO] [2021-06-15 21:32:14,238] [7:140197287143168] - job_utils.py[line:310]: start process command: python3 /fate/python/fate_flow/utils/session_utils.py -j 2021061521320891539715_dataio_0_0_guest_9999 --computing STANDALONE --federation STANDALONE --storage STANDALONE -c kill
[INFO] [2021-06-15 21:32:14,246] [7:140197287143168] - job_utils.py[line:334]: start process command: python3 /fate/python/fate_flow/utils/session_utils.py -j 2021061521320891539715_dataio_0_0_guest_9999 --computing STANDALONE --federation STANDALONE --storage STANDALONE -c kill successfully, pid is 2734
[INFO] [2021-06-15 21:32:14,247] [7:140197287143168] - task_controller.py[line:255]: job 2021061521320891539715 task 2021061521320891539715_dataio_0 0 on guest 9999 process 2704 kill success
[INFO] [2021-06-15 21:32:14,247] [7:140197287143168] - job_saver.py[line:71]: try to update job 2021061521320891539715 task 2021061521320891539715_dataio_0 0 status
[INFO] [2021-06-15 21:32:14,256] [7:140197287143168] - job_saver.py[line:76]: update job 2021061521320891539715 task 2021061521320891539715_dataio_0 0 status update does not take effect: {'job_id': '2021061521320891539715', 'task_id': '2021061521320891539715_dataio_0', 'task_version': 0, 'role': 'guest', 'party_id': '9999', 'party_status': 'failed'}
[INFO] [2021-06-15 21:32:14,268] [7:140197287143168] - job_saver.py[line:81]: try to update job 2021061521320891539715 task 2021061521320891539715_dataio_0 0
[WARNING] [2021-06-15 21:32:14,283] [7:140197287143168] - job_saver.py[line:86]: job 2021061521320891539715 task 2021061521320891539715_dataio_0 0 update does not take effect
[INFO] [2021-06-15 21:32:14,299] [7:140197287143168] - job_utils.py[line:397]: try to stop job 2021061521320891539715 task 2021061521320891539715_dataio_0 host 9998 with failed party status process pid:2706
[INFO] [2021-06-15 21:32:14,300] [7:140197287143168] - job_utils.py[line:372]: ['/usr/local/bin/python', '/fate/python/fate_flow/operation/task_executor.py', '-j', '2021061521320891539715', '-n', 'dataio_0', '-t', '2021061521320891539715_dataio_0', '-v', '0', '-r', 'host', '-p', '9998', '-c', '/fate/jobs/2021061521320891539715/host/9998/dataio_0/2021061521320891539715_dataio_0/0/task_parameters.json', '--run_ip', '127.0.0.1', '--job_server', '127.0.0.1:9380']
[INFO] [2021-06-15 21:32:14,301] [7:140197287143168] - job_utils.py[line:372]: ['/usr/local/bin/python', '/fate/python/fate_flow/operation/task_executor.py', '-j', '2021061521320891539715', '-n', 'dataio_0', '-t', '2021061521320891539715_dataio_0', '-v', '0', '-r', 'host', '-p', '9998', '-c', '/fate/jobs/2021061521320891539715/host/9998/dataio_0/2021061521320891539715_dataio_0/0/task_parameters.json', '--run_ip', '127.0.0.1', '--job_server', '127.0.0.1:9380']
[INFO] [2021-06-15 21:32:14,301] [7:140197287143168] - job_utils.py[line:414]: successfully stop job 2021061521320891539715 task 2021061521320891539715_dataio_0 host 9998 process pid:2706
[INFO] [2021-06-15 21:32:14,305] [7:140197287143168] - job_utils.py[line:424]: start run subprocess to stop task session 2021061521320891539715_dataio_0_0_host_9998
[INFO] [2021-06-15 21:32:14,305] [7:140197287143168] - job_utils.py[line:310]: start process command: python3 /fate/python/fate_flow/utils/session_utils.py -j 2021061521320891539715_dataio_0_0_host_9998 --computing STANDALONE --federation STANDALONE --storage STANDALONE -c kill
[INFO] [2021-06-15 21:32:14,314] [7:140197287143168] - job_utils.py[line:334]: start process command: python3 /fate/python/fate_flow/utils/session_utils.py -j 2021061521320891539715_dataio_0_0_host_9998 --computing STANDALONE --federation STANDALONE --storage STANDALONE -c kill successfully, pid is 2736
[INFO] [2021-06-15 21:32:14,314] [7:140197287143168] - task_controller.py[line:255]: job 2021061521320891539715 task 2021061521320891539715_dataio_0 0 on host 9998 process 2706 kill success
[INFO] [2021-06-15 21:32:14,314] [7:140197287143168] - job_saver.py[line:71]: try to update job 2021061521320891539715 task 2021061521320891539715_dataio_0 0 status
[INFO] [2021-06-15 21:32:14,320] [7:140197287143168] - job_saver.py[line:76]: update job 2021061521320891539715 task 2021061521320891539715_dataio_0 0 status update does not take effect: {'job_id': '2021061521320891539715', 'task_id': '2021061521320891539715_dataio_0', 'task_version': 0, 'role': 'host', 'party_id': '9998', 'party_status': 'failed'}
[INFO] [2021-06-15 21:32:14,326] [7:140197287143168] - job_saver.py[line:81]: try to update job 2021061521320891539715 task 2021061521320891539715_dataio_0 0
[WARNING] [2021-06-15 21:32:14,331] [7:140197287143168] - job_saver.py[line:86]: job 2021061521320891539715 task 2021061521320891539715_dataio_0 0 update does not take effect
[INFO] [2021-06-15 21:32:14,342] [7:140197562341120] - federated_scheduler.py[line:206]: stop job 2021061521320891539715 task 2021061521320891539715_dataio_0 0 success
[INFO] [2021-06-15 21:32:14,355] [7:140197562341120] - task_scheduler.py[line:143]: job 2021061521320891539715 task 2021061521320891539715_intersection_0 0 status is waiting, calculate by task party status list: ['waiting', 'waiting']
[INFO] [2021-06-15 21:32:14,367] [7:140197562341120] - task_scheduler.py[line:143]: job 2021061521320891539715 task 2021061521320891539715_hetero_secure_boost_0 0 status is waiting, calculate by task party status list: ['waiting', 'waiting']
[INFO] [2021-06-15 21:32:14,368] [7:140197562341120] - task_scheduler.py[line:75]: finish scheduling job 2021061521320891539715 tasks
[INFO] [2021-06-15 21:32:14,369] [7:140197562341120] - dag_scheduler.py[line:310]: Job 2021061521320891539715 status is failed, calculate by task status list: ['failed', 'waiting', 'waiting']
[INFO] [2021-06-15 21:32:14,369] [7:140197562341120] - federated_scheduler.py[line:58]: sync job 2021061521320891539715 info to all party
[INFO] [2021-06-15 21:32:14,375] [7:140197287143168] - job_saver.py[line:61]: try to update job 2021061521320891539715
[INFO] [2021-06-15 21:32:14,392] [7:140197287143168] - job_saver.py[line:64]: job 2021061521320891539715 update successfully: {'job_id': '2021061521320891539715', 'role': 'host', 'party_id': '9998', 'progress': 33.33333333333333}
[INFO] [2021-06-15 21:32:14,399] [7:140197287143168] - job_saver.py[line:61]: try to update job 2021061521320891539715
[INFO] [2021-06-15 21:32:14,411] [7:140197287143168] - job_saver.py[line:64]: job 2021061521320891539715 update successfully: {'job_id': '2021061521320891539715', 'role': 'guest', 'party_id': '9999', 'progress': 33.33333333333333}
[INFO] [2021-06-15 21:32:14,415] [7:140197562341120] - federated_scheduler.py[line:61]: sync job 2021061521320891539715 info to all party successfully
[INFO] [2021-06-15 21:32:14,427] [7:140197562341120] - job_saver.py[line:45]: try to update job 2021061521320891539715 status to None
[INFO] [2021-06-15 21:32:14,433] [7:140197562341120] - job_saver.py[line:56]: update job 2021061521320891539715 status does not take effect
[INFO] [2021-06-15 21:32:14,433] [7:140197562341120] - job_saver.py[line:61]: try to update job 2021061521320891539715
[INFO] [2021-06-15 21:32:14,446] [7:140197562341120] - job_saver.py[line:64]: job 2021061521320891539715 update successfully: {'job_id': '2021061521320891539715', 'role': 'host', 'party_id': '9998', 'progress': 33.33333333333333}
[INFO] [2021-06-15 21:32:14,446] [7:140197562341120] - job_saver.py[line:45]: try to update job 2021061521320891539715 status to None
[INFO] [2021-06-15 21:32:14,450] [7:140197562341120] - job_saver.py[line:56]: update job 2021061521320891539715 status does not take effect
[INFO] [2021-06-15 21:32:14,451] [7:140197562341120] - job_saver.py[line:61]: try to update job 2021061521320891539715
[INFO] [2021-06-15 21:32:14,462] [7:140197562341120] - job_saver.py[line:64]: job 2021061521320891539715 update successfully: {'job_id': '2021061521320891539715', 'role': 'guest', 'party_id': '9999', 'progress': 33.33333333333333}
[INFO] [2021-06-15 21:32:14,463] [7:140197562341120] - federated_scheduler.py[line:78]: try to save job 2021061521320891539715 pipelined model
[INFO] [2021-06-15 21:32:14,467] [7:140197287143168] - job_controller.py[line:331]: job 2021061521320891539715 on host 9998 start to save pipeline
[INFO] [2021-06-15 21:32:14,479] [7:140197287143168] - job_controller.py[line:331]: job 2021061521320891539715 on guest 9999 start to save pipeline
[INFO] [2021-06-15 21:32:14,486] [7:140197562341120] - federated_scheduler.py[line:81]: save job 2021061521320891539715 pipelined model success
[INFO] [2021-06-15 21:32:14,486] [7:140197562341120] - federated_scheduler.py[line:68]: job 2021061521320891539715 is failed, sync to all party
[INFO] [2021-06-15 21:32:14,490] [7:140197287143168] - job_saver.py[line:45]: try to update job 2021061521320891539715 status to failed
[INFO] [2021-06-15 21:32:14,510] [7:140197287143168] - job_saver.py[line:48]: update job 2021061521320891539715 status successfully
[INFO] [2021-06-15 21:32:14,562] [7:140197287143168] - resource_manager.py[line:176]: return job 2021061521320891539715 resource(cores 4 memory 0) on host 9998 successfully, remaining cores: 16 remaining memory: 0
[INFO] [2021-06-15 21:32:14,583] [7:140197287143168] - job_saver.py[line:45]: try to update job 2021061521320891539715 status to failed
[INFO] [2021-06-15 21:32:14,634] [7:140197287143168] - job_saver.py[line:48]: update job 2021061521320891539715 status successfully
[INFO] [2021-06-15 21:32:14,780] [7:140197287143168] - resource_manager.py[line:176]: return job 2021061521320891539715 resource(cores 4 memory 0) on guest 9999 successfully, remaining cores: 20 remaining memory: 0
[INFO] [2021-06-15 21:32:14,788] [7:140197562341120] - federated_scheduler.py[line:71]: sync job 2021061521320891539715 status failed to all party success
[INFO] [2021-06-15 21:32:14,805] [7:140197562341120] - job_saver.py[line:45]: try to update job 2021061521320891539715 status to failed
[INFO] [2021-06-15 21:32:14,813] [7:140197562341120] - job_saver.py[line:56]: update job 2021061521320891539715 status does not take effect
[INFO] [2021-06-15 21:32:14,814] [7:140197562341120] - job_saver.py[line:61]: try to update job 2021061521320891539715
[WARNING] [2021-06-15 21:32:14,824] [7:140197562341120] - job_saver.py[line:66]: job 2021061521320891539715 update does not take effect: {'job_id': '2021061521320891539715', 'role': 'host', 'party_id': '9998', 'status': 'failed'}
[INFO] [2021-06-15 21:32:14,825] [7:140197562341120] - job_saver.py[line:45]: try to update job 2021061521320891539715 status to failed
[INFO] [2021-06-15 21:32:14,835] [7:140197562341120] - job_saver.py[line:56]: update job 2021061521320891539715 status does not take effect
[INFO] [2021-06-15 21:32:14,835] [7:140197562341120] - job_saver.py[line:61]: try to update job 2021061521320891539715
[WARNING] [2021-06-15 21:32:14,854] [7:140197562341120] - job_saver.py[line:66]: job 2021061521320891539715 update does not take effect: {'job_id': '2021061521320891539715', 'role': 'guest', 'party_id': '9999', 'status': 'failed'}
[INFO] [2021-06-15 21:32:14,859] [7:140197562341120] - dag_scheduler.py[line:502]: Job 2021061521320891539715 finished with failed, do something...
[INFO] [2021-06-15 21:32:14,863] [7:140197562341120] - dag_scheduler.py[line:436]: request stop job 2021061521320891539715 with failed
[INFO] [2021-06-15 21:32:14,873] [7:140197562341120] - dag_scheduler.py[line:445]: request stop job 2021061521320891539715 with failed to all party
[INFO] [2021-06-15 21:32:14,874] [7:140197562341120] - federated_scheduler.py[line:88]: try to stop job 2021061521320891539715
[INFO] [2021-06-15 21:32:14,903] [7:140197287143168] - job_utils.py[line:393]: job 2021061521320891539715 task 2021061521320891539715_hetero_secure_boost_0 host 9998 with waiting party status no process pid
[INFO] [2021-06-15 21:32:14,903] [7:140197287143168] - task_controller.py[line:255]: job 2021061521320891539715 task 2021061521320891539715_hetero_secure_boost_0 0 on host 9998 process None kill success
[INFO] [2021-06-15 21:32:14,904] [7:140197287143168] - job_saver.py[line:71]: try to update job 2021061521320891539715 task 2021061521320891539715_hetero_secure_boost_0 0 status
[INFO] [2021-06-15 21:32:14,911] [7:140197287143168] - job_saver.py[line:76]: update job 2021061521320891539715 task 2021061521320891539715_hetero_secure_boost_0 0 status update does not take effect: {'job_id': '2021061521320891539715', 'task_id': '2021061521320891539715_hetero_secure_boost_0', 'task_version': 0, 'role': 'host', 'party_id': '9998', 'party_status': 'failed'}
[INFO] [2021-06-15 21:32:14,918] [7:140197287143168] - job_saver.py[line:81]: try to update job 2021061521320891539715 task 2021061521320891539715_hetero_secure_boost_0 0
[WARNING] [2021-06-15 21:32:14,926] [7:140197287143168] - job_saver.py[line:86]: job 2021061521320891539715 task 2021061521320891539715_hetero_secure_boost_0 0 update does not take effect
[INFO] [2021-06-15 21:32:14,933] [7:140197287143168] - job_utils.py[line:393]: job 2021061521320891539715 task 2021061521320891539715_intersection_0 host 9998 with waiting party status no process pid
[INFO] [2021-06-15 21:32:14,933] [7:140197287143168] - task_controller.py[line:255]: job 2021061521320891539715 task 2021061521320891539715_intersection_0 0 on host 9998 process None kill success
[INFO] [2021-06-15 21:32:14,934] [7:140197287143168] - job_saver.py[line:71]: try to update job 2021061521320891539715 task 2021061521320891539715_intersection_0 0 status
[INFO] [2021-06-15 21:32:14,941] [7:140197287143168] - job_saver.py[line:76]: update job 2021061521320891539715 task 2021061521320891539715_intersection_0 0 status update does not take effect: {'job_id': '2021061521320891539715', 'task_id': '2021061521320891539715_intersection_0', 'task_version': 0, 'role': 'host', 'party_id': '9998', 'party_status': 'failed'}
[INFO] [2021-06-15 21:32:14,946] [7:140197287143168] - job_saver.py[line:81]: try to update job 2021061521320891539715 task 2021061521320891539715_intersection_0 0
[WARNING] [2021-06-15 21:32:14,951] [7:140197287143168] - job_saver.py[line:86]: job 2021061521320891539715 task 2021061521320891539715_intersection_0 0 update does not take effect
[INFO] [2021-06-15 21:32:14,961] [7:140197287143168] - job_utils.py[line:397]: try to stop job 2021061521320891539715 task 2021061521320891539715_dataio_0 host 9998 with failed party status process pid:2706
[INFO] [2021-06-15 21:32:14,961] [7:140197287143168] - job_utils.py[line:400]: can not found job 2021061521320891539715 task 2021061521320891539715_dataio_0 host 9998 with failed party status process pid:2706
[INFO] [2021-06-15 21:32:14,965] [7:140197287143168] - job_utils.py[line:424]: start run subprocess to stop task session 2021061521320891539715_dataio_0_0_host_9998
[INFO] [2021-06-15 21:32:14,965] [7:140197287143168] - job_utils.py[line:310]: start process command: python3 /fate/python/fate_flow/utils/session_utils.py -j 2021061521320891539715_dataio_0_0_host_9998 --computing STANDALONE --federation STANDALONE --storage STANDALONE -c kill
[INFO] [2021-06-15 21:32:14,974] [7:140197287143168] - job_utils.py[line:334]: start process command: python3 /fate/python/fate_flow/utils/session_utils.py -j 2021061521320891539715_dataio_0_0_host_9998 --computing STANDALONE --federation STANDALONE --storage STANDALONE -c kill successfully, pid is 2760
[INFO] [2021-06-15 21:32:14,975] [7:140197287143168] - task_controller.py[line:255]: job 2021061521320891539715 task 2021061521320891539715_dataio_0 0 on host 9998 process 2706 kill success
[INFO] [2021-06-15 21:32:14,975] [7:140197287143168] - job_saver.py[line:71]: try to update job 2021061521320891539715 task 2021061521320891539715_dataio_0 0 status
[INFO] [2021-06-15 21:32:14,983] [7:140197287143168] - job_saver.py[line:76]: update job 2021061521320891539715 task 2021061521320891539715_dataio_0 0 status update does not take effect: {'job_id': '2021061521320891539715', 'task_id': '2021061521320891539715_dataio_0', 'task_version': 0, 'role': 'host', 'party_id': '9998', 'party_status': 'failed'}
[INFO] [2021-06-15 21:32:14,993] [7:140197287143168] - job_saver.py[line:81]: try to update job 2021061521320891539715 task 2021061521320891539715_dataio_0 0
[WARNING] [2021-06-15 21:32:15,001] [7:140197287143168] - job_saver.py[line:86]: job 2021061521320891539715 task 2021061521320891539715_dataio_0 0 update does not take effect
[INFO] [2021-06-15 21:32:15,008] [7:140197287143168] - job_saver.py[line:45]: try to update job 2021061521320891539715 status to failed
[INFO] [2021-06-15 21:32:15,016] [7:140197287143168] - job_saver.py[line:56]: update job 2021061521320891539715 status does not take effect
[INFO] [2021-06-15 21:32:15,038] [7:140197287143168] - job_utils.py[line:393]: job 2021061521320891539715 task 2021061521320891539715_hetero_secure_boost_0 guest 9999 with waiting party status no process pid
[INFO] [2021-06-15 21:32:15,038] [7:140197287143168] - task_controller.py[line:255]: job 2021061521320891539715 task 2021061521320891539715_hetero_secure_boost_0 0 on guest 9999 process None kill success
[INFO] [2021-06-15 21:32:15,038] [7:140197287143168] - job_saver.py[line:71]: try to update job 2021061521320891539715 task 2021061521320891539715_hetero_secure_boost_0 0 status
[INFO] [2021-06-15 21:32:15,044] [7:140197287143168] - job_saver.py[line:76]: update job 2021061521320891539715 task 2021061521320891539715_hetero_secure_boost_0 0 status update does not take effect: {'job_id': '2021061521320891539715', 'task_id': '2021061521320891539715_hetero_secure_boost_0', 'task_version': 0, 'role': 'guest', 'party_id': '9999', 'party_status': 'failed'}
[INFO] [2021-06-15 21:32:15,050] [7:140197287143168] - job_saver.py[line:81]: try to update job 2021061521320891539715 task 2021061521320891539715_hetero_secure_boost_0 0
[WARNING] [2021-06-15 21:32:15,057] [7:140197287143168] - job_saver.py[line:86]: job 2021061521320891539715 task 2021061521320891539715_hetero_secure_boost_0 0 update does not take effect
[INFO] [2021-06-15 21:32:15,064] [7:140197287143168] - job_utils.py[line:393]: job 2021061521320891539715 task 2021061521320891539715_intersection_0 guest 9999 with waiting party status no process pid
[INFO] [2021-06-15 21:32:15,064] [7:140197287143168] - task_controller.py[line:255]: job 2021061521320891539715 task 2021061521320891539715_intersection_0 0 on guest 9999 process None kill success
[INFO] [2021-06-15 21:32:15,064] [7:140197287143168] - job_saver.py[line:71]: try to update job 2021061521320891539715 task 2021061521320891539715_intersection_0 0 status
[INFO] [2021-06-15 21:32:15,068] [2734:139724930271040] - session_utils.py[line:38]: start kill session 2021061521320891539715_dataio_0_0_guest_9999
[INFO] [2021-06-15 21:32:15,068] [2734:139724930271040] - session_utils.py[line:47]: kill session 2021061521320891539715_dataio_0_0_guest_9999 success
[INFO] [2021-06-15 21:32:15,071] [7:140197287143168] - job_saver.py[line:76]: update job 2021061521320891539715 task 2021061521320891539715_intersection_0 0 status update does not take effect: {'job_id': '2021061521320891539715', 'task_id': '2021061521320891539715_intersection_0', 'task_version': 0, 'role': 'guest', 'party_id': '9999', 'party_status': 'failed'}
[INFO] [2021-06-15 21:32:15,078] [7:140197287143168] - job_saver.py[line:81]: try to update job 2021061521320891539715 task 2021061521320891539715_intersection_0 0
[WARNING] [2021-06-15 21:32:15,084] [7:140197287143168] - job_saver.py[line:86]: job 2021061521320891539715 task 2021061521320891539715_intersection_0 0 update does not take effect
[INFO] [2021-06-15 21:32:15,094] [7:140197287143168] - job_utils.py[line:397]: try to stop job 2021061521320891539715 task 2021061521320891539715_dataio_0 guest 9999 with failed party status process pid:2704
[INFO] [2021-06-15 21:32:15,094] [7:140197287143168] - job_utils.py[line:400]: can not found job 2021061521320891539715 task 2021061521320891539715_dataio_0 guest 9999 with failed party status process pid:2704
[INFO] [2021-06-15 21:32:15,099] [7:140197287143168] - job_utils.py[line:424]: start run subprocess to stop task session 2021061521320891539715_dataio_0_0_guest_9999
[INFO] [2021-06-15 21:32:15,100] [7:140197287143168] - job_utils.py[line:310]: start process command: python3 /fate/python/fate_flow/utils/session_utils.py -j 2021061521320891539715_dataio_0_0_guest_9999 --computing STANDALONE --federation STANDALONE --storage STANDALONE -c kill
[INFO] [2021-06-15 21:32:15,110] [7:140197287143168] - job_utils.py[line:334]: start process command: python3 /fate/python/fate_flow/utils/session_utils.py -j 2021061521320891539715_dataio_0_0_guest_9999 --computing STANDALONE --federation STANDALONE --storage STANDALONE -c kill successfully, pid is 2762
[INFO] [2021-06-15 21:32:15,111] [7:140197287143168] - task_controller.py[line:255]: job 2021061521320891539715 task 2021061521320891539715_dataio_0 0 on guest 9999 process 2704 kill success
[INFO] [2021-06-15 21:32:15,111] [7:140197287143168] - job_saver.py[line:71]: try to update job 2021061521320891539715 task 2021061521320891539715_dataio_0 0 status
[INFO] [2021-06-15 21:32:15,118] [7:140197287143168] - job_saver.py[line:76]: update job 2021061521320891539715 task 2021061521320891539715_dataio_0 0 status update does not take effect: {'job_id': '2021061521320891539715', 'task_id': '2021061521320891539715_dataio_0', 'task_version': 0, 'role': 'guest', 'party_id': '9999', 'party_status': 'failed'}
[INFO] [2021-06-15 21:32:15,122] [2736:140717798938432] - session_utils.py[line:38]: start kill session 2021061521320891539715_dataio_0_0_host_9998
[INFO] [2021-06-15 21:32:15,122] [2736:140717798938432] - session_utils.py[line:47]: kill session 2021061521320891539715_dataio_0_0_host_9998 success
[INFO] [2021-06-15 21:32:15,125] [7:140197287143168] - job_saver.py[line:81]: try to update job 2021061521320891539715 task 2021061521320891539715_dataio_0 0
[WARNING] [2021-06-15 21:32:15,132] [7:140197287143168] - job_saver.py[line:86]: job 2021061521320891539715 task 2021061521320891539715_dataio_0 0 update does not take effect
[INFO] [2021-06-15 21:32:15,139] [7:140197287143168] - job_saver.py[line:45]: try to update job 2021061521320891539715 status to failed
[INFO] [2021-06-15 21:32:15,146] [7:140197287143168] - job_saver.py[line:56]: update job 2021061521320891539715 status does not take effect
[INFO] [2021-06-15 21:32:15,152] [7:140197562341120] - federated_scheduler.py[line:92]: stop job 2021061521320891539715 success
[INFO] [2021-06-15 21:32:15,152] [7:140197562341120] - dag_scheduler.py[line:448]: stop job 2021061521320891539715 with failed successfully
[INFO] [2021-06-15 21:32:15,152] [7:140197562341120] - federated_scheduler.py[line:107]: try to clean job 2021061521320891539715
[INFO] [2021-06-15 21:32:15,158] [7:140197287143168] - job_controller.py[line:379]: Job 2021061521320891539715 on host 9998 start to clean
[INFO] [2021-06-15 21:32:15,159] [7:140197287143168] - job_controller.py[line:382]: job 2021061521320891539715 on host 9998 clean done
[INFO] [2021-06-15 21:32:15,170] [7:140197287143168] - job_controller.py[line:379]: Job 2021061521320891539715 on guest 9999 start to clean
[INFO] [2021-06-15 21:32:15,170] [7:140197287143168] - job_controller.py[line:382]: job 2021061521320891539715 on guest 9999 clean done
[INFO] [2021-06-15 21:32:15,174] [7:140197562341120] - federated_scheduler.py[line:110]: clean job 2021061521320891539715 success
[INFO] [2021-06-15 21:32:15,174] [7:140197562341120] - dag_scheduler.py[line:505]: Job 2021061521320891539715 finished with failed, done
[INFO] [2021-06-15 21:32:15,174] [7:140197562341120] - dag_scheduler.py[line:325]: finish scheduling job 2021061521320891539715
[INFO] [2021-06-15 21:32:15,207] [7:140197562341120] - dag_scheduler.py[line:298]: scheduling job 2021061521320891539715
[INFO] [2021-06-15 21:32:15,237] [7:140197562341120] - task_scheduler.py[line:28]: scheduling job 2021061521320891539715 tasks
[INFO] [2021-06-15 21:32:15,261] [7:140197562341120] - task_scheduler.py[line:143]: job 2021061521320891539715 task 2021061521320891539715_dataio_0 0 status is failed, calculate by task party status list: ['failed', 'failed']
[INFO] [2021-06-15 21:32:15,275] [7:140197562341120] - task_scheduler.py[line:143]: job 2021061521320891539715 task 2021061521320891539715_intersection_0 0 status is waiting, calculate by task party status list: ['waiting', 'waiting']
[INFO] [2021-06-15 21:32:15,287] [7:140197562341120] - task_scheduler.py[line:143]: job 2021061521320891539715 task 2021061521320891539715_hetero_secure_boost_0 0 status is waiting, calculate by task party status list: ['waiting', 'waiting']
[INFO] [2021-06-15 21:32:15,288] [7:140197562341120] - task_scheduler.py[line:75]: finish scheduling job 2021061521320891539715 tasks
[INFO] [2021-06-15 21:32:15,289] [7:140197562341120] - dag_scheduler.py[line:310]: Job 2021061521320891539715 status is failed, calculate by task status list: ['failed', 'waiting', 'waiting']
[INFO] [2021-06-15 21:32:15,290] [7:140197562341120] - dag_scheduler.py[line:502]: Job 2021061521320891539715 finished with failed, do something...
[INFO] [2021-06-15 21:32:15,292] [7:140197562341120] - dag_scheduler.py[line:436]: request stop job 2021061521320891539715 with failed
[INFO] [2021-06-15 21:32:15,312] [7:140197562341120] - dag_scheduler.py[line:445]: request stop job 2021061521320891539715 with failed to all party
[INFO] [2021-06-15 21:32:15,313] [7:140197562341120] - federated_scheduler.py[line:88]: try to stop job 2021061521320891539715
[INFO] [2021-06-15 21:32:15,342] [7:140197287143168] - job_utils.py[line:393]: job 2021061521320891539715 task 2021061521320891539715_hetero_secure_boost_0 host 9998 with waiting party status no process pid
[INFO] [2021-06-15 21:32:15,343] [7:140197287143168] - task_controller.py[line:255]: job 2021061521320891539715 task 2021061521320891539715_hetero_secure_boost_0 0 on host 9998 process None kill success
[INFO] [2021-06-15 21:32:15,343] [7:140197287143168] - job_saver.py[line:71]: try to update job 2021061521320891539715 task 2021061521320891539715_hetero_secure_boost_0 0 status
[INFO] [2021-06-15 21:32:15,351] [7:140197287143168] - job_saver.py[line:76]: update job 2021061521320891539715 task 2021061521320891539715_hetero_secure_boost_0 0 status update does not take effect: {'job_id': '2021061521320891539715', 'task_id': '2021061521320891539715_hetero_secure_boost_0', 'task_version': 0, 'role': 'host', 'party_id': '9998', 'party_status': 'failed'}
[INFO] [2021-06-15 21:32:15,359] [7:140197287143168] - job_saver.py[line:81]: try to update job 2021061521320891539715 task 2021061521320891539715_hetero_secure_boost_0 0
[WARNING] [2021-06-15 21:32:15,368] [7:140197287143168] - job_saver.py[line:86]: job 2021061521320891539715 task 2021061521320891539715_hetero_secure_boost_0 0 update does not take effect
[INFO] [2021-06-15 21:32:15,376] [7:140197287143168] - job_utils.py[line:393]: job 2021061521320891539715 task 2021061521320891539715_intersection_0 host 9998 with waiting party status no process pid
[INFO] [2021-06-15 21:32:15,376] [7:140197287143168] - task_controller.py[line:255]: job 2021061521320891539715 task 2021061521320891539715_intersection_0 0 on host 9998 process None kill success
[INFO] [2021-06-15 21:32:15,376] [7:140197287143168] - job_saver.py[line:71]: try to update job 2021061521320891539715 task 2021061521320891539715_intersection_0 0 status
[INFO] [2021-06-15 21:32:15,386] [7:140197287143168] - job_saver.py[line:76]: update job 2021061521320891539715 task 2021061521320891539715_intersection_0 0 status update does not take effect: {'job_id': '2021061521320891539715', 'task_id': '2021061521320891539715_intersection_0', 'task_version': 0, 'role': 'host', 'party_id': '9998', 'party_status': 'failed'}
[INFO] [2021-06-15 21:32:15,391] [7:140197287143168] - job_saver.py[line:81]: try to update job 2021061521320891539715 task 2021061521320891539715_intersection_0 0
[WARNING] [2021-06-15 21:32:15,409] [7:140197287143168] - job_saver.py[line:86]: job 2021061521320891539715 task 2021061521320891539715_intersection_0 0 update does not take effect
[INFO] [2021-06-15 21:32:15,424] [7:140197287143168] - job_utils.py[line:397]: try to stop job 2021061521320891539715 task 2021061521320891539715_dataio_0 host 9998 with failed party status process pid:2706
[INFO] [2021-06-15 21:32:15,425] [7:140197287143168] - job_utils.py[line:400]: can not found job 2021061521320891539715 task 2021061521320891539715_dataio_0 host 9998 with failed party status process pid:2706
[INFO] [2021-06-15 21:32:15,428] [7:140197287143168] - job_utils.py[line:424]: start run subprocess to stop task session 2021061521320891539715_dataio_0_0_host_9998
[INFO] [2021-06-15 21:32:15,429] [7:140197287143168] - job_utils.py[line:310]: start process command: python3 /fate/python/fate_flow/utils/session_utils.py -j 2021061521320891539715_dataio_0_0_host_9998 --computing STANDALONE --federation STANDALONE --storage STANDALONE -c kill
[INFO] [2021-06-15 21:32:15,467] [7:140197287143168] - job_utils.py[line:334]: start process command: python3 /fate/python/fate_flow/utils/session_utils.py -j 2021061521320891539715_dataio_0_0_host_9998 --computing STANDALONE --federation STANDALONE --storage STANDALONE -c kill successfully, pid is 2774
[INFO] [2021-06-15 21:32:15,468] [7:140197287143168] - task_controller.py[line:255]: job 2021061521320891539715 task 2021061521320891539715_dataio_0 0 on host 9998 process 2706 kill success
[INFO] [2021-06-15 21:32:15,468] [7:140197287143168] - job_saver.py[line:71]: try to update job 2021061521320891539715 task 2021061521320891539715_dataio_0 0 status
[INFO] [2021-06-15 21:32:15,474] [7:140197287143168] - job_saver.py[line:76]: update job 2021061521320891539715 task 2021061521320891539715_dataio_0 0 status update does not take effect: {'job_id': '2021061521320891539715', 'task_id': '2021061521320891539715_dataio_0', 'task_version': 0, 'role': 'host', 'party_id': '9998', 'party_status': 'failed'}
[INFO] [2021-06-15 21:32:15,480] [7:140197287143168] - job_saver.py[line:81]: try to update job 2021061521320891539715 task 2021061521320891539715_dataio_0 0
[WARNING] [2021-06-15 21:32:15,485] [7:140197287143168] - job_saver.py[line:86]: job 2021061521320891539715 task 2021061521320891539715_dataio_0 0 update does not take effect
[INFO] [2021-06-15 21:32:15,493] [7:140197287143168] - job_saver.py[line:45]: try to update job 2021061521320891539715 status to failed
[INFO] [2021-06-15 21:32:15,502] [7:140197287143168] - job_saver.py[line:56]: update job 2021061521320891539715 status does not take effect
[INFO] [2021-06-15 21:32:15,526] [7:140197287143168] - job_utils.py[line:393]: job 2021061521320891539715 task 2021061521320891539715_hetero_secure_boost_0 guest 9999 with waiting party status no process pid
[INFO] [2021-06-15 21:32:15,526] [7:140197287143168] - task_controller.py[line:255]: job 2021061521320891539715 task 2021061521320891539715_hetero_secure_boost_0 0 on guest 9999 process None kill success
[INFO] [2021-06-15 21:32:15,526] [7:140197287143168] - job_saver.py[line:71]: try to update job 2021061521320891539715 task 2021061521320891539715_hetero_secure_boost_0 0 status
[INFO] [2021-06-15 21:32:15,531] [7:140197287143168] - job_saver.py[line:76]: update job 2021061521320891539715 task 2021061521320891539715_hetero_secure_boost_0 0 status update does not take effect: {'job_id': '2021061521320891539715', 'task_id': '2021061521320891539715_hetero_secure_boost_0', 'task_version': 0, 'role': 'guest', 'party_id': '9999', 'party_status': 'failed'}
[INFO] [2021-06-15 21:32:15,538] [7:140197287143168] - job_saver.py[line:81]: try to update job 2021061521320891539715 task 2021061521320891539715_hetero_secure_boost_0 0
[WARNING] [2021-06-15 21:32:15,545] [7:140197287143168] - job_saver.py[line:86]: job 2021061521320891539715 task 2021061521320891539715_hetero_secure_boost_0 0 update does not take effect
[INFO] [2021-06-15 21:32:15,553] [7:140197287143168] - job_utils.py[line:393]: job 2021061521320891539715 task 2021061521320891539715_intersection_0 guest 9999 with waiting party status no process pid
[INFO] [2021-06-15 21:32:15,554] [7:140197287143168] - task_controller.py[line:255]: job 2021061521320891539715 task 2021061521320891539715_intersection_0 0 on guest 9999 process None kill success
[INFO] [2021-06-15 21:32:15,554] [7:140197287143168] - job_saver.py[line:71]: try to update job 2021061521320891539715 task 2021061521320891539715_intersection_0 0 status
[INFO] [2021-06-15 21:32:15,560] [7:140197287143168] - job_saver.py[line:76]: update job 2021061521320891539715 task 2021061521320891539715_intersection_0 0 status update does not take effect: {'job_id': '2021061521320891539715', 'task_id': '2021061521320891539715_intersection_0', 'task_version': 0, 'role': 'guest', 'party_id': '9999', 'party_status': 'failed'}
[INFO] [2021-06-15 21:32:15,582] [7:140197287143168] - job_saver.py[line:81]: try to update job 2021061521320891539715 task 2021061521320891539715_intersection_0 0
[WARNING] [2021-06-15 21:32:15,603] [7:140197287143168] - job_saver.py[line:86]: job 2021061521320891539715 task 2021061521320891539715_intersection_0 0 update does not take effect
[INFO] [2021-06-15 21:32:15,610] [7:140197287143168] - job_utils.py[line:397]: try to stop job 2021061521320891539715 task 2021061521320891539715_dataio_0 guest 9999 with failed party status process pid:2704
[INFO] [2021-06-15 21:32:15,610] [7:140197287143168] - job_utils.py[line:400]: can not found job 2021061521320891539715 task 2021061521320891539715_dataio_0 guest 9999 with failed party status process pid:2704
[INFO] [2021-06-15 21:32:15,624] [7:140197287143168] - job_utils.py[line:424]: start run subprocess to stop task session 2021061521320891539715_dataio_0_0_guest_9999
[INFO] [2021-06-15 21:32:15,624] [7:140197287143168] - job_utils.py[line:310]: start process command: python3 /fate/python/fate_flow/utils/session_utils.py -j 2021061521320891539715_dataio_0_0_guest_9999 --computing STANDALONE --federation STANDALONE --storage STANDALONE -c kill
[INFO] [2021-06-15 21:32:15,648] [7:140197287143168] - job_utils.py[line:334]: start process command: python3 /fate/python/fate_flow/utils/session_utils.py -j 2021061521320891539715_dataio_0_0_guest_9999 --computing STANDALONE --federation STANDALONE --storage STANDALONE -c kill successfully, pid is 2784
[INFO] [2021-06-15 21:32:15,649] [7:140197287143168] - task_controller.py[line:255]: job 2021061521320891539715 task 2021061521320891539715_dataio_0 0 on guest 9999 process 2704 kill success
[INFO] [2021-06-15 21:32:15,649] [7:140197287143168] - job_saver.py[line:71]: try to update job 2021061521320891539715 task 2021061521320891539715_dataio_0 0 status
[INFO] [2021-06-15 21:32:15,654] [7:140197287143168] - job_saver.py[line:76]: update job 2021061521320891539715 task 2021061521320891539715_dataio_0 0 status update does not take effect: {'job_id': '2021061521320891539715', 'task_id': '2021061521320891539715_dataio_0', 'task_version': 0, 'role': 'guest', 'party_id': '9999', 'party_status': 'failed'}
[INFO] [2021-06-15 21:32:15,661] [7:140197287143168] - job_saver.py[line:81]: try to update job 2021061521320891539715 task 2021061521320891539715_dataio_0 0
[WARNING] [2021-06-15 21:32:15,669] [7:140197287143168] - job_saver.py[line:86]: job 2021061521320891539715 task 2021061521320891539715_dataio_0 0 update does not take effect
[INFO] [2021-06-15 21:32:15,678] [7:140197287143168] - job_saver.py[line:45]: try to update job 2021061521320891539715 status to failed
[INFO] [2021-06-15 21:32:15,686] [7:140197287143168] - job_saver.py[line:56]: update job 2021061521320891539715 status does not take effect
[INFO] [2021-06-15 21:32:15,692] [7:140197562341120] - federated_scheduler.py[line:92]: stop job 2021061521320891539715 success
[INFO] [2021-06-15 21:32:15,692] [7:140197562341120] - dag_scheduler.py[line:448]: stop job 2021061521320891539715 with failed successfully
[INFO] [2021-06-15 21:32:15,692] [7:140197562341120] - federated_scheduler.py[line:107]: try to clean job 2021061521320891539715
[INFO] [2021-06-15 21:32:15,699] [7:140197287143168] - job_controller.py[line:379]: Job 2021061521320891539715 on host 9998 start to clean
[INFO] [2021-06-15 21:32:15,699] [7:140197287143168] - job_controller.py[line:382]: job 2021061521320891539715 on host 9998 clean done
[INFO] [2021-06-15 21:32:15,709] [7:140197287143168] - job_controller.py[line:379]: Job 2021061521320891539715 on guest 9999 start to clean
[INFO] [2021-06-15 21:32:15,709] [7:140197287143168] - job_controller.py[line:382]: job 2021061521320891539715 on guest 9999 clean done
[INFO] [2021-06-15 21:32:15,714] [7:140197562341120] - federated_scheduler.py[line:110]: clean job 2021061521320891539715 success
[INFO] [2021-06-15 21:32:15,714] [7:140197562341120] - dag_scheduler.py[line:505]: Job 2021061521320891539715 finished with failed, done
[INFO] [2021-06-15 21:32:15,714] [7:140197562341120] - dag_scheduler.py[line:325]: finish scheduling job 2021061521320891539715
[INFO] [2021-06-15 21:32:15,733] [2760:139638056761152] - session_utils.py[line:38]: start kill session 2021061521320891539715_dataio_0_0_host_9998
[INFO] [2021-06-15 21:32:15,733] [2760:139638056761152] - session_utils.py[line:47]: kill session 2021061521320891539715_dataio_0_0_host_9998 success
[INFO] [2021-06-15 21:32:15,946] [2762:139900154595136] - session_utils.py[line:38]: start kill session 2021061521320891539715_dataio_0_0_guest_9999
[INFO] [2021-06-15 21:32:15,946] [2762:139900154595136] - session_utils.py[line:47]: kill session 2021061521320891539715_dataio_0_0_guest_9999 success
[INFO] [2021-06-15 21:32:16,195] [2774:140015829780288] - session_utils.py[line:38]: start kill session 2021061521320891539715_dataio_0_0_host_9998
[INFO] [2021-06-15 21:32:16,196] [2774:140015829780288] - session_utils.py[line:47]: kill session 2021061521320891539715_dataio_0_0_host_9998 success
[INFO] [2021-06-15 21:32:16,328] [2784:140661818304320] - session_utils.py[line:38]: start kill session 2021061521320891539715_dataio_0_0_guest_9999
[INFO] [2021-06-15 21:32:16,328] [2784:140661818304320] - session_utils.py[line:47]: kill session 2021061521320891539715_dataio_0_0_guest_9999 success
[INFO] [2021-06-15 21:32:17,786] [7:140197562341120] - dag_scheduler.py[line:193]: the number of updates has been exceeded
[INFO] [2021-06-15 21:32:19,868] [7:140197562341120] - dag_scheduler.py[line:193]: the number of updates has been exceeded
[INFO] [2021-06-15 21:32:21,929] [7:140197562341120] - dag_scheduler.py[line:193]: the number of updates has been exceeded
[INFO] [2021-06-15 21:32:23,984] [7:140197562341120] - dag_scheduler.py[line:193]: the number of updates has been exceeded
[INFO] [2021-06-15 21:32:26,037] [7:140197562341120] - dag_scheduler.py[line:193]: the number of updates has been exceeded
[INFO] [2021-06-15 21:32:28,092] [7:140197562341120] - dag_scheduler.py[line:193]: the number of updates has been exceeded
[INFO] [2021-06-15 21:32:30,145] [7:140197562341120] - dag_scheduler.py[line:193]: the number of updates has been exceeded
[INFO] [2021-06-15 21:32:32,205] [7:140197562341120] - dag_scheduler.py[line:193]: the number of updates has been exceeded
[INFO] [2021-06-15 21:32:34,255] [7:140197562341120] - dag_scheduler.py[line:193]: the number of updates has been exceeded
[INFO] [2021-06-15 21:32:36,296] [7:140197562341120] - dag_scheduler.py[line:193]: the number of updates has been exceeded
[INFO] [2021-06-15 21:32:38,358] [7:140197562341120] - dag_scheduler.py[line:193]: the number of updates has been exceeded
[INFO] [2021-06-15 21:32:40,388] [7:140197562341120] - dag_scheduler.py[line:193]: the number of updates has been exceeded
[INFO] [2021-06-15 21:32:42,441] [7:140197562341120] - dag_scheduler.py[line:193]: the number of updates has been exceeded
[INFO] [2021-06-15 21:32:44,491] [7:140197562341120] - dag_scheduler.py[line:193]: the number of updates has been exceeded
[INFO] [2021-06-15 21:32:46,543] [7:140197562341120] - dag_scheduler.py[line:193]: the number of updates has been exceeded
[INFO] [2021-06-15 21:32:48,600] [7:140197562341120] - dag_scheduler.py[line:193]: the number of updates has been exceeded
[INFO] [2021-06-15 21:32:50,664] [7:140197562341120] - dag_scheduler.py[line:193]: the number of updates has been exceeded
[INFO] [2021-06-15 21:32:52,722] [7:140197562341120] - dag_scheduler.py[line:193]: the number of updates has been exceeded
[INFO] [2021-06-15 21:32:54,804] [7:140197562341120] - dag_scheduler.py[line:193]: the number of updates has been exceeded
[INFO] [2021-06-15 21:32:56,858] [7:140197562341120] - dag_scheduler.py[line:193]: the number of updates has been exceeded
[INFO] [2021-06-15 21:32:58,900] [7:140197562341120] - dag_scheduler.py[line:193]: the number of updates has been exceeded
[INFO] [2021-06-15 21:33:00,961] [7:140197562341120] - dag_scheduler.py[line:193]: the number of updates has been exceeded
[INFO] [2021-06-15 21:33:03,020] [7:140197562341120] - dag_scheduler.py[line:193]: the number of updates has been exceeded
[INFO] [2021-06-15 21:33:05,070] [7:140197562341120] - dag_scheduler.py[line:193]: the number of updates has been exceeded
[INFO] [2021-06-15 21:33:07,135] [7:140197562341120] - dag_scheduler.py[line:193]: the number of updates has been exceeded
[INFO] [2021-06-15 21:33:09,188] [7:140197562341120] - dag_scheduler.py[line:193]: the number of updates has been exceeded
[INFO] [2021-06-15 21:33:11,251] [7:140197562341120] - dag_scheduler.py[line:193]: the number of updates has been exceeded
[INFO] [2021-06-15 21:33:13,305] [7:140197562341120] - dag_scheduler.py[line:193]: the number of updates has been exceeded
[INFO] [2021-06-15 21:33:15,358] [7:140197562341120] - dag_scheduler.py[line:193]: the number of updates has been exceeded
[INFO] [2021-06-15 21:33:17,408] [7:140197562341120] - dag_scheduler.py[line:193]: the number of updates has been exceeded
[INFO] [2021-06-15 21:33:19,463] [7:140197562341120] - dag_scheduler.py[line:193]: the number of updates has been exceeded
[INFO] [2021-06-15 21:33:21,521] [7:140197562341120] - dag_scheduler.py[line:193]: the number of updates has been exceeded
[INFO] [2021-06-15 21:33:23,573] [7:140197562341120] - dag_scheduler.py[line:193]: the number of updates has been exceeded
[INFO] [2021-06-15 21:33:25,625] [7:140197562341120] - dag_scheduler.py[line:193]: the number of updates has been exceeded
[INFO] [2021-06-15 21:33:27,681] [7:140197562341120] - dag_scheduler.py[line:193]: the number of updates has been exceeded
[INFO] [2021-06-15 21:33:29,731] [7:140197562341120] - dag_scheduler.py[line:193]: the number of updates has been exceeded
[INFO] [2021-06-15 21:33:31,788] [7:140197562341120] - dag_scheduler.py[line:193]: the number of updates has been exceeded
[INFO] [2021-06-15 21:33:33,854] [7:140197562341120] - dag_scheduler.py[line:193]: the number of updates has been exceeded
[INFO] [2021-06-15 21:33:35,915] [7:140197562341120] - dag_scheduler.py[line:193]: the number of updates has been exceeded
[INFO] [2021-06-15 21:33:37,960] [7:140197562341120] - dag_scheduler.py[line:193]: the number of updates has been exceeded
[INFO] [2021-06-15 21:33:40,000] [7:140197562341120] - dag_scheduler.py[line:193]: the number of updates has been exceeded
[INFO] [2021-06-15 21:33:42,057] [7:140197562341120] - dag_scheduler.py[line:193]: the number of updates has been exceeded
[INFO] [2021-06-15 21:33:44,107] [7:140197562341120] - dag_scheduler.py[line:193]: the number of updates has been exceeded
[INFO] [2021-06-15 21:33:46,160] [7:140197562341120] - dag_scheduler.py[line:193]: the number of updates has been exceeded
[INFO] [2021-06-15 21:33:48,208] [7:140197562341120] - dag_scheduler.py[line:193]: the number of updates has been exceeded
[INFO] [2021-06-15 21:33:50,258] [7:140197562341120] - dag_scheduler.py[line:193]: the number of updates has been exceeded
[INFO] [2021-06-15 21:33:52,294] [7:140197562341120] - dag_scheduler.py[line:193]: the number of updates has been exceeded
[INFO] [2021-06-15 21:33:54,346] [7:140197562341120] - dag_scheduler.py[line:193]: the number of updates has been exceeded
[INFO] [2021-06-15 21:33:56,396] [7:140197562341120] - dag_scheduler.py[line:193]: the number of updates has been exceeded
[INFO] [2021-06-15 21:33:58,447] [7:140197562341120] - dag_scheduler.py[line:193]: the number of updates has been exceeded
[INFO] [2021-06-15 21:34:00,531] [7:140197562341120] - dag_scheduler.py[line:193]: the number of updates has been exceeded
[INFO] [2021-06-15 21:34:02,598] [7:140197562341120] - dag_scheduler.py[line:193]: the number of updates has been exceeded
[INFO] [2021-06-15 21:34:04,649] [7:140197562341120] - dag_scheduler.py[line:193]: the number of updates has been exceeded
[INFO] [2021-06-15 21:34:06,701] [7:140197562341120] - dag_scheduler.py[line:193]: the number of updates has been exceeded
[INFO] [2021-06-15 21:34:08,755] [7:140197562341120] - dag_scheduler.py[line:193]: the number of updates has been exceeded
[INFO] [2021-06-15 21:34:10,807] [7:140197562341120] - dag_scheduler.py[line:193]: the number of updates has been exceeded
[INFO] [2021-06-15 21:34:12,895] [7:140197562341120] - dag_scheduler.py[line:193]: the number of updates has been exceeded
[INFO] [2021-06-15 21:34:14,959] [7:140197562341120] - dag_scheduler.py[line:193]: the number of updates has been exceeded
[INFO] [2021-06-15 21:34:17,017] [7:140197562341120] - dag_scheduler.py[line:193]: the number of updates has been exceeded
[INFO] [2021-06-15 21:34:19,054] [7:140197562341120] - dag_scheduler.py[line:193]: the number of updates has been exceeded
[INFO] [2021-06-15 21:34:21,103] [7:140197562341120] - dag_scheduler.py[line:193]: the number of updates has been exceeded
[INFO] [2021-06-15 21:34:23,175] [7:140197562341120] - dag_scheduler.py[line:193]: the number of updates has been exceeded
[INFO] [2021-06-15 21:34:25,218] [7:140197562341120] - dag_scheduler.py[line:193]: the number of updates has been exceeded
[INFO] [2021-06-15 21:34:27,274] [7:140197562341120] - dag_scheduler.py[line:193]: the number of updates has been exceeded
[INFO] [2021-06-15 21:34:29,310] [7:140197562341120] - dag_scheduler.py[line:193]: the number of updates has been exceeded
[INFO] [2021-06-15 21:34:31,365] [7:140197562341120] - dag_scheduler.py[line:193]: the number of updates has been exceeded
[INFO] [2021-06-15 21:34:33,417] [7:140197562341120] - dag_scheduler.py[line:193]: the number of updates has been exceeded
[INFO] [2021-06-15 21:34:35,501] [7:140197562341120] - dag_scheduler.py[line:193]: the number of updates has been exceeded
[INFO] [2021-06-15 21:34:37,555] [7:140197562341120] - dag_scheduler.py[line:193]: the number of updates has been exceeded
[INFO] [2021-06-15 21:34:39,595] [7:140197562341120] - dag_scheduler.py[line:193]: the number of updates has been exceeded
[INFO] [2021-06-15 21:34:41,697] [7:140197562341120] - dag_scheduler.py[line:193]: the number of updates has been exceeded
[INFO] [2021-06-15 21:34:43,781] [7:140197562341120] - dag_scheduler.py[line:193]: the number of updates has been exceeded
[INFO] [2021-06-15 21:34:45,852] [7:140197562341120] - dag_scheduler.py[line:193]: the number of updates has been exceeded
[INFO] [2021-06-15 21:34:47,903] [7:140197562341120] - dag_scheduler.py[line:193]: the number of updates has been exceeded
[INFO] [2021-06-15 21:34:49,960] [7:140197562341120] - dag_scheduler.py[line:193]: the number of updates has been exceeded
[INFO] [2021-06-15 21:34:52,026] [7:140197562341120] - dag_scheduler.py[line:193]: the number of updates has been exceeded
[INFO] [2021-06-15 21:34:54,105] [7:140197562341120] - dag_scheduler.py[line:193]: the number of updates has been exceeded
[INFO] [2021-06-15 21:34:56,146] [7:140197562341120] - dag_scheduler.py[line:193]: the number of updates has been exceeded
[INFO] [2021-06-15 21:34:58,209] [7:140197562341120] - dag_scheduler.py[line:193]: the number of updates has been exceeded
[INFO] [2021-06-15 21:35:00,266] [7:140197562341120] - dag_scheduler.py[line:193]: the number of updates has been exceeded
[INFO] [2021-06-15 21:35:02,318] [7:140197562341120] - dag_scheduler.py[line:193]: the number of updates has been exceeded
[INFO] [2021-06-15 21:35:04,375] [7:140197562341120] - dag_scheduler.py[line:193]: the number of updates has been exceeded
[INFO] [2021-06-15 21:35:06,427] [7:140197562341120] - dag_scheduler.py[line:193]: the number of updates has been exceeded
[INFO] [2021-06-15 21:35:08,484] [7:140197562341120] - dag_scheduler.py[line:193]: the number of updates has been exceeded
[INFO] [2021-06-15 21:35:10,539] [7:140197562341120] - dag_scheduler.py[line:193]: the number of updates has been exceeded
[INFO] [2021-06-15 21:35:12,589] [7:140197562341120] - dag_scheduler.py[line:193]: the number of updates has been exceeded
[INFO] [2021-06-15 21:35:14,644] [7:140197562341120] - dag_scheduler.py[line:193]: the number of updates has been exceeded
[INFO] [2021-06-15 21:35:16,703] [7:140197562341120] - dag_scheduler.py[line:193]: the number of updates has been exceeded
[INFO] [2021-06-15 21:35:18,756] [7:140197562341120] - dag_scheduler.py[line:193]: the number of updates has been exceeded
[INFO] [2021-06-15 21:35:20,808] [7:140197562341120] - dag_scheduler.py[line:193]: the number of updates has been exceeded
[INFO] [2021-06-15 21:35:22,859] [7:140197562341120] - dag_scheduler.py[line:193]: the number of updates has been exceeded
[INFO] [2021-06-15 21:35:24,911] [7:140197562341120] - dag_scheduler.py[line:193]: the number of updates has been exceeded
[INFO] [2021-06-15 21:35:26,968] [7:140197562341120] - dag_scheduler.py[line:193]: the number of updates has been exceeded
[INFO] [2021-06-15 21:35:29,024] [7:140197562341120] - dag_scheduler.py[line:193]: the number of updates has been exceeded
[INFO] [2021-06-15 21:35:31,078] [7:140197562341120] - dag_scheduler.py[line:193]: the number of updates has been exceeded
[INFO] [2021-06-15 21:35:33,131] [7:140197562341120] - dag_scheduler.py[line:193]: the number of updates has been exceeded
[INFO] [2021-06-15 21:35:35,195] [7:140197562341120] - dag_scheduler.py[line:193]: the number of updates has been exceeded
[INFO] [2021-06-15 21:35:37,269] [7:140197562341120] - dag_scheduler.py[line:193]: the number of updates has been exceeded
[INFO] [2021-06-15 21:35:39,323] [7:140197562341120] - dag_scheduler.py[line:193]: the number of updates has been exceeded
[INFO] [2021-06-15 21:35:41,379] [7:140197562341120] - dag_scheduler.py[line:193]: the number of updates has been exceeded
[INFO] [2021-06-15 21:35:43,442] [7:140197562341120] - dag_scheduler.py[line:193]: the number of updates has been exceeded
[INFO] [2021-06-15 21:35:45,496] [7:140197562341120] - dag_scheduler.py[line:193]: the number of updates has been exceeded
[INFO] [2021-06-15 21:35:47,551] [7:140197562341120] - dag_scheduler.py[line:193]: the number of updates has been exceeded
[INFO] [2021-06-15 21:35:49,601] [7:140197562341120] - dag_scheduler.py[line:193]: the number of updates has been exceeded
[INFO] [2021-06-15 21:35:51,651] [7:140197562341120] - dag_scheduler.py[line:193]: the number of updates has been exceeded
[INFO] [2021-06-15 21:35:53,711] [7:140197562341120] - dag_scheduler.py[line:193]: the number of updates has been exceeded
[INFO] [2021-06-15 21:35:55,781] [7:140197562341120] - dag_scheduler.py[line:193]: the number of updates has been exceeded
[INFO] [2021-06-15 21:35:57,845] [7:140197562341120] - dag_scheduler.py[line:193]: the number of updates has been exceeded
[INFO] [2021-06-15 21:35:59,898] [7:140197562341120] - dag_scheduler.py[line:193]: the number of updates has been exceeded
[INFO] [2021-06-15 21:36:01,970] [7:140197562341120] - dag_scheduler.py[line:193]: the number of updates has been exceeded
[INFO] [2021-06-15 21:36:04,049] [7:140197562341120] - dag_scheduler.py[line:193]: the number of updates has been exceeded
[INFO] [2021-06-15 21:36:06,115] [7:140197562341120] - dag_scheduler.py[line:193]: the number of updates has been exceeded
[INFO] [2021-06-15 21:36:08,163] [7:140197562341120] - dag_scheduler.py[line:193]: the number of updates has been exceeded
[INFO] [2021-06-15 21:36:10,227] [7:140197562341120] - dag_scheduler.py[line:193]: the number of updates has been exceeded
[INFO] [2021-06-15 21:36:12,276] [7:140197562341120] - dag_scheduler.py[line:193]: the number of updates has been exceeded
[INFO] [2021-06-15 21:36:14,326] [7:140197562341120] - dag_scheduler.py[line:193]: the number of updates has been exceeded
[INFO] [2021-06-15 21:36:16,396] [7:140197562341120] - dag_scheduler.py[line:193]: the number of updates has been exceeded
[INFO] [2021-06-15 21:36:18,446] [7:140197562341120] - dag_scheduler.py[line:193]: the number of updates has been exceeded
[INFO] [2021-06-15 21:36:20,503] [7:140197562341120] - dag_scheduler.py[line:193]: the number of updates has been exceeded
[INFO] [2021-06-15 21:36:22,571] [7:140197562341120] - dag_scheduler.py[line:193]: the number of updates has been exceeded
[INFO] [2021-06-15 21:36:24,605] [7:140197562341120] - dag_scheduler.py[line:193]: the number of updates has been exceeded
[INFO] [2021-06-15 21:36:26,657] [7:140197562341120] - dag_scheduler.py[line:193]: the number of updates has been exceeded
[INFO] [2021-06-15 21:36:28,709] [7:140197562341120] - dag_scheduler.py[line:193]: the number of updates has been exceeded
[INFO] [2021-06-15 21:36:30,762] [7:140197562341120] - dag_scheduler.py[line:193]: the number of updates has been exceeded
[INFO] [2021-06-15 21:36:32,815] [7:140197562341120] - dag_scheduler.py[line:193]: the number of updates has been exceeded
[INFO] [2021-06-15 21:36:34,869] [7:140197562341120] - dag_scheduler.py[line:193]: the number of updates has been exceeded
[INFO] [2021-06-15 21:36:36,929] [7:140197562341120] - dag_scheduler.py[line:193]: the number of updates has been exceeded
[INFO] [2021-06-15 21:36:38,971] [7:140197562341120] - dag_scheduler.py[line:193]: the number of updates has been exceeded
[INFO] [2021-06-15 21:36:41,023] [7:140197562341120] - dag_scheduler.py[line:193]: the number of updates has been exceeded
[INFO] [2021-06-15 21:36:43,081] [7:140197562341120] - dag_scheduler.py[line:193]: the number of updates has been exceeded
[INFO] [2021-06-15 21:36:45,155] [7:140197562341120] - dag_scheduler.py[line:193]: the number of updates has been exceeded
[INFO] [2021-06-15 21:36:47,210] [7:140197562341120] - dag_scheduler.py[line:193]: the number of updates has been exceeded
[INFO] [2021-06-15 21:36:49,245] [7:140197562341120] - dag_scheduler.py[line:193]: the number of updates has been exceeded
[INFO] [2021-06-15 21:36:51,296] [7:140197562341120] - dag_scheduler.py[line:193]: the number of updates has been exceeded
[INFO] [2021-06-15 21:36:53,345] [7:140197562341120] - dag_scheduler.py[line:193]: the number of updates has been exceeded
[INFO] [2021-06-15 21:36:55,414] [7:140197562341120] - dag_scheduler.py[line:193]: the number of updates has been exceeded
[INFO] [2021-06-15 21:36:57,465] [7:140197562341120] - dag_scheduler.py[line:193]: the number of updates has been exceeded
[INFO] [2021-06-15 21:36:59,510] [7:140197562341120] - dag_scheduler.py[line:193]: the number of updates has been exceeded
[INFO] [2021-06-15 21:37:01,558] [7:140197562341120] - dag_scheduler.py[line:193]: the number of updates has been exceeded
[INFO] [2021-06-15 21:37:03,609] [7:140197562341120] - dag_scheduler.py[line:193]: the number of updates has been exceeded
[INFO] [2021-06-15 21:37:05,656] [7:140197562341120] - dag_scheduler.py[line:193]: the number of updates has been exceeded
[INFO] [2021-06-15 21:37:07,703] [7:140197562341120] - dag_scheduler.py[line:193]: the number of updates has been exceeded
[INFO] [2021-06-15 21:37:09,749] [7:140197562341120] - dag_scheduler.py[line:193]: the number of updates has been exceeded
[INFO] [2021-06-15 21:37:11,831] [7:140197562341120] - dag_scheduler.py[line:193]: the number of updates has been exceeded
[INFO] [2021-06-15 21:37:13,878] [7:140197562341120] - dag_scheduler.py[line:193]: the number of updates has been exceeded
