[DEBUG] [2021-06-15 21:01:25,586] [485:140580380071744] - profile.py[line:84]: [computing#41d092c3c4]function_stack: [component_properties.py:225]extract_input_data <-[component_properties.py:238]extract_running_rules <-[model_base.py:87]run
[DEBUG] [2021-06-15 21:01:25,587] [485:140580380071744] - profile.py[line:87]: [computing#41d092c3c4]start
[DEBUG] [2021-06-15 21:01:25,591] [485:140580380071744] - profile.py[line:93]: [computing#41d092c3c4]done, elapse: 0.004647731781005859, function: count(self: Table(partition=4)) -> int
[DEBUG] [2021-06-15 21:01:25,593] [485:140580380071744] - profile.py[line:84]: [computing#c20dcf4011]function_stack: [abnormal_detection.py:27]empty_table_detection <-[data_io.py:120]read_data <-[data_io.py:886]fit <-[model_base.py:98]run
[DEBUG] [2021-06-15 21:01:25,594] [485:140580380071744] - profile.py[line:87]: [computing#c20dcf4011]start
[DEBUG] [2021-06-15 21:01:25,596] [485:140580380071744] - profile.py[line:93]: [computing#c20dcf4011]done, elapse: 0.0032744407653808594, function: count(self: Table(partition=4)) -> int
[DEBUG] [2021-06-15 21:01:25,598] [485:140580380071744] - profile.py[line:84]: [computing#de9bef7544]function_stack: [data_overview.py:123]get_data_shape <-[data_io.py:131]read_data <-[data_io.py:886]fit <-[model_base.py:98]run
[DEBUG] [2021-06-15 21:01:25,599] [485:140580380071744] - profile.py[line:87]: [computing#de9bef7544]start
[DEBUG] [2021-06-15 21:01:25,601] [485:140580380071744] - profile.py[line:93]: [computing#de9bef7544]done, elapse: 0.0025250911712646484, function: first(self: Table(partition=4)) -> tuple
[DEBUG] [2021-06-15 21:01:25,602] [485:140580380071744] - profile.py[line:84]: [computing#abeb9774b0]function_stack: [data_io.py:136]read_data <-[data_io.py:886]fit <-[model_base.py:98]run
[DEBUG] [2021-06-15 21:01:25,602] [485:140580380071744] - profile.py[line:87]: [computing#abeb9774b0]start
[DEBUG] [2021-06-15 21:01:25,681] [485:140580380071744] - profile.py[line:93]: [computing#abeb9774b0]done, elapse: 0.07917404174804688, function: mapValues(self: Table(partition=4), func: function) -> Table(partition=4)
[DEBUG] [2021-06-15 21:01:25,683] [485:140580380071744] - profile.py[line:84]: [computing#235005a204]function_stack: [data_io.py:139]read_data <-[data_io.py:886]fit <-[model_base.py:98]run
[DEBUG] [2021-06-15 21:01:25,683] [485:140580380071744] - profile.py[line:87]: [computing#235005a204]start
[DEBUG] [2021-06-15 21:01:25,717] [485:140580380071744] - profile.py[line:93]: [computing#235005a204]done, elapse: 0.034339189529418945, function: mapValues(self: Table(partition=4), func: function) -> Table(partition=4)
[DEBUG] [2021-06-15 21:01:25,718] [485:140580380071744] - profile.py[line:84]: [computing#0227498663]function_stack: [data_io.py:224]gen_data_instance <-[data_io.py:161]fit <-[data_io.py:146]read_data <-[data_io.py:886]fit <-[model_base.py:98]run
[DEBUG] [2021-06-15 21:01:25,718] [485:140580380071744] - profile.py[line:87]: [computing#0227498663]start
[DEBUG] [2021-06-15 21:01:25,760] [485:140580380071744] - profile.py[line:93]: [computing#0227498663]done, elapse: 0.04229140281677246, function: join(self: Table(partition=4), other: Table(partition=4), func: function) -> Table(partition=4)
[INFO] [2021-06-15 21:01:25,949] [485:140580380071744] - profile.py[line:249]: 
Computing:
+----------+---------------------------------------------+
| function |  function    n   sum(s)   mean(s)   max(s)  |
|          | ----------- --- -------- --------- -------- |
|          |  mapValues   2   0.114     0.057    0.079   |
|          |    join      1   0.042     0.042    0.042   |
|          |    count     2   0.008     0.004    0.005   |
|          |    first     1   0.003     0.003    0.003   |
+----------+---------------------------------------------+
|  total   |  n=6, sum=0.1663, mean=0.0277, max=0.0792   |
+----------+---------------------------------------------+

Federation:
+--------+------------------------------------------+
|  get   |                                          |
+--------+------------------------------------------+
| remote |                                          |
+--------+------------------------------------------+
| total  | n=0, sum=0.0000, mean=0.0000, max=0.0000 |
+--------+------------------------------------------+

[DEBUG] [2021-06-15 21:01:25,949] [485:140580380071744] - profile.py[line:250]: 
Detailed Computing:
+-------+--------------------------------------------------------------------------------------------------------------+
| stack |  function  │ n │ sum(s) │ mean(s) │ max(s) │ stack_hash │                       stack                        |
|       | ───────────┼───┼────────┼─────────┼────────┼────────────┼─────────────────────────────────────────────────── |
|       |  mapValues │ 1 │ 0.0792 │ 0.0792  │ 0.0792 │ abeb9774b0 │ [data_io.py:136]read_data                          |
|       |            │   │        │         │        │            │ [data_io.py:886]fit                                |
|       |            │   │        │         │        │            │ [model_base.py:98]run                              |
|       | ───────────┼───┼────────┼─────────┼────────┼────────────┼─────────────────────────────────────────────────── |
|       |    join    │ 1 │ 0.0423 │ 0.0423  │ 0.0423 │ 227498663  │ [data_io.py:224]gen_data_instance                  |
|       |            │   │        │         │        │            │ [data_io.py:161]fit                                |
|       |            │   │        │         │        │            │ [data_io.py:146]read_data                          |
|       |            │   │        │         │        │            │ [data_io.py:886]fit                                |
|       |            │   │        │         │        │            │ [model_base.py:98]run                              |
|       | ───────────┼───┼────────┼─────────┼────────┼────────────┼─────────────────────────────────────────────────── |
|       |  mapValues │ 1 │ 0.0343 │ 0.0343  │ 0.0343 │ 235005a204 │ [data_io.py:139]read_data                          |
|       |            │   │        │         │        │            │ [data_io.py:886]fit                                |
|       |            │   │        │         │        │            │ [model_base.py:98]run                              |
|       | ───────────┼───┼────────┼─────────┼────────┼────────────┼─────────────────────────────────────────────────── |
|       |    count   │ 1 │ 0.0046 │ 0.0046  │ 0.0046 │ 41d092c3c4 │ [component_properties.py:225]extract_input_data    |
|       |            │   │        │         │        │            │ [component_properties.py:238]extract_running_rule  |
|       |            │   │        │         │        │            │ s                                                  |
|       |            │   │        │         │        │            │ [model_base.py:87]run                              |
|       | ───────────┼───┼────────┼─────────┼────────┼────────────┼─────────────────────────────────────────────────── |
|       |    count   │ 1 │ 0.0033 │ 0.0033  │ 0.0033 │ c20dcf4011 │ [abnormal_detection.py:27]empty_table_detection    |
|       |            │   │        │         │        │            │ [data_io.py:120]read_data                          |
|       |            │   │        │         │        │            │ [data_io.py:886]fit                                |
|       |            │   │        │         │        │            │ [model_base.py:98]run                              |
|       | ───────────┼───┼────────┼─────────┼────────┼────────────┼─────────────────────────────────────────────────── |
|       |    first   │ 1 │ 0.0025 │ 0.0025  │ 0.0025 │ de9bef7544 │ [data_overview.py:123]get_data_shape               |
|       |            │   │        │         │        │            │ [data_io.py:131]read_data                          |
|       |            │   │        │         │        │            │ [data_io.py:886]fit                                |
|       |            │   │        │         │        │            │ [model_base.py:98]run                              |
+-------+--------------------------------------------------------------------------------------------------------------+
| total |                                   n=6, sum=0.1663, mean=0.0277, max=0.0792                                   |
+-------+--------------------------------------------------------------------------------------------------------------+

